This file contains any messages produced by compilers while
running configure, to aid debugging if configure makes a mistake.

It was created by polylib configure 5.22.5b, which was
generated by GNU Autoconf 2.69.  Invocation command line was

  $ ../polylib/configure --enable-longlongint-lib --prefix=/home/huangl/workspace/RfCgraTrans/build/pluto

## --------- ##
## Platform. ##
## --------- ##

hostname = huangl
uname -m = x86_64
uname -r = 5.10.102.1-microsoft-standard-WSL2
uname -s = Linux
uname -v = #1 SMP Wed Mar 2 00:30:59 UTC 2022

/usr/bin/uname -p = x86_64
/bin/uname -X     = unknown

/bin/arch              = x86_64
/usr/bin/arch -k       = unknown
/usr/convex/getsysinfo = unknown
/usr/bin/hostinfo      = unknown
/bin/machine           = unknown
/usr/bin/oslevel       = unknown
/bin/universe          = unknown

PATH: ~/anaconda3/bin
PATH: /root/.vscode-server/bin/05047486b6df5eb8d44b2ecd70ea3bdf775fd937/bin/remote-cli
PATH: ~/anaconda3/bin
PATH: /usr/local/sbin
PATH: /usr/local/bin
PATH: /usr/sbin
PATH: /usr/bin
PATH: /sbin
PATH: /bin
PATH: /usr/games
PATH: /usr/local/games
PATH: /snap/bin


## ----------- ##
## Core tests. ##
## ----------- ##

configure:2519: checking for a BSD-compatible install
configure:2587: result: /usr/bin/install -c
configure:2598: checking whether build environment is sane
configure:2653: result: yes
configure:2802: checking for a thread-safe mkdir -p
configure:2841: result: /usr/bin/mkdir -p
configure:2848: checking for gawk
configure:2864: found /usr/bin/gawk
configure:2875: result: gawk
configure:2886: checking whether make sets $(MAKE)
configure:2908: result: yes
configure:2937: checking whether make supports nested variables
configure:2954: result: yes
configure:3154: checking for gcc
configure:3181: result: /usr/bin/cc
configure:3410: checking for C compiler version
configure:3419: /usr/bin/cc --version >&5
cc (Ubuntu 9.4.0-1ubuntu1~20.04.1) 9.4.0
Copyright (C) 2019 Free Software Foundation, Inc.
This is free software; see the source for copying conditions.  There is NO
warranty; not even for MERCHANTABILITY or FITNESS FOR A PARTICULAR PURPOSE.

configure:3430: $? = 0
configure:3419: /usr/bin/cc -v >&5
Using built-in specs.
COLLECT_GCC=/usr/bin/cc
COLLECT_LTO_WRAPPER=/usr/lib/gcc/x86_64-linux-gnu/9/lto-wrapper
OFFLOAD_TARGET_NAMES=nvptx-none:hsa
OFFLOAD_TARGET_DEFAULT=1
Target: x86_64-linux-gnu
Configured with: ../src/configure -v --with-pkgversion='Ubuntu 9.4.0-1ubuntu1~20.04.1' --with-bugurl=file:///usr/share/doc/gcc-9/README.Bugs --enable-languages=c,ada,c++,go,brig,d,fortran,objc,obj-c++,gm2 --prefix=/usr --with-gcc-major-version-only --program-suffix=-9 --program-prefix=x86_64-linux-gnu- --enable-shared --enable-linker-build-id --libexecdir=/usr/lib --without-included-gettext --enable-threads=posix --libdir=/usr/lib --enable-nls --enable-clocale=gnu --enable-libstdcxx-debug --enable-libstdcxx-time=yes --with-default-libstdcxx-abi=new --enable-gnu-unique-object --disable-vtable-verify --enable-plugin --enable-default-pie --with-system-zlib --with-target-system-zlib=auto --enable-objc-gc=auto --enable-multiarch --disable-werror --with-arch-32=i686 --with-abi=m64 --with-multilib-list=m32,m64,mx32 --enable-multilib --with-tune=generic --enable-offload-targets=nvptx-none=/build/gcc-9-Av3uEd/gcc-9-9.4.0/debian/tmp-nvptx/usr,hsa --without-cuda-driver --enable-checking=release --build=x86_64-linux-gnu --host=x86_64-linux-gnu --target=x86_64-linux-gnu
Thread model: posix
gcc version 9.4.0 (Ubuntu 9.4.0-1ubuntu1~20.04.1) 
configure:3430: $? = 0
configure:3419: /usr/bin/cc -V >&5
cc: error: unrecognized command line option '-V'
cc: fatal error: no input files
compilation terminated.
configure:3430: $? = 1
configure:3419: /usr/bin/cc -qversion >&5
cc: error: unrecognized command line option '-qversion'; did you mean '--version'?
cc: fatal error: no input files
compilation terminated.
configure:3430: $? = 1
configure:3450: checking whether the C compiler works
configure:3472: /usr/bin/cc    conftest.c  >&5
configure:3476: $? = 0
configure:3524: result: yes
configure:3527: checking for C compiler default output file name
configure:3529: result: a.out
configure:3535: checking for suffix of executables
configure:3542: /usr/bin/cc -o conftest    conftest.c  >&5
configure:3546: $? = 0
configure:3568: result: 
configure:3590: checking whether we are cross compiling
configure:3598: /usr/bin/cc -o conftest    conftest.c  >&5
configure:3602: $? = 0
configure:3609: ./conftest
configure:3613: $? = 0
configure:3601: result: no
configure:3606: checking for suffix of object files
configure:3628: /usr/bin/cc -c   conftest.c >&5
configure:3632: $? = 0
configure:3653: result: o
configure:3657: checking whether we are using the GNU C compiler
configure:3676: /usr/bin/cc -c   conftest.c >&5
configure:3676: $? = 0
configure:3685: result: yes
configure:3694: checking whether /usr/bin/cc accepts -g
configure:3714: /usr/bin/cc -c -g  conftest.c >&5
configure:3714: $? = 0
configure:3755: result: yes
configure:3772: checking for /usr/bin/cc option to accept ISO C89
configure:3835: /usr/bin/cc  -c -g -O2  conftest.c >&5
configure:3835: $? = 0
configure:3848: result: none needed
configure:3873: checking whether /usr/bin/cc understands -c and -o together
configure:3895: /usr/bin/cc -c conftest.c -o conftest2.o
configure:3898: $? = 0
configure:3895: /usr/bin/cc -c conftest.c -o conftest2.o
configure:3898: $? = 0
configure:3910: result: yes
configure:3930: checking whether make supports the include directive
configure:3945: make -f confmf.GNU && cat confinc.out
this is the am__doit target
configure:3948: $? = 0
configure:3967: result: yes (GNU style)
configure:3992: checking dependency style of /usr/bin/cc
configure:4103: result: gcc3
configure:4118: checking whether ln -s works
configure:4122: result: yes
configure:4159: checking build system type
configure:4173: result: x86_64-pc-linux-gnu
configure:4193: checking host system type
configure:4206: result: x86_64-pc-linux-gnu
configure:4247: checking how to print strings
configure:4274: result: printf
configure:4295: checking for a sed that does not truncate output
configure:4359: result: /usr/bin/sed
configure:4377: checking for grep that handles long lines and -e
configure:4435: result: /usr/bin/grep
configure:4440: checking for egrep
configure:4502: result: /usr/bin/grep -E
configure:4507: checking for fgrep
configure:4569: result: /usr/bin/grep -F
configure:4604: checking for ld used by /usr/bin/cc
configure:4671: result: /usr/bin/ld
configure:4678: checking if the linker (/usr/bin/ld) is GNU ld
configure:4693: result: yes
configure:4705: checking for BSD- or MS-compatible name lister (nm)
configure:4759: result: /usr/bin/nm -B
configure:4889: checking the name lister (/usr/bin/nm -B) interface
configure:4896: /usr/bin/cc -c -g -O2  conftest.c >&5
configure:4899: /usr/bin/nm -B "conftest.o"
configure:4902: output
0000000000000000 B some_variable
configure:4903: result: BSD nm
configure:4907: checking the maximum length of command line arguments
configure:5038: result: 1572864
configure:5086: checking how to convert x86_64-pc-linux-gnu file names to x86_64-pc-linux-gnu format
configure:5126: result: func_convert_file_noop
configure:5133: checking how to convert x86_64-pc-linux-gnu file names to toolchain format
configure:5153: result: func_convert_file_noop
configure:5160: checking for /usr/bin/ld option to reload object files
configure:5167: result: -r
configure:5241: checking for objdump
configure:5257: found /usr/bin/objdump
configure:5268: result: objdump
configure:5300: checking how to recognize dependent libraries
configure:5500: result: pass_all
configure:5585: checking for dlltool
configure:5615: result: no
configure:5645: checking how to associate runtime and link libraries
configure:5672: result: printf %s\n
configure:5733: checking for ar
configure:5749: found /usr/bin/ar
configure:5760: result: ar
configure:5797: checking for archiver @FILE support
configure:5814: /usr/bin/cc -c -g -O2  conftest.c >&5
configure:5814: $? = 0
configure:5817: ar cr libconftest.a @conftest.lst >&5
configure:5820: $? = 0
configure:5825: ar cr libconftest.a @conftest.lst >&5
ar: conftest.o: No such file or directory
configure:5828: $? = 1
configure:5827: result: @
configure:5885: checking for strip
configure:5901: found /usr/bin/strip
configure:5912: result: strip
configure:5984: checking for ranlib
configure:6000: found /usr/bin/ranlib
configure:6011: result: ranlib
configure:6113: checking command to parse /usr/bin/nm -B output from /usr/bin/cc object
configure:6266: /usr/bin/cc -c -g -O2  conftest.c >&5
configure:6269: $? = 0
configure:6273: /usr/bin/nm -B conftest.o | sed -n -e 's/^.*[	 ]\([ABCDGIRSTW][ABCDGIRSTW]*\)[	 ][	 ]*\([_A-Za-z][_A-Za-z0-9]*\)$/\1 \2 \2/p' | sed '/ __gnu_lto/d' > conftest.nm
configure:6339: /usr/bin/cc -o conftest -g -O2   conftest.c conftstm.o >&5
configure:6342: $? = 0
configure:6380: result: ok
configure:6427: checking for sysroot
configure:6457: result: no
configure:6464: checking for a working dd
configure:6502: result: /usr/bin/dd
configure:6506: checking how to truncate binary pipes
configure:6521: result: /usr/bin/dd bs=4096 count=1
configure:6657: /usr/bin/cc -c -g -O2  conftest.c >&5
configure:6660: $? = 0
configure:6850: checking for mt
configure:6866: found /usr/bin/mt
configure:6877: result: mt
configure:6900: checking if mt is a manifest tool
configure:6906: mt '-?'
configure:6914: result: no
configure:7591: checking how to run the C preprocessor
configure:7622: /usr/bin/cc -E  conftest.c
configure:7622: $? = 0
configure:7636: /usr/bin/cc -E  conftest.c
conftest.c:11:10: fatal error: ac_nonexistent.h: No such file or directory
   11 | #include <ac_nonexistent.h>
      |          ^~~~~~~~~~~~~~~~~~
compilation terminated.
configure:7636: $? = 1
configure: failed program was:
| /* confdefs.h */
| #define PACKAGE_NAME "polylib"
| #define PACKAGE_TARNAME "polylib"
| #define PACKAGE_VERSION "5.22.5b"
| #define PACKAGE_STRING "polylib 5.22.5b"
| #define PACKAGE_BUGREPORT ""
| #define PACKAGE_URL ""
| #define PACKAGE "polylib"
| #define VERSION "5.22.5b"
| /* end confdefs.h.  */
| #include <ac_nonexistent.h>
configure:7661: result: /usr/bin/cc -E
configure:7681: /usr/bin/cc -E  conftest.c
configure:7681: $? = 0
configure:7695: /usr/bin/cc -E  conftest.c
conftest.c:11:10: fatal error: ac_nonexistent.h: No such file or directory
   11 | #include <ac_nonexistent.h>
      |          ^~~~~~~~~~~~~~~~~~
compilation terminated.
configure:7695: $? = 1
configure: failed program was:
| /* confdefs.h */
| #define PACKAGE_NAME "polylib"
| #define PACKAGE_TARNAME "polylib"
| #define PACKAGE_VERSION "5.22.5b"
| #define PACKAGE_STRING "polylib 5.22.5b"
| #define PACKAGE_BUGREPORT ""
| #define PACKAGE_URL ""
| #define PACKAGE "polylib"
| #define VERSION "5.22.5b"
| /* end confdefs.h.  */
| #include <ac_nonexistent.h>
configure:7724: checking for ANSI C header files
configure:7744: /usr/bin/cc -c -g -O2  conftest.c >&5
configure:7744: $? = 0
configure:7817: /usr/bin/cc -o conftest -g -O2   conftest.c  >&5
configure:7817: $? = 0
configure:7817: ./conftest
configure:7817: $? = 0
configure:7828: result: yes
configure:7841: checking for sys/types.h
configure:7841: /usr/bin/cc -c -g -O2  conftest.c >&5
configure:7841: $? = 0
configure:7841: result: yes
configure:7841: checking for sys/stat.h
configure:7841: /usr/bin/cc -c -g -O2  conftest.c >&5
configure:7841: $? = 0
configure:7841: result: yes
configure:7841: checking for stdlib.h
configure:7841: /usr/bin/cc -c -g -O2  conftest.c >&5
configure:7841: $? = 0
configure:7841: result: yes
configure:7841: checking for string.h
configure:7841: /usr/bin/cc -c -g -O2  conftest.c >&5
configure:7841: $? = 0
configure:7841: result: yes
configure:7841: checking for memory.h
configure:7841: /usr/bin/cc -c -g -O2  conftest.c >&5
configure:7841: $? = 0
configure:7841: result: yes
configure:7841: checking for strings.h
configure:7841: /usr/bin/cc -c -g -O2  conftest.c >&5
configure:7841: $? = 0
configure:7841: result: yes
configure:7841: checking for inttypes.h
configure:7841: /usr/bin/cc -c -g -O2  conftest.c >&5
configure:7841: $? = 0
configure:7841: result: yes
configure:7841: checking for stdint.h
configure:7841: /usr/bin/cc -c -g -O2  conftest.c >&5
configure:7841: $? = 0
configure:7841: result: yes
configure:7841: checking for unistd.h
configure:7841: /usr/bin/cc -c -g -O2  conftest.c >&5
configure:7841: $? = 0
configure:7841: result: yes
configure:7855: checking for dlfcn.h
configure:7855: /usr/bin/cc -c -g -O2  conftest.c >&5
configure:7855: $? = 0
configure:7855: result: yes
configure:8111: checking for objdir
configure:8126: result: .libs
configure:8390: checking if /usr/bin/cc supports -fno-rtti -fno-exceptions
configure:8408: /usr/bin/cc -c -g -O2  -fno-rtti -fno-exceptions conftest.c >&5
cc1: warning: command line option '-fno-rtti' is valid for C++/D/ObjC++ but not for C
configure:8412: $? = 0
configure:8425: result: no
configure:8789: checking for /usr/bin/cc option to produce PIC
configure:8796: result: -fPIC -DPIC
configure:8804: checking if /usr/bin/cc PIC flag -fPIC -DPIC works
configure:8822: /usr/bin/cc -c -g -O2  -fPIC -DPIC -DPIC conftest.c >&5
configure:8826: $? = 0
configure:8839: result: yes
configure:8868: checking if /usr/bin/cc static flag -static works
configure:8896: result: yes
configure:8911: checking if /usr/bin/cc supports -c -o file.o
configure:8932: /usr/bin/cc -c -g -O2  -o out/conftest2.o conftest.c >&5
configure:8936: $? = 0
configure:8958: result: yes
configure:8966: checking if /usr/bin/cc supports -c -o file.o
configure:9013: result: yes
configure:9046: checking whether the /usr/bin/cc linker (/usr/bin/ld -m elf_x86_64) supports shared libraries
configure:10309: result: yes
configure:10346: checking whether -lc should be explicitly linked in
configure:10354: /usr/bin/cc -c -g -O2  conftest.c >&5
configure:10357: $? = 0
configure:10372: /usr/bin/cc -shared  -fPIC -DPIC conftest.o  -v -Wl,-soname -Wl,conftest -o conftest 2\>\&1 \| /usr/bin/grep  -lc  \>/dev/null 2\>\&1
configure:10375: $? = 0
configure:10389: result: no
configure:10549: checking dynamic linker characteristics
configure:11130: /usr/bin/cc -o conftest -g -O2   -Wl,-rpath -Wl,/foo conftest.c  >&5
configure:11130: $? = 0
configure:11379: result: GNU/Linux ld.so
configure:11501: checking how to hardcode library paths into programs
configure:11526: result: immediate
configure:12074: checking whether stripping libraries is possible
configure:12079: result: yes
configure:12114: checking if libtool supports shared libraries
configure:12116: result: yes
configure:12119: checking whether to build shared libraries
configure:12144: result: yes
configure:12147: checking whether to build static libraries
configure:12151: result: yes
configure:8966: checking for an ANSI C-conforming const
configure:9032: /usr/bin/cc -c -g -O2  conftest.c >&5
configure:9032: $? = 0
configure:9039: result: yes
configure:9048: checking for ANSI C header files
configure:9152: result: yes
configure:9163: checking limits.h usability
configure:9163: /usr/bin/cc -c -g -O2  conftest.c >&5
configure:9163: $? = 0
configure:9163: result: yes
configure:9163: checking limits.h presence
configure:9163: /usr/bin/cc -E  conftest.c
configure:9163: $? = 0
configure:9163: result: yes
configure:9163: checking for limits.h
configure:9163: result: yes
configure:9163: checking for unistd.h
configure:9163: result: yes
configure:9175: checking getopt.h usability
configure:9175: /usr/bin/cc -c -g -O2  conftest.c >&5
configure:9175: $? = 0
configure:9175: result: yes
configure:9175: checking getopt.h presence
configure:9175: /usr/bin/cc -E  conftest.c
configure:9175: $? = 0
configure:9175: result: yes
configure:9175: checking for getopt.h
configure:9175: result: yes
configure:9192: checking size of int
configure:9197: /usr/bin/cc -o conftest -g -O2   conftest.c  >&5
configure:9197: $? = 0
configure:9197: ./conftest
configure:9197: $? = 0
configure:9211: result: 4
configure:9225: checking size of long int
configure:9230: /usr/bin/cc -o conftest -g -O2   conftest.c  >&5
configure:9230: $? = 0
configure:9230: ./conftest
configure:9230: $? = 0
configure:9244: result: 8
configure:9258: checking size of long long int
configure:9263: /usr/bin/cc -o conftest -g -O2   conftest.c  >&5
configure:9263: $? = 0
configure:9263: ./conftest
configure:9263: $? = 0
configure:9277: result: 8
configure:9361: checking whether to use GMP
configure:9377: result: system
configure:9379: checking gmp.h usability
configure:9379: /usr/bin/cc -c -g -O2  conftest.c >&5
configure:9379: $? = 0
configure:9379: result: yes
configure:9379: checking gmp.h presence
configure:9379: /usr/bin/cc -E  conftest.c
configure:9379: $? = 0
configure:9379: result: yes
configure:9379: checking for gmp.h
configure:9379: result: yes
configure:9381: checking for main in -lgmp
configure:9400: /usr/bin/cc -o conftest -g -O2   conftest.c -lgmp   >&5
configure:9400: $? = 0
configure:9409: result: yes
configure:9427: checking whether mp_get_memory_functions is declared
configure:9427: /usr/bin/cc -c -g -O2  conftest.c >&5
configure:9427: $? = 0
configure:9427: result: yes
configure:9621: checking for doxygen
configure:9650: result: test
configure:9825: checking for the pthreads library -lpthreads
configure:9858: /usr/bin/cc -o conftest -g -O2    conftest.c -lpthreads  >&5
conftest.c: In function 'main':
conftest.c:36:22: warning: null argument where non-null required (argument 1) [-Wnonnull]
   36 |                      pthread_attr_init(0); pthread_cleanup_push(0, 0);
      |                      ^~~~~~~~~~~~~~~~~
conftest.c:37:22: warning: null argument where non-null required (argument 1) [-Wnonnull]
   37 |                      pthread_create(0,0,0,0); pthread_cleanup_pop(0);
      |                      ^~~~~~~~~~~~~~
conftest.c:37:22: warning: null argument where non-null required (argument 3) [-Wnonnull]
/usr/bin/ld: cannot find -lpthreads
collect2: error: ld returned 1 exit status
configure:9858: $? = 1
configure: failed program was:
| /* confdefs.h */
| #define PACKAGE_NAME "polylib"
| #define PACKAGE_TARNAME "polylib"
| #define PACKAGE_VERSION "5.22.5b"
| #define PACKAGE_STRING "polylib 5.22.5b"
| #define PACKAGE_BUGREPORT ""
| #define PACKAGE_URL ""
| #define PACKAGE "polylib"
| #define VERSION "5.22.5b"
| #define STDC_HEADERS 1
| #define HAVE_SYS_TYPES_H 1
| #define HAVE_SYS_STAT_H 1
| #define HAVE_STDLIB_H 1
| #define HAVE_STRING_H 1
| #define HAVE_MEMORY_H 1
| #define HAVE_STRINGS_H 1
| #define HAVE_INTTYPES_H 1
| #define HAVE_STDINT_H 1
| #define HAVE_UNISTD_H 1
| #define HAVE_DLFCN_H 1
| #define LT_OBJDIR ".libs/"
| #define STDC_HEADERS 1
| #define HAVE_LIMITS_H 1
| #define HAVE_UNISTD_H 1
| #define HAVE_GETOPT_H 1
| #define SIZEOF_INT 4
| #define SIZEOF_LONG_INT 8
| #define SIZEOF_LONG_LONG_INT 8
| #define HAVE_DECL_MP_GET_MEMORY_FUNCTIONS 1
| /* end confdefs.h.  */
| #include <pthread.h>
| int
| main ()
| {
| pthread_t th; pthread_join(th, 0);
|                      pthread_attr_init(0); pthread_cleanup_push(0, 0);
|                      pthread_create(0,0,0,0); pthread_cleanup_pop(0);
|   ;
|   return 0;
| }
configure:9867: result: no
configure:9770: checking whether pthreads work without any flags
configure:9858: /usr/bin/cc -o conftest -g -O2    conftest.c   >&5
conftest.c: In function 'main':
conftest.c:36:22: warning: null argument where non-null required (argument 1) [-Wnonnull]
   36 |                      pthread_attr_init(0); pthread_cleanup_push(0, 0);
      |                      ^~~~~~~~~~~~~~~~~
conftest.c:37:22: warning: null argument where non-null required (argument 1) [-Wnonnull]
   37 |                      pthread_create(0,0,0,0); pthread_cleanup_pop(0);
      |                      ^~~~~~~~~~~~~~
conftest.c:37:22: warning: null argument where non-null required (argument 3) [-Wnonnull]
/usr/bin/ld: /tmp/ccpLJVaH.o: in function `main':
/home/huangl/workspace/RfCgraTrans/pluto/polylib/conftest.c:35: undefined reference to `pthread_join'
/usr/bin/ld: /home/huangl/workspace/RfCgraTrans/pluto/polylib/conftest.c:36: undefined reference to `__pthread_register_cancel'
/usr/bin/ld: /home/huangl/workspace/RfCgraTrans/pluto/polylib/conftest.c:37: undefined reference to `pthread_create'
/usr/bin/ld: /home/huangl/workspace/RfCgraTrans/pluto/polylib/conftest.c:37: undefined reference to `__pthread_unregister_cancel'
collect2: error: ld returned 1 exit status
configure:9858: $? = 1
configure: failed program was:
| /* confdefs.h */
| #define PACKAGE_NAME "polylib"
| #define PACKAGE_TARNAME "polylib"
| #define PACKAGE_VERSION "5.22.5b"
| #define PACKAGE_STRING "polylib 5.22.5b"
| #define PACKAGE_BUGREPORT ""
| #define PACKAGE_URL ""
| #define PACKAGE "polylib"
| #define VERSION "5.22.5b"
| #define STDC_HEADERS 1
| #define HAVE_SYS_TYPES_H 1
| #define HAVE_SYS_STAT_H 1
| #define HAVE_STDLIB_H 1
| #define HAVE_STRING_H 1
| #define HAVE_MEMORY_H 1
| #define HAVE_STRINGS_H 1
| #define HAVE_INTTYPES_H 1
| #define HAVE_STDINT_H 1
| #define HAVE_UNISTD_H 1
| #define HAVE_DLFCN_H 1
| #define LT_OBJDIR ".libs/"
| #define STDC_HEADERS 1
| #define HAVE_LIMITS_H 1
| #define HAVE_UNISTD_H 1
| #define HAVE_GETOPT_H 1
| #define SIZEOF_INT 4
| #define SIZEOF_LONG_INT 8
| #define SIZEOF_LONG_LONG_INT 8
| #define HAVE_DECL_MP_GET_MEMORY_FUNCTIONS 1
| /* end confdefs.h.  */
| #include <pthread.h>
| int
| main ()
| {
| pthread_t th; pthread_join(th, 0);
|                      pthread_attr_init(0); pthread_cleanup_push(0, 0);
|                      pthread_create(0,0,0,0); pthread_cleanup_pop(0);
|   ;
|   return 0;
| }
configure:9867: result: no
configure:9775: checking whether pthreads work with -Kthread
configure:9858: /usr/bin/cc -o conftest -g -O2 -Kthread   conftest.c   >&5
cc: error: unrecognized command line option '-Kthread'; did you mean '-pthread'?
configure:9858: $? = 1
configure: failed program was:
| /* confdefs.h */
| #define PACKAGE_NAME "polylib"
| #define PACKAGE_TARNAME "polylib"
| #define PACKAGE_VERSION "5.22.5b"
| #define PACKAGE_STRING "polylib 5.22.5b"
| #define PACKAGE_BUGREPORT ""
| #define PACKAGE_URL ""
| #define PACKAGE "polylib"
| #define VERSION "5.22.5b"
| #define STDC_HEADERS 1
| #define HAVE_SYS_TYPES_H 1
| #define HAVE_SYS_STAT_H 1
| #define HAVE_STDLIB_H 1
| #define HAVE_STRING_H 1
| #define HAVE_MEMORY_H 1
| #define HAVE_STRINGS_H 1
| #define HAVE_INTTYPES_H 1
| #define HAVE_STDINT_H 1
| #define HAVE_UNISTD_H 1
| #define HAVE_DLFCN_H 1
| #define LT_OBJDIR ".libs/"
| #define STDC_HEADERS 1
| #define HAVE_LIMITS_H 1
| #define HAVE_UNISTD_H 1
| #define HAVE_GETOPT_H 1
| #define SIZEOF_INT 4
| #define SIZEOF_LONG_INT 8
| #define SIZEOF_LONG_LONG_INT 8
| #define HAVE_DECL_MP_GET_MEMORY_FUNCTIONS 1
| /* end confdefs.h.  */
| #include <pthread.h>
| int
| main ()
| {
| pthread_t th; pthread_join(th, 0);
|                      pthread_attr_init(0); pthread_cleanup_push(0, 0);
|                      pthread_create(0,0,0,0); pthread_cleanup_pop(0);
|   ;
|   return 0;
| }
configure:9867: result: no
configure:9775: checking whether pthreads work with -kthread
configure:9858: /usr/bin/cc -o conftest -g -O2 -kthread   conftest.c   >&5
cc: error: unrecognized command line option '-kthread'; did you mean '-pthread'?
configure:9858: $? = 1
configure: failed program was:
| /* confdefs.h */
| #define PACKAGE_NAME "polylib"
| #define PACKAGE_TARNAME "polylib"
| #define PACKAGE_VERSION "5.22.5b"
| #define PACKAGE_STRING "polylib 5.22.5b"
| #define PACKAGE_BUGREPORT ""
| #define PACKAGE_URL ""
| #define PACKAGE "polylib"
| #define VERSION "5.22.5b"
| #define STDC_HEADERS 1
| #define HAVE_SYS_TYPES_H 1
| #define HAVE_SYS_STAT_H 1
| #define HAVE_STDLIB_H 1
| #define HAVE_STRING_H 1
| #define HAVE_MEMORY_H 1
| #define HAVE_STRINGS_H 1
| #define HAVE_INTTYPES_H 1
| #define HAVE_STDINT_H 1
| #define HAVE_UNISTD_H 1
| #define HAVE_DLFCN_H 1
| #define LT_OBJDIR ".libs/"
| #define STDC_HEADERS 1
| #define HAVE_LIMITS_H 1
| #define HAVE_UNISTD_H 1
| #define HAVE_GETOPT_H 1
| #define SIZEOF_INT 4
| #define SIZEOF_LONG_INT 8
| #define SIZEOF_LONG_LONG_INT 8
| #define HAVE_DECL_MP_GET_MEMORY_FUNCTIONS 1
| /* end confdefs.h.  */
| #include <pthread.h>
| int
| main ()
| {
| pthread_t th; pthread_join(th, 0);
|                      pthread_attr_init(0); pthread_cleanup_push(0, 0);
|                      pthread_create(0,0,0,0); pthread_cleanup_pop(0);
|   ;
|   return 0;
| }
configure:9867: result: no
configure:9825: checking for the pthreads library -llthread
configure:9858: /usr/bin/cc -o conftest -g -O2    conftest.c -llthread  >&5
conftest.c: In function 'main':
conftest.c:36:22: warning: null argument where non-null required (argument 1) [-Wnonnull]
   36 |                      pthread_attr_init(0); pthread_cleanup_push(0, 0);
      |                      ^~~~~~~~~~~~~~~~~
conftest.c:37:22: warning: null argument where non-null required (argument 1) [-Wnonnull]
   37 |                      pthread_create(0,0,0,0); pthread_cleanup_pop(0);
      |                      ^~~~~~~~~~~~~~
conftest.c:37:22: warning: null argument where non-null required (argument 3) [-Wnonnull]
/usr/bin/ld: cannot find -llthread
collect2: error: ld returned 1 exit status
configure:9858: $? = 1
configure: failed program was:
| /* confdefs.h */
| #define PACKAGE_NAME "polylib"
| #define PACKAGE_TARNAME "polylib"
| #define PACKAGE_VERSION "5.22.5b"
| #define PACKAGE_STRING "polylib 5.22.5b"
| #define PACKAGE_BUGREPORT ""
| #define PACKAGE_URL ""
| #define PACKAGE "polylib"
| #define VERSION "5.22.5b"
| #define STDC_HEADERS 1
| #define HAVE_SYS_TYPES_H 1
| #define HAVE_SYS_STAT_H 1
| #define HAVE_STDLIB_H 1
| #define HAVE_STRING_H 1
| #define HAVE_MEMORY_H 1
| #define HAVE_STRINGS_H 1
| #define HAVE_INTTYPES_H 1
| #define HAVE_STDINT_H 1
| #define HAVE_UNISTD_H 1
| #define HAVE_DLFCN_H 1
| #define LT_OBJDIR ".libs/"
| #define STDC_HEADERS 1
| #define HAVE_LIMITS_H 1
| #define HAVE_UNISTD_H 1
| #define HAVE_GETOPT_H 1
| #define SIZEOF_INT 4
| #define SIZEOF_LONG_INT 8
| #define SIZEOF_LONG_LONG_INT 8
| #define HAVE_DECL_MP_GET_MEMORY_FUNCTIONS 1
| /* end confdefs.h.  */
| #include <pthread.h>
| int
| main ()
| {
| pthread_t th; pthread_join(th, 0);
|                      pthread_attr_init(0); pthread_cleanup_push(0, 0);
|                      pthread_create(0,0,0,0); pthread_cleanup_pop(0);
|   ;
|   return 0;
| }
configure:9867: result: no
configure:9775: checking whether pthreads work with -pthread
configure:9858: /usr/bin/cc -o conftest -g -O2 -pthread   conftest.c   >&5
conftest.c: In function 'main':
conftest.c:36:22: warning: null argument where non-null required (argument 1) [-Wnonnull]
   36 |                      pthread_attr_init(0); pthread_cleanup_push(0, 0);
      |                      ^~~~~~~~~~~~~~~~~
conftest.c:37:22: warning: null argument where non-null required (argument 1) [-Wnonnull]
   37 |                      pthread_create(0,0,0,0); pthread_cleanup_pop(0);
      |                      ^~~~~~~~~~~~~~
conftest.c:37:22: warning: null argument where non-null required (argument 3) [-Wnonnull]
configure:9858: $? = 0
configure:9867: result: yes
configure:9886: checking for joinable pthread attribute
configure:9901: /usr/bin/cc -o conftest -g -O2 -pthread   conftest.c   >&5
configure:9901: $? = 0
configure:9907: result: PTHREAD_CREATE_JOINABLE
configure:9917: checking if more special flags are required for pthreads
configure:9924: result: no
configure:10023: Will build a threadsafe library
configure:10041: checking our pkgconfig libname
configure:10049: result: polylib64
configure:10052: checking our pkgconfig version
configure:10060: result: 5.22.5b
configure:10063: checking our pkgconfig_libdir
configure:10070: result: ${libdir}/pkgconfig
configure:10073: result: expanded our pkgconfig_libdir... /home/huangl/workspace/RfCgraTrans/build/pluto/lib/pkgconfig
configure:10077: checking our pkgconfig_libfile
configure:10083: result: polylib64.pc
configure:10090: checking our package / suffix
configure:10094: result: polylib64 / 
configure:10097: checking our pkgconfig description
configure:10104: result: polylib64 Library
configure:10107: checking our pkgconfig requires
configure:10112: result: 
configure:10115: checking our pkgconfig ext libs
configure:10122: result: -lpolylib64
configure:10125: checking our pkgconfig cppflags
configure:10130: result: 
configure:10133: checking our pkgconfig ldflags
configure:10138: result: 
configure:10178: result: noninstalled pkgconfig -L /home/huangl/workspace/RfCgraTrans/pluto/polylib/.libs
configure:10213: result: noninstalled pkgconfig -I /home/huangl/workspace/RfCgraTrans/pluto/polylib/./include
configure:10326: checking that generated files are newer than configure
configure:10332: result: done
configure:10355: creating ./config.status

## ---------------------- ##
## Running config.status. ##
## ---------------------- ##

This file was extended by polylib config.status 5.22.5b, which was
generated by GNU Autoconf 2.69.  Invocation command line was

  CONFIG_FILES    = 
  CONFIG_HEADERS  = 
  CONFIG_LINKS    = 
  CONFIG_COMMANDS = 
  $ ./config.status 

on huangl

config.status:1141: creating Makefile
config.status:1141: creating include/Makefile
config.status:1141: creating include/polylib/Makefile
config.status:1141: creating include/polylib/polylib.h
config.status:1141: creating Test/Makefile
config.status:1141: creating Test/Zpolytest/Makefile
config.status:1141: creating Test/ehrhart/Makefile
config.status:1141: creating Test/ehrhart_union/Makefile
config.status:1141: creating Test/ranking/Makefile
config.status:1141: creating Test/general/Makefile
config.status:1141: creating Test/pp/Makefile
config.status:1141: creating polylib.doxygen
config.status:1141: creating config.h
config.status:1322: config.h is unchanged
config.status:1370: executing depfiles commands
config.status:1447: cd .       && sed -e '/# am--include-marker/d' Makefile         | make -f - am--depfiles
make: Nothing to be done for 'am--depfiles'.
config.status:1452: $? = 0
config.status:1370: executing libtool commands
config.status:1370: executing polylib64.pc commands
config.status:2022: creating polylib64.pc.in
config.status:2045: creating polylib64.pc
config.status:2071: creating polylib64-uninstalled.pc
config.status:2101: creating polylib64-uninstalled.sh

## ---------------- ##
## Cache variables. ##
## ---------------- ##

ac_cv_build=x86_64-pc-linux-gnu
ac_cv_c_compiler_gnu=yes
ac_cv_c_const=yes
ac_cv_env_CC_set=set
ac_cv_env_CC_value=/usr/bin/cc
ac_cv_env_CFLAGS_set=
ac_cv_env_CFLAGS_value=
ac_cv_env_CPPFLAGS_set=
ac_cv_env_CPPFLAGS_value=
ac_cv_env_CPP_set=
ac_cv_env_CPP_value=
ac_cv_env_LDFLAGS_set=
ac_cv_env_LDFLAGS_value=
ac_cv_env_LIBS_set=
ac_cv_env_LIBS_value=
ac_cv_env_LT_SYS_LIBRARY_PATH_set=
ac_cv_env_LT_SYS_LIBRARY_PATH_value=
ac_cv_env_build_alias_set=
ac_cv_env_build_alias_value=
ac_cv_env_host_alias_set=
ac_cv_env_host_alias_value=
ac_cv_env_target_alias_set=
ac_cv_env_target_alias_value=
ac_cv_have_decl_mp_get_memory_functions=yes
ac_cv_header_dlfcn_h=yes
ac_cv_header_getopt_h=yes
ac_cv_header_gmp_h=yes
ac_cv_header_inttypes_h=yes
ac_cv_header_limits_h=yes
ac_cv_header_memory_h=yes
ac_cv_header_stdc=yes
ac_cv_header_stdint_h=yes
ac_cv_header_stdlib_h=yes
ac_cv_header_string_h=yes
ac_cv_header_strings_h=yes
ac_cv_header_sys_stat_h=yes
ac_cv_header_sys_types_h=yes
ac_cv_header_unistd_h=yes
ac_cv_host=x86_64-pc-linux-gnu
ac_cv_lib_gmp_main=yes
ac_cv_objext=o
ac_cv_path_EGREP='/usr/bin/grep -E'
ac_cv_path_FGREP='/usr/bin/grep -F'
ac_cv_path_GREP=/usr/bin/grep
ac_cv_path_SED=/usr/bin/sed
ac_cv_path_install='/usr/bin/install -c'
ac_cv_path_lt_DD=/usr/bin/dd
ac_cv_path_mkdir=/usr/bin/mkdir
ac_cv_prog_AWK=gawk
ac_cv_prog_CPP='/usr/bin/cc -E'
ac_cv_prog_DOXYGEN=test
ac_cv_prog_ac_ct_AR=ar
ac_cv_prog_ac_ct_CC=/usr/bin/cc
ac_cv_prog_ac_ct_MANIFEST_TOOL=mt
ac_cv_prog_ac_ct_OBJDUMP=objdump
ac_cv_prog_ac_ct_RANLIB=ranlib
ac_cv_prog_ac_ct_STRIP=strip
ac_cv_prog_cc_c89=
ac_cv_prog_cc_g=yes
ac_cv_prog_make_make_set=yes
ac_cv_sizeof_int=4
ac_cv_sizeof_long_int=8
ac_cv_sizeof_long_long_int=8
am_cv_CC_dependencies_compiler_type=gcc3
am_cv_make_support_nested_variables=yes
am_cv_prog_cc_c_o=yes
lt_cv_ar_at_file=@
lt_cv_archive_cmds_need_lc=no
lt_cv_deplibs_check_method=pass_all
lt_cv_file_magic_cmd='$MAGIC_CMD'
lt_cv_file_magic_test_file=
lt_cv_ld_reload_flag=-r
lt_cv_nm_interface='BSD nm'
lt_cv_objdir=.libs
lt_cv_path_LD=/usr/bin/ld
lt_cv_path_NM='/usr/bin/nm -B'
lt_cv_path_mainfest_tool=no
lt_cv_prog_compiler_c_o=yes
lt_cv_prog_compiler_pic='-fPIC -DPIC'
lt_cv_prog_compiler_pic_works=yes
lt_cv_prog_compiler_rtti_exceptions=no
lt_cv_prog_compiler_static_works=yes
lt_cv_prog_gnu_ld=yes
lt_cv_sharedlib_from_linklib_cmd='printf %s\n'
lt_cv_shlibpath_overrides_runpath=yes
lt_cv_sys_global_symbol_pipe='sed -n -e '\''s/^.*[	 ]\([ABCDGIRSTW][ABCDGIRSTW]*\)[	 ][	 ]*\([_A-Za-z][_A-Za-z0-9]*\)$/\1 \2 \2/p'\'' | sed '\''/ __gnu_lto/d'\'''
lt_cv_sys_global_symbol_to_c_name_address='sed -n -e '\''s/^: \(.*\) .*$/  {"\1", (void *) 0},/p'\'' -e '\''s/^[ABCDGIRSTW][ABCDGIRSTW]* .* \(.*\)$/  {"\1", (void *) \&\1},/p'\'''
lt_cv_sys_global_symbol_to_c_name_address_lib_prefix='sed -n -e '\''s/^: \(.*\) .*$/  {"\1", (void *) 0},/p'\'' -e '\''s/^[ABCDGIRSTW][ABCDGIRSTW]* .* \(lib.*\)$/  {"\1", (void *) \&\1},/p'\'' -e '\''s/^[ABCDGIRSTW][ABCDGIRSTW]* .* \(.*\)$/  {"lib\1", (void *) \&\1},/p'\'''
lt_cv_sys_global_symbol_to_cdecl='sed -n -e '\''s/^T .* \(.*\)$/extern int \1();/p'\'' -e '\''s/^[ABCDGIRSTW][ABCDGIRSTW]* .* \(.*\)$/extern char \1;/p'\'''
lt_cv_sys_global_symbol_to_import=
lt_cv_sys_max_cmd_len=1572864
lt_cv_to_host_file_cmd=func_convert_file_noop
lt_cv_to_tool_file_cmd=func_convert_file_noop
lt_cv_truncate_bin='/usr/bin/dd bs=4096 count=1'
poly_cv_gmpfatal=no

## ----------------- ##
## Output variables. ##
## ----------------- ##

#define LINEAR_VALUE_PROTECT_MULTIPLY'
ACLOCAL='${SHELL} /home/huangl/workspace/RfCgraTrans/pluto/polylib/missing aclocal-1.16'
ALL_BITS=' 64 '
AMDEPBACKSLASH='\'
AMDEP_FALSE='#'
AMDEP_TRUE=''
AMTAR='$${TAR-tar}'
AM_BACKSLASH='\'
AM_DEFAULT_V='$(AM_DEFAULT_VERBOSITY)'
AM_DEFAULT_VERBOSITY='1'
AM_V='$(V)'
AR='ar'
AUTOCONF='${SHELL} /home/huangl/workspace/RfCgraTrans/pluto/polylib/missing autoconf'
AUTOHEADER='${SHELL} /home/huangl/workspace/RfCgraTrans/pluto/polylib/missing autoheader'
AUTOMAKE='${SHELL} /home/huangl/workspace/RfCgraTrans/pluto/polylib/missing automake-1.16'
AWK='gawk'
BITS='64'
CC='/usr/bin/cc'
CCDEPMODE='depmode=gcc3'
CFLAGS='-g -O2 -pthread -DTHREAD_SAFE_POLYLIB'
CPP='/usr/bin/cc -E'
CPPFLAGS=''
CYGPATH_W='echo'
DEFS='-DHAVE_CONFIG_H'
DEPDIR='.deps'
DLLTOOL='false'
DOXYGEN='test'
DSYMUTIL=''
DUMPBIN=''
ECHO_C=''
ECHO_N='-n'
ECHO_T=''
EGREP='/usr/bin/grep -E'
EXEEXT=''
FGREP='/usr/bin/grep -F'
GREP='/usr/bin/grep'
INSTALL_DATA='${INSTALL} -m 644'
INSTALL_PROGRAM='${INSTALL}'
INSTALL_SCRIPT='${INSTALL}'
INSTALL_STRIP_PROGRAM='$(install_sh) -c -s'
LD='/usr/bin/ld -m elf_x86_64'
LDFLAGS=''
LIBOBJS=''
LIBS=' '
LIBTOOL='$(SHELL) $(top_builddir)/libtool'
LIPO=''
LN_S='ln -s'
LTLIBOBJS=''
LT_SYS_LIBRARY_PATH=''
MAKEINFO='${SHELL} /home/huangl/workspace/RfCgraTrans/pluto/polylib/missing makeinfo'
MANIFEST_TOOL=':'
MKDIR_P='/usr/bin/mkdir -p'
NM='/usr/bin/nm -B'
NMEDIT=''
OBJDUMP='objdump'
OBJEXT='o'
OTOOL64=''
OTOOL=''
PACKAGE='polylib'
PACKAGE_BUGREPORT=''
PACKAGE_NAME='polylib64'
PACKAGE_STRING='polylib 5.22.5b'
PACKAGE_TARNAME='polylib'
PACKAGE_URL=''
PACKAGE_VERSION='5.22.5b'
PATH_SEPARATOR=':'
PTHREAD_CC='/usr/bin/cc'
PTHREAD_CFLAGS='-pthread'
PTHREAD_LIBS=''
RANLIB='ranlib'
SED='/usr/bin/sed'
SET_MAKE=''
SHELL='/bin/bash'
STRIP='strip'
VERSION='5.22.5b'
ac_ct_AR='ar'
ac_ct_CC='/usr/bin/cc'
ac_ct_DUMPBIN=''
acx_pthread_config=''
am__EXEEXT_FALSE=''
am__EXEEXT_TRUE='#'
am__fastdepCC_FALSE='#'
am__fastdepCC_TRUE=''
am__include='include'
am__isrc=''
am__leading_dot='.'
am__nodep='_no'
am__quote=''
am__tar='$${TAR-tar} chof - "$$tardir"'
am__untar='$${TAR-tar} xf -'
bindir='${exec_prefix}/bin'
build='x86_64-pc-linux-gnu'
build_alias=''
build_cpu='x86_64'
build_os='linux-gnu'
build_vendor='pc'
datadir='${datarootdir}'
datarootdir='${prefix}/share'
docdir='${datarootdir}/doc/${PACKAGE_TARNAME}'
dvidir='${docdir}'
exec_prefix='${prefix}'
host='x86_64-pc-linux-gnu'
host_alias=''
host_cpu='x86_64'
host_os='linux-gnu'
host_vendor='pc'
htmldir='${docdir}'
includedir='${prefix}/include'
infodir='${datarootdir}/info'
install_sh='${SHELL} /home/huangl/workspace/RfCgraTrans/pluto/polylib/install-sh'
libdir='${exec_prefix}/lib'
libexecdir='${exec_prefix}/libexec'
localedir='${datarootdir}/locale'
localstatedir='${prefix}/var'
mandir='${datarootdir}/man'
mkdir_p='$(MKDIR_P)'
multi_bin_programs=' $(multi_bin_programs_64)'
multi_noinst_programs=' $(no_inst_programs_64)'
oldincludedir='/usr/include'
pdfdir='${docdir}'
pkgconfig_libdir='${libdir}/pkgconfig'
pkgconfig_libfile='polylib64.pc'
polylib128_defs=''
polylib32_defs='#define LINEAR_VALUE_IS_INT'
polylib64_defs='#define LINEAR_VALUE_IS_LONG
polylib='libpolylib64.la'
polylibs='libpolylib64.la '
prefix='/home/huangl/workspace/RfCgraTrans/build/pluto'
program_transform_name='s,x,x,'
psdir='${docdir}'
runstatedir='${localstatedir}/run'
sbindir='${exec_prefix}/sbin'
sharedstatedir='${prefix}/com'
sysconfdir='${prefix}/etc'
target_alias=''
versioninfo='9:0:1'

## ----------- ##
## confdefs.h. ##
## ----------- ##

/* confdefs.h */
#define PACKAGE_NAME "polylib"
#define PACKAGE_TARNAME "polylib"
#define PACKAGE_VERSION "5.22.5b"
#define PACKAGE_STRING "polylib 5.22.5b"
#define PACKAGE_BUGREPORT ""
#define PACKAGE_URL ""
#define PACKAGE "polylib"
#define VERSION "5.22.5b"
#define STDC_HEADERS 1
#define HAVE_SYS_TYPES_H 1
#define HAVE_SYS_STAT_H 1
#define HAVE_STDLIB_H 1
#define HAVE_STRING_H 1
#define HAVE_MEMORY_H 1
#define HAVE_STRINGS_H 1
#define HAVE_INTTYPES_H 1
#define HAVE_STDINT_H 1
#define HAVE_UNISTD_H 1
#define HAVE_DLFCN_H 1
#define LT_OBJDIR ".libs/"
#define STDC_HEADERS 1
#define HAVE_LIMITS_H 1
#define HAVE_UNISTD_H 1
#define HAVE_GETOPT_H 1
#define SIZEOF_INT 4
#define SIZEOF_LONG_INT 8
#define SIZEOF_LONG_LONG_INT 8
#define HAVE_DECL_MP_GET_MEMORY_FUNCTIONS 1
#define HAVE_PTHREAD 1

configure: exit 0

## ---------------------- ##
## Running config.status. ##
## ---------------------- ##

This file was extended by polylib config.status 5.22.5b, which was
generated by GNU Autoconf 2.69.  Invocation command line was

  CONFIG_FILES    = 
  CONFIG_HEADERS  = 
  CONFIG_LINKS    = 
  CONFIG_COMMANDS = 
  $ ./config.status config.h

on huangl

config.status:1141: creating config.h
config.status:1322: config.h is unchanged
