This file contains any messages produced by compilers while
running configure, to aid debugging if configure makes a mistake.

It was created by isl configure 0.21, which was
generated by GNU Autoconf 2.69.  Invocation command line was

  $ ../isl/configure --with-gmp=system --with-gmp-prefix= --with-gmp-exec-prefix= --prefix=/home/huangl/workspace/RfCgraTrans/build/pluto

## --------- ##
## Platform. ##
## --------- ##

hostname = huangl
uname -m = x86_64
uname -r = 5.10.102.1-microsoft-standard-WSL2
uname -s = Linux
uname -v = #1 SMP Wed Mar 2 00:30:59 UTC 2022

/usr/bin/uname -p = x86_64
/bin/uname -X     = unknown

/bin/arch              = x86_64
/usr/bin/arch -k       = unknown
/usr/convex/getsysinfo = unknown
/usr/bin/hostinfo      = unknown
/bin/machine           = unknown
/usr/bin/oslevel       = unknown
/bin/universe          = unknown

PATH: ~/anaconda3/bin
PATH: /root/.vscode-server/bin/05047486b6df5eb8d44b2ecd70ea3bdf775fd937/bin/remote-cli
PATH: ~/anaconda3/bin
PATH: /usr/local/sbin
PATH: /usr/local/bin
PATH: /usr/sbin
PATH: /usr/bin
PATH: /sbin
PATH: /bin
PATH: /usr/games
PATH: /usr/local/games
PATH: /snap/bin


## ----------- ##
## Core tests. ##
## ----------- ##

configure:2887: checking for a BSD-compatible install
configure:2955: result: /usr/bin/install -c
configure:2966: checking whether build environment is sane
configure:3021: result: yes
configure:3170: checking for a thread-safe mkdir -p
configure:3209: result: /usr/bin/mkdir -p
configure:3216: checking for gawk
configure:3232: found /usr/bin/gawk
configure:3243: result: gawk
configure:3254: checking whether make sets $(MAKE)
configure:3276: result: yes
configure:3305: checking whether make supports nested variables
configure:3322: result: yes
configure:3459: checking whether make supports nested variables
configure:3476: result: yes
configure:3550: checking for gcc
configure:3577: result: /usr/bin/cc
configure:3806: checking for C compiler version
configure:3815: /usr/bin/cc --version >&5
cc (Ubuntu 9.4.0-1ubuntu1~20.04.1) 9.4.0
Copyright (C) 2019 Free Software Foundation, Inc.
This is free software; see the source for copying conditions.  There is NO
warranty; not even for MERCHANTABILITY or FITNESS FOR A PARTICULAR PURPOSE.

configure:3826: $? = 0
configure:3815: /usr/bin/cc -v >&5
Using built-in specs.
COLLECT_GCC=/usr/bin/cc
COLLECT_LTO_WRAPPER=/usr/lib/gcc/x86_64-linux-gnu/9/lto-wrapper
OFFLOAD_TARGET_NAMES=nvptx-none:hsa
OFFLOAD_TARGET_DEFAULT=1
Target: x86_64-linux-gnu
Configured with: ../src/configure -v --with-pkgversion='Ubuntu 9.4.0-1ubuntu1~20.04.1' --with-bugurl=file:///usr/share/doc/gcc-9/README.Bugs --enable-languages=c,ada,c++,go,brig,d,fortran,objc,obj-c++,gm2 --prefix=/usr --with-gcc-major-version-only --program-suffix=-9 --program-prefix=x86_64-linux-gnu- --enable-shared --enable-linker-build-id --libexecdir=/usr/lib --without-included-gettext --enable-threads=posix --libdir=/usr/lib --enable-nls --enable-clocale=gnu --enable-libstdcxx-debug --enable-libstdcxx-time=yes --with-default-libstdcxx-abi=new --enable-gnu-unique-object --disable-vtable-verify --enable-plugin --enable-default-pie --with-system-zlib --with-target-system-zlib=auto --enable-objc-gc=auto --enable-multiarch --disable-werror --with-arch-32=i686 --with-abi=m64 --with-multilib-list=m32,m64,mx32 --enable-multilib --with-tune=generic --enable-offload-targets=nvptx-none=/build/gcc-9-Av3uEd/gcc-9-9.4.0/debian/tmp-nvptx/usr,hsa --without-cuda-driver --enable-checking=release --build=x86_64-linux-gnu --host=x86_64-linux-gnu --target=x86_64-linux-gnu
Thread model: posix
gcc version 9.4.0 (Ubuntu 9.4.0-1ubuntu1~20.04.1) 
configure:3826: $? = 0
configure:3815: /usr/bin/cc -V >&5
cc: error: unrecognized command line option '-V'
cc: fatal error: no input files
compilation terminated.
configure:3826: $? = 1
configure:3815: /usr/bin/cc -qversion >&5
cc: error: unrecognized command line option '-qversion'; did you mean '--version'?
cc: fatal error: no input files
compilation terminated.
configure:3826: $? = 1
configure:3846: checking whether the C compiler works
configure:3868: /usr/bin/cc    conftest.c  >&5
configure:3872: $? = 0
configure:3920: result: yes
configure:3923: checking for C compiler default output file name
configure:3925: result: a.out
configure:3931: checking for suffix of executables
configure:3938: /usr/bin/cc -o conftest    conftest.c  >&5
configure:3942: $? = 0
configure:3964: result: 
configure:3986: checking whether we are cross compiling
configure:3994: /usr/bin/cc -o conftest    conftest.c  >&5
configure:3998: $? = 0
configure:4005: ./conftest
configure:4009: $? = 0
configure:3997: result: no
configure:4002: checking for suffix of object files
configure:4024: /usr/bin/cc -c   conftest.c >&5
configure:4028: $? = 0
configure:4049: result: o
configure:4053: checking whether we are using the GNU C compiler
configure:4072: /usr/bin/cc -c   conftest.c >&5
configure:4072: $? = 0
configure:4081: result: yes
configure:4090: checking whether /usr/bin/cc accepts -g
configure:4110: /usr/bin/cc -c -g  conftest.c >&5
configure:4110: $? = 0
configure:4151: result: yes
configure:4168: checking for /usr/bin/cc option to accept ISO C89
configure:4231: /usr/bin/cc  -c -g -O2  conftest.c >&5
configure:4231: $? = 0
configure:4244: result: none needed
configure:4269: checking whether /usr/bin/cc understands -c and -o together
configure:4291: /usr/bin/cc -c conftest.c -o conftest2.o
configure:4294: $? = 0
configure:4291: /usr/bin/cc -c conftest.c -o conftest2.o
configure:4294: $? = 0
configure:4306: result: yes
configure:4326: checking whether make supports the include directive
configure:4341: make -f confmf.GNU && cat confinc.out
this is the am__doit target
configure:4344: $? = 0
configure:4363: result: yes (GNU style)
configure:4388: checking dependency style of /usr/bin/cc
configure:4499: result: gcc3
configure:4626: checking for C++ compiler version
configure:4635: /usr/bin/c++ -std=c++11 --version >&5
c++ (Ubuntu 9.4.0-1ubuntu1~20.04.1) 9.4.0
Copyright (C) 2019 Free Software Foundation, Inc.
This is free software; see the source for copying conditions.  There is NO
warranty; not even for MERCHANTABILITY or FITNESS FOR A PARTICULAR PURPOSE.

configure:4646: $? = 0
configure:4635: /usr/bin/c++ -std=c++11 -v >&5
Using built-in specs.
COLLECT_GCC=/usr/bin/c++
COLLECT_LTO_WRAPPER=/usr/lib/gcc/x86_64-linux-gnu/9/lto-wrapper
OFFLOAD_TARGET_NAMES=nvptx-none:hsa
OFFLOAD_TARGET_DEFAULT=1
Target: x86_64-linux-gnu
Configured with: ../src/configure -v --with-pkgversion='Ubuntu 9.4.0-1ubuntu1~20.04.1' --with-bugurl=file:///usr/share/doc/gcc-9/README.Bugs --enable-languages=c,ada,c++,go,brig,d,fortran,objc,obj-c++,gm2 --prefix=/usr --with-gcc-major-version-only --program-suffix=-9 --program-prefix=x86_64-linux-gnu- --enable-shared --enable-linker-build-id --libexecdir=/usr/lib --without-included-gettext --enable-threads=posix --libdir=/usr/lib --enable-nls --enable-clocale=gnu --enable-libstdcxx-debug --enable-libstdcxx-time=yes --with-default-libstdcxx-abi=new --enable-gnu-unique-object --disable-vtable-verify --enable-plugin --enable-default-pie --with-system-zlib --with-target-system-zlib=auto --enable-objc-gc=auto --enable-multiarch --disable-werror --with-arch-32=i686 --with-abi=m64 --with-multilib-list=m32,m64,mx32 --enable-multilib --with-tune=generic --enable-offload-targets=nvptx-none=/build/gcc-9-Av3uEd/gcc-9-9.4.0/debian/tmp-nvptx/usr,hsa --without-cuda-driver --enable-checking=release --build=x86_64-linux-gnu --host=x86_64-linux-gnu --target=x86_64-linux-gnu
Thread model: posix
gcc version 9.4.0 (Ubuntu 9.4.0-1ubuntu1~20.04.1) 
configure:4646: $? = 0
configure:4635: /usr/bin/c++ -std=c++11 -V >&5
c++: error: unrecognized command line option '-V'
c++: fatal error: no input files
compilation terminated.
configure:4646: $? = 1
configure:4635: /usr/bin/c++ -std=c++11 -qversion >&5
c++: error: unrecognized command line option '-qversion'; did you mean '--version'?
c++: fatal error: no input files
compilation terminated.
configure:4646: $? = 1
configure:4650: checking whether we are using the GNU C++ compiler
configure:4669: /usr/bin/c++ -std=c++11 -c   conftest.cpp >&5
configure:4669: $? = 0
configure:4678: result: yes
configure:4687: checking whether /usr/bin/c++ -std=c++11 accepts -g
configure:4707: /usr/bin/c++ -std=c++11 -c -g  conftest.cpp >&5
configure:4707: $? = 0
configure:4748: result: yes
configure:4773: checking dependency style of /usr/bin/c++ -std=c++11
configure:4884: result: gcc3
configure:4902: checking for C compiler vendor
configure:4926: /usr/bin/cc -c -g -O2  conftest.c >&5
conftest.c: In function 'main':
conftest.c:17:7: error: 'thisisanerror' undeclared (first use in this function)
   17 |       thisisanerror;
      |       ^~~~~~~~~~~~~
conftest.c:17:7: note: each undeclared identifier is reported only once for each function it appears in
configure:4926: $? = 1
configure: failed program was:
| /* confdefs.h */
| #define PACKAGE_NAME "isl"
| #define PACKAGE_TARNAME "isl"
| #define PACKAGE_VERSION "0.21"
| #define PACKAGE_STRING "isl 0.21"
| #define PACKAGE_BUGREPORT "isl-development@googlegroups.com"
| #define PACKAGE_URL ""
| #define PACKAGE "isl"
| #define VERSION "0.21"
| /* end confdefs.h.  */
| 
| int
| main ()
| {
| 
| #if !(defined(__ICC) || defined(__ECC) || defined(__INTEL_COMPILER))
|       thisisanerror;
| #endif
| 
|   ;
|   return 0;
| }
configure:4926: /usr/bin/cc -c -g -O2  conftest.c >&5
conftest.c: In function 'main':
conftest.c:17:7: error: 'thisisanerror' undeclared (first use in this function)
   17 |       thisisanerror;
      |       ^~~~~~~~~~~~~
conftest.c:17:7: note: each undeclared identifier is reported only once for each function it appears in
configure:4926: $? = 1
configure: failed program was:
| /* confdefs.h */
| #define PACKAGE_NAME "isl"
| #define PACKAGE_TARNAME "isl"
| #define PACKAGE_VERSION "0.21"
| #define PACKAGE_STRING "isl 0.21"
| #define PACKAGE_BUGREPORT "isl-development@googlegroups.com"
| #define PACKAGE_URL ""
| #define PACKAGE "isl"
| #define VERSION "0.21"
| /* end confdefs.h.  */
| 
| int
| main ()
| {
| 
| #if !(defined(__xlc__) || defined(__xlC__) || defined(__IBMC__) || defined(__IBMCPP__))
|       thisisanerror;
| #endif
| 
|   ;
|   return 0;
| }
configure:4926: /usr/bin/cc -c -g -O2  conftest.c >&5
conftest.c: In function 'main':
conftest.c:17:7: error: 'thisisanerror' undeclared (first use in this function)
   17 |       thisisanerror;
      |       ^~~~~~~~~~~~~
conftest.c:17:7: note: each undeclared identifier is reported only once for each function it appears in
configure:4926: $? = 1
configure: failed program was:
| /* confdefs.h */
| #define PACKAGE_NAME "isl"
| #define PACKAGE_TARNAME "isl"
| #define PACKAGE_VERSION "0.21"
| #define PACKAGE_STRING "isl 0.21"
| #define PACKAGE_BUGREPORT "isl-development@googlegroups.com"
| #define PACKAGE_URL ""
| #define PACKAGE "isl"
| #define VERSION "0.21"
| /* end confdefs.h.  */
| 
| int
| main ()
| {
| 
| #if !(defined(__PATHCC__) || defined(__PATHSCALE__))
|       thisisanerror;
| #endif
| 
|   ;
|   return 0;
| }
configure:4926: /usr/bin/cc -c -g -O2  conftest.c >&5
conftest.c: In function 'main':
conftest.c:17:7: error: 'thisisanerror' undeclared (first use in this function)
   17 |       thisisanerror;
      |       ^~~~~~~~~~~~~
conftest.c:17:7: note: each undeclared identifier is reported only once for each function it appears in
configure:4926: $? = 1
configure: failed program was:
| /* confdefs.h */
| #define PACKAGE_NAME "isl"
| #define PACKAGE_TARNAME "isl"
| #define PACKAGE_VERSION "0.21"
| #define PACKAGE_STRING "isl 0.21"
| #define PACKAGE_BUGREPORT "isl-development@googlegroups.com"
| #define PACKAGE_URL ""
| #define PACKAGE "isl"
| #define VERSION "0.21"
| /* end confdefs.h.  */
| 
| int
| main ()
| {
| 
| #if !(defined(__clang__))
|       thisisanerror;
| #endif
| 
|   ;
|   return 0;
| }
configure:4926: /usr/bin/cc -c -g -O2  conftest.c >&5
configure:4926: $? = 0
configure:4933: result: gnu
configure:4940: checking build system type
configure:4954: result: x86_64-pc-linux-gnu
configure:4974: checking host system type
configure:4987: result: x86_64-pc-linux-gnu
configure:5263: checking whether C compiler accepts -malign-double
configure:5282: /usr/bin/cc -c -malign-double  conftest.c >&5
configure:5282: $? = 0
configure:5292: result: yes
configure:5302: checking whether C compiler accepts -fstrict-aliasing
configure:5321: /usr/bin/cc -c -fstrict-aliasing  conftest.c >&5
configure:5321: $? = 0
configure:5331: result: yes
configure:5341: checking whether C compiler accepts -ffast-math
configure:5360: /usr/bin/cc -c -ffast-math  conftest.c >&5
configure:5360: $? = 0
configure:5370: result: yes
configure:5391: checking for gcc architecture flag
configure:5393: result: 
configure:5415: checking for x86 cpuid 0 output
configure:5444: /usr/bin/cc -o conftest -O3 -fomit-frame-pointer -malign-double -fstrict-aliasing -ffast-math   conftest.c  >&5
configure:5444: $? = 0
configure:5444: ./conftest
configure:5444: $? = 0
configure:5454: result: 1c:756e6547:6c65746e:49656e69
configure:5470: checking for x86 cpuid 1 output
configure:5499: /usr/bin/cc -o conftest -O3 -fomit-frame-pointer -malign-double -fstrict-aliasing -ffast-math   conftest.c  >&5
configure:5499: $? = 0
configure:5499: ./conftest
configure:5499: $? = 0
configure:5509: result: 906a3:e200800:fffa3223:1f8bfbff
configure:5723: checking whether C compiler accepts -march=pentium2
configure:5738: /usr/bin/cc -c -march=pentium2  conftest.c >&5
cc1: error: CPU you selected does not support x86-64 instruction set
cc1: error: '-fcf-protection=full' is not supported for this target
configure:5738: $? = 1
configure: failed program was:
| /* confdefs.h */
| #define PACKAGE_NAME "isl"
| #define PACKAGE_TARNAME "isl"
| #define PACKAGE_VERSION "0.21"
| #define PACKAGE_STRING "isl 0.21"
| #define PACKAGE_BUGREPORT "isl-development@googlegroups.com"
| #define PACKAGE_URL ""
| #define PACKAGE "isl"
| #define VERSION "0.21"
| /* end confdefs.h.  */
| 
| int
| main ()
| {
| 
|   ;
|   return 0;
| }
configure:5746: result: no
configure:5723: checking whether C compiler accepts -mcpu=pentium2
configure:5738: /usr/bin/cc -c -mcpu=pentium2  conftest.c >&5
cc: warning: '-mcpu=' is deprecated; use '-mtune=' or '-march=' instead
cc1: error: CPU you selected does not support x86-64 instruction set
configure:5738: $? = 1
configure: failed program was:
| /* confdefs.h */
| #define PACKAGE_NAME "isl"
| #define PACKAGE_TARNAME "isl"
| #define PACKAGE_VERSION "0.21"
| #define PACKAGE_STRING "isl 0.21"
| #define PACKAGE_BUGREPORT "isl-development@googlegroups.com"
| #define PACKAGE_URL ""
| #define PACKAGE "isl"
| #define VERSION "0.21"
| /* end confdefs.h.  */
| 
| int
| main ()
| {
| 
|   ;
|   return 0;
| }
configure:5746: result: no
configure:5723: checking whether C compiler accepts -mpentium2
configure:5738: /usr/bin/cc -c -mpentium2  conftest.c >&5
cc: error: unrecognized command line option '-mpentium2'; did you mean '-march=pentium2'?
configure:5738: $? = 1
configure: failed program was:
| /* confdefs.h */
| #define PACKAGE_NAME "isl"
| #define PACKAGE_TARNAME "isl"
| #define PACKAGE_VERSION "0.21"
| #define PACKAGE_STRING "isl 0.21"
| #define PACKAGE_BUGREPORT "isl-development@googlegroups.com"
| #define PACKAGE_URL ""
| #define PACKAGE "isl"
| #define VERSION "0.21"
| /* end confdefs.h.  */
| 
| int
| main ()
| {
| 
|   ;
|   return 0;
| }
configure:5746: result: no
configure:5723: checking whether C compiler accepts -march=pentiumpro
configure:5738: /usr/bin/cc -c -march=pentiumpro  conftest.c >&5
cc1: error: CPU you selected does not support x86-64 instruction set
cc1: error: '-fcf-protection=full' is not supported for this target
configure:5738: $? = 1
configure: failed program was:
| /* confdefs.h */
| #define PACKAGE_NAME "isl"
| #define PACKAGE_TARNAME "isl"
| #define PACKAGE_VERSION "0.21"
| #define PACKAGE_STRING "isl 0.21"
| #define PACKAGE_BUGREPORT "isl-development@googlegroups.com"
| #define PACKAGE_URL ""
| #define PACKAGE "isl"
| #define VERSION "0.21"
| /* end confdefs.h.  */
| 
| int
| main ()
| {
| 
|   ;
|   return 0;
| }
configure:5746: result: no
configure:5723: checking whether C compiler accepts -mcpu=pentiumpro
configure:5738: /usr/bin/cc -c -mcpu=pentiumpro  conftest.c >&5
cc: warning: '-mcpu=' is deprecated; use '-mtune=' or '-march=' instead
cc1: error: CPU you selected does not support x86-64 instruction set
configure:5738: $? = 1
configure: failed program was:
| /* confdefs.h */
| #define PACKAGE_NAME "isl"
| #define PACKAGE_TARNAME "isl"
| #define PACKAGE_VERSION "0.21"
| #define PACKAGE_STRING "isl 0.21"
| #define PACKAGE_BUGREPORT "isl-development@googlegroups.com"
| #define PACKAGE_URL ""
| #define PACKAGE "isl"
| #define VERSION "0.21"
| /* end confdefs.h.  */
| 
| int
| main ()
| {
| 
|   ;
|   return 0;
| }
configure:5746: result: no
configure:5723: checking whether C compiler accepts -mpentiumpro
configure:5738: /usr/bin/cc -c -mpentiumpro  conftest.c >&5
cc: error: unrecognized command line option '-mpentiumpro'; did you mean '-march=pentiumpro'?
configure:5738: $? = 1
configure: failed program was:
| /* confdefs.h */
| #define PACKAGE_NAME "isl"
| #define PACKAGE_TARNAME "isl"
| #define PACKAGE_VERSION "0.21"
| #define PACKAGE_STRING "isl 0.21"
| #define PACKAGE_BUGREPORT "isl-development@googlegroups.com"
| #define PACKAGE_URL ""
| #define PACKAGE "isl"
| #define VERSION "0.21"
| /* end confdefs.h.  */
| 
| int
| main ()
| {
| 
|   ;
|   return 0;
| }
configure:5746: result: no
configure:5763: checking for gcc architecture flag
configure:5765: result: unknown
configure:5797: checking whether C compiler accepts -O3 -fomit-frame-pointer -malign-double -fstrict-aliasing -ffast-math
configure:5812: /usr/bin/cc -c -O3 -fomit-frame-pointer -malign-double -fstrict-aliasing -ffast-math  conftest.c >&5
configure:5812: $? = 0
configure:5820: result: yes
configure:5840: checking whether the compiler supports function __attribute__((__warn_unused_result__))
configure:5858: /usr/bin/cc -c -O3 -fomit-frame-pointer -malign-double -fstrict-aliasing -ffast-math  conftest.c >&5
configure:5858: $? = 0
configure:5865: result: yes
configure:5874: checking for __attribute__
configure:5896: /usr/bin/cc -c -O3 -fomit-frame-pointer -malign-double -fstrict-aliasing -ffast-math  conftest.c >&5
configure:5896: $? = 0
configure:5905: result: yes
configure:5928: checking whether /usr/bin/c++ -std=c++11 supports C++11 features by default
configure:6222: /usr/bin/c++ -std=c++11 -c -g -O2  conftest.cpp >&5
configure:6222: $? = 0
configure:6229: result: yes
configure:6590: checking for grep that handles long lines and -e
configure:6648: result: /usr/bin/grep
configure:6699: checking how to print strings
configure:6726: result: printf
configure:6747: checking for a sed that does not truncate output
configure:6811: result: /usr/bin/sed
configure:6829: checking for egrep
configure:6891: result: /usr/bin/grep -E
configure:6896: checking for fgrep
configure:6958: result: /usr/bin/grep -F
configure:6993: checking for ld used by /usr/bin/cc
configure:7060: result: /usr/bin/ld
configure:7067: checking if the linker (/usr/bin/ld) is GNU ld
configure:7082: result: yes
configure:7094: checking for BSD- or MS-compatible name lister (nm)
configure:7148: result: /usr/bin/nm -B
configure:7278: checking the name lister (/usr/bin/nm -B) interface
configure:7285: /usr/bin/cc -c -O3 -fomit-frame-pointer -malign-double -fstrict-aliasing -ffast-math  conftest.c >&5
configure:7288: /usr/bin/nm -B "conftest.o"
configure:7291: output
0000000000000000 B some_variable
configure:7292: result: BSD nm
configure:7295: checking whether ln -s works
configure:7299: result: yes
configure:7307: checking the maximum length of command line arguments
configure:7438: result: 1572864
configure:7486: checking how to convert x86_64-pc-linux-gnu file names to x86_64-pc-linux-gnu format
configure:7526: result: func_convert_file_noop
configure:7533: checking how to convert x86_64-pc-linux-gnu file names to toolchain format
configure:7553: result: func_convert_file_noop
configure:7560: checking for /usr/bin/ld option to reload object files
configure:7567: result: -r
configure:7641: checking for objdump
configure:7657: found /usr/bin/objdump
configure:7668: result: objdump
configure:7700: checking how to recognize dependent libraries
configure:7900: result: pass_all
configure:7985: checking for dlltool
configure:8015: result: no
configure:8045: checking how to associate runtime and link libraries
configure:8072: result: printf %s\n
configure:8132: checking for ar
configure:8148: found /usr/bin/ar
configure:8159: result: ar
configure:8196: checking for archiver @FILE support
configure:8213: /usr/bin/cc -c -O3 -fomit-frame-pointer -malign-double -fstrict-aliasing -ffast-math  conftest.c >&5
configure:8213: $? = 0
configure:8216: ar cr libconftest.a @conftest.lst >&5
configure:8219: $? = 0
configure:8224: ar cr libconftest.a @conftest.lst >&5
ar: conftest.o: No such file or directory
configure:8227: $? = 1
configure:8226: result: @
configure:8284: checking for strip
configure:8300: found /usr/bin/strip
configure:8311: result: strip
configure:8383: checking for ranlib
configure:8399: found /usr/bin/ranlib
configure:8410: result: ranlib
configure:8512: checking command to parse /usr/bin/nm -B output from /usr/bin/cc object
configure:8665: /usr/bin/cc -c -O3 -fomit-frame-pointer -malign-double -fstrict-aliasing -ffast-math  conftest.c >&5
configure:8668: $? = 0
configure:8672: /usr/bin/nm -B conftest.o | sed -n -e 's/^.*[	 ]\([ABCDGIRSTW][ABCDGIRSTW]*\)[	 ][	 ]*\([_A-Za-z][_A-Za-z0-9]*\)$/\1 \2 \2/p' | sed '/ __gnu_lto/d' > conftest.nm
configure:8738: /usr/bin/cc -o conftest -O3 -fomit-frame-pointer -malign-double -fstrict-aliasing -ffast-math   conftest.c conftstm.o >&5
configure:8741: $? = 0
configure:8779: result: ok
configure:8826: checking for sysroot
configure:8856: result: no
configure:8863: checking for a working dd
configure:8901: result: /usr/bin/dd
configure:8905: checking how to truncate binary pipes
configure:8920: result: /usr/bin/dd bs=4096 count=1
configure:9056: /usr/bin/cc -c -O3 -fomit-frame-pointer -malign-double -fstrict-aliasing -ffast-math  conftest.c >&5
configure:9059: $? = 0
configure:9249: checking for mt
configure:9265: found /usr/bin/mt
configure:9276: result: mt
configure:9299: checking if mt is a manifest tool
configure:9305: mt '-?'
configure:9313: result: no
configure:9990: checking how to run the C preprocessor
configure:10021: /usr/bin/cc -E  conftest.c
configure:10021: $? = 0
configure:10035: /usr/bin/cc -E  conftest.c
conftest.c:14:10: fatal error: ac_nonexistent.h: No such file or directory
   14 | #include <ac_nonexistent.h>
      |          ^~~~~~~~~~~~~~~~~~
compilation terminated.
configure:10035: $? = 1
configure: failed program was:
| /* confdefs.h */
| #define PACKAGE_NAME "isl"
| #define PACKAGE_TARNAME "isl"
| #define PACKAGE_VERSION "0.21"
| #define PACKAGE_STRING "isl 0.21"
| #define PACKAGE_BUGREPORT "isl-development@googlegroups.com"
| #define PACKAGE_URL ""
| #define PACKAGE "isl"
| #define VERSION "0.21"
| #define GCC_WARN_UNUSED_RESULT __attribute__((__warn_unused_result__))
| #define HAVE___ATTRIBUTE__ 1
| #define HAVE_CXX11 1
| /* end confdefs.h.  */
| #include <ac_nonexistent.h>
configure:10060: result: /usr/bin/cc -E
configure:10080: /usr/bin/cc -E  conftest.c
configure:10080: $? = 0
configure:10094: /usr/bin/cc -E  conftest.c
conftest.c:14:10: fatal error: ac_nonexistent.h: No such file or directory
   14 | #include <ac_nonexistent.h>
      |          ^~~~~~~~~~~~~~~~~~
compilation terminated.
configure:10094: $? = 1
configure: failed program was:
| /* confdefs.h */
| #define PACKAGE_NAME "isl"
| #define PACKAGE_TARNAME "isl"
| #define PACKAGE_VERSION "0.21"
| #define PACKAGE_STRING "isl 0.21"
| #define PACKAGE_BUGREPORT "isl-development@googlegroups.com"
| #define PACKAGE_URL ""
| #define PACKAGE "isl"
| #define VERSION "0.21"
| #define GCC_WARN_UNUSED_RESULT __attribute__((__warn_unused_result__))
| #define HAVE___ATTRIBUTE__ 1
| #define HAVE_CXX11 1
| /* end confdefs.h.  */
| #include <ac_nonexistent.h>
configure:10123: checking for ANSI C header files
configure:10143: /usr/bin/cc -c -O3 -fomit-frame-pointer -malign-double -fstrict-aliasing -ffast-math  conftest.c >&5
configure:10143: $? = 0
configure:10216: /usr/bin/cc -o conftest -O3 -fomit-frame-pointer -malign-double -fstrict-aliasing -ffast-math   conftest.c  >&5
configure:10216: $? = 0
configure:10216: ./conftest
configure:10216: $? = 0
configure:10227: result: yes
configure:10240: checking for sys/types.h
configure:10240: /usr/bin/cc -c -O3 -fomit-frame-pointer -malign-double -fstrict-aliasing -ffast-math  conftest.c >&5
configure:10240: $? = 0
configure:10240: result: yes
configure:10240: checking for sys/stat.h
configure:10240: /usr/bin/cc -c -O3 -fomit-frame-pointer -malign-double -fstrict-aliasing -ffast-math  conftest.c >&5
configure:10240: $? = 0
configure:10240: result: yes
configure:10240: checking for stdlib.h
configure:10240: /usr/bin/cc -c -O3 -fomit-frame-pointer -malign-double -fstrict-aliasing -ffast-math  conftest.c >&5
configure:10240: $? = 0
configure:10240: result: yes
configure:10240: checking for string.h
configure:10240: /usr/bin/cc -c -O3 -fomit-frame-pointer -malign-double -fstrict-aliasing -ffast-math  conftest.c >&5
configure:10240: $? = 0
configure:10240: result: yes
configure:10240: checking for memory.h
configure:10240: /usr/bin/cc -c -O3 -fomit-frame-pointer -malign-double -fstrict-aliasing -ffast-math  conftest.c >&5
configure:10240: $? = 0
configure:10240: result: yes
configure:10240: checking for strings.h
configure:10240: /usr/bin/cc -c -O3 -fomit-frame-pointer -malign-double -fstrict-aliasing -ffast-math  conftest.c >&5
configure:10240: $? = 0
configure:10240: result: yes
configure:10240: checking for inttypes.h
configure:10240: /usr/bin/cc -c -O3 -fomit-frame-pointer -malign-double -fstrict-aliasing -ffast-math  conftest.c >&5
configure:10240: $? = 0
configure:10240: result: yes
configure:10240: checking for stdint.h
configure:10240: /usr/bin/cc -c -O3 -fomit-frame-pointer -malign-double -fstrict-aliasing -ffast-math  conftest.c >&5
configure:10240: $? = 0
configure:10240: result: yes
configure:10240: checking for unistd.h
configure:10240: /usr/bin/cc -c -O3 -fomit-frame-pointer -malign-double -fstrict-aliasing -ffast-math  conftest.c >&5
configure:10240: $? = 0
configure:10240: result: yes
configure:10254: checking for dlfcn.h
configure:10254: /usr/bin/cc -c -O3 -fomit-frame-pointer -malign-double -fstrict-aliasing -ffast-math  conftest.c >&5
configure:10254: $? = 0
configure:10254: result: yes
configure:10520: checking for objdir
configure:10535: result: .libs
configure:10799: checking if /usr/bin/cc supports -fno-rtti -fno-exceptions
configure:10817: /usr/bin/cc -c -O3 -fomit-frame-pointer -malign-double -fstrict-aliasing -ffast-math  -fno-rtti -fno-exceptions conftest.c >&5
cc1: warning: command line option '-fno-rtti' is valid for C++/D/ObjC++ but not for C
configure:10821: $? = 0
configure:10834: result: no
configure:11198: checking for /usr/bin/cc option to produce PIC
configure:11205: result: -fPIC -DPIC
configure:11213: checking if /usr/bin/cc PIC flag -fPIC -DPIC works
configure:11231: /usr/bin/cc -c -O3 -fomit-frame-pointer -malign-double -fstrict-aliasing -ffast-math  -fPIC -DPIC -DPIC conftest.c >&5
configure:11235: $? = 0
configure:11248: result: yes
configure:11277: checking if /usr/bin/cc static flag -static works
configure:11305: result: yes
configure:11320: checking if /usr/bin/cc supports -c -o file.o
configure:11341: /usr/bin/cc -c -O3 -fomit-frame-pointer -malign-double -fstrict-aliasing -ffast-math  -o out/conftest2.o conftest.c >&5
configure:11345: $? = 0
configure:11367: result: yes
configure:11375: checking if /usr/bin/cc supports -c -o file.o
configure:11422: result: yes
configure:11455: checking whether the /usr/bin/cc linker (/usr/bin/ld -m elf_x86_64) supports shared libraries
configure:12718: result: yes
configure:12755: checking whether -lc should be explicitly linked in
configure:12763: /usr/bin/cc -c -O3 -fomit-frame-pointer -malign-double -fstrict-aliasing -ffast-math  conftest.c >&5
configure:12766: $? = 0
configure:12781: /usr/bin/cc -shared  -fPIC -DPIC conftest.o  -v -Wl,-soname -Wl,conftest -o conftest 2\>\&1 \| /usr/bin/grep  -lc  \>/dev/null 2\>\&1
configure:12784: $? = 0
configure:12798: result: no
configure:12958: checking dynamic linker characteristics
configure:13539: /usr/bin/cc -o conftest -O3 -fomit-frame-pointer -malign-double -fstrict-aliasing -ffast-math   -Wl,-rpath -Wl,/foo conftest.c  >&5
configure:13539: $? = 0
configure:13788: result: GNU/Linux ld.so
configure:13910: checking how to hardcode library paths into programs
configure:13935: result: immediate
configure:14483: checking whether stripping libraries is possible
configure:14488: result: yes
configure:14523: checking if libtool supports shared libraries
configure:14525: result: yes
configure:14528: checking whether to build shared libraries
configure:14553: result: yes
configure:14556: checking whether to build static libraries
configure:14560: result: yes
configure:11359: checking how to run the C++ preprocessor
configure:11386: /usr/bin/c++ -std=c++11 -E  conftest.cpp
configure:11386: $? = 0
configure:11400: /usr/bin/c++ -std=c++11 -E  conftest.cpp
conftest.cpp:26:10: fatal error: ac_nonexistent.h: No such file or directory
   26 | #include <ac_nonexistent.h>
      |          ^~~~~~~~~~~~~~~~~~
compilation terminated.
configure:11400: $? = 1
configure: failed program was:
| /* confdefs.h */
| #define PACKAGE_NAME "isl"
| #define PACKAGE_TARNAME "isl"
| #define PACKAGE_VERSION "0.21"
| #define PACKAGE_STRING "isl 0.21"
| #define PACKAGE_BUGREPORT "isl-development@googlegroups.com"
| #define PACKAGE_URL ""
| #define PACKAGE "isl"
| #define VERSION "0.21"
| #define GCC_WARN_UNUSED_RESULT __attribute__((__warn_unused_result__))
| #define HAVE___ATTRIBUTE__ 1
| #define HAVE_CXX11 1
| #define STDC_HEADERS 1
| #define HAVE_SYS_TYPES_H 1
| #define HAVE_SYS_STAT_H 1
| #define HAVE_STDLIB_H 1
| #define HAVE_STRING_H 1
| #define HAVE_MEMORY_H 1
| #define HAVE_STRINGS_H 1
| #define HAVE_INTTYPES_H 1
| #define HAVE_STDINT_H 1
| #define HAVE_UNISTD_H 1
| #define HAVE_DLFCN_H 1
| #define LT_OBJDIR ".libs/"
| /* end confdefs.h.  */
| #include <ac_nonexistent.h>
configure:11425: result: /usr/bin/c++ -std=c++11 -E
configure:11445: /usr/bin/c++ -std=c++11 -E  conftest.cpp
configure:11445: $? = 0
configure:11459: /usr/bin/c++ -std=c++11 -E  conftest.cpp
conftest.cpp:26:10: fatal error: ac_nonexistent.h: No such file or directory
   26 | #include <ac_nonexistent.h>
      |          ^~~~~~~~~~~~~~~~~~
compilation terminated.
configure:11459: $? = 1
configure: failed program was:
| /* confdefs.h */
| #define PACKAGE_NAME "isl"
| #define PACKAGE_TARNAME "isl"
| #define PACKAGE_VERSION "0.21"
| #define PACKAGE_STRING "isl 0.21"
| #define PACKAGE_BUGREPORT "isl-development@googlegroups.com"
| #define PACKAGE_URL ""
| #define PACKAGE "isl"
| #define VERSION "0.21"
| #define GCC_WARN_UNUSED_RESULT __attribute__((__warn_unused_result__))
| #define HAVE___ATTRIBUTE__ 1
| #define HAVE_CXX11 1
| #define STDC_HEADERS 1
| #define HAVE_SYS_TYPES_H 1
| #define HAVE_SYS_STAT_H 1
| #define HAVE_STDLIB_H 1
| #define HAVE_STRING_H 1
| #define HAVE_MEMORY_H 1
| #define HAVE_STRINGS_H 1
| #define HAVE_INTTYPES_H 1
| #define HAVE_STDINT_H 1
| #define HAVE_UNISTD_H 1
| #define HAVE_DLFCN_H 1
| #define LT_OBJDIR ".libs/"
| /* end confdefs.h.  */
| #include <ac_nonexistent.h>
configure:11621: checking for ld used by /usr/bin/c++ -std=c++11
configure:11688: result: /usr/bin/ld -m elf_x86_64
configure:11695: checking if the linker (/usr/bin/ld -m elf_x86_64) is GNU ld
configure:11710: result: yes
configure:11765: checking whether the /usr/bin/c++ -std=c++11 linker (/usr/bin/ld -m elf_x86_64) supports shared libraries
configure:12838: result: yes
configure:12874: /usr/bin/c++ -std=c++11 -c -g -O2  conftest.cpp >&5
configure:12877: $? = 0
configure:13358: checking for /usr/bin/c++ -std=c++11 option to produce PIC
configure:13365: result: -fPIC -DPIC
configure:13373: checking if /usr/bin/c++ -std=c++11 PIC flag -fPIC -DPIC works
configure:13391: /usr/bin/c++ -std=c++11 -c -g -O2  -fPIC -DPIC -DPIC conftest.cpp >&5
configure:13395: $? = 0
configure:13408: result: yes
configure:13431: checking if /usr/bin/c++ -std=c++11 static flag -static works
configure:13459: result: yes
configure:13471: checking if /usr/bin/c++ -std=c++11 supports -c -o file.o
configure:13492: /usr/bin/c++ -std=c++11 -c -g -O2  -o out/conftest2.o conftest.cpp >&5
configure:13496: $? = 0
configure:13518: result: yes
configure:13523: checking if /usr/bin/c++ -std=c++11 supports -c -o file.o
configure:13570: result: yes
configure:13600: checking whether the /usr/bin/c++ -std=c++11 linker (/usr/bin/ld -m elf_x86_64) supports shared libraries
configure:13643: result: yes
configure:13784: checking dynamic linker characteristics
configure:14541: result: GNU/Linux ld.so
configure:14606: checking how to hardcode library paths into programs
configure:14631: result: immediate
configure:13523: checking for a sed that does not truncate output
configure:13587: result: /usr/bin/sed
configure:13627: checking for a Python interpreter with version >= 2.5
configure:13644: python -c import sys # split strings by '.' and convert to numeric. Append some zeros # because we need at least 4 digits for the hex conversion. # map returns an iterator in Python 3.0 and a list in 2.x minver = list(map(int, '2.5'.split('.'))) + [0, 0, 0] minverhex = 0 # xrange is not present in Python 3.0 and range returns an iterator for i in list(range(0, 4)): minverhex = (minverhex << 8) + minver[i] sys.exit(sys.hexversion < minverhex)
../isl/configure: line 13645: python: command not found
configure:13647: $? = 127
configure:13644: python2 -c import sys # split strings by '.' and convert to numeric. Append some zeros # because we need at least 4 digits for the hex conversion. # map returns an iterator in Python 3.0 and a list in 2.x minver = list(map(int, '2.5'.split('.'))) + [0, 0, 0] minverhex = 0 # xrange is not present in Python 3.0 and range returns an iterator for i in list(range(0, 4)): minverhex = (minverhex << 8) + minver[i] sys.exit(sys.hexversion < minverhex)
../isl/configure: line 13645: python2: command not found
configure:13647: $? = 127
configure:13644: python3 -c import sys # split strings by '.' and convert to numeric. Append some zeros # because we need at least 4 digits for the hex conversion. # map returns an iterator in Python 3.0 and a list in 2.x minver = list(map(int, '2.5'.split('.'))) + [0, 0, 0] minverhex = 0 # xrange is not present in Python 3.0 and range returns an iterator for i in list(range(0, 4)): minverhex = (minverhex << 8) + minver[i] sys.exit(sys.hexversion < minverhex)
configure:13647: $? = 0
configure:13653: result: python3
configure:13661: checking for python3
configure:13679: found /usr/bin/python3
configure:13691: result: /usr/bin/python3
configure:13709: checking for python3 version
configure:13716: result: 3.8
configure:13728: checking for python3 platform
configure:13735: result: linux
configure:13761: checking for python3 script directory
configure:13796: result: ${prefix}/lib/python3.8/site-packages
configure:13805: checking for python3 extension module directory
configure:13840: result: ${exec_prefix}/lib/python3.8/site-packages
configure:13864: checking for cygpath
configure:13894: result: no
configure:13901: checking for perl
configure:13917: found /usr/bin/perl
configure:13928: result: perl
configure:13938: checking for pdflatex
configure:13954: found /usr/bin/pdflatex
configure:13965: result: pdflatex
configure:13975: checking for pod2html
configure:13991: found /usr/bin/pod2html
configure:14002: result: pod2html
configure:14028: checking for stdint types
configure:14051: /usr/bin/cc -c   conftest.c >&5
configure:14051: $? = 0
configure:14095: result: stdint.h (shortcircuit)
configure:14482: result: make use of stdint.h in include/isl/stdint.h (assuming C99 compatible system)
configure:14597: checking which gmp to use
configure:14599: result: system
configure:14617: checking gmp.h usability
configure:14617: /usr/bin/cc -c -O3 -fomit-frame-pointer -malign-double -fstrict-aliasing -ffast-math   conftest.c >&5
configure:14617: $? = 0
configure:14617: result: yes
configure:14617: checking gmp.h presence
configure:14617: /usr/bin/cc -E   conftest.c
configure:14617: $? = 0
configure:14617: result: yes
configure:14617: checking for gmp.h
configure:14617: result: yes
configure:14625: checking for main in -lgmp
configure:14644: /usr/bin/cc -o conftest -O3 -fomit-frame-pointer -malign-double -fstrict-aliasing -ffast-math     conftest.c -lgmp  -lgmp  >&5
configure:14644: $? = 0
configure:14653: result: yes
configure:14681: /usr/bin/cc -o conftest -O3 -fomit-frame-pointer -malign-double -fstrict-aliasing -ffast-math     conftest.c -lgmp -lgmp  >&5
configure:14681: $? = 0
configure:14704: checking whether mp_get_memory_functions is declared
configure:14704: /usr/bin/cc -c -O3 -fomit-frame-pointer -malign-double -fstrict-aliasing -ffast-math   conftest.c >&5
configure:14704: $? = 0
configure:14704: result: yes
configure:14822: checking whether ffs is declared
configure:14822: /usr/bin/cc -c -O3 -fomit-frame-pointer -malign-double -fstrict-aliasing -ffast-math  conftest.c >&5
configure:14822: $? = 0
configure:14822: result: yes
configure:14834: checking whether __builtin_ffs is declared
configure:14834: /usr/bin/cc -c -O3 -fomit-frame-pointer -malign-double -fstrict-aliasing -ffast-math  conftest.c >&5
configure:14834: $? = 0
configure:14834: result: yes
configure:14845: checking whether _BitScanForward is declared
configure:14845: /usr/bin/cc -c -O3 -fomit-frame-pointer -malign-double -fstrict-aliasing -ffast-math  conftest.c >&5
conftest.c:31:10: fatal error: intrin.h: No such file or directory
   31 | #include <intrin.h>
      |          ^~~~~~~~~~
compilation terminated.
configure:14845: $? = 1
configure: failed program was:
| /* confdefs.h */
| #define PACKAGE_NAME "isl"
| #define PACKAGE_TARNAME "isl"
| #define PACKAGE_VERSION "0.21"
| #define PACKAGE_STRING "isl 0.21"
| #define PACKAGE_BUGREPORT "isl-development@googlegroups.com"
| #define PACKAGE_URL ""
| #define PACKAGE "isl"
| #define VERSION "0.21"
| #define GCC_WARN_UNUSED_RESULT __attribute__((__warn_unused_result__))
| #define HAVE___ATTRIBUTE__ 1
| #define HAVE_CXX11 1
| #define STDC_HEADERS 1
| #define HAVE_SYS_TYPES_H 1
| #define HAVE_SYS_STAT_H 1
| #define HAVE_STDLIB_H 1
| #define HAVE_STRING_H 1
| #define HAVE_MEMORY_H 1
| #define HAVE_STRINGS_H 1
| #define HAVE_INTTYPES_H 1
| #define HAVE_STDINT_H 1
| #define HAVE_UNISTD_H 1
| #define HAVE_DLFCN_H 1
| #define LT_OBJDIR ".libs/"
| #define USE_GMP_FOR_MP /**/
| #define HAVE_LIBGMP 1
| #define HAVE_DECL_MP_GET_MEMORY_FUNCTIONS 1
| #define HAVE_DECL_FFS 1
| #define HAVE_DECL___BUILTIN_FFS 1
| /* end confdefs.h.  */
| #include <intrin.h>
| 
| int
| main ()
| {
| #ifndef _BitScanForward
| #ifdef __cplusplus
|   (void) _BitScanForward;
| #else
|   (void) _BitScanForward;
| #endif
| #endif
| 
|   ;
|   return 0;
| }
configure:14845: result: no
configure:14862: checking whether strcasecmp is declared
configure:14862: /usr/bin/cc -c -O3 -fomit-frame-pointer -malign-double -fstrict-aliasing -ffast-math  conftest.c >&5
configure:14862: $? = 0
configure:14862: result: yes
configure:14873: checking whether strncasecmp is declared
configure:14873: /usr/bin/cc -c -O3 -fomit-frame-pointer -malign-double -fstrict-aliasing -ffast-math  conftest.c >&5
configure:14873: $? = 0
configure:14873: result: yes
configure:14885: checking whether _stricmp is declared
configure:14885: /usr/bin/cc -c -O3 -fomit-frame-pointer -malign-double -fstrict-aliasing -ffast-math  conftest.c >&5
conftest.c: In function 'main':
conftest.c:43:10: error: '_stricmp' undeclared (first use in this function); did you mean 'strncmp'?
   43 |   (void) _stricmp;
      |          ^~~~~~~~
      |          strncmp
conftest.c:43:10: note: each undeclared identifier is reported only once for each function it appears in
configure:14885: $? = 1
configure: failed program was:
| /* confdefs.h */
| #define PACKAGE_NAME "isl"
| #define PACKAGE_TARNAME "isl"
| #define PACKAGE_VERSION "0.21"
| #define PACKAGE_STRING "isl 0.21"
| #define PACKAGE_BUGREPORT "isl-development@googlegroups.com"
| #define PACKAGE_URL ""
| #define PACKAGE "isl"
| #define VERSION "0.21"
| #define GCC_WARN_UNUSED_RESULT __attribute__((__warn_unused_result__))
| #define HAVE___ATTRIBUTE__ 1
| #define HAVE_CXX11 1
| #define STDC_HEADERS 1
| #define HAVE_SYS_TYPES_H 1
| #define HAVE_SYS_STAT_H 1
| #define HAVE_STDLIB_H 1
| #define HAVE_STRING_H 1
| #define HAVE_MEMORY_H 1
| #define HAVE_STRINGS_H 1
| #define HAVE_INTTYPES_H 1
| #define HAVE_STDINT_H 1
| #define HAVE_UNISTD_H 1
| #define HAVE_DLFCN_H 1
| #define LT_OBJDIR ".libs/"
| #define USE_GMP_FOR_MP /**/
| #define HAVE_LIBGMP 1
| #define HAVE_DECL_MP_GET_MEMORY_FUNCTIONS 1
| #define HAVE_DECL_FFS 1
| #define HAVE_DECL___BUILTIN_FFS 1
| #define HAVE_DECL__BITSCANFORWARD 0
| #define HAVE_DECL_STRCASECMP 1
| #define HAVE_DECL_STRNCASECMP 1
| /* end confdefs.h.  */
| #include <string.h>
| 
| int
| main ()
| {
| #ifndef _stricmp
| #ifdef __cplusplus
|   (void) _stricmp;
| #else
|   (void) _stricmp;
| #endif
| #endif
| 
|   ;
|   return 0;
| }
configure:14885: result: no
configure:14896: checking whether _strnicmp is declared
configure:14896: /usr/bin/cc -c -O3 -fomit-frame-pointer -malign-double -fstrict-aliasing -ffast-math  conftest.c >&5
conftest.c: In function 'main':
conftest.c:44:10: error: '_strnicmp' undeclared (first use in this function); did you mean 'strncmp'?
   44 |   (void) _strnicmp;
      |          ^~~~~~~~~
      |          strncmp
conftest.c:44:10: note: each undeclared identifier is reported only once for each function it appears in
configure:14896: $? = 1
configure: failed program was:
| /* confdefs.h */
| #define PACKAGE_NAME "isl"
| #define PACKAGE_TARNAME "isl"
| #define PACKAGE_VERSION "0.21"
| #define PACKAGE_STRING "isl 0.21"
| #define PACKAGE_BUGREPORT "isl-development@googlegroups.com"
| #define PACKAGE_URL ""
| #define PACKAGE "isl"
| #define VERSION "0.21"
| #define GCC_WARN_UNUSED_RESULT __attribute__((__warn_unused_result__))
| #define HAVE___ATTRIBUTE__ 1
| #define HAVE_CXX11 1
| #define STDC_HEADERS 1
| #define HAVE_SYS_TYPES_H 1
| #define HAVE_SYS_STAT_H 1
| #define HAVE_STDLIB_H 1
| #define HAVE_STRING_H 1
| #define HAVE_MEMORY_H 1
| #define HAVE_STRINGS_H 1
| #define HAVE_INTTYPES_H 1
| #define HAVE_STDINT_H 1
| #define HAVE_UNISTD_H 1
| #define HAVE_DLFCN_H 1
| #define LT_OBJDIR ".libs/"
| #define USE_GMP_FOR_MP /**/
| #define HAVE_LIBGMP 1
| #define HAVE_DECL_MP_GET_MEMORY_FUNCTIONS 1
| #define HAVE_DECL_FFS 1
| #define HAVE_DECL___BUILTIN_FFS 1
| #define HAVE_DECL__BITSCANFORWARD 0
| #define HAVE_DECL_STRCASECMP 1
| #define HAVE_DECL_STRNCASECMP 1
| #define HAVE_DECL__STRICMP 0
| /* end confdefs.h.  */
| #include <string.h>
| 
| int
| main ()
| {
| #ifndef _strnicmp
| #ifdef __cplusplus
|   (void) _strnicmp;
| #else
|   (void) _strnicmp;
| #endif
| #endif
| 
|   ;
|   return 0;
| }
configure:14896: result: no
configure:14916: checking whether snprintf is declared
configure:14916: /usr/bin/cc -c -O3 -fomit-frame-pointer -malign-double -fstrict-aliasing -ffast-math  conftest.c >&5
configure:14916: $? = 0
configure:14916: result: yes
configure:14927: checking whether _snprintf is declared
configure:14927: /usr/bin/cc -c -O3 -fomit-frame-pointer -malign-double -fstrict-aliasing -ffast-math  conftest.c >&5
conftest.c: In function 'main':
conftest.c:46:10: error: '_snprintf' undeclared (first use in this function); did you mean 'vsnprintf'?
   46 |   (void) _snprintf;
      |          ^~~~~~~~~
      |          vsnprintf
conftest.c:46:10: note: each undeclared identifier is reported only once for each function it appears in
configure:14927: $? = 1
configure: failed program was:
| /* confdefs.h */
| #define PACKAGE_NAME "isl"
| #define PACKAGE_TARNAME "isl"
| #define PACKAGE_VERSION "0.21"
| #define PACKAGE_STRING "isl 0.21"
| #define PACKAGE_BUGREPORT "isl-development@googlegroups.com"
| #define PACKAGE_URL ""
| #define PACKAGE "isl"
| #define VERSION "0.21"
| #define GCC_WARN_UNUSED_RESULT __attribute__((__warn_unused_result__))
| #define HAVE___ATTRIBUTE__ 1
| #define HAVE_CXX11 1
| #define STDC_HEADERS 1
| #define HAVE_SYS_TYPES_H 1
| #define HAVE_SYS_STAT_H 1
| #define HAVE_STDLIB_H 1
| #define HAVE_STRING_H 1
| #define HAVE_MEMORY_H 1
| #define HAVE_STRINGS_H 1
| #define HAVE_INTTYPES_H 1
| #define HAVE_STDINT_H 1
| #define HAVE_UNISTD_H 1
| #define HAVE_DLFCN_H 1
| #define LT_OBJDIR ".libs/"
| #define USE_GMP_FOR_MP /**/
| #define HAVE_LIBGMP 1
| #define HAVE_DECL_MP_GET_MEMORY_FUNCTIONS 1
| #define HAVE_DECL_FFS 1
| #define HAVE_DECL___BUILTIN_FFS 1
| #define HAVE_DECL__BITSCANFORWARD 0
| #define HAVE_DECL_STRCASECMP 1
| #define HAVE_DECL_STRNCASECMP 1
| #define HAVE_DECL__STRICMP 0
| #define HAVE_DECL__STRNICMP 0
| #define HAVE_DECL_SNPRINTF 1
| /* end confdefs.h.  */
| #include <stdio.h>
| 
| int
| main ()
| {
| #ifndef _snprintf
| #ifdef __cplusplus
|   (void) _snprintf;
| #else
|   (void) _snprintf;
| #endif
| #endif
| 
|   ;
|   return 0;
| }
configure:14927: result: no
configure:15021: checking which clang to use
configure:15023: result: no
configure:15736: checking for C compiler vendor
configure:15767: result: gnu
configure:15788: checking our pkgconfig libname
configure:15796: result: isl
configure:15799: checking our pkgconfig version
configure:15807: result: 0.21
configure:15810: checking our pkgconfig_libdir
configure:15817: result: ${libdir}/pkgconfig
configure:15820: result: expanded our pkgconfig_libdir... /home/huangl/workspace/RfCgraTrans/build/pluto/lib/pkgconfig
configure:15824: checking our pkgconfig_libfile
configure:15830: result: isl.pc
configure:15837: checking our package / suffix
configure:15841: result: isl / 
configure:15844: checking our pkgconfig description
configure:15851: result: isl Library
configure:15854: checking our pkgconfig requires
configure:15859: result: 
configure:15862: checking our pkgconfig ext libs
configure:15869: result: -lisl -lgmp
configure:15872: checking our pkgconfig cppflags
configure:15877: result: 
configure:15880: checking our pkgconfig ldflags
configure:15885: result: 
configure:15925: result: noninstalled pkgconfig -L /home/huangl/workspace/RfCgraTrans/pluto/isl/.libs
configure:15960: result: noninstalled pkgconfig -I /home/huangl/workspace/RfCgraTrans/pluto/isl/./include
configure:16126: checking that generated files are newer than configure
configure:16132: result: done
configure:16199: creating ./config.status

## ---------------------- ##
## Running config.status. ##
## ---------------------- ##

This file was extended by isl config.status 0.21, which was
generated by GNU Autoconf 2.69.  Invocation command line was

  CONFIG_FILES    = 
  CONFIG_HEADERS  = 
  CONFIG_LINKS    = 
  CONFIG_COMMANDS = 
  $ ./config.status 

on huangl

config.status:1260: creating isl_srcdir.c
config.status:1260: creating Makefile
config.status:1260: creating doc/Makefile
config.status:1260: creating bound_test.sh
config.status:1260: creating codegen_test.sh
config.status:1260: creating pip_test.sh
config.status:1260: creating flow_test.sh
config.status:1260: creating schedule_test.sh
config.status:1260: creating isl_config.h
config.status:1441: isl_config.h is unchanged
config.status:1489: executing depfiles commands
config.status:1566: cd .       && sed -e '/# am--include-marker/d' Makefile         | make -f - am--depfiles
make: Nothing to be done for 'am--depfiles'.
config.status:1571: $? = 0
config.status:1489: executing libtool commands
config.status:1489: executing include/isl/stdint.h commands
config.status:2300: creating include/isl/stdint.h : _ISL_INCLUDE_ISL_STDINT_H
config.status:1489: executing isl.pc commands
config.status:2782: creating isl.pc.in
config.status:2805: creating isl.pc
config.status:2831: creating isl-uninstalled.pc
config.status:2861: creating isl-uninstalled.sh

## ---------------- ##
## Cache variables. ##
## ---------------- ##

ac_cv_build=x86_64-pc-linux-gnu
ac_cv_c_compiler_gnu=yes
ac_cv_cxx_compiler_gnu=yes
ac_cv_env_CCC_set=
ac_cv_env_CCC_value=
ac_cv_env_CC_set=set
ac_cv_env_CC_value=/usr/bin/cc
ac_cv_env_CFLAGS_set=
ac_cv_env_CFLAGS_value=
ac_cv_env_CPPFLAGS_set=
ac_cv_env_CPPFLAGS_value=
ac_cv_env_CPP_set=
ac_cv_env_CPP_value=
ac_cv_env_CXXCPP_set=
ac_cv_env_CXXCPP_value=
ac_cv_env_CXXFLAGS_set=
ac_cv_env_CXXFLAGS_value=
ac_cv_env_CXX_set=set
ac_cv_env_CXX_value='/usr/bin/c++ -std=c++11'
ac_cv_env_LDFLAGS_set=
ac_cv_env_LDFLAGS_value=
ac_cv_env_LIBS_set=
ac_cv_env_LIBS_value=
ac_cv_env_LT_SYS_LIBRARY_PATH_set=
ac_cv_env_LT_SYS_LIBRARY_PATH_value=
ac_cv_env_PYTHON_set=
ac_cv_env_PYTHON_value=
ac_cv_env_build_alias_set=
ac_cv_env_build_alias_value=
ac_cv_env_host_alias_set=
ac_cv_env_host_alias_value=
ac_cv_env_target_alias_set=
ac_cv_env_target_alias_value=
ac_cv_have_decl__BitScanForward=no
ac_cv_have_decl___builtin_ffs=yes
ac_cv_have_decl__snprintf=no
ac_cv_have_decl__stricmp=no
ac_cv_have_decl__strnicmp=no
ac_cv_have_decl_ffs=yes
ac_cv_have_decl_mp_get_memory_functions=yes
ac_cv_have_decl_snprintf=yes
ac_cv_have_decl_strcasecmp=yes
ac_cv_have_decl_strncasecmp=yes
ac_cv_header_dlfcn_h=yes
ac_cv_header_gmp_h=yes
ac_cv_header_inttypes_h=yes
ac_cv_header_memory_h=yes
ac_cv_header_stdc=yes
ac_cv_header_stdint=stdint.h
ac_cv_header_stdint_h=yes
ac_cv_header_stdint_t=stdint.h
ac_cv_header_stdlib_h=yes
ac_cv_header_string_h=yes
ac_cv_header_strings_h=yes
ac_cv_header_sys_stat_h=yes
ac_cv_header_sys_types_h=yes
ac_cv_header_unistd_h=yes
ac_cv_host=x86_64-pc-linux-gnu
ac_cv_lib_gmp_main=yes
ac_cv_objext=o
ac_cv_path_EGREP='/usr/bin/grep -E'
ac_cv_path_FGREP='/usr/bin/grep -F'
ac_cv_path_GREP=/usr/bin/grep
ac_cv_path_PYTHON=/usr/bin/python3
ac_cv_path_SED=/usr/bin/sed
ac_cv_path_install='/usr/bin/install -c'
ac_cv_path_lt_DD=/usr/bin/dd
ac_cv_path_mkdir=/usr/bin/mkdir
ac_cv_prog_AWK=gawk
ac_cv_prog_CPP='/usr/bin/cc -E'
ac_cv_prog_CXXCPP='/usr/bin/c++ -std=c++11 -E'
ac_cv_prog_PDFLATEX=pdflatex
ac_cv_prog_PERL=perl
ac_cv_prog_POD2HTML=pod2html
ac_cv_prog_ac_ct_AR=ar
ac_cv_prog_ac_ct_CC=/usr/bin/cc
ac_cv_prog_ac_ct_MANIFEST_TOOL=mt
ac_cv_prog_ac_ct_OBJDUMP=objdump
ac_cv_prog_ac_ct_RANLIB=ranlib
ac_cv_prog_ac_ct_STRIP=strip
ac_cv_prog_cc_c89=
ac_cv_prog_cc_g=yes
ac_cv_prog_cxx_g=yes
ac_cv_prog_make_make_set=yes
ac_cv_stdint_message='using gnu compiler cc (Ubuntu 9.4.0-1ubuntu1~20.04.1) 9.4.0'
ac_cv_stdint_result='(assuming C99 compatible system)'
am_cv_CC_dependencies_compiler_type=gcc3
am_cv_CXX_dependencies_compiler_type=gcc3
am_cv_make_support_nested_variables=yes
am_cv_pathless_PYTHON=python3
am_cv_prog_cc_c_o=yes
am_cv_python_platform=linux
am_cv_python_pyexecdir='${exec_prefix}/lib/python3.8/site-packages'
am_cv_python_pythondir='${prefix}/lib/python3.8/site-packages'
am_cv_python_version=3.8
ax_cv___attribute__=yes
ax_cv_c_compiler_vendor=gnu
ax_cv_c_flags__O3__fomit_frame_pointer__malign_double__fstrict_aliasing__ffast_math=yes
ax_cv_c_flags__ffast_math=yes
ax_cv_c_flags__fstrict_aliasing=yes
ax_cv_c_flags__malign_double=yes
ax_cv_c_flags__march_pentium2=no
ax_cv_c_flags__march_pentiumpro=no
ax_cv_c_flags__mcpu_pentium2=no
ax_cv_c_flags__mcpu_pentiumpro=no
ax_cv_c_flags__mpentium2=no
ax_cv_c_flags__mpentiumpro=no
ax_cv_cxx_compile_cxx11=yes
ax_cv_gcc_archflag=unknown
ax_cv_gcc_warn_unused_result=yes
ax_cv_gcc_x86_cpuid_0=1c:756e6547:6c65746e:49656e69
ax_cv_gcc_x86_cpuid_1=906a3:e200800:fffa3223:1f8bfbff
lt_cv_ar_at_file=@
lt_cv_archive_cmds_need_lc=no
lt_cv_deplibs_check_method=pass_all
lt_cv_file_magic_cmd='$MAGIC_CMD'
lt_cv_file_magic_test_file=
lt_cv_ld_reload_flag=-r
lt_cv_nm_interface='BSD nm'
lt_cv_objdir=.libs
lt_cv_path_LD=/usr/bin/ld
lt_cv_path_LDCXX='/usr/bin/ld -m elf_x86_64'
lt_cv_path_NM='/usr/bin/nm -B'
lt_cv_path_mainfest_tool=no
lt_cv_prog_compiler_c_o=yes
lt_cv_prog_compiler_c_o_CXX=yes
lt_cv_prog_compiler_pic='-fPIC -DPIC'
lt_cv_prog_compiler_pic_CXX='-fPIC -DPIC'
lt_cv_prog_compiler_pic_works=yes
lt_cv_prog_compiler_pic_works_CXX=yes
lt_cv_prog_compiler_rtti_exceptions=no
lt_cv_prog_compiler_static_works=yes
lt_cv_prog_compiler_static_works_CXX=yes
lt_cv_prog_gnu_ld=yes
lt_cv_prog_gnu_ldcxx=yes
lt_cv_sharedlib_from_linklib_cmd='printf %s\n'
lt_cv_shlibpath_overrides_runpath=yes
lt_cv_sys_global_symbol_pipe='sed -n -e '\''s/^.*[	 ]\([ABCDGIRSTW][ABCDGIRSTW]*\)[	 ][	 ]*\([_A-Za-z][_A-Za-z0-9]*\)$/\1 \2 \2/p'\'' | sed '\''/ __gnu_lto/d'\'''
lt_cv_sys_global_symbol_to_c_name_address='sed -n -e '\''s/^: \(.*\) .*$/  {"\1", (void *) 0},/p'\'' -e '\''s/^[ABCDGIRSTW][ABCDGIRSTW]* .* \(.*\)$/  {"\1", (void *) \&\1},/p'\'''
lt_cv_sys_global_symbol_to_c_name_address_lib_prefix='sed -n -e '\''s/^: \(.*\) .*$/  {"\1", (void *) 0},/p'\'' -e '\''s/^[ABCDGIRSTW][ABCDGIRSTW]* .* \(lib.*\)$/  {"\1", (void *) \&\1},/p'\'' -e '\''s/^[ABCDGIRSTW][ABCDGIRSTW]* .* \(.*\)$/  {"lib\1", (void *) \&\1},/p'\'''
lt_cv_sys_global_symbol_to_cdecl='sed -n -e '\''s/^T .* \(.*\)$/extern int \1();/p'\'' -e '\''s/^[ABCDGIRSTW][ABCDGIRSTW]* .* \(.*\)$/extern char \1;/p'\'''
lt_cv_sys_global_symbol_to_import=
lt_cv_sys_max_cmd_len=1572864
lt_cv_to_host_file_cmd=func_convert_file_noop
lt_cv_to_tool_file_cmd=func_convert_file_noop
lt_cv_truncate_bin='/usr/bin/dd bs=4096 count=1'

## ----------------- ##
## Output variables. ##
## ----------------- ##

ACLOCAL='${SHELL} /home/huangl/workspace/RfCgraTrans/pluto/isl/missing aclocal-1.16'
AMDEPBACKSLASH='\'
AMDEP_FALSE='#'
AMDEP_TRUE=''
AMTAR='$${TAR-tar}'
AM_BACKSLASH='\'
AM_DEFAULT_V='$(AM_DEFAULT_VERBOSITY)'
AM_DEFAULT_VERBOSITY='0'
AM_V='$(V)'
AR='ar'
AUTOCONF='${SHELL} /home/huangl/workspace/RfCgraTrans/pluto/isl/missing autoconf'
AUTOHEADER='${SHELL} /home/huangl/workspace/RfCgraTrans/pluto/isl/missing autoheader'
AUTOMAKE='${SHELL} /home/huangl/workspace/RfCgraTrans/pluto/isl/missing automake-1.16'
AWK='gawk'
CC='/usr/bin/cc'
CCDEPMODE='depmode=gcc3'
CFLAGS='-O3 -fomit-frame-pointer -malign-double -fstrict-aliasing -ffast-math'
CLANG_CXXFLAGS=''
CLANG_LDFLAGS=''
CLANG_LIBS=''
CLANG_RFLAG=''
CPP='/usr/bin/cc -E'
CPPFLAGS=''
CXX11FLAGS=''
CXX='/usr/bin/c++ -std=c++11'
CXXCPP='/usr/bin/c++ -std=c++11 -E'
CXXDEPMODE='depmode=gcc3'
CXXFLAGS='-g -O2'
CYGPATH=''
CYGPATH_W='echo'
DEFS='-DHAVE_CONFIG_H'
DEPDIR='.deps'
DLLTOOL='false'
DSYMUTIL=''
DUMPBIN=''
ECHO_C=''
ECHO_N='-n'
ECHO_T=''
EGREP='/usr/bin/grep -E'
EXEEXT=''
FGREP='/usr/bin/grep -F'
GENERATE_DOC_FALSE='#'
GENERATE_DOC_TRUE=''
GIT_HEAD='/home/huangl/workspace/RfCgraTrans/pluto/.git/modules/isl/index'
GIT_HEAD_ID='74d72d71'
GIT_HEAD_VERSION='`GIT_DIR=/home/huangl/workspace/RfCgraTrans/pluto/.git/modules/isl git describe --always`'
GMP_FOR_MP_FALSE='#'
GMP_FOR_MP_TRUE=''
GREP='/usr/bin/grep'
HAVE_CLANG_FALSE=''
HAVE_CLANG_TRUE='#'
HAVE_CPP_ISL_H_FALSE=''
HAVE_CPP_ISL_H_TRUE='#'
HAVE_CXX11='1'
HAVE_CXX11_FALSE='#'
HAVE_CXX11_TRUE=''
HAVE_PYTHON_FALSE='#'
HAVE_PYTHON_TRUE=''
IMATH_FOR_MP_FALSE=''
IMATH_FOR_MP_TRUE='#'
INSTALL_DATA='${INSTALL} -m 644'
INSTALL_PROGRAM='${INSTALL}'
INSTALL_SCRIPT='${INSTALL}'
INSTALL_STRIP_PROGRAM='$(install_sh) -c -s'
LD='/usr/bin/ld -m elf_x86_64'
LDFLAGS=''
LIBOBJS=''
LIBS=''
LIBTOOL='$(SHELL) $(top_builddir)/libtool'
LIB_CLANG_EDIT=''
LIPO=''
LN_S='ln -s'
LTLIBOBJS=''
LT_SYS_LIBRARY_PATH=''
MAKEINFO='${SHELL} /home/huangl/workspace/RfCgraTrans/pluto/isl/missing makeinfo'
MANIFEST_TOOL=':'
MKDIR_P='/usr/bin/mkdir -p'
MP_CFLAGS=''
MP_CPPFLAGS=''
MP_LDFLAGS=''
MP_LIBS='-lgmp'
NEED_GET_MEMORY_FUNCTIONS_FALSE=''
NEED_GET_MEMORY_FUNCTIONS_TRUE='#'
NM='/usr/bin/nm -B'
NMEDIT=''
OBJDUMP='objdump'
OBJEXT='o'
OS_SRCDIR='.'
OTOOL64=''
OTOOL=''
PACKAGE='isl'
PACKAGE_BUGREPORT='isl-development@googlegroups.com'
PACKAGE_NAME='isl'
PACKAGE_STRING='isl 0.21'
PACKAGE_TARNAME='isl'
PACKAGE_URL=''
PACKAGE_VERSION='0.21'
PATH_SEPARATOR=':'
PDFLATEX='pdflatex'
PERL='perl'
POD2HTML='pod2html'
PRTDIAG=''
PYTHON='/usr/bin/python3'
PYTHON_EXEC_PREFIX='${exec_prefix}'
PYTHON_PLATFORM='linux'
PYTHON_PREFIX='${prefix}'
PYTHON_VERSION='3.8'
RANLIB='ranlib'
SED='/usr/bin/sed'
SET_MAKE=''
SHELL='/bin/bash'
SMALL_INT_OPT_FALSE=''
SMALL_INT_OPT_TRUE='#'
STRIP='strip'
VERSION='0.21'
WARNING_FLAGS=''
ac_ct_AR='ar'
ac_ct_CC='/usr/bin/cc'
ac_ct_CXX=''
ac_ct_DUMPBIN=''
am__EXEEXT_FALSE=''
am__EXEEXT_TRUE='#'
am__fastdepCC_FALSE='#'
am__fastdepCC_TRUE=''
am__fastdepCXX_FALSE='#'
am__fastdepCXX_TRUE=''
am__include='include'
am__isrc=''
am__leading_dot='.'
am__nodep='_no'
am__quote=''
am__tar='$${TAR-tar} chof - "$$tardir"'
am__untar='$${TAR-tar} xf -'
bindir='${exec_prefix}/bin'
build='x86_64-pc-linux-gnu'
build_alias=''
build_cpu='x86_64'
build_os='linux-gnu'
build_vendor='pc'
datadir='${datarootdir}'
datarootdir='${prefix}/share'
docdir='${datarootdir}/doc/${PACKAGE_TARNAME}'
dvidir='${docdir}'
exec_prefix='${prefix}'
host='x86_64-pc-linux-gnu'
host_alias=''
host_cpu='x86_64'
host_os='linux-gnu'
host_vendor='pc'
htmldir='${docdir}'
includedir='${prefix}/include'
infodir='${datarootdir}/info'
install_sh='${SHELL} /home/huangl/workspace/RfCgraTrans/pluto/isl/install-sh'
libdir='${exec_prefix}/lib'
libexecdir='${exec_prefix}/libexec'
llvm_config_found=''
localedir='${datarootdir}/locale'
localstatedir='${prefix}/var'
mandir='${datarootdir}/man'
mkdir_p='$(MKDIR_P)'
oldincludedir='/usr/include'
pdfdir='${docdir}'
pkgconfig_libdir='${libdir}/pkgconfig'
pkgconfig_libfile='isl.pc'
pkgpyexecdir='${pyexecdir}/isl'
pkgpythondir='${pythondir}/isl'
prefix='/home/huangl/workspace/RfCgraTrans/build/pluto'
program_transform_name='s,x,x,'
psdir='${docdir}'
pyexecdir='${exec_prefix}/lib/python3.8/site-packages'
pythondir='${prefix}/lib/python3.8/site-packages'
runstatedir='${localstatedir}/run'
sbindir='${exec_prefix}/sbin'
sharedstatedir='${prefix}/com'
sysconfdir='${prefix}/etc'
target_alias=''
versioninfo='21:0:0'

## ----------- ##
## confdefs.h. ##
## ----------- ##

/* confdefs.h */
#define PACKAGE_NAME "isl"
#define PACKAGE_TARNAME "isl"
#define PACKAGE_VERSION "0.21"
#define PACKAGE_STRING "isl 0.21"
#define PACKAGE_BUGREPORT "isl-development@googlegroups.com"
#define PACKAGE_URL ""
#define PACKAGE "isl"
#define VERSION "0.21"
#define GCC_WARN_UNUSED_RESULT __attribute__((__warn_unused_result__))
#define HAVE___ATTRIBUTE__ 1
#define HAVE_CXX11 1
#define STDC_HEADERS 1
#define HAVE_SYS_TYPES_H 1
#define HAVE_SYS_STAT_H 1
#define HAVE_STDLIB_H 1
#define HAVE_STRING_H 1
#define HAVE_MEMORY_H 1
#define HAVE_STRINGS_H 1
#define HAVE_INTTYPES_H 1
#define HAVE_STDINT_H 1
#define HAVE_UNISTD_H 1
#define HAVE_DLFCN_H 1
#define LT_OBJDIR ".libs/"
#define USE_GMP_FOR_MP /**/
#define HAVE_LIBGMP 1
#define HAVE_DECL_MP_GET_MEMORY_FUNCTIONS 1
#define HAVE_DECL_FFS 1
#define HAVE_DECL___BUILTIN_FFS 1
#define HAVE_DECL__BITSCANFORWARD 0
#define HAVE_DECL_STRCASECMP 1
#define HAVE_DECL_STRNCASECMP 1
#define HAVE_DECL__STRICMP 0
#define HAVE_DECL__STRNICMP 0
#define HAVE_DECL_SNPRINTF 1
#define HAVE_DECL__SNPRINTF 0

configure: exit 0
