This file contains any messages produced by compilers while
running configure, to aid debugging if configure makes a mistake.

It was created by piplib configure 1.4.0, which was
generated by GNU Autoconf 2.69.  Invocation command line was

  $ ../piplib/configure --with-gmp --with-bits=64 --with-gmp-prefix= --prefix=/home/huangl/workspace/RfCgraTrans/build/pluto

## --------- ##
## Platform. ##
## --------- ##

hostname = huangl
uname -m = x86_64
uname -r = 5.10.102.1-microsoft-standard-WSL2
uname -s = Linux
uname -v = #1 SMP Wed Mar 2 00:30:59 UTC 2022

/usr/bin/uname -p = x86_64
/bin/uname -X     = unknown

/bin/arch              = x86_64
/usr/bin/arch -k       = unknown
/usr/convex/getsysinfo = unknown
/usr/bin/hostinfo      = unknown
/bin/machine           = unknown
/usr/bin/oslevel       = unknown
/bin/universe          = unknown

PATH: ~/anaconda3/bin
PATH: /root/.vscode-server/bin/05047486b6df5eb8d44b2ecd70ea3bdf775fd937/bin/remote-cli
PATH: ~/anaconda3/bin
PATH: /usr/local/sbin
PATH: /usr/local/bin
PATH: /usr/sbin
PATH: /usr/bin
PATH: /sbin
PATH: /bin
PATH: /usr/games
PATH: /usr/local/games
PATH: /snap/bin


## ----------- ##
## Core tests. ##
## ----------- ##

configure:2540: checking for a BSD-compatible install
configure:2608: result: /usr/bin/install -c
configure:2619: checking whether build environment is sane
configure:2674: result: yes
configure:2823: checking for a thread-safe mkdir -p
configure:2862: result: /usr/bin/mkdir -p
configure:2869: checking for gawk
configure:2885: found /usr/bin/gawk
configure:2896: result: gawk
configure:2907: checking whether make sets $(MAKE)
configure:2929: result: yes
configure:2958: checking whether make supports nested variables
configure:2975: result: yes
configure:3112: checking whether make supports nested variables
configure:3129: result: yes
configure:3195: checking for gcc
configure:3222: result: /usr/bin/cc
configure:3451: checking for C compiler version
configure:3460: /usr/bin/cc --version >&5
cc (Ubuntu 9.4.0-1ubuntu1~20.04.1) 9.4.0
Copyright (C) 2019 Free Software Foundation, Inc.
This is free software; see the source for copying conditions.  There is NO
warranty; not even for MERCHANTABILITY or FITNESS FOR A PARTICULAR PURPOSE.

configure:3471: $? = 0
configure:3460: /usr/bin/cc -v >&5
Using built-in specs.
COLLECT_GCC=/usr/bin/cc
COLLECT_LTO_WRAPPER=/usr/lib/gcc/x86_64-linux-gnu/9/lto-wrapper
OFFLOAD_TARGET_NAMES=nvptx-none:hsa
OFFLOAD_TARGET_DEFAULT=1
Target: x86_64-linux-gnu
Configured with: ../src/configure -v --with-pkgversion='Ubuntu 9.4.0-1ubuntu1~20.04.1' --with-bugurl=file:///usr/share/doc/gcc-9/README.Bugs --enable-languages=c,ada,c++,go,brig,d,fortran,objc,obj-c++,gm2 --prefix=/usr --with-gcc-major-version-only --program-suffix=-9 --program-prefix=x86_64-linux-gnu- --enable-shared --enable-linker-build-id --libexecdir=/usr/lib --without-included-gettext --enable-threads=posix --libdir=/usr/lib --enable-nls --enable-clocale=gnu --enable-libstdcxx-debug --enable-libstdcxx-time=yes --with-default-libstdcxx-abi=new --enable-gnu-unique-object --disable-vtable-verify --enable-plugin --enable-default-pie --with-system-zlib --with-target-system-zlib=auto --enable-objc-gc=auto --enable-multiarch --disable-werror --with-arch-32=i686 --with-abi=m64 --with-multilib-list=m32,m64,mx32 --enable-multilib --with-tune=generic --enable-offload-targets=nvptx-none=/build/gcc-9-Av3uEd/gcc-9-9.4.0/debian/tmp-nvptx/usr,hsa --without-cuda-driver --enable-checking=release --build=x86_64-linux-gnu --host=x86_64-linux-gnu --target=x86_64-linux-gnu
Thread model: posix
gcc version 9.4.0 (Ubuntu 9.4.0-1ubuntu1~20.04.1) 
configure:3471: $? = 0
configure:3460: /usr/bin/cc -V >&5
cc: error: unrecognized command line option '-V'
cc: fatal error: no input files
compilation terminated.
configure:3471: $? = 1
configure:3460: /usr/bin/cc -qversion >&5
cc: error: unrecognized command line option '-qversion'; did you mean '--version'?
cc: fatal error: no input files
compilation terminated.
configure:3471: $? = 1
configure:3491: checking whether the C compiler works
configure:3513: /usr/bin/cc    conftest.c  >&5
configure:3517: $? = 0
configure:3565: result: yes
configure:3568: checking for C compiler default output file name
configure:3570: result: a.out
configure:3576: checking for suffix of executables
configure:3583: /usr/bin/cc -o conftest    conftest.c  >&5
configure:3587: $? = 0
configure:3609: result: 
configure:3631: checking whether we are cross compiling
configure:3639: /usr/bin/cc -o conftest    conftest.c  >&5
configure:3643: $? = 0
configure:3650: ./conftest
configure:3654: $? = 0
configure:3642: result: no
configure:3647: checking for suffix of object files
configure:3669: /usr/bin/cc -c   conftest.c >&5
configure:3673: $? = 0
configure:3694: result: o
configure:3698: checking whether we are using the GNU C compiler
configure:3717: /usr/bin/cc -c   conftest.c >&5
configure:3717: $? = 0
configure:3726: result: yes
configure:3735: checking whether /usr/bin/cc accepts -g
configure:3755: /usr/bin/cc -c -g  conftest.c >&5
configure:3755: $? = 0
configure:3796: result: yes
configure:3813: checking for /usr/bin/cc option to accept ISO C89
configure:3876: /usr/bin/cc  -c -g -O2  conftest.c >&5
configure:3876: $? = 0
configure:3889: result: none needed
configure:3914: checking whether /usr/bin/cc understands -c and -o together
configure:3936: /usr/bin/cc -c conftest.c -o conftest2.o
configure:3939: $? = 0
configure:3936: /usr/bin/cc -c conftest.c -o conftest2.o
configure:3939: $? = 0
configure:3951: result: yes
configure:3971: checking whether make supports the include directive
configure:3986: make -f confmf.GNU && cat confinc.out
this is the am__doit target
configure:3989: $? = 0
configure:4008: result: yes (GNU style)
configure:4033: checking dependency style of /usr/bin/cc
configure:4144: result: gcc3
configure:4159: checking whether ln -s works
configure:4163: result: yes
configure:4170: checking whether make sets $(MAKE)
configure:4192: result: yes
configure:4203: checking for cd
configure:4233: result: no
configure:4268: checking build system type
configure:4282: result: x86_64-pc-linux-gnu
configure:4302: checking host system type
configure:4315: result: x86_64-pc-linux-gnu
configure:4356: checking how to print strings
configure:4383: result: printf
configure:4404: checking for a sed that does not truncate output
configure:4468: result: /usr/bin/sed
configure:4486: checking for grep that handles long lines and -e
configure:4544: result: /usr/bin/grep
configure:4549: checking for egrep
configure:4611: result: /usr/bin/grep -E
configure:4616: checking for fgrep
configure:4678: result: /usr/bin/grep -F
configure:4713: checking for ld used by /usr/bin/cc
configure:4780: result: /usr/bin/ld
configure:4787: checking if the linker (/usr/bin/ld) is GNU ld
configure:4802: result: yes
configure:4814: checking for BSD- or MS-compatible name lister (nm)
configure:4868: result: /usr/bin/nm -B
configure:4998: checking the name lister (/usr/bin/nm -B) interface
configure:5005: /usr/bin/cc -c -g -O2  conftest.c >&5
configure:5008: /usr/bin/nm -B "conftest.o"
configure:5011: output
0000000000000000 B some_variable
configure:5012: result: BSD nm
configure:5016: checking the maximum length of command line arguments
configure:5147: result: 1572864
configure:5195: checking how to convert x86_64-pc-linux-gnu file names to x86_64-pc-linux-gnu format
configure:5235: result: func_convert_file_noop
configure:5242: checking how to convert x86_64-pc-linux-gnu file names to toolchain format
configure:5262: result: func_convert_file_noop
configure:5269: checking for /usr/bin/ld option to reload object files
configure:5276: result: -r
configure:5350: checking for objdump
configure:5366: found /usr/bin/objdump
configure:5377: result: objdump
configure:5409: checking how to recognize dependent libraries
configure:5609: result: pass_all
configure:5694: checking for dlltool
configure:5724: result: no
configure:5754: checking how to associate runtime and link libraries
configure:5781: result: printf %s\n
configure:5842: checking for ar
configure:5858: found /usr/bin/ar
configure:5869: result: ar
configure:5906: checking for archiver @FILE support
configure:5923: /usr/bin/cc -c -g -O2  conftest.c >&5
configure:5923: $? = 0
configure:5926: ar cr libconftest.a @conftest.lst >&5
configure:5929: $? = 0
configure:5934: ar cr libconftest.a @conftest.lst >&5
ar: conftest.o: No such file or directory
configure:5937: $? = 1
configure:5936: result: @
configure:5994: checking for strip
configure:6010: found /usr/bin/strip
configure:6021: result: strip
configure:6093: checking for ranlib
configure:6109: found /usr/bin/ranlib
configure:6120: result: ranlib
configure:6222: checking command to parse /usr/bin/nm -B output from /usr/bin/cc object
configure:6375: /usr/bin/cc -c -g -O2  conftest.c >&5
configure:6378: $? = 0
configure:6382: /usr/bin/nm -B conftest.o | sed -n -e 's/^.*[	 ]\([ABCDGIRSTW][ABCDGIRSTW]*\)[	 ][	 ]*\([_A-Za-z][_A-Za-z0-9]*\)$/\1 \2 \2/p' | sed '/ __gnu_lto/d' > conftest.nm
configure:6448: /usr/bin/cc -o conftest -g -O2   conftest.c conftstm.o >&5
configure:6451: $? = 0
configure:6489: result: ok
configure:6536: checking for sysroot
configure:6566: result: no
configure:6573: checking for a working dd
configure:6611: result: /usr/bin/dd
configure:6615: checking how to truncate binary pipes
configure:6630: result: /usr/bin/dd bs=4096 count=1
configure:6766: /usr/bin/cc -c -g -O2  conftest.c >&5
configure:6769: $? = 0
configure:6959: checking for mt
configure:6975: found /usr/bin/mt
configure:6986: result: mt
configure:7009: checking if mt is a manifest tool
configure:7015: mt '-?'
configure:7023: result: no
configure:7700: checking how to run the C preprocessor
configure:7731: /usr/bin/cc -E  conftest.c
configure:7731: $? = 0
configure:7745: /usr/bin/cc -E  conftest.c
conftest.c:11:10: fatal error: ac_nonexistent.h: No such file or directory
   11 | #include <ac_nonexistent.h>
      |          ^~~~~~~~~~~~~~~~~~
compilation terminated.
configure:7745: $? = 1
configure: failed program was:
| /* confdefs.h */
| #define PACKAGE_NAME "piplib"
| #define PACKAGE_TARNAME "piplib"
| #define PACKAGE_VERSION "1.4.0"
| #define PACKAGE_STRING "piplib 1.4.0"
| #define PACKAGE_BUGREPORT "piplib-development@googlegroups.com"
| #define PACKAGE_URL ""
| #define PACKAGE "piplib"
| #define VERSION "1.4.0"
| /* end confdefs.h.  */
| #include <ac_nonexistent.h>
configure:7770: result: /usr/bin/cc -E
configure:7790: /usr/bin/cc -E  conftest.c
configure:7790: $? = 0
configure:7804: /usr/bin/cc -E  conftest.c
conftest.c:11:10: fatal error: ac_nonexistent.h: No such file or directory
   11 | #include <ac_nonexistent.h>
      |          ^~~~~~~~~~~~~~~~~~
compilation terminated.
configure:7804: $? = 1
configure: failed program was:
| /* confdefs.h */
| #define PACKAGE_NAME "piplib"
| #define PACKAGE_TARNAME "piplib"
| #define PACKAGE_VERSION "1.4.0"
| #define PACKAGE_STRING "piplib 1.4.0"
| #define PACKAGE_BUGREPORT "piplib-development@googlegroups.com"
| #define PACKAGE_URL ""
| #define PACKAGE "piplib"
| #define VERSION "1.4.0"
| /* end confdefs.h.  */
| #include <ac_nonexistent.h>
configure:7833: checking for ANSI C header files
configure:7853: /usr/bin/cc -c -g -O2  conftest.c >&5
configure:7853: $? = 0
configure:7926: /usr/bin/cc -o conftest -g -O2   conftest.c  >&5
configure:7926: $? = 0
configure:7926: ./conftest
configure:7926: $? = 0
configure:7937: result: yes
configure:7950: checking for sys/types.h
configure:7950: /usr/bin/cc -c -g -O2  conftest.c >&5
configure:7950: $? = 0
configure:7950: result: yes
configure:7950: checking for sys/stat.h
configure:7950: /usr/bin/cc -c -g -O2  conftest.c >&5
configure:7950: $? = 0
configure:7950: result: yes
configure:7950: checking for stdlib.h
configure:7950: /usr/bin/cc -c -g -O2  conftest.c >&5
configure:7950: $? = 0
configure:7950: result: yes
configure:7950: checking for string.h
configure:7950: /usr/bin/cc -c -g -O2  conftest.c >&5
configure:7950: $? = 0
configure:7950: result: yes
configure:7950: checking for memory.h
configure:7950: /usr/bin/cc -c -g -O2  conftest.c >&5
configure:7950: $? = 0
configure:7950: result: yes
configure:7950: checking for strings.h
configure:7950: /usr/bin/cc -c -g -O2  conftest.c >&5
configure:7950: $? = 0
configure:7950: result: yes
configure:7950: checking for inttypes.h
configure:7950: /usr/bin/cc -c -g -O2  conftest.c >&5
configure:7950: $? = 0
configure:7950: result: yes
configure:7950: checking for stdint.h
configure:7950: /usr/bin/cc -c -g -O2  conftest.c >&5
configure:7950: $? = 0
configure:7950: result: yes
configure:7950: checking for unistd.h
configure:7950: /usr/bin/cc -c -g -O2  conftest.c >&5
configure:7950: $? = 0
configure:7950: result: yes
configure:7964: checking for dlfcn.h
configure:7964: /usr/bin/cc -c -g -O2  conftest.c >&5
configure:7964: $? = 0
configure:7964: result: yes
configure:8220: checking for objdir
configure:8235: result: .libs
configure:8499: checking if /usr/bin/cc supports -fno-rtti -fno-exceptions
configure:8517: /usr/bin/cc -c -g -O2  -fno-rtti -fno-exceptions conftest.c >&5
cc1: warning: command line option '-fno-rtti' is valid for C++/D/ObjC++ but not for C
configure:8521: $? = 0
configure:8534: result: no
configure:8898: checking for /usr/bin/cc option to produce PIC
configure:8905: result: -fPIC -DPIC
configure:8913: checking if /usr/bin/cc PIC flag -fPIC -DPIC works
configure:8931: /usr/bin/cc -c -g -O2  -fPIC -DPIC -DPIC conftest.c >&5
configure:8935: $? = 0
configure:8948: result: yes
configure:8977: checking if /usr/bin/cc static flag -static works
configure:9005: result: yes
configure:9020: checking if /usr/bin/cc supports -c -o file.o
configure:9041: /usr/bin/cc -c -g -O2  -o out/conftest2.o conftest.c >&5
configure:9045: $? = 0
configure:9067: result: yes
configure:9075: checking if /usr/bin/cc supports -c -o file.o
configure:9122: result: yes
configure:9155: checking whether the /usr/bin/cc linker (/usr/bin/ld -m elf_x86_64) supports shared libraries
configure:10418: result: yes
configure:10455: checking whether -lc should be explicitly linked in
configure:10463: /usr/bin/cc -c -g -O2  conftest.c >&5
configure:10466: $? = 0
configure:10481: /usr/bin/cc -shared  -fPIC -DPIC conftest.o  -v -Wl,-soname -Wl,conftest -o conftest 2\>\&1 \| /usr/bin/grep  -lc  \>/dev/null 2\>\&1
configure:10484: $? = 0
configure:10498: result: no
configure:10658: checking dynamic linker characteristics
configure:11239: /usr/bin/cc -o conftest -g -O2   -Wl,-rpath -Wl,/foo conftest.c  >&5
configure:11239: $? = 0
configure:11488: result: GNU/Linux ld.so
configure:11610: checking how to hardcode library paths into programs
configure:11635: result: immediate
configure:12183: checking whether stripping libraries is possible
configure:12188: result: yes
configure:12223: checking if libtool supports shared libraries
configure:12225: result: yes
configure:12228: checking whether to build shared libraries
configure:12253: result: yes
configure:12256: checking whether to build static libraries
configure:12260: result: yes
configure:9076: checking for doxygen
configure:9106: result: no
configure:9113: checking for texi2pdf
configure:9129: found /usr/bin/texi2pdf
configure:9140: result: texi2pdf
configure:9157: checking for C compiler vendor
configure:9204: /usr/bin/cc -c -g -O2  conftest.c >&5
conftest.c: In function 'main':
conftest.c:29:9: error: 'thisisanerror' undeclared (first use in this function)
   29 |         thisisanerror;
      |         ^~~~~~~~~~~~~
conftest.c:29:9: note: each undeclared identifier is reported only once for each function it appears in
configure:9204: $? = 1
configure: failed program was:
| /* confdefs.h */
| #define PACKAGE_NAME "piplib"
| #define PACKAGE_TARNAME "piplib"
| #define PACKAGE_VERSION "1.4.0"
| #define PACKAGE_STRING "piplib 1.4.0"
| #define PACKAGE_BUGREPORT "piplib-development@googlegroups.com"
| #define PACKAGE_URL ""
| #define PACKAGE "piplib"
| #define VERSION "1.4.0"
| #define STDC_HEADERS 1
| #define HAVE_SYS_TYPES_H 1
| #define HAVE_SYS_STAT_H 1
| #define HAVE_STDLIB_H 1
| #define HAVE_STRING_H 1
| #define HAVE_MEMORY_H 1
| #define HAVE_STRINGS_H 1
| #define HAVE_INTTYPES_H 1
| #define HAVE_STDINT_H 1
| #define HAVE_UNISTD_H 1
| #define HAVE_DLFCN_H 1
| #define LT_OBJDIR ".libs/"
| /* end confdefs.h.  */
| 
| int
| main ()
| {
| 
|       #if !(defined(__ICC) || defined(__ECC) || defined(__INTEL_COMPILER))
|         thisisanerror;
|       #endif
| 
|   ;
|   return 0;
| }
configure:9204: /usr/bin/cc -c -g -O2  conftest.c >&5
conftest.c: In function 'main':
conftest.c:29:9: error: 'thisisanerror' undeclared (first use in this function)
   29 |         thisisanerror;
      |         ^~~~~~~~~~~~~
conftest.c:29:9: note: each undeclared identifier is reported only once for each function it appears in
configure:9204: $? = 1
configure: failed program was:
| /* confdefs.h */
| #define PACKAGE_NAME "piplib"
| #define PACKAGE_TARNAME "piplib"
| #define PACKAGE_VERSION "1.4.0"
| #define PACKAGE_STRING "piplib 1.4.0"
| #define PACKAGE_BUGREPORT "piplib-development@googlegroups.com"
| #define PACKAGE_URL ""
| #define PACKAGE "piplib"
| #define VERSION "1.4.0"
| #define STDC_HEADERS 1
| #define HAVE_SYS_TYPES_H 1
| #define HAVE_SYS_STAT_H 1
| #define HAVE_STDLIB_H 1
| #define HAVE_STRING_H 1
| #define HAVE_MEMORY_H 1
| #define HAVE_STRINGS_H 1
| #define HAVE_INTTYPES_H 1
| #define HAVE_STDINT_H 1
| #define HAVE_UNISTD_H 1
| #define HAVE_DLFCN_H 1
| #define LT_OBJDIR ".libs/"
| /* end confdefs.h.  */
| 
| int
| main ()
| {
| 
|       #if !(defined(__xlc__) || defined(__xlC__) || defined(__IBMC__) || defined(__IBMCPP__))
|         thisisanerror;
|       #endif
| 
|   ;
|   return 0;
| }
configure:9204: /usr/bin/cc -c -g -O2  conftest.c >&5
conftest.c: In function 'main':
conftest.c:29:9: error: 'thisisanerror' undeclared (first use in this function)
   29 |         thisisanerror;
      |         ^~~~~~~~~~~~~
conftest.c:29:9: note: each undeclared identifier is reported only once for each function it appears in
configure:9204: $? = 1
configure: failed program was:
| /* confdefs.h */
| #define PACKAGE_NAME "piplib"
| #define PACKAGE_TARNAME "piplib"
| #define PACKAGE_VERSION "1.4.0"
| #define PACKAGE_STRING "piplib 1.4.0"
| #define PACKAGE_BUGREPORT "piplib-development@googlegroups.com"
| #define PACKAGE_URL ""
| #define PACKAGE "piplib"
| #define VERSION "1.4.0"
| #define STDC_HEADERS 1
| #define HAVE_SYS_TYPES_H 1
| #define HAVE_SYS_STAT_H 1
| #define HAVE_STDLIB_H 1
| #define HAVE_STRING_H 1
| #define HAVE_MEMORY_H 1
| #define HAVE_STRINGS_H 1
| #define HAVE_INTTYPES_H 1
| #define HAVE_STDINT_H 1
| #define HAVE_UNISTD_H 1
| #define HAVE_DLFCN_H 1
| #define LT_OBJDIR ".libs/"
| /* end confdefs.h.  */
| 
| int
| main ()
| {
| 
|       #if !(defined(__PATHCC__) || defined(__PATHSCALE__))
|         thisisanerror;
|       #endif
| 
|   ;
|   return 0;
| }
configure:9204: /usr/bin/cc -c -g -O2  conftest.c >&5
conftest.c: In function 'main':
conftest.c:29:9: error: 'thisisanerror' undeclared (first use in this function)
   29 |         thisisanerror;
      |         ^~~~~~~~~~~~~
conftest.c:29:9: note: each undeclared identifier is reported only once for each function it appears in
configure:9204: $? = 1
configure: failed program was:
| /* confdefs.h */
| #define PACKAGE_NAME "piplib"
| #define PACKAGE_TARNAME "piplib"
| #define PACKAGE_VERSION "1.4.0"
| #define PACKAGE_STRING "piplib 1.4.0"
| #define PACKAGE_BUGREPORT "piplib-development@googlegroups.com"
| #define PACKAGE_URL ""
| #define PACKAGE "piplib"
| #define VERSION "1.4.0"
| #define STDC_HEADERS 1
| #define HAVE_SYS_TYPES_H 1
| #define HAVE_SYS_STAT_H 1
| #define HAVE_STDLIB_H 1
| #define HAVE_STRING_H 1
| #define HAVE_MEMORY_H 1
| #define HAVE_STRINGS_H 1
| #define HAVE_INTTYPES_H 1
| #define HAVE_STDINT_H 1
| #define HAVE_UNISTD_H 1
| #define HAVE_DLFCN_H 1
| #define LT_OBJDIR ".libs/"
| /* end confdefs.h.  */
| 
| int
| main ()
| {
| 
|       #if !(defined(__clang__))
|         thisisanerror;
|       #endif
| 
|   ;
|   return 0;
| }
configure:9204: /usr/bin/cc -c -g -O2  conftest.c >&5
conftest.c: In function 'main':
conftest.c:29:9: error: 'thisisanerror' undeclared (first use in this function)
   29 |         thisisanerror;
      |         ^~~~~~~~~~~~~
conftest.c:29:9: note: each undeclared identifier is reported only once for each function it appears in
configure:9204: $? = 1
configure: failed program was:
| /* confdefs.h */
| #define PACKAGE_NAME "piplib"
| #define PACKAGE_TARNAME "piplib"
| #define PACKAGE_VERSION "1.4.0"
| #define PACKAGE_STRING "piplib 1.4.0"
| #define PACKAGE_BUGREPORT "piplib-development@googlegroups.com"
| #define PACKAGE_URL ""
| #define PACKAGE "piplib"
| #define VERSION "1.4.0"
| #define STDC_HEADERS 1
| #define HAVE_SYS_TYPES_H 1
| #define HAVE_SYS_STAT_H 1
| #define HAVE_STDLIB_H 1
| #define HAVE_STRING_H 1
| #define HAVE_MEMORY_H 1
| #define HAVE_STRINGS_H 1
| #define HAVE_INTTYPES_H 1
| #define HAVE_STDINT_H 1
| #define HAVE_UNISTD_H 1
| #define HAVE_DLFCN_H 1
| #define LT_OBJDIR ".libs/"
| /* end confdefs.h.  */
| 
| int
| main ()
| {
| 
|       #if !(defined(_CRAYC))
|         thisisanerror;
|       #endif
| 
|   ;
|   return 0;
| }
configure:9204: /usr/bin/cc -c -g -O2  conftest.c >&5
conftest.c: In function 'main':
conftest.c:29:9: error: 'thisisanerror' undeclared (first use in this function)
   29 |         thisisanerror;
      |         ^~~~~~~~~~~~~
conftest.c:29:9: note: each undeclared identifier is reported only once for each function it appears in
configure:9204: $? = 1
configure: failed program was:
| /* confdefs.h */
| #define PACKAGE_NAME "piplib"
| #define PACKAGE_TARNAME "piplib"
| #define PACKAGE_VERSION "1.4.0"
| #define PACKAGE_STRING "piplib 1.4.0"
| #define PACKAGE_BUGREPORT "piplib-development@googlegroups.com"
| #define PACKAGE_URL ""
| #define PACKAGE "piplib"
| #define VERSION "1.4.0"
| #define STDC_HEADERS 1
| #define HAVE_SYS_TYPES_H 1
| #define HAVE_SYS_STAT_H 1
| #define HAVE_STDLIB_H 1
| #define HAVE_STRING_H 1
| #define HAVE_MEMORY_H 1
| #define HAVE_STRINGS_H 1
| #define HAVE_INTTYPES_H 1
| #define HAVE_STDINT_H 1
| #define HAVE_UNISTD_H 1
| #define HAVE_DLFCN_H 1
| #define LT_OBJDIR ".libs/"
| /* end confdefs.h.  */
| 
| int
| main ()
| {
| 
|       #if !(defined(__FUJITSU))
|         thisisanerror;
|       #endif
| 
|   ;
|   return 0;
| }
configure:9204: /usr/bin/cc -c -g -O2  conftest.c >&5
configure:9204: $? = 0
configure:9212: result: gnu
configure:9471: checking whether C compiler accepts -malign-double
configure:9490: /usr/bin/cc -c -malign-double  conftest.c >&5
configure:9490: $? = 0
configure:9500: result: yes
configure:9510: checking whether C compiler accepts -fstrict-aliasing
configure:9529: /usr/bin/cc -c -fstrict-aliasing  conftest.c >&5
configure:9529: $? = 0
configure:9539: result: yes
configure:9549: checking whether C compiler accepts -ffast-math
configure:9568: /usr/bin/cc -c -ffast-math  conftest.c >&5
configure:9568: $? = 0
configure:9578: result: yes
configure:9599: checking for gcc architecture flag
configure:9601: result: 
configure:9623: checking for x86 cpuid 0 output
configure:9652: /usr/bin/cc -o conftest -O3 -fomit-frame-pointer -malign-double -fstrict-aliasing -ffast-math   conftest.c  >&5
configure:9652: $? = 0
configure:9652: ./conftest
configure:9652: $? = 0
configure:9662: result: 1c:756e6547:6c65746e:49656e69
configure:9678: checking for x86 cpuid 1 output
configure:9707: /usr/bin/cc -o conftest -O3 -fomit-frame-pointer -malign-double -fstrict-aliasing -ffast-math   conftest.c  >&5
configure:9707: $? = 0
configure:9707: ./conftest
configure:9707: $? = 0
configure:9717: result: 906a3:e200800:fffa3223:1f8bfbff
configure:9931: checking whether C compiler accepts -march=pentium2
configure:9946: /usr/bin/cc -c -march=pentium2  conftest.c >&5
cc1: error: CPU you selected does not support x86-64 instruction set
cc1: error: '-fcf-protection=full' is not supported for this target
configure:9946: $? = 1
configure: failed program was:
| /* confdefs.h */
| #define PACKAGE_NAME "piplib"
| #define PACKAGE_TARNAME "piplib"
| #define PACKAGE_VERSION "1.4.0"
| #define PACKAGE_STRING "piplib 1.4.0"
| #define PACKAGE_BUGREPORT "piplib-development@googlegroups.com"
| #define PACKAGE_URL ""
| #define PACKAGE "piplib"
| #define VERSION "1.4.0"
| #define STDC_HEADERS 1
| #define HAVE_SYS_TYPES_H 1
| #define HAVE_SYS_STAT_H 1
| #define HAVE_STDLIB_H 1
| #define HAVE_STRING_H 1
| #define HAVE_MEMORY_H 1
| #define HAVE_STRINGS_H 1
| #define HAVE_INTTYPES_H 1
| #define HAVE_STDINT_H 1
| #define HAVE_UNISTD_H 1
| #define HAVE_DLFCN_H 1
| #define LT_OBJDIR ".libs/"
| /* end confdefs.h.  */
| 
| int
| main ()
| {
| 
|   ;
|   return 0;
| }
configure:9954: result: no
configure:9931: checking whether C compiler accepts -mcpu=pentium2
configure:9946: /usr/bin/cc -c -mcpu=pentium2  conftest.c >&5
cc: warning: '-mcpu=' is deprecated; use '-mtune=' or '-march=' instead
cc1: error: CPU you selected does not support x86-64 instruction set
configure:9946: $? = 1
configure: failed program was:
| /* confdefs.h */
| #define PACKAGE_NAME "piplib"
| #define PACKAGE_TARNAME "piplib"
| #define PACKAGE_VERSION "1.4.0"
| #define PACKAGE_STRING "piplib 1.4.0"
| #define PACKAGE_BUGREPORT "piplib-development@googlegroups.com"
| #define PACKAGE_URL ""
| #define PACKAGE "piplib"
| #define VERSION "1.4.0"
| #define STDC_HEADERS 1
| #define HAVE_SYS_TYPES_H 1
| #define HAVE_SYS_STAT_H 1
| #define HAVE_STDLIB_H 1
| #define HAVE_STRING_H 1
| #define HAVE_MEMORY_H 1
| #define HAVE_STRINGS_H 1
| #define HAVE_INTTYPES_H 1
| #define HAVE_STDINT_H 1
| #define HAVE_UNISTD_H 1
| #define HAVE_DLFCN_H 1
| #define LT_OBJDIR ".libs/"
| /* end confdefs.h.  */
| 
| int
| main ()
| {
| 
|   ;
|   return 0;
| }
configure:9954: result: no
configure:9931: checking whether C compiler accepts -mpentium2
configure:9946: /usr/bin/cc -c -mpentium2  conftest.c >&5
cc: error: unrecognized command line option '-mpentium2'; did you mean '-march=pentium2'?
configure:9946: $? = 1
configure: failed program was:
| /* confdefs.h */
| #define PACKAGE_NAME "piplib"
| #define PACKAGE_TARNAME "piplib"
| #define PACKAGE_VERSION "1.4.0"
| #define PACKAGE_STRING "piplib 1.4.0"
| #define PACKAGE_BUGREPORT "piplib-development@googlegroups.com"
| #define PACKAGE_URL ""
| #define PACKAGE "piplib"
| #define VERSION "1.4.0"
| #define STDC_HEADERS 1
| #define HAVE_SYS_TYPES_H 1
| #define HAVE_SYS_STAT_H 1
| #define HAVE_STDLIB_H 1
| #define HAVE_STRING_H 1
| #define HAVE_MEMORY_H 1
| #define HAVE_STRINGS_H 1
| #define HAVE_INTTYPES_H 1
| #define HAVE_STDINT_H 1
| #define HAVE_UNISTD_H 1
| #define HAVE_DLFCN_H 1
| #define LT_OBJDIR ".libs/"
| /* end confdefs.h.  */
| 
| int
| main ()
| {
| 
|   ;
|   return 0;
| }
configure:9954: result: no
configure:9931: checking whether C compiler accepts -march=pentiumpro
configure:9946: /usr/bin/cc -c -march=pentiumpro  conftest.c >&5
cc1: error: CPU you selected does not support x86-64 instruction set
cc1: error: '-fcf-protection=full' is not supported for this target
configure:9946: $? = 1
configure: failed program was:
| /* confdefs.h */
| #define PACKAGE_NAME "piplib"
| #define PACKAGE_TARNAME "piplib"
| #define PACKAGE_VERSION "1.4.0"
| #define PACKAGE_STRING "piplib 1.4.0"
| #define PACKAGE_BUGREPORT "piplib-development@googlegroups.com"
| #define PACKAGE_URL ""
| #define PACKAGE "piplib"
| #define VERSION "1.4.0"
| #define STDC_HEADERS 1
| #define HAVE_SYS_TYPES_H 1
| #define HAVE_SYS_STAT_H 1
| #define HAVE_STDLIB_H 1
| #define HAVE_STRING_H 1
| #define HAVE_MEMORY_H 1
| #define HAVE_STRINGS_H 1
| #define HAVE_INTTYPES_H 1
| #define HAVE_STDINT_H 1
| #define HAVE_UNISTD_H 1
| #define HAVE_DLFCN_H 1
| #define LT_OBJDIR ".libs/"
| /* end confdefs.h.  */
| 
| int
| main ()
| {
| 
|   ;
|   return 0;
| }
configure:9954: result: no
configure:9931: checking whether C compiler accepts -mcpu=pentiumpro
configure:9946: /usr/bin/cc -c -mcpu=pentiumpro  conftest.c >&5
cc: warning: '-mcpu=' is deprecated; use '-mtune=' or '-march=' instead
cc1: error: CPU you selected does not support x86-64 instruction set
configure:9946: $? = 1
configure: failed program was:
| /* confdefs.h */
| #define PACKAGE_NAME "piplib"
| #define PACKAGE_TARNAME "piplib"
| #define PACKAGE_VERSION "1.4.0"
| #define PACKAGE_STRING "piplib 1.4.0"
| #define PACKAGE_BUGREPORT "piplib-development@googlegroups.com"
| #define PACKAGE_URL ""
| #define PACKAGE "piplib"
| #define VERSION "1.4.0"
| #define STDC_HEADERS 1
| #define HAVE_SYS_TYPES_H 1
| #define HAVE_SYS_STAT_H 1
| #define HAVE_STDLIB_H 1
| #define HAVE_STRING_H 1
| #define HAVE_MEMORY_H 1
| #define HAVE_STRINGS_H 1
| #define HAVE_INTTYPES_H 1
| #define HAVE_STDINT_H 1
| #define HAVE_UNISTD_H 1
| #define HAVE_DLFCN_H 1
| #define LT_OBJDIR ".libs/"
| /* end confdefs.h.  */
| 
| int
| main ()
| {
| 
|   ;
|   return 0;
| }
configure:9954: result: no
configure:9931: checking whether C compiler accepts -mpentiumpro
configure:9946: /usr/bin/cc -c -mpentiumpro  conftest.c >&5
cc: error: unrecognized command line option '-mpentiumpro'; did you mean '-march=pentiumpro'?
configure:9946: $? = 1
configure: failed program was:
| /* confdefs.h */
| #define PACKAGE_NAME "piplib"
| #define PACKAGE_TARNAME "piplib"
| #define PACKAGE_VERSION "1.4.0"
| #define PACKAGE_STRING "piplib 1.4.0"
| #define PACKAGE_BUGREPORT "piplib-development@googlegroups.com"
| #define PACKAGE_URL ""
| #define PACKAGE "piplib"
| #define VERSION "1.4.0"
| #define STDC_HEADERS 1
| #define HAVE_SYS_TYPES_H 1
| #define HAVE_SYS_STAT_H 1
| #define HAVE_STDLIB_H 1
| #define HAVE_STRING_H 1
| #define HAVE_MEMORY_H 1
| #define HAVE_STRINGS_H 1
| #define HAVE_INTTYPES_H 1
| #define HAVE_STDINT_H 1
| #define HAVE_UNISTD_H 1
| #define HAVE_DLFCN_H 1
| #define LT_OBJDIR ".libs/"
| /* end confdefs.h.  */
| 
| int
| main ()
| {
| 
|   ;
|   return 0;
| }
configure:9954: result: no
configure:9971: checking for gcc architecture flag
configure:9973: result: unknown
configure:9995: checking whether C compiler accepts -O3 -fomit-frame-pointer -malign-double -fstrict-aliasing -ffast-math
configure:10010: /usr/bin/cc -c -O3 -fomit-frame-pointer -malign-double -fstrict-aliasing -ffast-math  conftest.c >&5
configure:10010: $? = 0
configure:10018: result: yes
configure:10039: checking for an ANSI C-conforming const
configure:10105: /usr/bin/cc -c -O3 -fomit-frame-pointer -malign-double -fstrict-aliasing -ffast-math  conftest.c >&5
configure:10105: $? = 0
configure:10112: result: yes
configure:10120: checking for size_t
configure:10120: /usr/bin/cc -c -O3 -fomit-frame-pointer -malign-double -fstrict-aliasing -ffast-math  conftest.c >&5
configure:10120: $? = 0
configure:10120: /usr/bin/cc -c -O3 -fomit-frame-pointer -malign-double -fstrict-aliasing -ffast-math  conftest.c >&5
conftest.c: In function 'main':
conftest.c:59:21: error: expected expression before ')' token
   59 | if (sizeof ((size_t)))
      |                     ^
configure:10120: $? = 1
configure: failed program was:
| /* confdefs.h */
| #define PACKAGE_NAME "piplib"
| #define PACKAGE_TARNAME "piplib"
| #define PACKAGE_VERSION "1.4.0"
| #define PACKAGE_STRING "piplib 1.4.0"
| #define PACKAGE_BUGREPORT "piplib-development@googlegroups.com"
| #define PACKAGE_URL ""
| #define PACKAGE "piplib"
| #define VERSION "1.4.0"
| #define STDC_HEADERS 1
| #define HAVE_SYS_TYPES_H 1
| #define HAVE_SYS_STAT_H 1
| #define HAVE_STDLIB_H 1
| #define HAVE_STRING_H 1
| #define HAVE_MEMORY_H 1
| #define HAVE_STRINGS_H 1
| #define HAVE_INTTYPES_H 1
| #define HAVE_STDINT_H 1
| #define HAVE_UNISTD_H 1
| #define HAVE_DLFCN_H 1
| #define LT_OBJDIR ".libs/"
| /* end confdefs.h.  */
| #include <stdio.h>
| #ifdef HAVE_SYS_TYPES_H
| # include <sys/types.h>
| #endif
| #ifdef HAVE_SYS_STAT_H
| # include <sys/stat.h>
| #endif
| #ifdef STDC_HEADERS
| # include <stdlib.h>
| # include <stddef.h>
| #else
| # ifdef HAVE_STDLIB_H
| #  include <stdlib.h>
| # endif
| #endif
| #ifdef HAVE_STRING_H
| # if !defined STDC_HEADERS && defined HAVE_MEMORY_H
| #  include <memory.h>
| # endif
| # include <string.h>
| #endif
| #ifdef HAVE_STRINGS_H
| # include <strings.h>
| #endif
| #ifdef HAVE_INTTYPES_H
| # include <inttypes.h>
| #endif
| #ifdef HAVE_STDINT_H
| # include <stdint.h>
| #endif
| #ifdef HAVE_UNISTD_H
| # include <unistd.h>
| #endif
| int
| main ()
| {
| if (sizeof ((size_t)))
| 	    return 0;
|   ;
|   return 0;
| }
configure:10120: result: yes
configure:10132: checking for ANSI C header files
configure:10236: result: yes
configure:10247: checking errno.h usability
configure:10247: /usr/bin/cc -c -O3 -fomit-frame-pointer -malign-double -fstrict-aliasing -ffast-math  conftest.c >&5
configure:10247: $? = 0
configure:10247: result: yes
configure:10247: checking errno.h presence
configure:10247: /usr/bin/cc -E  conftest.c
configure:10247: $? = 0
configure:10247: result: yes
configure:10247: checking for errno.h
configure:10247: result: yes
configure:10247: checking stddef.h usability
configure:10247: /usr/bin/cc -c -O3 -fomit-frame-pointer -malign-double -fstrict-aliasing -ffast-math  conftest.c >&5
configure:10247: $? = 0
configure:10247: result: yes
configure:10247: checking stddef.h presence
configure:10247: /usr/bin/cc -E  conftest.c
configure:10247: $? = 0
configure:10247: result: yes
configure:10247: checking for stddef.h
configure:10247: result: yes
configure:10247: checking for stdlib.h
configure:10247: result: yes
configure:10247: checking for string.h
configure:10247: result: yes
configure:10247: checking for strings.h
configure:10247: result: yes
configure:10247: checking for unistd.h
configure:10247: result: yes
configure:10262: checking size of int
configure:10267: /usr/bin/cc -o conftest -O3 -fomit-frame-pointer -malign-double -fstrict-aliasing -ffast-math   conftest.c  >&5
configure:10267: $? = 0
configure:10267: ./conftest
configure:10267: $? = 0
configure:10281: result: 4
configure:10295: checking size of long long int
configure:10300: /usr/bin/cc -o conftest -O3 -fomit-frame-pointer -malign-double -fstrict-aliasing -ffast-math   conftest.c  >&5
configure:10300: $? = 0
configure:10300: ./conftest
configure:10300: $? = 0
configure:10314: result: 8
configure:10675: checking that generated files are newer than configure
configure:10681: result: done
configure:10708: creating ./config.status

## ---------------------- ##
## Running config.status. ##
## ---------------------- ##

This file was extended by piplib config.status 1.4.0, which was
generated by GNU Autoconf 2.69.  Invocation command line was

  CONFIG_FILES    = 
  CONFIG_HEADERS  = 
  CONFIG_LINKS    = 
  CONFIG_COMMANDS = 
  $ ./config.status 

on huangl

config.status:1026: creating Makefile
config.status:1026: creating example/Makefile
config.status:1026: creating test/Makefile
config.status:1026: creating doc/Makefile
config.status:1026: creating genversion.sh
config.status:1198: executing depfiles commands
config.status:1275: cd .       && sed -e '/# am--include-marker/d' Makefile         | make -f - am--depfiles
make: Nothing to be done for 'am--depfiles'.
config.status:1280: $? = 0
config.status:1275: cd example       && sed -e '/# am--include-marker/d' Makefile         | make -f - am--depfiles
make: Nothing to be done for 'am--depfiles'.
config.status:1280: $? = 0
config.status:1198: executing libtool commands
config.status:1198: executing version.h commands
config.status:1198: executing doc/gitversion.texi commands

## ---------------- ##
## Cache variables. ##
## ---------------- ##

ac_cv_build=x86_64-pc-linux-gnu
ac_cv_c_compiler_gnu=yes
ac_cv_c_const=yes
ac_cv_env_CC_set=set
ac_cv_env_CC_value=/usr/bin/cc
ac_cv_env_CFLAGS_set=
ac_cv_env_CFLAGS_value=
ac_cv_env_CPPFLAGS_set=
ac_cv_env_CPPFLAGS_value=
ac_cv_env_CPP_set=
ac_cv_env_CPP_value=
ac_cv_env_LDFLAGS_set=
ac_cv_env_LDFLAGS_value=
ac_cv_env_LIBS_set=
ac_cv_env_LIBS_value=
ac_cv_env_LT_SYS_LIBRARY_PATH_set=
ac_cv_env_LT_SYS_LIBRARY_PATH_value=
ac_cv_env_build_alias_set=
ac_cv_env_build_alias_value=
ac_cv_env_host_alias_set=
ac_cv_env_host_alias_value=
ac_cv_env_target_alias_set=
ac_cv_env_target_alias_value=
ac_cv_header_dlfcn_h=yes
ac_cv_header_errno_h=yes
ac_cv_header_inttypes_h=yes
ac_cv_header_memory_h=yes
ac_cv_header_stdc=yes
ac_cv_header_stddef_h=yes
ac_cv_header_stdint_h=yes
ac_cv_header_stdlib_h=yes
ac_cv_header_string_h=yes
ac_cv_header_strings_h=yes
ac_cv_header_sys_stat_h=yes
ac_cv_header_sys_types_h=yes
ac_cv_header_unistd_h=yes
ac_cv_host=x86_64-pc-linux-gnu
ac_cv_objext=o
ac_cv_path_EGREP='/usr/bin/grep -E'
ac_cv_path_FGREP='/usr/bin/grep -F'
ac_cv_path_GREP=/usr/bin/grep
ac_cv_path_SED=/usr/bin/sed
ac_cv_path_install='/usr/bin/install -c'
ac_cv_path_lt_DD=/usr/bin/dd
ac_cv_path_mkdir=/usr/bin/mkdir
ac_cv_prog_AWK=gawk
ac_cv_prog_CPP='/usr/bin/cc -E'
ac_cv_prog_TEXI2PDF=texi2pdf
ac_cv_prog_ac_ct_AR=ar
ac_cv_prog_ac_ct_CC=/usr/bin/cc
ac_cv_prog_ac_ct_MANIFEST_TOOL=mt
ac_cv_prog_ac_ct_OBJDUMP=objdump
ac_cv_prog_ac_ct_RANLIB=ranlib
ac_cv_prog_ac_ct_STRIP=strip
ac_cv_prog_cc_c89=
ac_cv_prog_cc_g=yes
ac_cv_prog_make_make_set=yes
ac_cv_sizeof_int=4
ac_cv_sizeof_long_long_int=8
ac_cv_type_size_t=yes
am_cv_CC_dependencies_compiler_type=gcc3
am_cv_make_support_nested_variables=yes
am_cv_prog_cc_c_o=yes
ax_cv_c_compiler_vendor=gnu
ax_cv_c_flags__O3__fomit_frame_pointer__malign_double__fstrict_aliasing__ffast_math=yes
ax_cv_c_flags__ffast_math=yes
ax_cv_c_flags__fstrict_aliasing=yes
ax_cv_c_flags__malign_double=yes
ax_cv_c_flags__march_pentium2=no
ax_cv_c_flags__march_pentiumpro=no
ax_cv_c_flags__mcpu_pentium2=no
ax_cv_c_flags__mcpu_pentiumpro=no
ax_cv_c_flags__mpentium2=no
ax_cv_c_flags__mpentiumpro=no
ax_cv_gcc_archflag=unknown
ax_cv_gcc_x86_cpuid_0=1c:756e6547:6c65746e:49656e69
ax_cv_gcc_x86_cpuid_1=906a3:e200800:fffa3223:1f8bfbff
lt_cv_ar_at_file=@
lt_cv_archive_cmds_need_lc=no
lt_cv_deplibs_check_method=pass_all
lt_cv_file_magic_cmd='$MAGIC_CMD'
lt_cv_file_magic_test_file=
lt_cv_ld_reload_flag=-r
lt_cv_nm_interface='BSD nm'
lt_cv_objdir=.libs
lt_cv_path_LD=/usr/bin/ld
lt_cv_path_NM='/usr/bin/nm -B'
lt_cv_path_mainfest_tool=no
lt_cv_prog_compiler_c_o=yes
lt_cv_prog_compiler_pic='-fPIC -DPIC'
lt_cv_prog_compiler_pic_works=yes
lt_cv_prog_compiler_rtti_exceptions=no
lt_cv_prog_compiler_static_works=yes
lt_cv_prog_gnu_ld=yes
lt_cv_sharedlib_from_linklib_cmd='printf %s\n'
lt_cv_shlibpath_overrides_runpath=yes
lt_cv_sys_global_symbol_pipe='sed -n -e '\''s/^.*[	 ]\([ABCDGIRSTW][ABCDGIRSTW]*\)[	 ][	 ]*\([_A-Za-z][_A-Za-z0-9]*\)$/\1 \2 \2/p'\'' | sed '\''/ __gnu_lto/d'\'''
lt_cv_sys_global_symbol_to_c_name_address='sed -n -e '\''s/^: \(.*\) .*$/  {"\1", (void *) 0},/p'\'' -e '\''s/^[ABCDGIRSTW][ABCDGIRSTW]* .* \(.*\)$/  {"\1", (void *) \&\1},/p'\'''
lt_cv_sys_global_symbol_to_c_name_address_lib_prefix='sed -n -e '\''s/^: \(.*\) .*$/  {"\1", (void *) 0},/p'\'' -e '\''s/^[ABCDGIRSTW][ABCDGIRSTW]* .* \(lib.*\)$/  {"\1", (void *) \&\1},/p'\'' -e '\''s/^[ABCDGIRSTW][ABCDGIRSTW]* .* \(.*\)$/  {"lib\1", (void *) \&\1},/p'\'''
lt_cv_sys_global_symbol_to_cdecl='sed -n -e '\''s/^T .* \(.*\)$/extern int \1();/p'\'' -e '\''s/^[ABCDGIRSTW][ABCDGIRSTW]* .* \(.*\)$/extern char \1;/p'\'''
lt_cv_sys_global_symbol_to_import=
lt_cv_sys_max_cmd_len=1572864
lt_cv_to_host_file_cmd=func_convert_file_noop
lt_cv_to_tool_file_cmd=func_convert_file_noop
lt_cv_truncate_bin='/usr/bin/dd bs=4096 count=1'

## ----------------- ##
## Output variables. ##
## ----------------- ##

ACLOCAL='${SHELL} /home/huangl/workspace/RfCgraTrans/pluto/piplib/autoconf/missing aclocal-1.16'
AMDEPBACKSLASH='\'
AMDEP_FALSE='#'
AMDEP_TRUE=''
AMTAR='$${TAR-tar}'
AM_BACKSLASH='\'
AM_DEFAULT_V='$(AM_DEFAULT_VERBOSITY)'
AM_DEFAULT_VERBOSITY='0'
AM_V='$(V)'
AR='ar'
AUTOCONF='${SHELL} /home/huangl/workspace/RfCgraTrans/pluto/piplib/autoconf/missing autoconf'
AUTOHEADER='${SHELL} /home/huangl/workspace/RfCgraTrans/pluto/piplib/autoconf/missing autoheader'
AUTOMAKE='${SHELL} /home/huangl/workspace/RfCgraTrans/pluto/piplib/autoconf/missing automake-1.16'
AWK='gawk'
CC='/usr/bin/cc'
CCDEPMODE='depmode=gcc3'
CD=''
CFLAGS='-O3 -fomit-frame-pointer -malign-double -fstrict-aliasing -ffast-math'
CPP='/usr/bin/cc -E'
CPPFLAGS=''
CYGPATH_W='echo'
DEFS='-DPACKAGE_NAME=\"piplib\" -DPACKAGE_TARNAME=\"piplib\" -DPACKAGE_VERSION=\"1.4.0\" -DPACKAGE_STRING=\"piplib\ 1.4.0\" -DPACKAGE_BUGREPORT=\"piplib-development@googlegroups.com\" -DPACKAGE_URL=\"\" -DPACKAGE=\"piplib\" -DVERSION=\"1.4.0\" -DSTDC_HEADERS=1 -DHAVE_SYS_TYPES_H=1 -DHAVE_SYS_STAT_H=1 -DHAVE_STDLIB_H=1 -DHAVE_STRING_H=1 -DHAVE_MEMORY_H=1 -DHAVE_STRINGS_H=1 -DHAVE_INTTYPES_H=1 -DHAVE_STDINT_H=1 -DHAVE_UNISTD_H=1 -DHAVE_DLFCN_H=1 -DLT_OBJDIR=\".libs/\" -DSTDC_HEADERS=1 -DHAVE_ERRNO_H=1 -DHAVE_STDDEF_H=1 -DHAVE_STDLIB_H=1 -DHAVE_STRING_H=1 -DHAVE_STRINGS_H=1 -DHAVE_UNISTD_H=1 -DSIZEOF_INT=4 -DSIZEOF_LONG_LONG_INT=8'
DEPDIR='.deps'
DLLTOOL='false'
DOXYGEN=''
DP_DFLAGS='-DPIPLIB_INT_DP'
DSYMUTIL=''
DUMPBIN=''
ECHO_C=''
ECHO_N='-n'
ECHO_T=''
EGREP='/usr/bin/grep -E'
EXEEXT=''
EXTRA_LIBS=''
FGREP='/usr/bin/grep -F'
GIT_INDEX=''
GREP='/usr/bin/grep'
HAVE_TEXI2DVI_FALSE=''
HAVE_TEXI2DVI_TRUE='#'
INSTALL_DATA='${INSTALL} -m 644'
INSTALL_PROGRAM='${INSTALL}'
INSTALL_SCRIPT='${INSTALL}'
INSTALL_STRIP_PROGRAM='$(install_sh) -c -s'
LD='/usr/bin/ld -m elf_x86_64'
LDFLAGS=''
LIBOBJS=''
LIBS=''
LIBTOOL='$(SHELL) $(top_builddir)/libtool'
LIPO=''
LN_S='ln -s'
LTLIBOBJS=''
LT_SYS_LIBRARY_PATH=''
MAKEINFO='${SHELL} /home/huangl/workspace/RfCgraTrans/pluto/piplib/autoconf/missing makeinfo'
MANIFEST_TOOL=':'
MKDIR_P='/usr/bin/mkdir -p'
MP_DFLAGS='-DPIPLIB_INT_GMP'
NM='/usr/bin/nm -B'
NMEDIT=''
OBJDUMP='objdump'
OBJEXT='o'
OTOOL64=''
OTOOL=''
PACKAGE='piplib'
PACKAGE_BUGREPORT='piplib-development@googlegroups.com'
PACKAGE_NAME='piplib'
PACKAGE_STRING='piplib 1.4.0'
PACKAGE_TARNAME='piplib'
PACKAGE_URL=''
PACKAGE_VERSION='1.4.0'
PATH_SEPARATOR=':'
PRTDIAG=''
RANLIB='ranlib'
SED='/usr/bin/sed'
SET_MAKE=''
SHELL='/bin/bash'
SP_DFLAGS='-DPIPLIB_INT_SP'
STRIP='strip'
TEXI2PDF='texi2pdf'
VERSION='1.4.0'
ac_ct_AR='ar'
ac_ct_CC='/usr/bin/cc'
ac_ct_DUMPBIN=''
am__EXEEXT_FALSE=''
am__EXEEXT_TRUE='#'
am__fastdepCC_FALSE='#'
am__fastdepCC_TRUE=''
am__include='include'
am__isrc=''
am__leading_dot='.'
am__nodep='_no'
am__quote=''
am__tar='$${TAR-tar} chof - "$$tardir"'
am__untar='$${TAR-tar} xf -'
bindir='${exec_prefix}/bin'
build='x86_64-pc-linux-gnu'
build_alias=''
build_cpu='x86_64'
build_os='linux-gnu'
build_vendor='pc'
cmakeconfigs=' piplib_dp piplib64'
datadir='${datarootdir}'
datarootdir='${prefix}/share'
docdir='${datarootdir}/doc/${PACKAGE_TARNAME}'
dvidir='${docdir}'
examples=' example_dp$(EXEEXT)'
exec_prefix='${prefix}'
host='x86_64-pc-linux-gnu'
host_alias=''
host_cpu='x86_64'
host_os='linux-gnu'
host_vendor='pc'
htmldir='${docdir}'
includedir='${prefix}/include'
infodir='${datarootdir}/info'
install_sh='${SHELL} /home/huangl/workspace/RfCgraTrans/pluto/piplib/autoconf/install-sh'
libdir='${exec_prefix}/lib'
libexecdir='${exec_prefix}/libexec'
localedir='${datarootdir}/locale'
localstatedir='${prefix}/var'
mandir='${datarootdir}/man'
mkdir_p='$(MKDIR_P)'
oldincludedir='/usr/include'
pdfdir='${docdir}'
piplibs=' libpiplib_dp.la'
pips=' pip_dp$(EXEEXT)'
prefix='/home/huangl/workspace/RfCgraTrans/build/pluto'
program_transform_name='s,x,x,'
psdir='${docdir}'
runstatedir='${localstatedir}/run'
sbindir='${exec_prefix}/sbin'
sharedstatedir='${prefix}/com'
sysconfdir='${prefix}/etc'
target_alias=''
versioninfo='3:0:1'

## ----------- ##
## confdefs.h. ##
## ----------- ##

/* confdefs.h */
#define PACKAGE_NAME "piplib"
#define PACKAGE_TARNAME "piplib"
#define PACKAGE_VERSION "1.4.0"
#define PACKAGE_STRING "piplib 1.4.0"
#define PACKAGE_BUGREPORT "piplib-development@googlegroups.com"
#define PACKAGE_URL ""
#define PACKAGE "piplib"
#define VERSION "1.4.0"
#define STDC_HEADERS 1
#define HAVE_SYS_TYPES_H 1
#define HAVE_SYS_STAT_H 1
#define HAVE_STDLIB_H 1
#define HAVE_STRING_H 1
#define HAVE_MEMORY_H 1
#define HAVE_STRINGS_H 1
#define HAVE_INTTYPES_H 1
#define HAVE_STDINT_H 1
#define HAVE_UNISTD_H 1
#define HAVE_DLFCN_H 1
#define LT_OBJDIR ".libs/"
#define STDC_HEADERS 1
#define HAVE_ERRNO_H 1
#define HAVE_STDDEF_H 1
#define HAVE_STDLIB_H 1
#define HAVE_STRING_H 1
#define HAVE_STRINGS_H 1
#define HAVE_UNISTD_H 1
#define SIZEOF_INT 4
#define SIZEOF_LONG_LONG_INT 8

configure: exit 0
