This file contains any messages produced by compilers while
running configure, to aid debugging if configure makes a mistake.

It was created by cloog configure 0.20.0, which was
generated by GNU Autoconf 2.69.  Invocation command line was

  $ ../cloog-isl/configure --with-isl=build --with-isl-builddir=../isl --with-gmp=system --with-gmp-prefix= --with-osl=build --with-osl-builddir=../openscop --prefix=/home/huangl/workspace/RfCgraTrans/build/pluto

## --------- ##
## Platform. ##
## --------- ##

hostname = huangl
uname -m = x86_64
uname -r = 5.10.102.1-microsoft-standard-WSL2
uname -s = Linux
uname -v = #1 SMP Wed Mar 2 00:30:59 UTC 2022

/usr/bin/uname -p = x86_64
/bin/uname -X     = unknown

/bin/arch              = x86_64
/usr/bin/arch -k       = unknown
/usr/convex/getsysinfo = unknown
/usr/bin/hostinfo      = unknown
/bin/machine           = unknown
/usr/bin/oslevel       = unknown
/bin/universe          = unknown

PATH: ~/anaconda3/bin
PATH: /root/.vscode-server/bin/05047486b6df5eb8d44b2ecd70ea3bdf775fd937/bin/remote-cli
PATH: ~/anaconda3/bin
PATH: /usr/local/sbin
PATH: /usr/local/bin
PATH: /usr/sbin
PATH: /usr/bin
PATH: /sbin
PATH: /bin
PATH: /usr/games
PATH: /usr/local/games
PATH: /snap/bin


## ----------- ##
## Core tests. ##
## ----------- ##

configure:2449: checking for a BSD-compatible install
configure:2517: result: /usr/bin/install -c
configure:2528: checking whether build environment is sane
configure:2583: result: yes
configure:2732: checking for a thread-safe mkdir -p
configure:2771: result: /usr/bin/mkdir -p
configure:2778: checking for gawk
configure:2794: found /usr/bin/gawk
configure:2805: result: gawk
configure:2816: checking whether make sets $(MAKE)
configure:2838: result: yes
configure:2867: checking whether make supports nested variables
configure:2884: result: yes
configure:3021: checking whether make supports nested variables
configure:3038: result: yes
configure:3099: checking for gcc
configure:3126: result: /usr/bin/cc
configure:3355: checking for C compiler version
configure:3364: /usr/bin/cc --version >&5
cc (Ubuntu 9.4.0-1ubuntu1~20.04.1) 9.4.0
Copyright (C) 2019 Free Software Foundation, Inc.
This is free software; see the source for copying conditions.  There is NO
warranty; not even for MERCHANTABILITY or FITNESS FOR A PARTICULAR PURPOSE.

configure:3375: $? = 0
configure:3364: /usr/bin/cc -v >&5
Using built-in specs.
COLLECT_GCC=/usr/bin/cc
COLLECT_LTO_WRAPPER=/usr/lib/gcc/x86_64-linux-gnu/9/lto-wrapper
OFFLOAD_TARGET_NAMES=nvptx-none:hsa
OFFLOAD_TARGET_DEFAULT=1
Target: x86_64-linux-gnu
Configured with: ../src/configure -v --with-pkgversion='Ubuntu 9.4.0-1ubuntu1~20.04.1' --with-bugurl=file:///usr/share/doc/gcc-9/README.Bugs --enable-languages=c,ada,c++,go,brig,d,fortran,objc,obj-c++,gm2 --prefix=/usr --with-gcc-major-version-only --program-suffix=-9 --program-prefix=x86_64-linux-gnu- --enable-shared --enable-linker-build-id --libexecdir=/usr/lib --without-included-gettext --enable-threads=posix --libdir=/usr/lib --enable-nls --enable-clocale=gnu --enable-libstdcxx-debug --enable-libstdcxx-time=yes --with-default-libstdcxx-abi=new --enable-gnu-unique-object --disable-vtable-verify --enable-plugin --enable-default-pie --with-system-zlib --with-target-system-zlib=auto --enable-objc-gc=auto --enable-multiarch --disable-werror --with-arch-32=i686 --with-abi=m64 --with-multilib-list=m32,m64,mx32 --enable-multilib --with-tune=generic --enable-offload-targets=nvptx-none=/build/gcc-9-Av3uEd/gcc-9-9.4.0/debian/tmp-nvptx/usr,hsa --without-cuda-driver --enable-checking=release --build=x86_64-linux-gnu --host=x86_64-linux-gnu --target=x86_64-linux-gnu
Thread model: posix
gcc version 9.4.0 (Ubuntu 9.4.0-1ubuntu1~20.04.1) 
configure:3375: $? = 0
configure:3364: /usr/bin/cc -V >&5
cc: error: unrecognized command line option '-V'
cc: fatal error: no input files
compilation terminated.
configure:3375: $? = 1
configure:3364: /usr/bin/cc -qversion >&5
cc: error: unrecognized command line option '-qversion'; did you mean '--version'?
cc: fatal error: no input files
compilation terminated.
configure:3375: $? = 1
configure:3395: checking whether the C compiler works
configure:3417: /usr/bin/cc    conftest.c  >&5
configure:3421: $? = 0
configure:3469: result: yes
configure:3472: checking for C compiler default output file name
configure:3474: result: a.out
configure:3480: checking for suffix of executables
configure:3487: /usr/bin/cc -o conftest    conftest.c  >&5
configure:3491: $? = 0
configure:3513: result: 
configure:3535: checking whether we are cross compiling
configure:3543: /usr/bin/cc -o conftest    conftest.c  >&5
configure:3547: $? = 0
configure:3554: ./conftest
configure:3558: $? = 0
configure:3546: result: no
configure:3551: checking for suffix of object files
configure:3573: /usr/bin/cc -c   conftest.c >&5
configure:3577: $? = 0
configure:3598: result: o
configure:3602: checking whether we are using the GNU C compiler
configure:3621: /usr/bin/cc -c   conftest.c >&5
configure:3621: $? = 0
configure:3630: result: yes
configure:3639: checking whether /usr/bin/cc accepts -g
configure:3659: /usr/bin/cc -c -g  conftest.c >&5
configure:3659: $? = 0
configure:3700: result: yes
configure:3717: checking for /usr/bin/cc option to accept ISO C89
configure:3780: /usr/bin/cc  -c -g -O2  conftest.c >&5
configure:3780: $? = 0
configure:3793: result: none needed
configure:3818: checking whether /usr/bin/cc understands -c and -o together
configure:3840: /usr/bin/cc -c conftest.c -o conftest2.o
configure:3843: $? = 0
configure:3840: /usr/bin/cc -c conftest.c -o conftest2.o
configure:3843: $? = 0
configure:3855: result: yes
configure:3875: checking whether make supports the include directive
configure:3890: make -f confmf.GNU && cat confinc.out
this is the am__doit target
configure:3893: $? = 0
configure:3912: result: yes (GNU style)
configure:3937: checking dependency style of /usr/bin/cc
configure:4048: result: gcc3
configure:4063: checking whether ln -s works
configure:4067: result: yes
configure:4074: checking whether make sets $(MAKE)
configure:4096: result: yes
configure:4107: checking for cd
configure:4137: result: no
configure:4172: checking build system type
configure:4186: result: x86_64-pc-linux-gnu
configure:4206: checking host system type
configure:4219: result: x86_64-pc-linux-gnu
configure:4260: checking how to print strings
configure:4287: result: printf
configure:4308: checking for a sed that does not truncate output
configure:4372: result: /usr/bin/sed
configure:4390: checking for grep that handles long lines and -e
configure:4448: result: /usr/bin/grep
configure:4453: checking for egrep
configure:4515: result: /usr/bin/grep -E
configure:4520: checking for fgrep
configure:4582: result: /usr/bin/grep -F
configure:4617: checking for ld used by /usr/bin/cc
configure:4684: result: /usr/bin/ld
configure:4691: checking if the linker (/usr/bin/ld) is GNU ld
configure:4706: result: yes
configure:4718: checking for BSD- or MS-compatible name lister (nm)
configure:4772: result: /usr/bin/nm -B
configure:4902: checking the name lister (/usr/bin/nm -B) interface
configure:4909: /usr/bin/cc -c -g -O2  conftest.c >&5
configure:4912: /usr/bin/nm -B "conftest.o"
configure:4915: output
0000000000000000 B some_variable
configure:4916: result: BSD nm
configure:4920: checking the maximum length of command line arguments
configure:5051: result: 1572864
configure:5099: checking how to convert x86_64-pc-linux-gnu file names to x86_64-pc-linux-gnu format
configure:5139: result: func_convert_file_noop
configure:5146: checking how to convert x86_64-pc-linux-gnu file names to toolchain format
configure:5166: result: func_convert_file_noop
configure:5173: checking for /usr/bin/ld option to reload object files
configure:5180: result: -r
configure:5254: checking for objdump
configure:5270: found /usr/bin/objdump
configure:5281: result: objdump
configure:5313: checking how to recognize dependent libraries
configure:5513: result: pass_all
configure:5598: checking for dlltool
configure:5628: result: no
configure:5658: checking how to associate runtime and link libraries
configure:5685: result: printf %s\n
configure:5746: checking for ar
configure:5762: found /usr/bin/ar
configure:5773: result: ar
configure:5810: checking for archiver @FILE support
configure:5827: /usr/bin/cc -c -g -O2  conftest.c >&5
configure:5827: $? = 0
configure:5830: ar cr libconftest.a @conftest.lst >&5
configure:5833: $? = 0
configure:5838: ar cr libconftest.a @conftest.lst >&5
ar: conftest.o: No such file or directory
configure:5841: $? = 1
configure:5840: result: @
configure:5898: checking for strip
configure:5914: found /usr/bin/strip
configure:5925: result: strip
configure:5997: checking for ranlib
configure:6013: found /usr/bin/ranlib
configure:6024: result: ranlib
configure:6126: checking command to parse /usr/bin/nm -B output from /usr/bin/cc object
configure:6279: /usr/bin/cc -c -g -O2  conftest.c >&5
configure:6282: $? = 0
configure:6286: /usr/bin/nm -B conftest.o | sed -n -e 's/^.*[	 ]\([ABCDGIRSTW][ABCDGIRSTW]*\)[	 ][	 ]*\([_A-Za-z][_A-Za-z0-9]*\)$/\1 \2 \2/p' | sed '/ __gnu_lto/d' > conftest.nm
configure:6352: /usr/bin/cc -o conftest -g -O2   conftest.c conftstm.o >&5
configure:6355: $? = 0
configure:6393: result: ok
configure:6440: checking for sysroot
configure:6470: result: no
configure:6477: checking for a working dd
configure:6515: result: /usr/bin/dd
configure:6519: checking how to truncate binary pipes
configure:6534: result: /usr/bin/dd bs=4096 count=1
configure:6670: /usr/bin/cc -c -g -O2  conftest.c >&5
configure:6673: $? = 0
configure:6863: checking for mt
configure:6879: found /usr/bin/mt
configure:6890: result: mt
configure:6913: checking if mt is a manifest tool
configure:6919: mt '-?'
configure:6927: result: no
configure:7604: checking how to run the C preprocessor
configure:7635: /usr/bin/cc -E  conftest.c
configure:7635: $? = 0
configure:7649: /usr/bin/cc -E  conftest.c
conftest.c:11:10: fatal error: ac_nonexistent.h: No such file or directory
   11 | #include <ac_nonexistent.h>
      |          ^~~~~~~~~~~~~~~~~~
compilation terminated.
configure:7649: $? = 1
configure: failed program was:
| /* confdefs.h */
| #define PACKAGE_NAME "cloog"
| #define PACKAGE_TARNAME "cloog"
| #define PACKAGE_VERSION "0.20.0"
| #define PACKAGE_STRING "cloog 0.20.0"
| #define PACKAGE_BUGREPORT "cloog-development@googlegroups.com"
| #define PACKAGE_URL ""
| #define PACKAGE "cloog"
| #define VERSION "0.20.0"
| /* end confdefs.h.  */
| #include <ac_nonexistent.h>
configure:7674: result: /usr/bin/cc -E
configure:7694: /usr/bin/cc -E  conftest.c
configure:7694: $? = 0
configure:7708: /usr/bin/cc -E  conftest.c
conftest.c:11:10: fatal error: ac_nonexistent.h: No such file or directory
   11 | #include <ac_nonexistent.h>
      |          ^~~~~~~~~~~~~~~~~~
compilation terminated.
configure:7708: $? = 1
configure: failed program was:
| /* confdefs.h */
| #define PACKAGE_NAME "cloog"
| #define PACKAGE_TARNAME "cloog"
| #define PACKAGE_VERSION "0.20.0"
| #define PACKAGE_STRING "cloog 0.20.0"
| #define PACKAGE_BUGREPORT "cloog-development@googlegroups.com"
| #define PACKAGE_URL ""
| #define PACKAGE "cloog"
| #define VERSION "0.20.0"
| /* end confdefs.h.  */
| #include <ac_nonexistent.h>
configure:7737: checking for ANSI C header files
configure:7757: /usr/bin/cc -c -g -O2  conftest.c >&5
configure:7757: $? = 0
configure:7830: /usr/bin/cc -o conftest -g -O2   conftest.c  >&5
configure:7830: $? = 0
configure:7830: ./conftest
configure:7830: $? = 0
configure:7841: result: yes
configure:7854: checking for sys/types.h
configure:7854: /usr/bin/cc -c -g -O2  conftest.c >&5
configure:7854: $? = 0
configure:7854: result: yes
configure:7854: checking for sys/stat.h
configure:7854: /usr/bin/cc -c -g -O2  conftest.c >&5
configure:7854: $? = 0
configure:7854: result: yes
configure:7854: checking for stdlib.h
configure:7854: /usr/bin/cc -c -g -O2  conftest.c >&5
configure:7854: $? = 0
configure:7854: result: yes
configure:7854: checking for string.h
configure:7854: /usr/bin/cc -c -g -O2  conftest.c >&5
configure:7854: $? = 0
configure:7854: result: yes
configure:7854: checking for memory.h
configure:7854: /usr/bin/cc -c -g -O2  conftest.c >&5
configure:7854: $? = 0
configure:7854: result: yes
configure:7854: checking for strings.h
configure:7854: /usr/bin/cc -c -g -O2  conftest.c >&5
configure:7854: $? = 0
configure:7854: result: yes
configure:7854: checking for inttypes.h
configure:7854: /usr/bin/cc -c -g -O2  conftest.c >&5
configure:7854: $? = 0
configure:7854: result: yes
configure:7854: checking for stdint.h
configure:7854: /usr/bin/cc -c -g -O2  conftest.c >&5
configure:7854: $? = 0
configure:7854: result: yes
configure:7854: checking for unistd.h
configure:7854: /usr/bin/cc -c -g -O2  conftest.c >&5
configure:7854: $? = 0
configure:7854: result: yes
configure:7868: checking for dlfcn.h
configure:7868: /usr/bin/cc -c -g -O2  conftest.c >&5
configure:7868: $? = 0
configure:7868: result: yes
configure:8124: checking for objdir
configure:8139: result: .libs
configure:8403: checking if /usr/bin/cc supports -fno-rtti -fno-exceptions
configure:8421: /usr/bin/cc -c -g -O2  -fno-rtti -fno-exceptions conftest.c >&5
cc1: warning: command line option '-fno-rtti' is valid for C++/D/ObjC++ but not for C
configure:8425: $? = 0
configure:8438: result: no
configure:8802: checking for /usr/bin/cc option to produce PIC
configure:8809: result: -fPIC -DPIC
configure:8817: checking if /usr/bin/cc PIC flag -fPIC -DPIC works
configure:8835: /usr/bin/cc -c -g -O2  -fPIC -DPIC -DPIC conftest.c >&5
configure:8839: $? = 0
configure:8852: result: yes
configure:8881: checking if /usr/bin/cc static flag -static works
configure:8909: result: yes
configure:8924: checking if /usr/bin/cc supports -c -o file.o
configure:8945: /usr/bin/cc -c -g -O2  -o out/conftest2.o conftest.c >&5
configure:8949: $? = 0
configure:8971: result: yes
configure:8979: checking if /usr/bin/cc supports -c -o file.o
configure:9026: result: yes
configure:9059: checking whether the /usr/bin/cc linker (/usr/bin/ld -m elf_x86_64) supports shared libraries
configure:10322: result: yes
configure:10359: checking whether -lc should be explicitly linked in
configure:10367: /usr/bin/cc -c -g -O2  conftest.c >&5
configure:10370: $? = 0
configure:10385: /usr/bin/cc -shared  -fPIC -DPIC conftest.o  -v -Wl,-soname -Wl,conftest -o conftest 2\>\&1 \| /usr/bin/grep  -lc  \>/dev/null 2\>\&1
configure:10388: $? = 0
configure:10402: result: no
configure:10562: checking dynamic linker characteristics
configure:11143: /usr/bin/cc -o conftest -g -O2   -Wl,-rpath -Wl,/foo conftest.c  >&5
configure:11143: $? = 0
configure:11392: result: GNU/Linux ld.so
configure:11514: checking how to hardcode library paths into programs
configure:11539: result: immediate
configure:12087: checking whether stripping libraries is possible
configure:12092: result: yes
configure:12127: checking if libtool supports shared libraries
configure:12129: result: yes
configure:12132: checking whether to build shared libraries
configure:12157: result: yes
configure:12160: checking whether to build static libraries
configure:12164: result: yes
configure:8979: checking for texi2dvi
configure:8995: found /usr/bin/texi2dvi
configure:9006: result: texi2dvi
configure:9023: checking for C compiler vendor
configure:9070: /usr/bin/cc -c -g -O2  conftest.c >&5
conftest.c: In function 'main':
conftest.c:29:9: error: 'thisisanerror' undeclared (first use in this function)
   29 |         thisisanerror;
      |         ^~~~~~~~~~~~~
conftest.c:29:9: note: each undeclared identifier is reported only once for each function it appears in
configure:9070: $? = 1
configure: failed program was:
| /* confdefs.h */
| #define PACKAGE_NAME "cloog"
| #define PACKAGE_TARNAME "cloog"
| #define PACKAGE_VERSION "0.20.0"
| #define PACKAGE_STRING "cloog 0.20.0"
| #define PACKAGE_BUGREPORT "cloog-development@googlegroups.com"
| #define PACKAGE_URL ""
| #define PACKAGE "cloog"
| #define VERSION "0.20.0"
| #define STDC_HEADERS 1
| #define HAVE_SYS_TYPES_H 1
| #define HAVE_SYS_STAT_H 1
| #define HAVE_STDLIB_H 1
| #define HAVE_STRING_H 1
| #define HAVE_MEMORY_H 1
| #define HAVE_STRINGS_H 1
| #define HAVE_INTTYPES_H 1
| #define HAVE_STDINT_H 1
| #define HAVE_UNISTD_H 1
| #define HAVE_DLFCN_H 1
| #define LT_OBJDIR ".libs/"
| /* end confdefs.h.  */
| 
| int
| main ()
| {
| 
|       #if !(defined(__ICC) || defined(__ECC) || defined(__INTEL_COMPILER))
|         thisisanerror;
|       #endif
| 
|   ;
|   return 0;
| }
configure:9070: /usr/bin/cc -c -g -O2  conftest.c >&5
conftest.c: In function 'main':
conftest.c:29:9: error: 'thisisanerror' undeclared (first use in this function)
   29 |         thisisanerror;
      |         ^~~~~~~~~~~~~
conftest.c:29:9: note: each undeclared identifier is reported only once for each function it appears in
configure:9070: $? = 1
configure: failed program was:
| /* confdefs.h */
| #define PACKAGE_NAME "cloog"
| #define PACKAGE_TARNAME "cloog"
| #define PACKAGE_VERSION "0.20.0"
| #define PACKAGE_STRING "cloog 0.20.0"
| #define PACKAGE_BUGREPORT "cloog-development@googlegroups.com"
| #define PACKAGE_URL ""
| #define PACKAGE "cloog"
| #define VERSION "0.20.0"
| #define STDC_HEADERS 1
| #define HAVE_SYS_TYPES_H 1
| #define HAVE_SYS_STAT_H 1
| #define HAVE_STDLIB_H 1
| #define HAVE_STRING_H 1
| #define HAVE_MEMORY_H 1
| #define HAVE_STRINGS_H 1
| #define HAVE_INTTYPES_H 1
| #define HAVE_STDINT_H 1
| #define HAVE_UNISTD_H 1
| #define HAVE_DLFCN_H 1
| #define LT_OBJDIR ".libs/"
| /* end confdefs.h.  */
| 
| int
| main ()
| {
| 
|       #if !(defined(__xlc__) || defined(__xlC__) || defined(__IBMC__) || defined(__IBMCPP__))
|         thisisanerror;
|       #endif
| 
|   ;
|   return 0;
| }
configure:9070: /usr/bin/cc -c -g -O2  conftest.c >&5
conftest.c: In function 'main':
conftest.c:29:9: error: 'thisisanerror' undeclared (first use in this function)
   29 |         thisisanerror;
      |         ^~~~~~~~~~~~~
conftest.c:29:9: note: each undeclared identifier is reported only once for each function it appears in
configure:9070: $? = 1
configure: failed program was:
| /* confdefs.h */
| #define PACKAGE_NAME "cloog"
| #define PACKAGE_TARNAME "cloog"
| #define PACKAGE_VERSION "0.20.0"
| #define PACKAGE_STRING "cloog 0.20.0"
| #define PACKAGE_BUGREPORT "cloog-development@googlegroups.com"
| #define PACKAGE_URL ""
| #define PACKAGE "cloog"
| #define VERSION "0.20.0"
| #define STDC_HEADERS 1
| #define HAVE_SYS_TYPES_H 1
| #define HAVE_SYS_STAT_H 1
| #define HAVE_STDLIB_H 1
| #define HAVE_STRING_H 1
| #define HAVE_MEMORY_H 1
| #define HAVE_STRINGS_H 1
| #define HAVE_INTTYPES_H 1
| #define HAVE_STDINT_H 1
| #define HAVE_UNISTD_H 1
| #define HAVE_DLFCN_H 1
| #define LT_OBJDIR ".libs/"
| /* end confdefs.h.  */
| 
| int
| main ()
| {
| 
|       #if !(defined(__PATHCC__) || defined(__PATHSCALE__))
|         thisisanerror;
|       #endif
| 
|   ;
|   return 0;
| }
configure:9070: /usr/bin/cc -c -g -O2  conftest.c >&5
conftest.c: In function 'main':
conftest.c:29:9: error: 'thisisanerror' undeclared (first use in this function)
   29 |         thisisanerror;
      |         ^~~~~~~~~~~~~
conftest.c:29:9: note: each undeclared identifier is reported only once for each function it appears in
configure:9070: $? = 1
configure: failed program was:
| /* confdefs.h */
| #define PACKAGE_NAME "cloog"
| #define PACKAGE_TARNAME "cloog"
| #define PACKAGE_VERSION "0.20.0"
| #define PACKAGE_STRING "cloog 0.20.0"
| #define PACKAGE_BUGREPORT "cloog-development@googlegroups.com"
| #define PACKAGE_URL ""
| #define PACKAGE "cloog"
| #define VERSION "0.20.0"
| #define STDC_HEADERS 1
| #define HAVE_SYS_TYPES_H 1
| #define HAVE_SYS_STAT_H 1
| #define HAVE_STDLIB_H 1
| #define HAVE_STRING_H 1
| #define HAVE_MEMORY_H 1
| #define HAVE_STRINGS_H 1
| #define HAVE_INTTYPES_H 1
| #define HAVE_STDINT_H 1
| #define HAVE_UNISTD_H 1
| #define HAVE_DLFCN_H 1
| #define LT_OBJDIR ".libs/"
| /* end confdefs.h.  */
| 
| int
| main ()
| {
| 
|       #if !(defined(__clang__))
|         thisisanerror;
|       #endif
| 
|   ;
|   return 0;
| }
configure:9070: /usr/bin/cc -c -g -O2  conftest.c >&5
conftest.c: In function 'main':
conftest.c:29:9: error: 'thisisanerror' undeclared (first use in this function)
   29 |         thisisanerror;
      |         ^~~~~~~~~~~~~
conftest.c:29:9: note: each undeclared identifier is reported only once for each function it appears in
configure:9070: $? = 1
configure: failed program was:
| /* confdefs.h */
| #define PACKAGE_NAME "cloog"
| #define PACKAGE_TARNAME "cloog"
| #define PACKAGE_VERSION "0.20.0"
| #define PACKAGE_STRING "cloog 0.20.0"
| #define PACKAGE_BUGREPORT "cloog-development@googlegroups.com"
| #define PACKAGE_URL ""
| #define PACKAGE "cloog"
| #define VERSION "0.20.0"
| #define STDC_HEADERS 1
| #define HAVE_SYS_TYPES_H 1
| #define HAVE_SYS_STAT_H 1
| #define HAVE_STDLIB_H 1
| #define HAVE_STRING_H 1
| #define HAVE_MEMORY_H 1
| #define HAVE_STRINGS_H 1
| #define HAVE_INTTYPES_H 1
| #define HAVE_STDINT_H 1
| #define HAVE_UNISTD_H 1
| #define HAVE_DLFCN_H 1
| #define LT_OBJDIR ".libs/"
| /* end confdefs.h.  */
| 
| int
| main ()
| {
| 
|       #if !(defined(_CRAYC))
|         thisisanerror;
|       #endif
| 
|   ;
|   return 0;
| }
configure:9070: /usr/bin/cc -c -g -O2  conftest.c >&5
conftest.c: In function 'main':
conftest.c:29:9: error: 'thisisanerror' undeclared (first use in this function)
   29 |         thisisanerror;
      |         ^~~~~~~~~~~~~
conftest.c:29:9: note: each undeclared identifier is reported only once for each function it appears in
configure:9070: $? = 1
configure: failed program was:
| /* confdefs.h */
| #define PACKAGE_NAME "cloog"
| #define PACKAGE_TARNAME "cloog"
| #define PACKAGE_VERSION "0.20.0"
| #define PACKAGE_STRING "cloog 0.20.0"
| #define PACKAGE_BUGREPORT "cloog-development@googlegroups.com"
| #define PACKAGE_URL ""
| #define PACKAGE "cloog"
| #define VERSION "0.20.0"
| #define STDC_HEADERS 1
| #define HAVE_SYS_TYPES_H 1
| #define HAVE_SYS_STAT_H 1
| #define HAVE_STDLIB_H 1
| #define HAVE_STRING_H 1
| #define HAVE_MEMORY_H 1
| #define HAVE_STRINGS_H 1
| #define HAVE_INTTYPES_H 1
| #define HAVE_STDINT_H 1
| #define HAVE_UNISTD_H 1
| #define HAVE_DLFCN_H 1
| #define LT_OBJDIR ".libs/"
| /* end confdefs.h.  */
| 
| int
| main ()
| {
| 
|       #if !(defined(__FUJITSU))
|         thisisanerror;
|       #endif
| 
|   ;
|   return 0;
| }
configure:9070: /usr/bin/cc -c -g -O2  conftest.c >&5
configure:9070: $? = 0
configure:9078: result: gnu
configure:9337: checking whether C compiler accepts -malign-double
configure:9356: /usr/bin/cc -c -malign-double  conftest.c >&5
configure:9356: $? = 0
configure:9366: result: yes
configure:9376: checking whether C compiler accepts -fstrict-aliasing
configure:9395: /usr/bin/cc -c -fstrict-aliasing  conftest.c >&5
configure:9395: $? = 0
configure:9405: result: yes
configure:9415: checking whether C compiler accepts -ffast-math
configure:9434: /usr/bin/cc -c -ffast-math  conftest.c >&5
configure:9434: $? = 0
configure:9444: result: yes
configure:9465: checking for gcc architecture flag
configure:9467: result: 
configure:9489: checking for x86 cpuid 0 output
configure:9518: /usr/bin/cc -o conftest -O3 -fomit-frame-pointer -malign-double -fstrict-aliasing -ffast-math   conftest.c  >&5
configure:9518: $? = 0
configure:9518: ./conftest
configure:9518: $? = 0
configure:9528: result: 1c:756e6547:6c65746e:49656e69
configure:9544: checking for x86 cpuid 1 output
configure:9573: /usr/bin/cc -o conftest -O3 -fomit-frame-pointer -malign-double -fstrict-aliasing -ffast-math   conftest.c  >&5
configure:9573: $? = 0
configure:9573: ./conftest
configure:9573: $? = 0
configure:9583: result: 906a3:a200800:fffa3223:1f8bfbff
configure:9797: checking whether C compiler accepts -march=pentium2
configure:9812: /usr/bin/cc -c -march=pentium2  conftest.c >&5
cc1: error: CPU you selected does not support x86-64 instruction set
cc1: error: '-fcf-protection=full' is not supported for this target
configure:9812: $? = 1
configure: failed program was:
| /* confdefs.h */
| #define PACKAGE_NAME "cloog"
| #define PACKAGE_TARNAME "cloog"
| #define PACKAGE_VERSION "0.20.0"
| #define PACKAGE_STRING "cloog 0.20.0"
| #define PACKAGE_BUGREPORT "cloog-development@googlegroups.com"
| #define PACKAGE_URL ""
| #define PACKAGE "cloog"
| #define VERSION "0.20.0"
| #define STDC_HEADERS 1
| #define HAVE_SYS_TYPES_H 1
| #define HAVE_SYS_STAT_H 1
| #define HAVE_STDLIB_H 1
| #define HAVE_STRING_H 1
| #define HAVE_MEMORY_H 1
| #define HAVE_STRINGS_H 1
| #define HAVE_INTTYPES_H 1
| #define HAVE_STDINT_H 1
| #define HAVE_UNISTD_H 1
| #define HAVE_DLFCN_H 1
| #define LT_OBJDIR ".libs/"
| /* end confdefs.h.  */
| 
| int
| main ()
| {
| 
|   ;
|   return 0;
| }
configure:9820: result: no
configure:9797: checking whether C compiler accepts -mcpu=pentium2
configure:9812: /usr/bin/cc -c -mcpu=pentium2  conftest.c >&5
cc: warning: '-mcpu=' is deprecated; use '-mtune=' or '-march=' instead
cc1: error: CPU you selected does not support x86-64 instruction set
configure:9812: $? = 1
configure: failed program was:
| /* confdefs.h */
| #define PACKAGE_NAME "cloog"
| #define PACKAGE_TARNAME "cloog"
| #define PACKAGE_VERSION "0.20.0"
| #define PACKAGE_STRING "cloog 0.20.0"
| #define PACKAGE_BUGREPORT "cloog-development@googlegroups.com"
| #define PACKAGE_URL ""
| #define PACKAGE "cloog"
| #define VERSION "0.20.0"
| #define STDC_HEADERS 1
| #define HAVE_SYS_TYPES_H 1
| #define HAVE_SYS_STAT_H 1
| #define HAVE_STDLIB_H 1
| #define HAVE_STRING_H 1
| #define HAVE_MEMORY_H 1
| #define HAVE_STRINGS_H 1
| #define HAVE_INTTYPES_H 1
| #define HAVE_STDINT_H 1
| #define HAVE_UNISTD_H 1
| #define HAVE_DLFCN_H 1
| #define LT_OBJDIR ".libs/"
| /* end confdefs.h.  */
| 
| int
| main ()
| {
| 
|   ;
|   return 0;
| }
configure:9820: result: no
configure:9797: checking whether C compiler accepts -mpentium2
configure:9812: /usr/bin/cc -c -mpentium2  conftest.c >&5
cc: error: unrecognized command line option '-mpentium2'; did you mean '-march=pentium2'?
configure:9812: $? = 1
configure: failed program was:
| /* confdefs.h */
| #define PACKAGE_NAME "cloog"
| #define PACKAGE_TARNAME "cloog"
| #define PACKAGE_VERSION "0.20.0"
| #define PACKAGE_STRING "cloog 0.20.0"
| #define PACKAGE_BUGREPORT "cloog-development@googlegroups.com"
| #define PACKAGE_URL ""
| #define PACKAGE "cloog"
| #define VERSION "0.20.0"
| #define STDC_HEADERS 1
| #define HAVE_SYS_TYPES_H 1
| #define HAVE_SYS_STAT_H 1
| #define HAVE_STDLIB_H 1
| #define HAVE_STRING_H 1
| #define HAVE_MEMORY_H 1
| #define HAVE_STRINGS_H 1
| #define HAVE_INTTYPES_H 1
| #define HAVE_STDINT_H 1
| #define HAVE_UNISTD_H 1
| #define HAVE_DLFCN_H 1
| #define LT_OBJDIR ".libs/"
| /* end confdefs.h.  */
| 
| int
| main ()
| {
| 
|   ;
|   return 0;
| }
configure:9820: result: no
configure:9797: checking whether C compiler accepts -march=pentiumpro
configure:9812: /usr/bin/cc -c -march=pentiumpro  conftest.c >&5
cc1: error: CPU you selected does not support x86-64 instruction set
cc1: error: '-fcf-protection=full' is not supported for this target
configure:9812: $? = 1
configure: failed program was:
| /* confdefs.h */
| #define PACKAGE_NAME "cloog"
| #define PACKAGE_TARNAME "cloog"
| #define PACKAGE_VERSION "0.20.0"
| #define PACKAGE_STRING "cloog 0.20.0"
| #define PACKAGE_BUGREPORT "cloog-development@googlegroups.com"
| #define PACKAGE_URL ""
| #define PACKAGE "cloog"
| #define VERSION "0.20.0"
| #define STDC_HEADERS 1
| #define HAVE_SYS_TYPES_H 1
| #define HAVE_SYS_STAT_H 1
| #define HAVE_STDLIB_H 1
| #define HAVE_STRING_H 1
| #define HAVE_MEMORY_H 1
| #define HAVE_STRINGS_H 1
| #define HAVE_INTTYPES_H 1
| #define HAVE_STDINT_H 1
| #define HAVE_UNISTD_H 1
| #define HAVE_DLFCN_H 1
| #define LT_OBJDIR ".libs/"
| /* end confdefs.h.  */
| 
| int
| main ()
| {
| 
|   ;
|   return 0;
| }
configure:9820: result: no
configure:9797: checking whether C compiler accepts -mcpu=pentiumpro
configure:9812: /usr/bin/cc -c -mcpu=pentiumpro  conftest.c >&5
cc: warning: '-mcpu=' is deprecated; use '-mtune=' or '-march=' instead
cc1: error: CPU you selected does not support x86-64 instruction set
configure:9812: $? = 1
configure: failed program was:
| /* confdefs.h */
| #define PACKAGE_NAME "cloog"
| #define PACKAGE_TARNAME "cloog"
| #define PACKAGE_VERSION "0.20.0"
| #define PACKAGE_STRING "cloog 0.20.0"
| #define PACKAGE_BUGREPORT "cloog-development@googlegroups.com"
| #define PACKAGE_URL ""
| #define PACKAGE "cloog"
| #define VERSION "0.20.0"
| #define STDC_HEADERS 1
| #define HAVE_SYS_TYPES_H 1
| #define HAVE_SYS_STAT_H 1
| #define HAVE_STDLIB_H 1
| #define HAVE_STRING_H 1
| #define HAVE_MEMORY_H 1
| #define HAVE_STRINGS_H 1
| #define HAVE_INTTYPES_H 1
| #define HAVE_STDINT_H 1
| #define HAVE_UNISTD_H 1
| #define HAVE_DLFCN_H 1
| #define LT_OBJDIR ".libs/"
| /* end confdefs.h.  */
| 
| int
| main ()
| {
| 
|   ;
|   return 0;
| }
configure:9820: result: no
configure:9797: checking whether C compiler accepts -mpentiumpro
configure:9812: /usr/bin/cc -c -mpentiumpro  conftest.c >&5
cc: error: unrecognized command line option '-mpentiumpro'; did you mean '-march=pentiumpro'?
configure:9812: $? = 1
configure: failed program was:
| /* confdefs.h */
| #define PACKAGE_NAME "cloog"
| #define PACKAGE_TARNAME "cloog"
| #define PACKAGE_VERSION "0.20.0"
| #define PACKAGE_STRING "cloog 0.20.0"
| #define PACKAGE_BUGREPORT "cloog-development@googlegroups.com"
| #define PACKAGE_URL ""
| #define PACKAGE "cloog"
| #define VERSION "0.20.0"
| #define STDC_HEADERS 1
| #define HAVE_SYS_TYPES_H 1
| #define HAVE_SYS_STAT_H 1
| #define HAVE_STDLIB_H 1
| #define HAVE_STRING_H 1
| #define HAVE_MEMORY_H 1
| #define HAVE_STRINGS_H 1
| #define HAVE_INTTYPES_H 1
| #define HAVE_STDINT_H 1
| #define HAVE_UNISTD_H 1
| #define HAVE_DLFCN_H 1
| #define LT_OBJDIR ".libs/"
| /* end confdefs.h.  */
| 
| int
| main ()
| {
| 
|   ;
|   return 0;
| }
configure:9820: result: no
configure:9837: checking for gcc architecture flag
configure:9839: result: unknown
configure:9861: checking whether C compiler accepts -O3 -fomit-frame-pointer -malign-double -fstrict-aliasing -ffast-math
configure:9876: /usr/bin/cc -c -O3 -fomit-frame-pointer -malign-double -fstrict-aliasing -ffast-math  conftest.c >&5
configure:9876: $? = 0
configure:9884: result: yes
configure:9905: checking CFLAGS_WARN for maximum warnings
configure:9932: /usr/bin/cc -c -O3 -fomit-frame-pointer -malign-double -fstrict-aliasing -ffast-math -pedantic  -Wall  conftest.c >&5
configure:9932: $? = 0
configure:9946: result: -Wall
configure:9959: : CFLAGS_WARN="$CFLAGS_WARN $ac_cv_cflags_warn_all"
configure:9962: $? = 0
configure:9970: checking for an ANSI C-conforming const
configure:10036: /usr/bin/cc -c -O3 -fomit-frame-pointer -malign-double -fstrict-aliasing -ffast-math  conftest.c >&5
configure:10036: $? = 0
configure:10043: result: yes
configure:10051: checking for size_t
configure:10051: /usr/bin/cc -c -O3 -fomit-frame-pointer -malign-double -fstrict-aliasing -ffast-math  conftest.c >&5
configure:10051: $? = 0
configure:10051: /usr/bin/cc -c -O3 -fomit-frame-pointer -malign-double -fstrict-aliasing -ffast-math  conftest.c >&5
conftest.c: In function 'main':
conftest.c:59:21: error: expected expression before ')' token
   59 | if (sizeof ((size_t)))
      |                     ^
configure:10051: $? = 1
configure: failed program was:
| /* confdefs.h */
| #define PACKAGE_NAME "cloog"
| #define PACKAGE_TARNAME "cloog"
| #define PACKAGE_VERSION "0.20.0"
| #define PACKAGE_STRING "cloog 0.20.0"
| #define PACKAGE_BUGREPORT "cloog-development@googlegroups.com"
| #define PACKAGE_URL ""
| #define PACKAGE "cloog"
| #define VERSION "0.20.0"
| #define STDC_HEADERS 1
| #define HAVE_SYS_TYPES_H 1
| #define HAVE_SYS_STAT_H 1
| #define HAVE_STDLIB_H 1
| #define HAVE_STRING_H 1
| #define HAVE_MEMORY_H 1
| #define HAVE_STRINGS_H 1
| #define HAVE_INTTYPES_H 1
| #define HAVE_STDINT_H 1
| #define HAVE_UNISTD_H 1
| #define HAVE_DLFCN_H 1
| #define LT_OBJDIR ".libs/"
| /* end confdefs.h.  */
| #include <stdio.h>
| #ifdef HAVE_SYS_TYPES_H
| # include <sys/types.h>
| #endif
| #ifdef HAVE_SYS_STAT_H
| # include <sys/stat.h>
| #endif
| #ifdef STDC_HEADERS
| # include <stdlib.h>
| # include <stddef.h>
| #else
| # ifdef HAVE_STDLIB_H
| #  include <stdlib.h>
| # endif
| #endif
| #ifdef HAVE_STRING_H
| # if !defined STDC_HEADERS && defined HAVE_MEMORY_H
| #  include <memory.h>
| # endif
| # include <string.h>
| #endif
| #ifdef HAVE_STRINGS_H
| # include <strings.h>
| #endif
| #ifdef HAVE_INTTYPES_H
| # include <inttypes.h>
| #endif
| #ifdef HAVE_STDINT_H
| # include <stdint.h>
| #endif
| #ifdef HAVE_UNISTD_H
| # include <unistd.h>
| #endif
| int
| main ()
| {
| if (sizeof ((size_t)))
| 	    return 0;
|   ;
|   return 0;
| }
configure:10051: result: yes
configure:10065: checking for ANSI C header files
configure:10169: result: yes
configure:10181: checking for strtol
configure:10181: /usr/bin/cc -o conftest -O3 -fomit-frame-pointer -malign-double -fstrict-aliasing -ffast-math   conftest.c  >&5
configure:10181: $? = 0
configure:10181: result: yes
configure:10195: checking for getrusage
configure:10195: /usr/bin/cc -o conftest -O3 -fomit-frame-pointer -malign-double -fstrict-aliasing -ffast-math   conftest.c  >&5
configure:10195: $? = 0
configure:10195: result: yes

## ---------------------- ##
## Running config.status. ##
## ---------------------- ##

This file was extended by isl config.status 0.21, which was
generated by GNU Autoconf 2.69.  Invocation command line was

  CONFIG_FILES    = 
  CONFIG_HEADERS  = 
  CONFIG_LINKS    = 
  CONFIG_COMMANDS = 
  $ ../isl/config.status --file=-

on huangl

configure:10249: isl sources in /home/huangl/workspace/RfCgraTrans/pluto/isl
configure:10278: checking which isl to use
configure:10280: result: build
configure:10368: checking which gmp to use
configure:10370: result: system
configure:10397: checking gmp.h usability
configure:10397: /usr/bin/cc -c -O3 -fomit-frame-pointer -malign-double -fstrict-aliasing -ffast-math  conftest.c >&5
configure:10397: $? = 0
configure:10397: result: yes
configure:10397: checking gmp.h presence
configure:10397: /usr/bin/cc -E  conftest.c
configure:10397: $? = 0
configure:10397: result: yes
configure:10397: checking for gmp.h
configure:10397: result: yes
configure:10405: checking for __gmpz_init in -lgmp
configure:10430: /usr/bin/cc -o conftest -O3 -fomit-frame-pointer -malign-double -fstrict-aliasing -ffast-math  -L/lib  conftest.c -lgmp   >&5
configure:10430: $? = 0
configure:10439: result: yes
configure:10447: checking whether mp_get_memory_functions is declared
configure:10447: /usr/bin/cc -c -O3 -fomit-frame-pointer -malign-double -fstrict-aliasing -ffast-math  conftest.c >&5
configure:10447: $? = 0
configure:10447: result: yes
configure:10507: checking isl/val_gmp.h usability
configure:10507: /usr/bin/cc -c -O3 -fomit-frame-pointer -malign-double -fstrict-aliasing -ffast-math -I/home/huangl/workspace/RfCgraTrans/pluto/isl/include -I../isl/include  conftest.c >&5
configure:10507: $? = 0
configure:10507: result: yes
configure:10507: checking isl/val_gmp.h presence
configure:10507: /usr/bin/cc -E -I/home/huangl/workspace/RfCgraTrans/pluto/isl/include -I../isl/include  conftest.c
configure:10507: $? = 0
configure:10507: result: yes
configure:10507: checking for isl/val_gmp.h
configure:10507: result: yes

## ---------------------- ##
## Running config.status. ##
## ---------------------- ##

This file was extended by osl config.status 0.9.2, which was
generated by GNU Autoconf 2.69.  Invocation command line was

  CONFIG_FILES    = 
  CONFIG_HEADERS  = 
  CONFIG_LINKS    = 
  CONFIG_COMMANDS = 
  $ ../openscop/config.status --file=-

on huangl

configure:10608: osl sources in /home/huangl/workspace/RfCgraTrans/pluto/openscop
configure:10637: checking which osl to use
configure:10639: result: build
configure:10711: checking our pkgconfig libname
configure:10719: result: cloog-isl
configure:10722: checking our pkgconfig version
configure:10730: result: 0.20.0
configure:10733: checking our pkgconfig_libdir
configure:10740: result: ${libdir}/pkgconfig
configure:10743: result: expanded our pkgconfig_libdir... /home/huangl/workspace/RfCgraTrans/build/pluto/lib/pkgconfig
configure:10747: checking our pkgconfig_libfile
configure:10753: result: cloog-isl.pc
configure:10760: checking our package / suffix
configure:10764: result: cloog-isl / 
configure:10767: checking our pkgconfig description
configure:10774: result: cloog-isl Library
configure:10777: checking our pkgconfig requires
configure:10782: result: 
configure:10785: checking our pkgconfig ext libs
configure:10792: result: -lcloog-isl -lgmp
configure:10795: checking our pkgconfig cppflags
configure:10800: result: -DISL_USING_GMP_VAL=1
configure:10803: checking our pkgconfig ldflags
configure:10808: result: -L/lib
configure:10848: result: noninstalled pkgconfig -L /home/huangl/workspace/RfCgraTrans/pluto/cloog-isl/.libs
configure:10883: result: noninstalled pkgconfig -I /home/huangl/workspace/RfCgraTrans/pluto/cloog-isl/./include
configure:11055: checking that generated files are newer than configure
configure:11061: result: done
configure:11108: creating ./config.status

## ---------------------- ##
## Running config.status. ##
## ---------------------- ##

This file was extended by cloog config.status 0.20.0, which was
generated by GNU Autoconf 2.69.  Invocation command line was

  CONFIG_FILES    = 
  CONFIG_HEADERS  = 
  CONFIG_LINKS    = 
  CONFIG_COMMANDS = 
  $ ./config.status 

on huangl

config.status:1066: creating Makefile
config.status:1066: creating autoconf/Doxyfile
config.status:1066: creating source/version.c
config.status:1066: creating include/cloog/int.h
config.status:1066: creating include/cloog/version.h
config.status:1066: creating genversion.sh
config.status:1238: executing depfiles commands
config.status:1315: cd .       && sed -e '/# am--include-marker/d' Makefile         | make -f - am--depfiles
make: Nothing to be done for 'am--depfiles'.
config.status:1320: $? = 0
config.status:1238: executing libtool commands
config.status:1238: executing cloog-isl.pc commands
config.status:1890: creating cloog-isl.pc.in
config.status:1913: creating cloog-isl.pc
config.status:1939: creating cloog-isl-uninstalled.pc
config.status:1969: creating cloog-isl-uninstalled.sh
config.status:1238: executing version.h commands
config.status:1238: executing doc/gitversion.texi commands

## ---------------- ##
## Cache variables. ##
## ---------------- ##

ac_cv_build=x86_64-pc-linux-gnu
ac_cv_c_compiler_gnu=yes
ac_cv_c_const=yes
ac_cv_cflags_warn_all=-Wall
ac_cv_env_CC_set=set
ac_cv_env_CC_value=/usr/bin/cc
ac_cv_env_CFLAGS_set=
ac_cv_env_CFLAGS_value=
ac_cv_env_CPPFLAGS_set=
ac_cv_env_CPPFLAGS_value=
ac_cv_env_CPP_set=
ac_cv_env_CPP_value=
ac_cv_env_LDFLAGS_set=
ac_cv_env_LDFLAGS_value=
ac_cv_env_LIBS_set=
ac_cv_env_LIBS_value=
ac_cv_env_LT_SYS_LIBRARY_PATH_set=
ac_cv_env_LT_SYS_LIBRARY_PATH_value=
ac_cv_env_build_alias_set=
ac_cv_env_build_alias_value=
ac_cv_env_host_alias_set=
ac_cv_env_host_alias_value=
ac_cv_env_target_alias_set=
ac_cv_env_target_alias_value=
ac_cv_func_getrusage=yes
ac_cv_func_strtol=yes
ac_cv_have_decl_mp_get_memory_functions=yes
ac_cv_header_dlfcn_h=yes
ac_cv_header_gmp_h=yes
ac_cv_header_inttypes_h=yes
ac_cv_header_isl_val_gmp_h=yes
ac_cv_header_memory_h=yes
ac_cv_header_stdc=yes
ac_cv_header_stdint_h=yes
ac_cv_header_stdlib_h=yes
ac_cv_header_string_h=yes
ac_cv_header_strings_h=yes
ac_cv_header_sys_stat_h=yes
ac_cv_header_sys_types_h=yes
ac_cv_header_unistd_h=yes
ac_cv_host=x86_64-pc-linux-gnu
ac_cv_lib_gmp___gmpz_init=yes
ac_cv_objext=o
ac_cv_path_EGREP='/usr/bin/grep -E'
ac_cv_path_FGREP='/usr/bin/grep -F'
ac_cv_path_GREP=/usr/bin/grep
ac_cv_path_SED=/usr/bin/sed
ac_cv_path_install='/usr/bin/install -c'
ac_cv_path_lt_DD=/usr/bin/dd
ac_cv_path_mkdir=/usr/bin/mkdir
ac_cv_prog_AWK=gawk
ac_cv_prog_CPP='/usr/bin/cc -E'
ac_cv_prog_TEXI2DVI=texi2dvi
ac_cv_prog_ac_ct_AR=ar
ac_cv_prog_ac_ct_CC=/usr/bin/cc
ac_cv_prog_ac_ct_MANIFEST_TOOL=mt
ac_cv_prog_ac_ct_OBJDUMP=objdump
ac_cv_prog_ac_ct_RANLIB=ranlib
ac_cv_prog_ac_ct_STRIP=strip
ac_cv_prog_cc_c89=
ac_cv_prog_cc_g=yes
ac_cv_prog_make_make_set=yes
ac_cv_type_size_t=yes
am_cv_CC_dependencies_compiler_type=gcc3
am_cv_make_support_nested_variables=yes
am_cv_prog_cc_c_o=yes
ax_cv_c_compiler_vendor=gnu
ax_cv_c_flags__O3__fomit_frame_pointer__malign_double__fstrict_aliasing__ffast_math=yes
ax_cv_c_flags__ffast_math=yes
ax_cv_c_flags__fstrict_aliasing=yes
ax_cv_c_flags__malign_double=yes
ax_cv_c_flags__march_pentium2=no
ax_cv_c_flags__march_pentiumpro=no
ax_cv_c_flags__mcpu_pentium2=no
ax_cv_c_flags__mcpu_pentiumpro=no
ax_cv_c_flags__mpentium2=no
ax_cv_c_flags__mpentiumpro=no
ax_cv_gcc_archflag=unknown
ax_cv_gcc_x86_cpuid_0=1c:756e6547:6c65746e:49656e69
ax_cv_gcc_x86_cpuid_1=906a3:a200800:fffa3223:1f8bfbff
lt_cv_ar_at_file=@
lt_cv_archive_cmds_need_lc=no
lt_cv_deplibs_check_method=pass_all
lt_cv_file_magic_cmd='$MAGIC_CMD'
lt_cv_file_magic_test_file=
lt_cv_ld_reload_flag=-r
lt_cv_nm_interface='BSD nm'
lt_cv_objdir=.libs
lt_cv_path_LD=/usr/bin/ld
lt_cv_path_NM='/usr/bin/nm -B'
lt_cv_path_mainfest_tool=no
lt_cv_prog_compiler_c_o=yes
lt_cv_prog_compiler_pic='-fPIC -DPIC'
lt_cv_prog_compiler_pic_works=yes
lt_cv_prog_compiler_rtti_exceptions=no
lt_cv_prog_compiler_static_works=yes
lt_cv_prog_gnu_ld=yes
lt_cv_sharedlib_from_linklib_cmd='printf %s\n'
lt_cv_shlibpath_overrides_runpath=yes
lt_cv_sys_global_symbol_pipe='sed -n -e '\''s/^.*[	 ]\([ABCDGIRSTW][ABCDGIRSTW]*\)[	 ][	 ]*\([_A-Za-z][_A-Za-z0-9]*\)$/\1 \2 \2/p'\'' | sed '\''/ __gnu_lto/d'\'''
lt_cv_sys_global_symbol_to_c_name_address='sed -n -e '\''s/^: \(.*\) .*$/  {"\1", (void *) 0},/p'\'' -e '\''s/^[ABCDGIRSTW][ABCDGIRSTW]* .* \(.*\)$/  {"\1", (void *) \&\1},/p'\'''
lt_cv_sys_global_symbol_to_c_name_address_lib_prefix='sed -n -e '\''s/^: \(.*\) .*$/  {"\1", (void *) 0},/p'\'' -e '\''s/^[ABCDGIRSTW][ABCDGIRSTW]* .* \(lib.*\)$/  {"\1", (void *) \&\1},/p'\'' -e '\''s/^[ABCDGIRSTW][ABCDGIRSTW]* .* \(.*\)$/  {"lib\1", (void *) \&\1},/p'\'''
lt_cv_sys_global_symbol_to_cdecl='sed -n -e '\''s/^T .* \(.*\)$/extern int \1();/p'\'' -e '\''s/^[ABCDGIRSTW][ABCDGIRSTW]* .* \(.*\)$/extern char \1;/p'\'''
lt_cv_sys_global_symbol_to_import=
lt_cv_sys_max_cmd_len=1572864
lt_cv_to_host_file_cmd=func_convert_file_noop
lt_cv_to_tool_file_cmd=func_convert_file_noop
lt_cv_truncate_bin='/usr/bin/dd bs=4096 count=1'

## ----------------- ##
## Output variables. ##
## ----------------- ##

ACLOCAL='${SHELL} /home/huangl/workspace/RfCgraTrans/pluto/cloog-isl/autoconf/missing aclocal-1.16'
AMDEPBACKSLASH='\'
AMDEP_FALSE='#'
AMDEP_TRUE=''
AMTAR='$${TAR-tar}'
AM_BACKSLASH='\'
AM_DEFAULT_V='$(AM_DEFAULT_VERBOSITY)'
AM_DEFAULT_VERBOSITY='0'
AM_V='$(V)'
AR='ar'
AUTOCONF='${SHELL} /home/huangl/workspace/RfCgraTrans/pluto/cloog-isl/autoconf/missing autoconf'
AUTOHEADER='${SHELL} /home/huangl/workspace/RfCgraTrans/pluto/cloog-isl/autoconf/missing autoheader'
AUTOMAKE='${SHELL} /home/huangl/workspace/RfCgraTrans/pluto/cloog-isl/autoconf/missing automake-1.16'
AWK='gawk'
BITS='gmp'
BUNDLED_ISL_FALSE=''
BUNDLED_ISL_TRUE='#'
BUNDLED_OSL_FALSE=''
BUNDLED_OSL_TRUE='#'
CC='/usr/bin/cc'
CCDEPMODE='depmode=gcc3'
CD=''
CFLAGS='-O3 -fomit-frame-pointer -malign-double -fstrict-aliasing -ffast-math'
CFLAGS_WARN=' -Wall'
CLOOG_INT_CONFIGURE='CLOOG_INT_GMP'
CPP='/usr/bin/cc -E'
CPPFLAGS='-DISL_USING_GMP_VAL=1 '
CYGPATH_W='echo'
DEFS='-DPACKAGE_NAME=\"cloog\" -DPACKAGE_TARNAME=\"cloog\" -DPACKAGE_VERSION=\"0.20.0\" -DPACKAGE_STRING=\"cloog\ 0.20.0\" -DPACKAGE_BUGREPORT=\"cloog-development@googlegroups.com\" -DPACKAGE_URL=\"\" -DPACKAGE=\"cloog\" -DVERSION=\"0.20.0\" -DSTDC_HEADERS=1 -DHAVE_SYS_TYPES_H=1 -DHAVE_SYS_STAT_H=1 -DHAVE_STDLIB_H=1 -DHAVE_STRING_H=1 -DHAVE_MEMORY_H=1 -DHAVE_STRINGS_H=1 -DHAVE_INTTYPES_H=1 -DHAVE_STDINT_H=1 -DHAVE_UNISTD_H=1 -DHAVE_DLFCN_H=1 -DLT_OBJDIR=\".libs/\" -DSTDC_HEADERS=1 -DHAVE_STRTOL=1 -DHAVE_GETRUSAGE=1 -DCLOOG_RUSAGE=/\*\*/ -DHAVE_DECL_MP_GET_MEMORY_FUNCTIONS=1'
DEPDIR='.deps'
DLLTOOL='false'
DSYMUTIL=''
DUMPBIN=''
ECHO_C=''
ECHO_N='-n'
ECHO_T=''
EGREP='/usr/bin/grep -E'
EXEEXT=''
FGREP='/usr/bin/grep -F'
GIT_INDEX=''
GREP='/usr/bin/grep'
HAVE_TEXI2DVI_FALSE='#'
HAVE_TEXI2DVI_TRUE=''
INSTALL='/usr/bin/install -c'
INSTALL_DATA='${INSTALL} -m 644'
INSTALL_PROGRAM='${INSTALL}'
INSTALL_SCRIPT='${INSTALL}'
INSTALL_STRIP_PROGRAM='$(install_sh) -c -s'
ISL_CPPFLAGS='-I/home/huangl/workspace/RfCgraTrans/pluto/isl/include -I../isl/include'
ISL_LDFLAGS=''
ISL_LIBS='../isl/libisl.la'
LD='/usr/bin/ld -m elf_x86_64'
LDFLAGS='-L/lib '
LIBOBJS=''
LIBS=' -lgmp'
LIBTOOL='$(SHELL) $(top_builddir)/libtool'
LIPO=''
LN_S='ln -s'
LTLIBOBJS=''
LT_SYS_LIBRARY_PATH=''
MAKEINFO='${SHELL} /home/huangl/workspace/RfCgraTrans/pluto/cloog-isl/autoconf/missing makeinfo'
MANIFEST_TOOL=':'
MKDIR_P='/usr/bin/mkdir -p'
NEED_GET_MEMORY_FUNCTIONS_FALSE=''
NEED_GET_MEMORY_FUNCTIONS_TRUE='#'
NM='/usr/bin/nm -B'
NMEDIT=''
NO_ISL_FALSE=''
NO_ISL_TRUE='#'
NO_OSL_FALSE=''
NO_OSL_TRUE='#'
OBJDUMP='objdump'
OBJEXT='o'
OSL_CPPFLAGS='-DOSL_SUPPORT -I/home/huangl/workspace/RfCgraTrans/pluto/openscop/include -I../openscop/include'
OSL_LDFLAGS=''
OSL_LIBS='../openscop/libosl.la'
OTOOL64=''
OTOOL=''
PACKAGE='cloog'
PACKAGE_BUGREPORT='cloog-development@googlegroups.com'
PACKAGE_NAME='cloog-isl'
PACKAGE_STRING='cloog 0.20.0'
PACKAGE_TARNAME='cloog'
PACKAGE_URL=''
PACKAGE_VERSION='0.20.0'
PATH_SEPARATOR=':'
PRTDIAG=''
RANLIB='ranlib'
SED='/usr/bin/sed'
SET_MAKE=''
SHELL='/bin/bash'
STRIP='strip'
TEXI2DVI='texi2dvi'
VERSION='0.20.0'
VERSION_MAJOR='0'
VERSION_MINOR='20'
VERSION_REVISION='0'
ac_ct_AR='ar'
ac_ct_CC='/usr/bin/cc'
ac_ct_DUMPBIN=''
am__EXEEXT_FALSE=''
am__EXEEXT_TRUE='#'
am__fastdepCC_FALSE='#'
am__fastdepCC_TRUE=''
am__include='include'
am__isrc=''
am__leading_dot='.'
am__nodep='_no'
am__quote=''
am__tar='$${TAR-tar} chof - "$$tardir"'
am__untar='$${TAR-tar} xf -'
bindir='${exec_prefix}/bin'
build='x86_64-pc-linux-gnu'
build_alias=''
build_cpu='x86_64'
build_os='linux-gnu'
build_vendor='pc'
datadir='${datarootdir}'
datarootdir='${prefix}/share'
docdir='${datarootdir}/doc/${PACKAGE_TARNAME}'
dvidir='${docdir}'
exec_prefix='${prefix}'
host='x86_64-pc-linux-gnu'
host_alias=''
host_cpu='x86_64'
host_os='linux-gnu'
host_vendor='pc'
htmldir='${docdir}'
includedir='${prefix}/include'
infodir='${datarootdir}/info'
install_sh='${SHELL} /home/huangl/workspace/RfCgraTrans/pluto/cloog-isl/autoconf/install-sh'
libdir='${exec_prefix}/lib'
libexecdir='${exec_prefix}/libexec'
localedir='${datarootdir}/locale'
localstatedir='${prefix}/var'
mandir='${datarootdir}/man'
mkdir_p='$(MKDIR_P)'
oldincludedir='/usr/include'
pdfdir='${docdir}'
pkgconfig_libdir='${libdir}/pkgconfig'
pkgconfig_libfile='cloog-isl.pc'
prefix='/home/huangl/workspace/RfCgraTrans/build/pluto'
program_transform_name='s,x,x,'
psdir='${docdir}'
runstatedir='${localstatedir}/run'
sbindir='${exec_prefix}/sbin'
sharedstatedir='${prefix}/com'
subdirs=''
sysconfdir='${prefix}/etc'
target_alias=''
versioninfo='4:0:0'

## ----------- ##
## confdefs.h. ##
## ----------- ##

/* confdefs.h */
#define PACKAGE_NAME "cloog"
#define PACKAGE_TARNAME "cloog"
#define PACKAGE_VERSION "0.20.0"
#define PACKAGE_STRING "cloog 0.20.0"
#define PACKAGE_BUGREPORT "cloog-development@googlegroups.com"
#define PACKAGE_URL ""
#define PACKAGE "cloog"
#define VERSION "0.20.0"
#define STDC_HEADERS 1
#define HAVE_SYS_TYPES_H 1
#define HAVE_SYS_STAT_H 1
#define HAVE_STDLIB_H 1
#define HAVE_STRING_H 1
#define HAVE_MEMORY_H 1
#define HAVE_STRINGS_H 1
#define HAVE_INTTYPES_H 1
#define HAVE_STDINT_H 1
#define HAVE_UNISTD_H 1
#define HAVE_DLFCN_H 1
#define LT_OBJDIR ".libs/"
#define STDC_HEADERS 1
#define HAVE_STRTOL 1
#define HAVE_GETRUSAGE 1
#define CLOOG_RUSAGE /**/
#define HAVE_DECL_MP_GET_MEMORY_FUNCTIONS 1

configure: exit 0
