This file contains any messages produced by compilers while
running configure, to aid debugging if configure makes a mistake.

It was created by osl configure 0.9.2, which was
generated by GNU Autoconf 2.69.  Invocation command line was

  $ ../openscop/configure --with-gmp=system --with-gmp-prefix= --prefix=/home/huangl/workspace/RfCgraTrans/build/pluto

## --------- ##
## Platform. ##
## --------- ##

hostname = huangl
uname -m = x86_64
uname -r = 5.10.102.1-microsoft-standard-WSL2
uname -s = Linux
uname -v = #1 SMP Wed Mar 2 00:30:59 UTC 2022

/usr/bin/uname -p = x86_64
/bin/uname -X     = unknown

/bin/arch              = x86_64
/usr/bin/arch -k       = unknown
/usr/convex/getsysinfo = unknown
/usr/bin/hostinfo      = unknown
/bin/machine           = unknown
/usr/bin/oslevel       = unknown
/bin/universe          = unknown

PATH: ~/anaconda3/bin
PATH: /root/.vscode-server/bin/31c37ee8f63491495ac49e43b8544550fbae4533/bin/remote-cli
PATH: ~/anaconda3/bin
PATH: /usr/local/sbin
PATH: /usr/local/bin
PATH: /usr/sbin
PATH: /usr/bin
PATH: /sbin
PATH: /bin
PATH: /usr/games
PATH: /usr/local/games
PATH: /snap/bin


## ----------- ##
## Core tests. ##
## ----------- ##

configure:2353: checking for a BSD-compatible install
configure:2421: result: /usr/bin/install -c
configure:2432: checking whether build environment is sane
configure:2487: result: yes
configure:2636: checking for a thread-safe mkdir -p
configure:2675: result: /usr/bin/mkdir -p
configure:2682: checking for gawk
configure:2698: found /usr/bin/gawk
configure:2709: result: gawk
configure:2720: checking whether make sets $(MAKE)
configure:2742: result: yes
configure:2771: checking whether make supports nested variables
configure:2788: result: yes
configure:2925: checking whether make supports nested variables
configure:2942: result: yes
configure:3005: checking for gcc
configure:3032: result: /usr/bin/cc
configure:3261: checking for C compiler version
configure:3270: /usr/bin/cc --version >&5
cc (Ubuntu 9.4.0-1ubuntu1~20.04.1) 9.4.0
Copyright (C) 2019 Free Software Foundation, Inc.
This is free software; see the source for copying conditions.  There is NO
warranty; not even for MERCHANTABILITY or FITNESS FOR A PARTICULAR PURPOSE.

configure:3281: $? = 0
configure:3270: /usr/bin/cc -v >&5
Using built-in specs.
COLLECT_GCC=/usr/bin/cc
COLLECT_LTO_WRAPPER=/usr/lib/gcc/x86_64-linux-gnu/9/lto-wrapper
OFFLOAD_TARGET_NAMES=nvptx-none:hsa
OFFLOAD_TARGET_DEFAULT=1
Target: x86_64-linux-gnu
Configured with: ../src/configure -v --with-pkgversion='Ubuntu 9.4.0-1ubuntu1~20.04.1' --with-bugurl=file:///usr/share/doc/gcc-9/README.Bugs --enable-languages=c,ada,c++,go,brig,d,fortran,objc,obj-c++,gm2 --prefix=/usr --with-gcc-major-version-only --program-suffix=-9 --program-prefix=x86_64-linux-gnu- --enable-shared --enable-linker-build-id --libexecdir=/usr/lib --without-included-gettext --enable-threads=posix --libdir=/usr/lib --enable-nls --enable-clocale=gnu --enable-libstdcxx-debug --enable-libstdcxx-time=yes --with-default-libstdcxx-abi=new --enable-gnu-unique-object --disable-vtable-verify --enable-plugin --enable-default-pie --with-system-zlib --with-target-system-zlib=auto --enable-objc-gc=auto --enable-multiarch --disable-werror --with-arch-32=i686 --with-abi=m64 --with-multilib-list=m32,m64,mx32 --enable-multilib --with-tune=generic --enable-offload-targets=nvptx-none=/build/gcc-9-Av3uEd/gcc-9-9.4.0/debian/tmp-nvptx/usr,hsa --without-cuda-driver --enable-checking=release --build=x86_64-linux-gnu --host=x86_64-linux-gnu --target=x86_64-linux-gnu
Thread model: posix
gcc version 9.4.0 (Ubuntu 9.4.0-1ubuntu1~20.04.1) 
configure:3281: $? = 0
configure:3270: /usr/bin/cc -V >&5
cc: error: unrecognized command line option '-V'
cc: fatal error: no input files
compilation terminated.
configure:3281: $? = 1
configure:3270: /usr/bin/cc -qversion >&5
cc: error: unrecognized command line option '-qversion'; did you mean '--version'?
cc: fatal error: no input files
compilation terminated.
configure:3281: $? = 1
configure:3301: checking whether the C compiler works
configure:3323: /usr/bin/cc    conftest.c  >&5
configure:3327: $? = 0
configure:3375: result: yes
configure:3378: checking for C compiler default output file name
configure:3380: result: a.out
configure:3386: checking for suffix of executables
configure:3393: /usr/bin/cc -o conftest    conftest.c  >&5
configure:3397: $? = 0
configure:3419: result: 
configure:3441: checking whether we are cross compiling
configure:3449: /usr/bin/cc -o conftest    conftest.c  >&5
configure:3453: $? = 0
configure:3460: ./conftest
configure:3464: $? = 0
configure:3452: result: no
configure:3457: checking for suffix of object files
configure:3479: /usr/bin/cc -c   conftest.c >&5
configure:3483: $? = 0
configure:3504: result: o
configure:3508: checking whether we are using the GNU C compiler
configure:3527: /usr/bin/cc -c   conftest.c >&5
configure:3527: $? = 0
configure:3536: result: yes
configure:3545: checking whether /usr/bin/cc accepts -g
configure:3565: /usr/bin/cc -c -g  conftest.c >&5
configure:3565: $? = 0
configure:3606: result: yes
configure:3623: checking for /usr/bin/cc option to accept ISO C89
configure:3686: /usr/bin/cc  -c -g -O2  conftest.c >&5
configure:3686: $? = 0
configure:3699: result: none needed
configure:3724: checking whether /usr/bin/cc understands -c and -o together
configure:3746: /usr/bin/cc -c conftest.c -o conftest2.o
configure:3749: $? = 0
configure:3746: /usr/bin/cc -c conftest.c -o conftest2.o
configure:3749: $? = 0
configure:3761: result: yes
configure:3781: checking whether make supports the include directive
configure:3796: make -f confmf.GNU && cat confinc.out
this is the am__doit target
configure:3799: $? = 0
configure:3818: result: yes (GNU style)
configure:3843: checking dependency style of /usr/bin/cc
configure:3954: result: gcc3
configure:3969: checking whether ln -s works
configure:3973: result: yes
configure:3980: checking whether make sets $(MAKE)
configure:4002: result: yes
configure:4013: checking for cd
configure:4043: result: no
configure:4078: checking build system type
configure:4092: result: x86_64-pc-linux-gnu
configure:4112: checking host system type
configure:4125: result: x86_64-pc-linux-gnu
configure:4166: checking how to print strings
configure:4193: result: printf
configure:4214: checking for a sed that does not truncate output
configure:4278: result: /usr/bin/sed
configure:4296: checking for grep that handles long lines and -e
configure:4354: result: /usr/bin/grep
configure:4359: checking for egrep
configure:4421: result: /usr/bin/grep -E
configure:4426: checking for fgrep
configure:4488: result: /usr/bin/grep -F
configure:4523: checking for ld used by /usr/bin/cc
configure:4590: result: /usr/bin/ld
configure:4597: checking if the linker (/usr/bin/ld) is GNU ld
configure:4612: result: yes
configure:4624: checking for BSD- or MS-compatible name lister (nm)
configure:4678: result: /usr/bin/nm -B
configure:4808: checking the name lister (/usr/bin/nm -B) interface
configure:4815: /usr/bin/cc -c -g -O2  conftest.c >&5
configure:4818: /usr/bin/nm -B "conftest.o"
configure:4821: output
0000000000000000 B some_variable
configure:4822: result: BSD nm
configure:4826: checking the maximum length of command line arguments
configure:4957: result: 1572864
configure:5005: checking how to convert x86_64-pc-linux-gnu file names to x86_64-pc-linux-gnu format
configure:5045: result: func_convert_file_noop
configure:5052: checking how to convert x86_64-pc-linux-gnu file names to toolchain format
configure:5072: result: func_convert_file_noop
configure:5079: checking for /usr/bin/ld option to reload object files
configure:5086: result: -r
configure:5160: checking for objdump
configure:5176: found /usr/bin/objdump
configure:5187: result: objdump
configure:5219: checking how to recognize dependent libraries
configure:5419: result: pass_all
configure:5504: checking for dlltool
configure:5534: result: no
configure:5564: checking how to associate runtime and link libraries
configure:5591: result: printf %s\n
configure:5652: checking for ar
configure:5668: found /usr/bin/ar
configure:5679: result: ar
configure:5716: checking for archiver @FILE support
configure:5733: /usr/bin/cc -c -g -O2  conftest.c >&5
configure:5733: $? = 0
configure:5736: ar cr libconftest.a @conftest.lst >&5
configure:5739: $? = 0
configure:5744: ar cr libconftest.a @conftest.lst >&5
ar: conftest.o: No such file or directory
configure:5747: $? = 1
configure:5746: result: @
configure:5804: checking for strip
configure:5820: found /usr/bin/strip
configure:5831: result: strip
configure:5903: checking for ranlib
configure:5919: found /usr/bin/ranlib
configure:5930: result: ranlib
configure:6032: checking command to parse /usr/bin/nm -B output from /usr/bin/cc object
configure:6185: /usr/bin/cc -c -g -O2  conftest.c >&5
configure:6188: $? = 0
configure:6192: /usr/bin/nm -B conftest.o | sed -n -e 's/^.*[	 ]\([ABCDGIRSTW][ABCDGIRSTW]*\)[	 ][	 ]*\([_A-Za-z][_A-Za-z0-9]*\)$/\1 \2 \2/p' | sed '/ __gnu_lto/d' > conftest.nm
configure:6258: /usr/bin/cc -o conftest -g -O2   conftest.c conftstm.o >&5
configure:6261: $? = 0
configure:6299: result: ok
configure:6346: checking for sysroot
configure:6376: result: no
configure:6383: checking for a working dd
configure:6421: result: /usr/bin/dd
configure:6425: checking how to truncate binary pipes
configure:6440: result: /usr/bin/dd bs=4096 count=1
configure:6576: /usr/bin/cc -c -g -O2  conftest.c >&5
configure:6579: $? = 0
configure:6769: checking for mt
configure:6785: found /usr/bin/mt
configure:6796: result: mt
configure:6819: checking if mt is a manifest tool
configure:6825: mt '-?'
configure:6833: result: no
configure:7510: checking how to run the C preprocessor
configure:7541: /usr/bin/cc -E  conftest.c
configure:7541: $? = 0
configure:7555: /usr/bin/cc -E  conftest.c
conftest.c:11:10: fatal error: ac_nonexistent.h: No such file or directory
   11 | #include <ac_nonexistent.h>
      |          ^~~~~~~~~~~~~~~~~~
compilation terminated.
configure:7555: $? = 1
configure: failed program was:
| /* confdefs.h */
| #define PACKAGE_NAME "osl"
| #define PACKAGE_TARNAME "osl"
| #define PACKAGE_VERSION "0.9.2"
| #define PACKAGE_STRING "osl 0.9.2"
| #define PACKAGE_BUGREPORT "cedric.bastoul@u-psud.fr,pouchet@cse.ohio-state.edu"
| #define PACKAGE_URL ""
| #define PACKAGE "osl"
| #define VERSION "0.9.2"
| /* end confdefs.h.  */
| #include <ac_nonexistent.h>
configure:7580: result: /usr/bin/cc -E
configure:7600: /usr/bin/cc -E  conftest.c
configure:7600: $? = 0
configure:7614: /usr/bin/cc -E  conftest.c
conftest.c:11:10: fatal error: ac_nonexistent.h: No such file or directory
   11 | #include <ac_nonexistent.h>
      |          ^~~~~~~~~~~~~~~~~~
compilation terminated.
configure:7614: $? = 1
configure: failed program was:
| /* confdefs.h */
| #define PACKAGE_NAME "osl"
| #define PACKAGE_TARNAME "osl"
| #define PACKAGE_VERSION "0.9.2"
| #define PACKAGE_STRING "osl 0.9.2"
| #define PACKAGE_BUGREPORT "cedric.bastoul@u-psud.fr,pouchet@cse.ohio-state.edu"
| #define PACKAGE_URL ""
| #define PACKAGE "osl"
| #define VERSION "0.9.2"
| /* end confdefs.h.  */
| #include <ac_nonexistent.h>
configure:7643: checking for ANSI C header files
configure:7663: /usr/bin/cc -c -g -O2  conftest.c >&5
configure:7663: $? = 0
configure:7736: /usr/bin/cc -o conftest -g -O2   conftest.c  >&5
configure:7736: $? = 0
configure:7736: ./conftest
configure:7736: $? = 0
configure:7747: result: yes
configure:7760: checking for sys/types.h
configure:7760: /usr/bin/cc -c -g -O2  conftest.c >&5
configure:7760: $? = 0
configure:7760: result: yes
configure:7760: checking for sys/stat.h
configure:7760: /usr/bin/cc -c -g -O2  conftest.c >&5
configure:7760: $? = 0
configure:7760: result: yes
configure:7760: checking for stdlib.h
configure:7760: /usr/bin/cc -c -g -O2  conftest.c >&5
configure:7760: $? = 0
configure:7760: result: yes
configure:7760: checking for string.h
configure:7760: /usr/bin/cc -c -g -O2  conftest.c >&5
configure:7760: $? = 0
configure:7760: result: yes
configure:7760: checking for memory.h
configure:7760: /usr/bin/cc -c -g -O2  conftest.c >&5
configure:7760: $? = 0
configure:7760: result: yes
configure:7760: checking for strings.h
configure:7760: /usr/bin/cc -c -g -O2  conftest.c >&5
configure:7760: $? = 0
configure:7760: result: yes
configure:7760: checking for inttypes.h
configure:7760: /usr/bin/cc -c -g -O2  conftest.c >&5
configure:7760: $? = 0
configure:7760: result: yes
configure:7760: checking for stdint.h
configure:7760: /usr/bin/cc -c -g -O2  conftest.c >&5
configure:7760: $? = 0
configure:7760: result: yes
configure:7760: checking for unistd.h
configure:7760: /usr/bin/cc -c -g -O2  conftest.c >&5
configure:7760: $? = 0
configure:7760: result: yes
configure:7774: checking for dlfcn.h
configure:7774: /usr/bin/cc -c -g -O2  conftest.c >&5
configure:7774: $? = 0
configure:7774: result: yes
configure:8030: checking for objdir
configure:8045: result: .libs
configure:8309: checking if /usr/bin/cc supports -fno-rtti -fno-exceptions
configure:8327: /usr/bin/cc -c -g -O2  -fno-rtti -fno-exceptions conftest.c >&5
cc1: warning: command line option '-fno-rtti' is valid for C++/D/ObjC++ but not for C
configure:8331: $? = 0
configure:8344: result: no
configure:8708: checking for /usr/bin/cc option to produce PIC
configure:8715: result: -fPIC -DPIC
configure:8723: checking if /usr/bin/cc PIC flag -fPIC -DPIC works
configure:8741: /usr/bin/cc -c -g -O2  -fPIC -DPIC -DPIC conftest.c >&5
configure:8745: $? = 0
configure:8758: result: yes
configure:8787: checking if /usr/bin/cc static flag -static works
configure:8815: result: yes
configure:8830: checking if /usr/bin/cc supports -c -o file.o
configure:8851: /usr/bin/cc -c -g -O2  -o out/conftest2.o conftest.c >&5
configure:8855: $? = 0
configure:8877: result: yes
configure:8885: checking if /usr/bin/cc supports -c -o file.o
configure:8932: result: yes
configure:8965: checking whether the /usr/bin/cc linker (/usr/bin/ld -m elf_x86_64) supports shared libraries
configure:10228: result: yes
configure:10265: checking whether -lc should be explicitly linked in
configure:10273: /usr/bin/cc -c -g -O2  conftest.c >&5
configure:10276: $? = 0
configure:10291: /usr/bin/cc -shared  -fPIC -DPIC conftest.o  -v -Wl,-soname -Wl,conftest -o conftest 2\>\&1 \| /usr/bin/grep  -lc  \>/dev/null 2\>\&1
configure:10294: $? = 0
configure:10308: result: no
configure:10468: checking dynamic linker characteristics
configure:11049: /usr/bin/cc -o conftest -g -O2   -Wl,-rpath -Wl,/foo conftest.c  >&5
configure:11049: $? = 0
configure:11298: result: GNU/Linux ld.so
configure:11420: checking how to hardcode library paths into programs
configure:11445: result: immediate
configure:11993: checking whether stripping libraries is possible
configure:11998: result: yes
configure:12033: checking if libtool supports shared libraries
configure:12035: result: yes
configure:12038: checking whether to build shared libraries
configure:12063: result: yes
configure:12066: checking whether to build static libraries
configure:12070: result: yes
configure:8888: checking for doxygen
configure:8918: result: no
configure:8931: checking for texi2pdf
configure:8947: found /usr/bin/texi2pdf
configure:8958: result: texi2pdf
configure:8979: checking for C compiler vendor
configure:9026: /usr/bin/cc -c -g -O2  conftest.c >&5
conftest.c: In function 'main':
conftest.c:29:9: error: 'thisisanerror' undeclared (first use in this function)
   29 |         thisisanerror;
      |         ^~~~~~~~~~~~~
conftest.c:29:9: note: each undeclared identifier is reported only once for each function it appears in
configure:9026: $? = 1
configure: failed program was:
| /* confdefs.h */
| #define PACKAGE_NAME "osl"
| #define PACKAGE_TARNAME "osl"
| #define PACKAGE_VERSION "0.9.2"
| #define PACKAGE_STRING "osl 0.9.2"
| #define PACKAGE_BUGREPORT "cedric.bastoul@u-psud.fr,pouchet@cse.ohio-state.edu"
| #define PACKAGE_URL ""
| #define PACKAGE "osl"
| #define VERSION "0.9.2"
| #define STDC_HEADERS 1
| #define HAVE_SYS_TYPES_H 1
| #define HAVE_SYS_STAT_H 1
| #define HAVE_STDLIB_H 1
| #define HAVE_STRING_H 1
| #define HAVE_MEMORY_H 1
| #define HAVE_STRINGS_H 1
| #define HAVE_INTTYPES_H 1
| #define HAVE_STDINT_H 1
| #define HAVE_UNISTD_H 1
| #define HAVE_DLFCN_H 1
| #define LT_OBJDIR ".libs/"
| /* end confdefs.h.  */
| 
| int
| main ()
| {
| 
|       #if !(defined(__ICC) || defined(__ECC) || defined(__INTEL_COMPILER))
|         thisisanerror;
|       #endif
| 
|   ;
|   return 0;
| }
configure:9026: /usr/bin/cc -c -g -O2  conftest.c >&5
conftest.c: In function 'main':
conftest.c:29:9: error: 'thisisanerror' undeclared (first use in this function)
   29 |         thisisanerror;
      |         ^~~~~~~~~~~~~
conftest.c:29:9: note: each undeclared identifier is reported only once for each function it appears in
configure:9026: $? = 1
configure: failed program was:
| /* confdefs.h */
| #define PACKAGE_NAME "osl"
| #define PACKAGE_TARNAME "osl"
| #define PACKAGE_VERSION "0.9.2"
| #define PACKAGE_STRING "osl 0.9.2"
| #define PACKAGE_BUGREPORT "cedric.bastoul@u-psud.fr,pouchet@cse.ohio-state.edu"
| #define PACKAGE_URL ""
| #define PACKAGE "osl"
| #define VERSION "0.9.2"
| #define STDC_HEADERS 1
| #define HAVE_SYS_TYPES_H 1
| #define HAVE_SYS_STAT_H 1
| #define HAVE_STDLIB_H 1
| #define HAVE_STRING_H 1
| #define HAVE_MEMORY_H 1
| #define HAVE_STRINGS_H 1
| #define HAVE_INTTYPES_H 1
| #define HAVE_STDINT_H 1
| #define HAVE_UNISTD_H 1
| #define HAVE_DLFCN_H 1
| #define LT_OBJDIR ".libs/"
| /* end confdefs.h.  */
| 
| int
| main ()
| {
| 
|       #if !(defined(__xlc__) || defined(__xlC__) || defined(__IBMC__) || defined(__IBMCPP__))
|         thisisanerror;
|       #endif
| 
|   ;
|   return 0;
| }
configure:9026: /usr/bin/cc -c -g -O2  conftest.c >&5
conftest.c: In function 'main':
conftest.c:29:9: error: 'thisisanerror' undeclared (first use in this function)
   29 |         thisisanerror;
      |         ^~~~~~~~~~~~~
conftest.c:29:9: note: each undeclared identifier is reported only once for each function it appears in
configure:9026: $? = 1
configure: failed program was:
| /* confdefs.h */
| #define PACKAGE_NAME "osl"
| #define PACKAGE_TARNAME "osl"
| #define PACKAGE_VERSION "0.9.2"
| #define PACKAGE_STRING "osl 0.9.2"
| #define PACKAGE_BUGREPORT "cedric.bastoul@u-psud.fr,pouchet@cse.ohio-state.edu"
| #define PACKAGE_URL ""
| #define PACKAGE "osl"
| #define VERSION "0.9.2"
| #define STDC_HEADERS 1
| #define HAVE_SYS_TYPES_H 1
| #define HAVE_SYS_STAT_H 1
| #define HAVE_STDLIB_H 1
| #define HAVE_STRING_H 1
| #define HAVE_MEMORY_H 1
| #define HAVE_STRINGS_H 1
| #define HAVE_INTTYPES_H 1
| #define HAVE_STDINT_H 1
| #define HAVE_UNISTD_H 1
| #define HAVE_DLFCN_H 1
| #define LT_OBJDIR ".libs/"
| /* end confdefs.h.  */
| 
| int
| main ()
| {
| 
|       #if !(defined(__PATHCC__) || defined(__PATHSCALE__))
|         thisisanerror;
|       #endif
| 
|   ;
|   return 0;
| }
configure:9026: /usr/bin/cc -c -g -O2  conftest.c >&5
conftest.c: In function 'main':
conftest.c:29:9: error: 'thisisanerror' undeclared (first use in this function)
   29 |         thisisanerror;
      |         ^~~~~~~~~~~~~
conftest.c:29:9: note: each undeclared identifier is reported only once for each function it appears in
configure:9026: $? = 1
configure: failed program was:
| /* confdefs.h */
| #define PACKAGE_NAME "osl"
| #define PACKAGE_TARNAME "osl"
| #define PACKAGE_VERSION "0.9.2"
| #define PACKAGE_STRING "osl 0.9.2"
| #define PACKAGE_BUGREPORT "cedric.bastoul@u-psud.fr,pouchet@cse.ohio-state.edu"
| #define PACKAGE_URL ""
| #define PACKAGE "osl"
| #define VERSION "0.9.2"
| #define STDC_HEADERS 1
| #define HAVE_SYS_TYPES_H 1
| #define HAVE_SYS_STAT_H 1
| #define HAVE_STDLIB_H 1
| #define HAVE_STRING_H 1
| #define HAVE_MEMORY_H 1
| #define HAVE_STRINGS_H 1
| #define HAVE_INTTYPES_H 1
| #define HAVE_STDINT_H 1
| #define HAVE_UNISTD_H 1
| #define HAVE_DLFCN_H 1
| #define LT_OBJDIR ".libs/"
| /* end confdefs.h.  */
| 
| int
| main ()
| {
| 
|       #if !(defined(__clang__))
|         thisisanerror;
|       #endif
| 
|   ;
|   return 0;
| }
configure:9026: /usr/bin/cc -c -g -O2  conftest.c >&5
conftest.c: In function 'main':
conftest.c:29:9: error: 'thisisanerror' undeclared (first use in this function)
   29 |         thisisanerror;
      |         ^~~~~~~~~~~~~
conftest.c:29:9: note: each undeclared identifier is reported only once for each function it appears in
configure:9026: $? = 1
configure: failed program was:
| /* confdefs.h */
| #define PACKAGE_NAME "osl"
| #define PACKAGE_TARNAME "osl"
| #define PACKAGE_VERSION "0.9.2"
| #define PACKAGE_STRING "osl 0.9.2"
| #define PACKAGE_BUGREPORT "cedric.bastoul@u-psud.fr,pouchet@cse.ohio-state.edu"
| #define PACKAGE_URL ""
| #define PACKAGE "osl"
| #define VERSION "0.9.2"
| #define STDC_HEADERS 1
| #define HAVE_SYS_TYPES_H 1
| #define HAVE_SYS_STAT_H 1
| #define HAVE_STDLIB_H 1
| #define HAVE_STRING_H 1
| #define HAVE_MEMORY_H 1
| #define HAVE_STRINGS_H 1
| #define HAVE_INTTYPES_H 1
| #define HAVE_STDINT_H 1
| #define HAVE_UNISTD_H 1
| #define HAVE_DLFCN_H 1
| #define LT_OBJDIR ".libs/"
| /* end confdefs.h.  */
| 
| int
| main ()
| {
| 
|       #if !(defined(_CRAYC))
|         thisisanerror;
|       #endif
| 
|   ;
|   return 0;
| }
configure:9026: /usr/bin/cc -c -g -O2  conftest.c >&5
conftest.c: In function 'main':
conftest.c:29:9: error: 'thisisanerror' undeclared (first use in this function)
   29 |         thisisanerror;
      |         ^~~~~~~~~~~~~
conftest.c:29:9: note: each undeclared identifier is reported only once for each function it appears in
configure:9026: $? = 1
configure: failed program was:
| /* confdefs.h */
| #define PACKAGE_NAME "osl"
| #define PACKAGE_TARNAME "osl"
| #define PACKAGE_VERSION "0.9.2"
| #define PACKAGE_STRING "osl 0.9.2"
| #define PACKAGE_BUGREPORT "cedric.bastoul@u-psud.fr,pouchet@cse.ohio-state.edu"
| #define PACKAGE_URL ""
| #define PACKAGE "osl"
| #define VERSION "0.9.2"
| #define STDC_HEADERS 1
| #define HAVE_SYS_TYPES_H 1
| #define HAVE_SYS_STAT_H 1
| #define HAVE_STDLIB_H 1
| #define HAVE_STRING_H 1
| #define HAVE_MEMORY_H 1
| #define HAVE_STRINGS_H 1
| #define HAVE_INTTYPES_H 1
| #define HAVE_STDINT_H 1
| #define HAVE_UNISTD_H 1
| #define HAVE_DLFCN_H 1
| #define LT_OBJDIR ".libs/"
| /* end confdefs.h.  */
| 
| int
| main ()
| {
| 
|       #if !(defined(__FUJITSU))
|         thisisanerror;
|       #endif
| 
|   ;
|   return 0;
| }
configure:9026: /usr/bin/cc -c -g -O2  conftest.c >&5
configure:9026: $? = 0
configure:9034: result: gnu
configure:9293: checking whether C compiler accepts -malign-double
configure:9312: /usr/bin/cc -c -malign-double  conftest.c >&5
configure:9312: $? = 0
configure:9322: result: yes
configure:9332: checking whether C compiler accepts -fstrict-aliasing
configure:9351: /usr/bin/cc -c -fstrict-aliasing  conftest.c >&5
configure:9351: $? = 0
configure:9361: result: yes
configure:9371: checking whether C compiler accepts -ffast-math
configure:9390: /usr/bin/cc -c -ffast-math  conftest.c >&5
configure:9390: $? = 0
configure:9400: result: yes
configure:9421: checking for gcc architecture flag
configure:9423: result: 
configure:9445: checking for x86 cpuid 0 output
configure:9474: /usr/bin/cc -o conftest -O3 -fomit-frame-pointer -malign-double -fstrict-aliasing -ffast-math   conftest.c  >&5
configure:9474: $? = 0
configure:9474: ./conftest
configure:9474: $? = 0
configure:9484: result: 1c:756e6547:6c65746e:49656e69
configure:9500: checking for x86 cpuid 1 output
configure:9529: /usr/bin/cc -o conftest -O3 -fomit-frame-pointer -malign-double -fstrict-aliasing -ffast-math   conftest.c  >&5
configure:9529: $? = 0
configure:9529: ./conftest
configure:9529: $? = 0
configure:9539: result: 906a3:12200800:fffa3223:1f8bfbff
configure:9753: checking whether C compiler accepts -march=pentium2
configure:9768: /usr/bin/cc -c -march=pentium2  conftest.c >&5
cc1: error: CPU you selected does not support x86-64 instruction set
cc1: error: '-fcf-protection=full' is not supported for this target
configure:9768: $? = 1
configure: failed program was:
| /* confdefs.h */
| #define PACKAGE_NAME "osl"
| #define PACKAGE_TARNAME "osl"
| #define PACKAGE_VERSION "0.9.2"
| #define PACKAGE_STRING "osl 0.9.2"
| #define PACKAGE_BUGREPORT "cedric.bastoul@u-psud.fr,pouchet@cse.ohio-state.edu"
| #define PACKAGE_URL ""
| #define PACKAGE "osl"
| #define VERSION "0.9.2"
| #define STDC_HEADERS 1
| #define HAVE_SYS_TYPES_H 1
| #define HAVE_SYS_STAT_H 1
| #define HAVE_STDLIB_H 1
| #define HAVE_STRING_H 1
| #define HAVE_MEMORY_H 1
| #define HAVE_STRINGS_H 1
| #define HAVE_INTTYPES_H 1
| #define HAVE_STDINT_H 1
| #define HAVE_UNISTD_H 1
| #define HAVE_DLFCN_H 1
| #define LT_OBJDIR ".libs/"
| /* end confdefs.h.  */
| 
| int
| main ()
| {
| 
|   ;
|   return 0;
| }
configure:9776: result: no
configure:9753: checking whether C compiler accepts -mcpu=pentium2
configure:9768: /usr/bin/cc -c -mcpu=pentium2  conftest.c >&5
cc: warning: '-mcpu=' is deprecated; use '-mtune=' or '-march=' instead
cc1: error: CPU you selected does not support x86-64 instruction set
configure:9768: $? = 1
configure: failed program was:
| /* confdefs.h */
| #define PACKAGE_NAME "osl"
| #define PACKAGE_TARNAME "osl"
| #define PACKAGE_VERSION "0.9.2"
| #define PACKAGE_STRING "osl 0.9.2"
| #define PACKAGE_BUGREPORT "cedric.bastoul@u-psud.fr,pouchet@cse.ohio-state.edu"
| #define PACKAGE_URL ""
| #define PACKAGE "osl"
| #define VERSION "0.9.2"
| #define STDC_HEADERS 1
| #define HAVE_SYS_TYPES_H 1
| #define HAVE_SYS_STAT_H 1
| #define HAVE_STDLIB_H 1
| #define HAVE_STRING_H 1
| #define HAVE_MEMORY_H 1
| #define HAVE_STRINGS_H 1
| #define HAVE_INTTYPES_H 1
| #define HAVE_STDINT_H 1
| #define HAVE_UNISTD_H 1
| #define HAVE_DLFCN_H 1
| #define LT_OBJDIR ".libs/"
| /* end confdefs.h.  */
| 
| int
| main ()
| {
| 
|   ;
|   return 0;
| }
configure:9776: result: no
configure:9753: checking whether C compiler accepts -mpentium2
configure:9768: /usr/bin/cc -c -mpentium2  conftest.c >&5
cc: error: unrecognized command line option '-mpentium2'; did you mean '-march=pentium2'?
configure:9768: $? = 1
configure: failed program was:
| /* confdefs.h */
| #define PACKAGE_NAME "osl"
| #define PACKAGE_TARNAME "osl"
| #define PACKAGE_VERSION "0.9.2"
| #define PACKAGE_STRING "osl 0.9.2"
| #define PACKAGE_BUGREPORT "cedric.bastoul@u-psud.fr,pouchet@cse.ohio-state.edu"
| #define PACKAGE_URL ""
| #define PACKAGE "osl"
| #define VERSION "0.9.2"
| #define STDC_HEADERS 1
| #define HAVE_SYS_TYPES_H 1
| #define HAVE_SYS_STAT_H 1
| #define HAVE_STDLIB_H 1
| #define HAVE_STRING_H 1
| #define HAVE_MEMORY_H 1
| #define HAVE_STRINGS_H 1
| #define HAVE_INTTYPES_H 1
| #define HAVE_STDINT_H 1
| #define HAVE_UNISTD_H 1
| #define HAVE_DLFCN_H 1
| #define LT_OBJDIR ".libs/"
| /* end confdefs.h.  */
| 
| int
| main ()
| {
| 
|   ;
|   return 0;
| }
configure:9776: result: no
configure:9753: checking whether C compiler accepts -march=pentiumpro
configure:9768: /usr/bin/cc -c -march=pentiumpro  conftest.c >&5
cc1: error: CPU you selected does not support x86-64 instruction set
cc1: error: '-fcf-protection=full' is not supported for this target
configure:9768: $? = 1
configure: failed program was:
| /* confdefs.h */
| #define PACKAGE_NAME "osl"
| #define PACKAGE_TARNAME "osl"
| #define PACKAGE_VERSION "0.9.2"
| #define PACKAGE_STRING "osl 0.9.2"
| #define PACKAGE_BUGREPORT "cedric.bastoul@u-psud.fr,pouchet@cse.ohio-state.edu"
| #define PACKAGE_URL ""
| #define PACKAGE "osl"
| #define VERSION "0.9.2"
| #define STDC_HEADERS 1
| #define HAVE_SYS_TYPES_H 1
| #define HAVE_SYS_STAT_H 1
| #define HAVE_STDLIB_H 1
| #define HAVE_STRING_H 1
| #define HAVE_MEMORY_H 1
| #define HAVE_STRINGS_H 1
| #define HAVE_INTTYPES_H 1
| #define HAVE_STDINT_H 1
| #define HAVE_UNISTD_H 1
| #define HAVE_DLFCN_H 1
| #define LT_OBJDIR ".libs/"
| /* end confdefs.h.  */
| 
| int
| main ()
| {
| 
|   ;
|   return 0;
| }
configure:9776: result: no
configure:9753: checking whether C compiler accepts -mcpu=pentiumpro
configure:9768: /usr/bin/cc -c -mcpu=pentiumpro  conftest.c >&5
cc: warning: '-mcpu=' is deprecated; use '-mtune=' or '-march=' instead
cc1: error: CPU you selected does not support x86-64 instruction set
configure:9768: $? = 1
configure: failed program was:
| /* confdefs.h */
| #define PACKAGE_NAME "osl"
| #define PACKAGE_TARNAME "osl"
| #define PACKAGE_VERSION "0.9.2"
| #define PACKAGE_STRING "osl 0.9.2"
| #define PACKAGE_BUGREPORT "cedric.bastoul@u-psud.fr,pouchet@cse.ohio-state.edu"
| #define PACKAGE_URL ""
| #define PACKAGE "osl"
| #define VERSION "0.9.2"
| #define STDC_HEADERS 1
| #define HAVE_SYS_TYPES_H 1
| #define HAVE_SYS_STAT_H 1
| #define HAVE_STDLIB_H 1
| #define HAVE_STRING_H 1
| #define HAVE_MEMORY_H 1
| #define HAVE_STRINGS_H 1
| #define HAVE_INTTYPES_H 1
| #define HAVE_STDINT_H 1
| #define HAVE_UNISTD_H 1
| #define HAVE_DLFCN_H 1
| #define LT_OBJDIR ".libs/"
| /* end confdefs.h.  */
| 
| int
| main ()
| {
| 
|   ;
|   return 0;
| }
configure:9776: result: no
configure:9753: checking whether C compiler accepts -mpentiumpro
configure:9768: /usr/bin/cc -c -mpentiumpro  conftest.c >&5
cc: error: unrecognized command line option '-mpentiumpro'; did you mean '-march=pentiumpro'?
configure:9768: $? = 1
configure: failed program was:
| /* confdefs.h */
| #define PACKAGE_NAME "osl"
| #define PACKAGE_TARNAME "osl"
| #define PACKAGE_VERSION "0.9.2"
| #define PACKAGE_STRING "osl 0.9.2"
| #define PACKAGE_BUGREPORT "cedric.bastoul@u-psud.fr,pouchet@cse.ohio-state.edu"
| #define PACKAGE_URL ""
| #define PACKAGE "osl"
| #define VERSION "0.9.2"
| #define STDC_HEADERS 1
| #define HAVE_SYS_TYPES_H 1
| #define HAVE_SYS_STAT_H 1
| #define HAVE_STDLIB_H 1
| #define HAVE_STRING_H 1
| #define HAVE_MEMORY_H 1
| #define HAVE_STRINGS_H 1
| #define HAVE_INTTYPES_H 1
| #define HAVE_STDINT_H 1
| #define HAVE_UNISTD_H 1
| #define HAVE_DLFCN_H 1
| #define LT_OBJDIR ".libs/"
| /* end confdefs.h.  */
| 
| int
| main ()
| {
| 
|   ;
|   return 0;
| }
configure:9776: result: no
configure:9793: checking for gcc architecture flag
configure:9795: result: unknown
configure:9817: checking whether C compiler accepts -O3 -fomit-frame-pointer -malign-double -fstrict-aliasing -ffast-math
configure:9832: /usr/bin/cc -c -O3 -fomit-frame-pointer -malign-double -fstrict-aliasing -ffast-math  conftest.c >&5
configure:9832: $? = 0
configure:9840: result: yes
configure:9861: checking CFLAGS_WARN for maximum warnings
configure:9888: /usr/bin/cc -c -O3 -fomit-frame-pointer -malign-double -fstrict-aliasing -ffast-math -pedantic  -Wall  conftest.c >&5
configure:9888: $? = 0
configure:9902: result: -Wall
configure:9915: : CFLAGS_WARN="$CFLAGS_WARN $ac_cv_cflags_warn_all"
configure:9918: $? = 0
configure:9926: checking for an ANSI C-conforming const
configure:9992: /usr/bin/cc -c -O3 -fomit-frame-pointer -malign-double -fstrict-aliasing -ffast-math  conftest.c >&5
configure:9992: $? = 0
configure:9999: result: yes
configure:10007: checking for size_t
configure:10007: /usr/bin/cc -c -O3 -fomit-frame-pointer -malign-double -fstrict-aliasing -ffast-math  conftest.c >&5
configure:10007: $? = 0
configure:10007: /usr/bin/cc -c -O3 -fomit-frame-pointer -malign-double -fstrict-aliasing -ffast-math  conftest.c >&5
conftest.c: In function 'main':
conftest.c:59:21: error: expected expression before ')' token
   59 | if (sizeof ((size_t)))
      |                     ^
configure:10007: $? = 1
configure: failed program was:
| /* confdefs.h */
| #define PACKAGE_NAME "osl"
| #define PACKAGE_TARNAME "osl"
| #define PACKAGE_VERSION "0.9.2"
| #define PACKAGE_STRING "osl 0.9.2"
| #define PACKAGE_BUGREPORT "cedric.bastoul@u-psud.fr,pouchet@cse.ohio-state.edu"
| #define PACKAGE_URL ""
| #define PACKAGE "osl"
| #define VERSION "0.9.2"
| #define STDC_HEADERS 1
| #define HAVE_SYS_TYPES_H 1
| #define HAVE_SYS_STAT_H 1
| #define HAVE_STDLIB_H 1
| #define HAVE_STRING_H 1
| #define HAVE_MEMORY_H 1
| #define HAVE_STRINGS_H 1
| #define HAVE_INTTYPES_H 1
| #define HAVE_STDINT_H 1
| #define HAVE_UNISTD_H 1
| #define HAVE_DLFCN_H 1
| #define LT_OBJDIR ".libs/"
| /* end confdefs.h.  */
| #include <stdio.h>
| #ifdef HAVE_SYS_TYPES_H
| # include <sys/types.h>
| #endif
| #ifdef HAVE_SYS_STAT_H
| # include <sys/stat.h>
| #endif
| #ifdef STDC_HEADERS
| # include <stdlib.h>
| # include <stddef.h>
| #else
| # ifdef HAVE_STDLIB_H
| #  include <stdlib.h>
| # endif
| #endif
| #ifdef HAVE_STRING_H
| # if !defined STDC_HEADERS && defined HAVE_MEMORY_H
| #  include <memory.h>
| # endif
| # include <string.h>
| #endif
| #ifdef HAVE_STRINGS_H
| # include <strings.h>
| #endif
| #ifdef HAVE_INTTYPES_H
| # include <inttypes.h>
| #endif
| #ifdef HAVE_STDINT_H
| # include <stdint.h>
| #endif
| #ifdef HAVE_UNISTD_H
| # include <unistd.h>
| #endif
| int
| main ()
| {
| if (sizeof ((size_t)))
| 	    return 0;
|   ;
|   return 0;
| }
configure:10007: result: yes
configure:10019: checking for ANSI C header files
configure:10123: result: yes
configure:10134: checking errno.h usability
configure:10134: /usr/bin/cc -c -O3 -fomit-frame-pointer -malign-double -fstrict-aliasing -ffast-math  conftest.c >&5
configure:10134: $? = 0
configure:10134: result: yes
configure:10134: checking errno.h presence
configure:10134: /usr/bin/cc -E  conftest.c
configure:10134: $? = 0
configure:10134: result: yes
configure:10134: checking for errno.h
configure:10134: result: yes
configure:10134: checking stddef.h usability
configure:10134: /usr/bin/cc -c -O3 -fomit-frame-pointer -malign-double -fstrict-aliasing -ffast-math  conftest.c >&5
configure:10134: $? = 0
configure:10134: result: yes
configure:10134: checking stddef.h presence
configure:10134: /usr/bin/cc -E  conftest.c
configure:10134: $? = 0
configure:10134: result: yes
configure:10134: checking for stddef.h
configure:10134: result: yes
configure:10134: checking for stdlib.h
configure:10134: result: yes
configure:10134: checking for string.h
configure:10134: result: yes
configure:10134: checking for strings.h
configure:10134: result: yes
configure:10134: checking for unistd.h
configure:10134: result: yes
configure:10147: checking for strtol
configure:10147: /usr/bin/cc -o conftest -O3 -fomit-frame-pointer -malign-double -fstrict-aliasing -ffast-math   conftest.c  >&5
configure:10147: $? = 0
configure:10147: result: yes
configure:10243: checking which gmp to use
configure:10245: result: system
configure:10263: checking for __gmpz_init in -lgmp
configure:10288: /usr/bin/cc -o conftest -O3 -fomit-frame-pointer -malign-double -fstrict-aliasing -ffast-math -DOSL_GMP_IS_HERE   conftest.c -lgmp  -lgmp  >&5
configure:10288: $? = 0
configure:10297: result: yes
configure:10314: checking gmp.h usability
configure:10314: /usr/bin/cc -c -O3 -fomit-frame-pointer -malign-double -fstrict-aliasing -ffast-math -DOSL_GMP_IS_HERE  conftest.c >&5
configure:10314: $? = 0
configure:10314: result: yes
configure:10314: checking gmp.h presence
configure:10314: /usr/bin/cc -E -DOSL_GMP_IS_HERE  conftest.c
configure:10314: $? = 0
configure:10314: result: yes
configure:10314: checking for gmp.h
configure:10314: result: yes
configure:10475: checking that generated files are newer than configure
configure:10481: result: done
configure:10508: creating ./config.status

## ---------------------- ##
## Running config.status. ##
## ---------------------- ##

This file was extended by osl config.status 0.9.2, which was
generated by GNU Autoconf 2.69.  Invocation command line was

  CONFIG_FILES    = 
  CONFIG_HEADERS  = 
  CONFIG_LINKS    = 
  CONFIG_COMMANDS = 
  $ ./config.status 

on huangl

config.status:1018: creating Makefile
config.status:1018: creating doc/Doxyfile
config.status:1018: creating include/osl/scop.h
config.status:1190: executing depfiles commands
config.status:1267: cd .       && sed -e '/# am--include-marker/d' Makefile         | make -f - am--depfiles
make: Nothing to be done for 'am--depfiles'.
config.status:1272: $? = 0
config.status:1190: executing libtool commands

## ---------------- ##
## Cache variables. ##
## ---------------- ##

ac_cv_build=x86_64-pc-linux-gnu
ac_cv_c_compiler_gnu=yes
ac_cv_c_const=yes
ac_cv_cflags_warn_all=-Wall
ac_cv_env_CC_set=set
ac_cv_env_CC_value=/usr/bin/cc
ac_cv_env_CFLAGS_set=
ac_cv_env_CFLAGS_value=
ac_cv_env_CPPFLAGS_set=
ac_cv_env_CPPFLAGS_value=
ac_cv_env_CPP_set=
ac_cv_env_CPP_value=
ac_cv_env_LDFLAGS_set=
ac_cv_env_LDFLAGS_value=
ac_cv_env_LIBS_set=
ac_cv_env_LIBS_value=
ac_cv_env_LT_SYS_LIBRARY_PATH_set=
ac_cv_env_LT_SYS_LIBRARY_PATH_value=
ac_cv_env_build_alias_set=
ac_cv_env_build_alias_value=
ac_cv_env_host_alias_set=
ac_cv_env_host_alias_value=
ac_cv_env_target_alias_set=
ac_cv_env_target_alias_value=
ac_cv_func_strtol=yes
ac_cv_header_dlfcn_h=yes
ac_cv_header_errno_h=yes
ac_cv_header_gmp_h=yes
ac_cv_header_inttypes_h=yes
ac_cv_header_memory_h=yes
ac_cv_header_stdc=yes
ac_cv_header_stddef_h=yes
ac_cv_header_stdint_h=yes
ac_cv_header_stdlib_h=yes
ac_cv_header_string_h=yes
ac_cv_header_strings_h=yes
ac_cv_header_sys_stat_h=yes
ac_cv_header_sys_types_h=yes
ac_cv_header_unistd_h=yes
ac_cv_host=x86_64-pc-linux-gnu
ac_cv_lib_gmp___gmpz_init=yes
ac_cv_objext=o
ac_cv_path_EGREP='/usr/bin/grep -E'
ac_cv_path_FGREP='/usr/bin/grep -F'
ac_cv_path_GREP=/usr/bin/grep
ac_cv_path_SED=/usr/bin/sed
ac_cv_path_install='/usr/bin/install -c'
ac_cv_path_lt_DD=/usr/bin/dd
ac_cv_path_mkdir=/usr/bin/mkdir
ac_cv_prog_AWK=gawk
ac_cv_prog_CPP='/usr/bin/cc -E'
ac_cv_prog_TEXI2PDF=texi2pdf
ac_cv_prog_ac_ct_AR=ar
ac_cv_prog_ac_ct_CC=/usr/bin/cc
ac_cv_prog_ac_ct_MANIFEST_TOOL=mt
ac_cv_prog_ac_ct_OBJDUMP=objdump
ac_cv_prog_ac_ct_RANLIB=ranlib
ac_cv_prog_ac_ct_STRIP=strip
ac_cv_prog_cc_c89=
ac_cv_prog_cc_g=yes
ac_cv_prog_make_make_set=yes
ac_cv_type_size_t=yes
am_cv_CC_dependencies_compiler_type=gcc3
am_cv_make_support_nested_variables=yes
am_cv_prog_cc_c_o=yes
ax_cv_c_compiler_vendor=gnu
ax_cv_c_flags__O3__fomit_frame_pointer__malign_double__fstrict_aliasing__ffast_math=yes
ax_cv_c_flags__ffast_math=yes
ax_cv_c_flags__fstrict_aliasing=yes
ax_cv_c_flags__malign_double=yes
ax_cv_c_flags__march_pentium2=no
ax_cv_c_flags__march_pentiumpro=no
ax_cv_c_flags__mcpu_pentium2=no
ax_cv_c_flags__mcpu_pentiumpro=no
ax_cv_c_flags__mpentium2=no
ax_cv_c_flags__mpentiumpro=no
ax_cv_gcc_archflag=unknown
ax_cv_gcc_x86_cpuid_0=1c:756e6547:6c65746e:49656e69
ax_cv_gcc_x86_cpuid_1=906a3:12200800:fffa3223:1f8bfbff
lt_cv_ar_at_file=@
lt_cv_archive_cmds_need_lc=no
lt_cv_deplibs_check_method=pass_all
lt_cv_file_magic_cmd='$MAGIC_CMD'
lt_cv_file_magic_test_file=
lt_cv_ld_reload_flag=-r
lt_cv_nm_interface='BSD nm'
lt_cv_objdir=.libs
lt_cv_path_LD=/usr/bin/ld
lt_cv_path_NM='/usr/bin/nm -B'
lt_cv_path_mainfest_tool=no
lt_cv_prog_compiler_c_o=yes
lt_cv_prog_compiler_pic='-fPIC -DPIC'
lt_cv_prog_compiler_pic_works=yes
lt_cv_prog_compiler_rtti_exceptions=no
lt_cv_prog_compiler_static_works=yes
lt_cv_prog_gnu_ld=yes
lt_cv_sharedlib_from_linklib_cmd='printf %s\n'
lt_cv_shlibpath_overrides_runpath=yes
lt_cv_sys_global_symbol_pipe='sed -n -e '\''s/^.*[	 ]\([ABCDGIRSTW][ABCDGIRSTW]*\)[	 ][	 ]*\([_A-Za-z][_A-Za-z0-9]*\)$/\1 \2 \2/p'\'' | sed '\''/ __gnu_lto/d'\'''
lt_cv_sys_global_symbol_to_c_name_address='sed -n -e '\''s/^: \(.*\) .*$/  {"\1", (void *) 0},/p'\'' -e '\''s/^[ABCDGIRSTW][ABCDGIRSTW]* .* \(.*\)$/  {"\1", (void *) \&\1},/p'\'''
lt_cv_sys_global_symbol_to_c_name_address_lib_prefix='sed -n -e '\''s/^: \(.*\) .*$/  {"\1", (void *) 0},/p'\'' -e '\''s/^[ABCDGIRSTW][ABCDGIRSTW]* .* \(lib.*\)$/  {"\1", (void *) \&\1},/p'\'' -e '\''s/^[ABCDGIRSTW][ABCDGIRSTW]* .* \(.*\)$/  {"lib\1", (void *) \&\1},/p'\'''
lt_cv_sys_global_symbol_to_cdecl='sed -n -e '\''s/^T .* \(.*\)$/extern int \1();/p'\'' -e '\''s/^[ABCDGIRSTW][ABCDGIRSTW]* .* \(.*\)$/extern char \1;/p'\'''
lt_cv_sys_global_symbol_to_import=
lt_cv_sys_max_cmd_len=1572864
lt_cv_to_host_file_cmd=func_convert_file_noop
lt_cv_to_tool_file_cmd=func_convert_file_noop
lt_cv_truncate_bin='/usr/bin/dd bs=4096 count=1'

## ----------------- ##
## Output variables. ##
## ----------------- ##

ACLOCAL='${SHELL} /home/huangl/workspace/RfCgraTrans/pluto/openscop/autoconf/missing aclocal-1.16'
AMDEPBACKSLASH='\'
AMDEP_FALSE='#'
AMDEP_TRUE=''
AMTAR='$${TAR-tar}'
AM_BACKSLASH='\'
AM_DEFAULT_V='$(AM_DEFAULT_VERBOSITY)'
AM_DEFAULT_VERBOSITY='0'
AM_V='$(V)'
AR='ar'
AUTOCONF='${SHELL} /home/huangl/workspace/RfCgraTrans/pluto/openscop/autoconf/missing autoconf'
AUTOHEADER='${SHELL} /home/huangl/workspace/RfCgraTrans/pluto/openscop/autoconf/missing autoheader'
AUTOMAKE='${SHELL} /home/huangl/workspace/RfCgraTrans/pluto/openscop/autoconf/missing automake-1.16'
AWK='gawk'
CC='/usr/bin/cc'
CCDEPMODE='depmode=gcc3'
CD=''
CFLAGS='-O3 -fomit-frame-pointer -malign-double -fstrict-aliasing -ffast-math'
CFLAGS_WARN=' -Wall'
CPP='/usr/bin/cc -E'
CPPFLAGS='-DOSL_GMP_IS_HERE '
CYGPATH_W='echo'
DEFS='-DPACKAGE_NAME=\"osl\" -DPACKAGE_TARNAME=\"osl\" -DPACKAGE_VERSION=\"0.9.2\" -DPACKAGE_STRING=\"osl\ 0.9.2\" -DPACKAGE_BUGREPORT=\"cedric.bastoul@u-psud.fr,pouchet@cse.ohio-state.edu\" -DPACKAGE_URL=\"\" -DPACKAGE=\"osl\" -DVERSION=\"0.9.2\" -DSTDC_HEADERS=1 -DHAVE_SYS_TYPES_H=1 -DHAVE_SYS_STAT_H=1 -DHAVE_STDLIB_H=1 -DHAVE_STRING_H=1 -DHAVE_MEMORY_H=1 -DHAVE_STRINGS_H=1 -DHAVE_INTTYPES_H=1 -DHAVE_STDINT_H=1 -DHAVE_UNISTD_H=1 -DHAVE_DLFCN_H=1 -DLT_OBJDIR=\".libs/\" -DSTDC_HEADERS=1 -DHAVE_ERRNO_H=1 -DHAVE_STDDEF_H=1 -DHAVE_STDLIB_H=1 -DHAVE_STRING_H=1 -DHAVE_STRINGS_H=1 -DHAVE_UNISTD_H=1 -DHAVE_STRTOL=1 -DHAVE_LIBGMP=1'
DEPDIR='.deps'
DLLTOOL='false'
DOXYGEN='doxygen'
DSYMUTIL=''
DUMPBIN=''
ECHO_C=''
ECHO_N='-n'
ECHO_T=''
EGREP='/usr/bin/grep -E'
EXEEXT=''
FGREP='/usr/bin/grep -F'
GENERATE_DOC_FALSE='#'
GENERATE_DOC_TRUE=''
GREP='/usr/bin/grep'
INSTALL_DATA='${INSTALL} -m 644'
INSTALL_PROGRAM='${INSTALL}'
INSTALL_SCRIPT='${INSTALL}'
INSTALL_STRIP_PROGRAM='$(install_sh) -c -s'
LD='/usr/bin/ld -m elf_x86_64'
LDFLAGS=''
LIBOBJS=''
LIBS='-lgmp -lgmp '
LIBTOOL='$(SHELL) $(top_builddir)/libtool'
LIPO=''
LN_S='ln -s'
LTLIBOBJS=''
LT_SYS_LIBRARY_PATH=''
MAKEINFO='${SHELL} /home/huangl/workspace/RfCgraTrans/pluto/openscop/autoconf/missing makeinfo'
MANIFEST_TOOL=':'
MKDIR_P='/usr/bin/mkdir -p'
NM='/usr/bin/nm -B'
NMEDIT=''
OBJDUMP='objdump'
OBJEXT='o'
OTOOL64=''
OTOOL=''
PACKAGE='osl'
PACKAGE_BUGREPORT='cedric.bastoul@u-psud.fr,pouchet@cse.ohio-state.edu'
PACKAGE_NAME='osl'
PACKAGE_STRING='osl 0.9.2'
PACKAGE_TARNAME='osl'
PACKAGE_URL=''
PACKAGE_VERSION='0.9.2'
PATH_SEPARATOR=':'
PRTDIAG=''
RANLIB='ranlib'
SED='/usr/bin/sed'
SET_MAKE=''
SHELL='/bin/bash'
STRIP='strip'
TEXI2PDF='texi2pdf'
VERSION='0.9.2'
VERSION_MAJOR=''
VERSION_MINOR=''
VERSION_REVISION=''
abs_top_srcdir=''
ac_aux_dir='autoconf'
ac_ct_AR='ar'
ac_ct_CC='/usr/bin/cc'
ac_ct_DUMPBIN=''
am__EXEEXT_FALSE=''
am__EXEEXT_TRUE='#'
am__fastdepCC_FALSE='#'
am__fastdepCC_TRUE=''
am__include='include'
am__isrc=''
am__leading_dot='.'
am__nodep='_no'
am__quote=''
am__tar='$${TAR-tar} chof - "$$tardir"'
am__untar='$${TAR-tar} xf -'
bindir='${exec_prefix}/bin'
build='x86_64-pc-linux-gnu'
build_alias=''
build_cpu='x86_64'
build_os='linux-gnu'
build_vendor='pc'
datadir='${datarootdir}'
datarootdir='${prefix}/share'
docdir='${datarootdir}/doc/${PACKAGE_TARNAME}'
dvidir='${docdir}'
exec_prefix='${prefix}'
host='x86_64-pc-linux-gnu'
host_alias=''
host_cpu='x86_64'
host_os='linux-gnu'
host_vendor='pc'
htmldir='${docdir}'
includedir='${prefix}/include'
infodir='${datarootdir}/info'
install_sh='${SHELL} /home/huangl/workspace/RfCgraTrans/pluto/openscop/autoconf/install-sh'
libdir='${exec_prefix}/lib'
libexecdir='${exec_prefix}/libexec'
localedir='${datarootdir}/locale'
localstatedir='${prefix}/var'
mandir='${datarootdir}/man'
mkdir_p='$(MKDIR_P)'
oldincludedir='/usr/include'
pdfdir='${docdir}'
prefix='/home/huangl/workspace/RfCgraTrans/build/pluto'
program_transform_name='s,x,x,'
psdir='${docdir}'
runstatedir='${localstatedir}/run'
sbindir='${exec_prefix}/sbin'
sharedstatedir='${prefix}/com'
sysconfdir='${prefix}/etc'
target_alias=''

## ----------- ##
## confdefs.h. ##
## ----------- ##

/* confdefs.h */
#define PACKAGE_NAME "osl"
#define PACKAGE_TARNAME "osl"
#define PACKAGE_VERSION "0.9.2"
#define PACKAGE_STRING "osl 0.9.2"
#define PACKAGE_BUGREPORT "cedric.bastoul@u-psud.fr,pouchet@cse.ohio-state.edu"
#define PACKAGE_URL ""
#define PACKAGE "osl"
#define VERSION "0.9.2"
#define STDC_HEADERS 1
#define HAVE_SYS_TYPES_H 1
#define HAVE_SYS_STAT_H 1
#define HAVE_STDLIB_H 1
#define HAVE_STRING_H 1
#define HAVE_MEMORY_H 1
#define HAVE_STRINGS_H 1
#define HAVE_INTTYPES_H 1
#define HAVE_STDINT_H 1
#define HAVE_UNISTD_H 1
#define HAVE_DLFCN_H 1
#define LT_OBJDIR ".libs/"
#define STDC_HEADERS 1
#define HAVE_ERRNO_H 1
#define HAVE_STDDEF_H 1
#define HAVE_STDLIB_H 1
#define HAVE_STRING_H 1
#define HAVE_STRINGS_H 1
#define HAVE_UNISTD_H 1
#define HAVE_STRTOL 1
#define HAVE_LIBGMP 1

configure: exit 0
