
=======schedule=====

 II =  1

timeStep0  LSU N2T0_3 N4T0_11  PE 
timeStep1  LSU  PE 
timeStep2  LSU N6T2_22  PE N3T2_8 
timeStep3  LSU  PE N5T3_17 
timeStep4  LSU  PE N7T4_25 
timeStep5  LSU  PE 
timeStep6  LSU  PE N9T6_30 
timeStep7  LSU  PE 
timeStep8  LSU  PE N10T8_35 
timeStep9  LSU N11T9_39  PE 

The total number of register
begin 2 end 3 dif 0 startTime 0 endTime 2 useRe 2
begin 4 end 5 dif 0 startTime 0 endTime 3 useRe 3
begin 3 end 5 dif 0 startTime 2 endTime 3 useRe 1
begin 6 end 7 dif 0 startTime 2 endTime 4 useRe 2
begin 5 end 7 dif 0 startTime 3 endTime 4 useRe 1
begin 7 end 9 dif 0 startTime 4 endTime 6 useRe 2
begin 9 end 10 dif 0 startTime 6 endTime 8 useRe 2
begin 10 end 11 dif 0 startTime 8 endTime 9 useRe 1
begin 6 end 3 dif 1 startTime 2 endTime 2 useRe 1
begin 6 end 9 dif 2 startTime 2 endTime 6 useRe 6
  21
