

============ 0 PNU  Schedule==============

=======print_vars=====


 nodeID 2

 nodeID 3

 nodeID 4

 nodeID 5

 nodeID 6

 nodeID 7

 nodeID 9

 nodeID 10

 nodeID 11

=======print_cons=====

=======schedule=====

 II =  1

timeStep0  LSU  PE 
timeStep1  LSU  PE 
timeStep2  LSU  PE 
timeStep3  LSU  PE 
timeStep4  LSU  PE 
timeStep5  LSU  PE 
timeStep6  LSU  PE 
timeStep7  LSU  PE 
timeStep8  LSU  PE 
timeStep9  LSU  PE 

The total number of register
begin 2 end 3 dif 0 startTime 0 endTime 0 useRe 0
begin 4 end 5 dif 0 startTime 0 endTime 0 useRe 0
begin 3 end 5 dif 0 startTime 0 endTime 0 useRe 0
begin 6 end 7 dif 0 startTime 0 endTime 0 useRe 0
begin 5 end 7 dif 0 startTime 0 endTime 0 useRe 0
begin 7 end 9 dif 0 startTime 0 endTime 0 useRe 0
begin 9 end 10 dif 0 startTime 0 endTime 0 useRe 0
begin 10 end 11 dif 0 startTime 0 endTime 0 useRe 0
begin 6 end 3 dif 1 startTime 0 endTime 0 useRe 1
begin 6 end 9 dif 2 startTime 0 endTime 0 useRe 2
  3


============ 0 PNU  Schedule==============

=======print_vars=====


 nodeID 3

 nodeID 4

 nodeID 5

 nodeID 6

 nodeID 7

 nodeID 8

 nodeID 9

 nodeID 10

 nodeID 11

=======print_cons=====

=======schedule=====

 II =  1

timeStep0  LSU  PE 
timeStep1  LSU  PE 
timeStep2  LSU  PE 
timeStep3  LSU  PE 
timeStep4  LSU  PE 
timeStep5  LSU  PE 
timeStep6  LSU  PE 
timeStep7  LSU  PE 
timeStep8  LSU  PE 
timeStep9  LSU  PE 

The total number of register
begin 4 end 5 dif 0 startTime 0 endTime 0 useRe 0
begin 3 end 5 dif 0 startTime 0 endTime 0 useRe 0
begin 6 end 7 dif 0 startTime 0 endTime 0 useRe 0
begin 5 end 7 dif 0 startTime 0 endTime 0 useRe 0
begin 8 end 9 dif 0 startTime 0 endTime 0 useRe 0
begin 7 end 9 dif 0 startTime 0 endTime 0 useRe 0
begin 9 end 10 dif 0 startTime 0 endTime 0 useRe 0
begin 10 end 11 dif 0 startTime 0 endTime 0 useRe 0
begin 4 end 3 dif 1 startTime 0 endTime 0 useRe 1
begin 4 end 3 dif 2 startTime 0 endTime 0 useRe 2
  3


============ 0 PNU  Schedule==============

=======print_vars=====


 nodeID 2

 nodeID 3

 nodeID 4

 nodeID 5

 nodeID 6

 nodeID 7

 nodeID 9

 nodeID 10

 nodeID 11

=======print_cons=====

=======schedule=====

 II =  1

timeStep0  LSU  PE 
timeStep1  LSU  PE 
timeStep2  LSU  PE 
timeStep3  LSU  PE 
timeStep4  LSU  PE 
timeStep5  LSU  PE 
timeStep6  LSU  PE 
timeStep7  LSU  PE 
timeStep8  LSU  PE 
timeStep9  LSU  PE 

The total number of register
begin 2 end 3 dif 0 startTime 0 endTime 0 useRe 0
begin 4 end 5 dif 0 startTime 0 endTime 0 useRe 0
begin 3 end 5 dif 0 startTime 0 endTime 0 useRe 0
begin 6 end 7 dif 0 startTime 0 endTime 0 useRe 0
begin 5 end 7 dif 0 startTime 0 endTime 0 useRe 0
begin 7 end 9 dif 0 startTime 0 endTime 0 useRe 0
begin 9 end 10 dif 0 startTime 0 endTime 0 useRe 0
begin 10 end 11 dif 0 startTime 0 endTime 0 useRe 0
begin 6 end 3 dif 1 startTime 0 endTime 0 useRe 1
begin 6 end 9 dif 2 startTime 0 endTime 0 useRe 2
  3


============ 0 PNU  Schedule==============

=======print_vars=====


 nodeID 3

 nodeID 4

 nodeID 5

 nodeID 6

 nodeID 7

 nodeID 8

 nodeID 9

 nodeID 10

 nodeID 11

=======print_cons=====

=======schedule=====

 II =  1

timeStep0  LSU  PE 
timeStep1  LSU  PE 
timeStep2  LSU  PE 
timeStep3  LSU  PE 
timeStep4  LSU  PE 
timeStep5  LSU  PE 
timeStep6  LSU  PE 
timeStep7  LSU  PE 
timeStep8  LSU  PE 
timeStep9  LSU  PE 

The total number of register
begin 4 end 5 dif 0 startTime 0 endTime 0 useRe 0
begin 3 end 5 dif 0 startTime 0 endTime 0 useRe 0
begin 6 end 7 dif 0 startTime 0 endTime 0 useRe 0
begin 5 end 7 dif 0 startTime 0 endTime 0 useRe 0
begin 8 end 9 dif 0 startTime 0 endTime 0 useRe 0
begin 7 end 9 dif 0 startTime 0 endTime 0 useRe 0
begin 9 end 10 dif 0 startTime 0 endTime 0 useRe 0
begin 10 end 11 dif 0 startTime 0 endTime 0 useRe 0
begin 4 end 3 dif 1 startTime 0 endTime 0 useRe 1
begin 4 end 3 dif 2 startTime 0 endTime 0 useRe 2
  3


============ 0 PNU  Schedule==============

=======print_vars=====


 nodeID 2

 nodeID 3

 nodeID 4

 nodeID 5

 nodeID 6

 nodeID 7

 nodeID 9

 nodeID 10

 nodeID 11

=======print_cons=====

=======schedule=====

 II =  1

timeStep0  LSU  PE 
timeStep1  LSU  PE 
timeStep2  LSU  PE 
timeStep3  LSU  PE 
timeStep4  LSU  PE 
timeStep5  LSU  PE 
timeStep6  LSU  PE 
timeStep7  LSU  PE 
timeStep8  LSU  PE 
timeStep9  LSU  PE 

The total number of register
begin 2 end 3 dif 0 startTime 0 endTime 0 useRe 0
begin 4 end 5 dif 0 startTime 0 endTime 0 useRe 0
begin 3 end 5 dif 0 startTime 0 endTime 0 useRe 0
begin 6 end 7 dif 0 startTime 0 endTime 0 useRe 0
begin 5 end 7 dif 0 startTime 0 endTime 0 useRe 0
begin 7 end 9 dif 0 startTime 0 endTime 0 useRe 0
begin 9 end 10 dif 0 startTime 0 endTime 0 useRe 0
begin 10 end 11 dif 0 startTime 0 endTime 0 useRe 0
begin 6 end 3 dif 1 startTime 0 endTime 0 useRe 1
begin 6 end 9 dif 2 startTime 0 endTime 0 useRe 2
  3

=======schedule=====

 II =  1

timeStep0  LSU N4T0_11  PE 
timeStep1  LSU N6T1_21  PE 
timeStep2  LSU  PE 
timeStep3  LSU N2T3_6  PE 
timeStep4  LSU  PE N3T4_10 
timeStep5  LSU  PE N5T5_19 
timeStep6  LSU  PE N7T6_27 
timeStep7  LSU  PE N9T7_31 
timeStep8  LSU  PE N10T8_35 
timeStep9  LSU N11T9_39  PE 

The total number of register
begin 2 end 3 dif 0 startTime 3 endTime 4 useRe 1
begin 4 end 5 dif 0 startTime 0 endTime 5 useRe 5
begin 3 end 5 dif 0 startTime 4 endTime 5 useRe 1
begin 6 end 7 dif 0 startTime 1 endTime 6 useRe 5
begin 5 end 7 dif 0 startTime 5 endTime 6 useRe 1
begin 7 end 9 dif 0 startTime 6 endTime 7 useRe 1
begin 9 end 10 dif 0 startTime 7 endTime 8 useRe 1
begin 10 end 11 dif 0 startTime 8 endTime 9 useRe 1
begin 6 end 3 dif 1 startTime 1 endTime 4 useRe 4
begin 6 end 9 dif 2 startTime 1 endTime 7 useRe 8
  28
