
=======schedule=====

 II =  1

timeStep0  LSU N2T0_3 N6T0_20  PE 
timeStep1  LSU N4T1_12  PE N3T1_7 
timeStep2  LSU  PE 
timeStep3  LSU  PE N5T3_17 
timeStep4  LSU  PE 
timeStep5  LSU  PE 
timeStep6  LSU  PE N7T6_27 
timeStep7  LSU  PE N9T7_31 
timeStep8  LSU  PE N10T8_35 
timeStep9  LSU N11T9_39  PE 

The total number of register
begin 2 end 3 dif 0 startTime 0 endTime 1 useRe 1
begin 4 end 5 dif 0 startTime 1 endTime 3 useRe 2
begin 3 end 5 dif 0 startTime 1 endTime 3 useRe 2
begin 6 end 7 dif 0 startTime 0 endTime 6 useRe 6
begin 5 end 7 dif 0 startTime 3 endTime 6 useRe 3
begin 7 end 9 dif 0 startTime 6 endTime 7 useRe 1
begin 9 end 10 dif 0 startTime 7 endTime 8 useRe 1
begin 10 end 11 dif 0 startTime 8 endTime 9 useRe 1
begin 6 end 3 dif 1 startTime 0 endTime 1 useRe 2
begin 6 end 9 dif 2 startTime 0 endTime 7 useRe 9
  28
