

============ 4 PNU  Schedule==============

=======print_vars=====


 nodeID 2

 nodeID 3

 nodeID 4

 nodeID 5

 nodeID 6

 nodeID 7

 nodeID 9

 nodeID 10

 nodeID 11

=======print_cons=====

=======schedule=====

 II =  1

timeStep0  LSU  PE 
timeStep1  LSU  PE 
timeStep2  LSU  PE 
timeStep3  LSU  PE 
timeStep4  LSU  PE 
timeStep5  LSU  PE 
timeStep6  LSU  PE 
timeStep7  LSU  PE 
timeStep8  LSU  PE 
timeStep9  LSU  PE 

The total number of register
begin 2 end 3 dif 0 startTime 0 endTime 0 useRe 0
begin 4 end 5 dif 0 startTime 0 endTime 0 useRe 0
begin 3 end 5 dif 0 startTime 0 endTime 0 useRe 0
begin 6 end 7 dif 0 startTime 0 endTime 0 useRe 0
begin 5 end 7 dif 0 startTime 0 endTime 0 useRe 0
begin 7 end 9 dif 0 startTime 0 endTime 0 useRe 0
begin 9 end 10 dif 0 startTime 0 endTime 0 useRe 0
begin 10 end 11 dif 0 startTime 0 endTime 0 useRe 0
begin 6 end 3 dif 1 startTime 0 endTime 0 useRe 1
begin 6 end 9 dif 2 startTime 0 endTime 0 useRe 2
  3


============ 4 PNU  Schedule==============

=======print_vars=====


 nodeID 3

 nodeID 4

 nodeID 5

 nodeID 6

 nodeID 7

 nodeID 8

 nodeID 9

 nodeID 10

 nodeID 11

=======print_cons=====

=======schedule=====

 II =  1

timeStep0  LSU  PE 
timeStep1  LSU  PE 
timeStep2  LSU  PE 
timeStep3  LSU  PE 
timeStep4  LSU  PE 
timeStep5  LSU  PE 
timeStep6  LSU  PE 
timeStep7  LSU  PE 
timeStep8  LSU  PE 
timeStep9  LSU  PE 

The total number of register
begin 4 end 5 dif 0 startTime 0 endTime 0 useRe 0
begin 3 end 5 dif 0 startTime 0 endTime 0 useRe 0
begin 6 end 7 dif 0 startTime 0 endTime 0 useRe 0
begin 5 end 7 dif 0 startTime 0 endTime 0 useRe 0
begin 8 end 9 dif 0 startTime 0 endTime 0 useRe 0
begin 7 end 9 dif 0 startTime 0 endTime 0 useRe 0
begin 9 end 10 dif 0 startTime 0 endTime 0 useRe 0
begin 10 end 11 dif 0 startTime 0 endTime 0 useRe 0
begin 4 end 3 dif 1 startTime 0 endTime 0 useRe 1
begin 4 end 3 dif 2 startTime 0 endTime 0 useRe 2
  3
