
=======schedule=====

 II =  1

timeStep0  LSU  PE 
timeStep1  LSU N2T1_4 N4T1_12 N6T1_21  PE 
timeStep2  LSU  PE N3T2_8 
timeStep3  LSU  PE N5T3_17 
timeStep4  LSU  PE 
timeStep5  LSU  PE N7T5_26 
timeStep6  LSU  PE N9T6_30 
timeStep7  LSU  PE 
timeStep8  LSU  PE N10T8_35 
timeStep9  LSU N11T9_39  PE 

The total number of register
begin 2 end 3 dif 0 startTime 1 endTime 2 useRe 1
begin 4 end 5 dif 0 startTime 1 endTime 3 useRe 2
begin 3 end 5 dif 0 startTime 2 endTime 3 useRe 1
begin 6 end 7 dif 0 startTime 1 endTime 5 useRe 4
begin 5 end 7 dif 0 startTime 3 endTime 5 useRe 2
begin 7 end 9 dif 0 startTime 5 endTime 6 useRe 1
begin 9 end 10 dif 0 startTime 6 endTime 8 useRe 2
begin 10 end 11 dif 0 startTime 8 endTime 9 useRe 1
begin 6 end 3 dif 1 startTime 1 endTime 2 useRe 2
begin 6 end 9 dif 2 startTime 1 endTime 6 useRe 7
  23
