

============DFG ID 0====================
timeStep0  bank N4T0_11  PE 
timeStep1  bank N6T1_21  PE 
timeStep2  bank  PE 
timeStep3  bank N2T3_6  PE 
timeStep4  bank  PE N3T4_10 
timeStep5  bank  PE N5T5_19 
timeStep6  bank  PE N7T6_27 
timeStep7  bank  PE N9T7_31 
timeStep8  bank  PE N10T8_35 
timeStep9  bank N11T9_39  PE 


============DFG ID 1====================
timeStep0  bank N4T0_11  PE 
timeStep1  bank N6T1_21  PE 
timeStep2  bank  PE 
timeStep3  bank N2T3_6  PE 
timeStep4  bank  PE N3T4_10 
timeStep5  bank  PE N5T5_19 
timeStep6  bank  PE N7T6_27 
timeStep7  bank  PE N9T7_31 
timeStep8  bank  PE N10T8_35 
timeStep9  bank N11T9_39  PE 


============DFG ID 0====================
timeStep0  bank N6T0_15 N8T0_25  PE 
timeStep1  bank  PE 
timeStep2  bank  PE 
timeStep3  bank N4T3_10  PE 
timeStep4  bank  PE N3T4_6 
timeStep5  bank  PE N5T5_14 
timeStep6  bank  PE N7T6_24 
timeStep7  bank  PE N9T7_35 
timeStep8  bank  PE N10T8_39 
timeStep9  bank N11T9_43  PE 


============DFG ID 1====================
timeStep0  bank N6T0_15 N8T0_25  PE 
timeStep1  bank  PE 
timeStep2  bank  PE 
timeStep3  bank N4T3_10  PE 
timeStep4  bank  PE N3T4_6 
timeStep5  bank  PE N5T5_14 
timeStep6  bank  PE N7T6_24 
timeStep7  bank  PE N9T7_35 
timeStep8  bank  PE N10T8_39 
timeStep9  bank N11T9_43  PE 


============DFG ID 0====================
timeStep0  bank N4T0_11  PE 
timeStep1  bank N6T1_21  PE 
timeStep2  bank  PE 
timeStep3  bank N2T3_6  PE 
timeStep4  bank  PE N3T4_10 
timeStep5  bank  PE N5T5_19 
timeStep6  bank  PE N7T6_27 
timeStep7  bank  PE N9T7_31 
timeStep8  bank  PE N10T8_35 
timeStep9  bank N11T9_39  PE 


============DFG ID 1====================
timeStep0  bank N2T0_3  PE 
timeStep1  bank N4T1_12  PE N3T1_7 
timeStep2  bank N6T2_22 N14T2_42  PE N5T2_16 
timeStep3  bank N18T3_55  PE N7T3_24 N15T3_46 
timeStep4  bank  PE N9T4_28 N17T4_50 
timeStep5  bank  PE N10T5_32 N19T5_58 
timeStep6  bank  PE 
timeStep7  bank  PE N21T7_63 
timeStep8  bank N11T8_38  PE N22T8_67 
timeStep9  bank N23T9_71  PE 


============DFG ID 2====================
timeStep0  bank N6T0_15 N8T0_25  PE 
timeStep1  bank  PE 
timeStep2  bank  PE 
timeStep3  bank N4T3_10  PE 
timeStep4  bank  PE N3T4_6 
timeStep5  bank  PE N5T5_14 
timeStep6  bank  PE N7T6_24 
timeStep7  bank  PE N9T7_35 
timeStep8  bank  PE N10T8_39 
timeStep9  bank N11T9_43  PE 


============DFG ID 3====================
timeStep0  bank N6T0_15 N8T0_25  PE 
timeStep1  bank  PE 
timeStep2  bank  PE 
timeStep3  bank N4T3_10  PE 
timeStep4  bank  PE N3T4_6 
timeStep5  bank  PE N5T5_14 
timeStep6  bank  PE N7T6_24 
timeStep7  bank  PE N9T7_35 
timeStep8  bank  PE N10T8_39 
timeStep9  bank N11T9_43  PE 


============DFG ID 4====================
timeStep0  bank N4T0_11  PE 
timeStep1  bank N6T1_21  PE 
timeStep2  bank  PE 
timeStep3  bank N2T3_6  PE 
timeStep4  bank  PE N3T4_10 
timeStep5  bank  PE N5T5_19 
timeStep6  bank  PE N7T6_27 
timeStep7  bank  PE N9T7_31 
timeStep8  bank  PE N10T8_35 
timeStep9  bank N11T9_39  PE 


============DFG ID 0====================
timeStep0  bank N6T0_15 N8T0_25  PE 
timeStep1  bank  PE 
timeStep2  bank  PE 
timeStep3  bank N4T3_10  PE 
timeStep4  bank  PE N3T4_6 
timeStep5  bank  PE N5T5_14 
timeStep6  bank  PE N7T6_24 
timeStep7  bank  PE N9T7_35 
timeStep8  bank  PE N10T8_39 
timeStep9  bank N11T9_43  PE 


============DFG ID 1====================
timeStep0  bank N4T0_7 N16T0_48  PE 
timeStep1  bank N6T1_16  PE N3T1_3 N15T1_44 
timeStep2  bank  PE N5T2_11 N17T2_52 
timeStep3  bank N8T3_28  PE N7T3_21 
timeStep4  bank N20T4_64  PE N9T4_32 N19T4_57 
timeStep5  bank  PE N10T5_36 N21T5_68 
timeStep6  bank  PE N22T6_72 
timeStep7  bank N23T7_76  PE 
timeStep8  bank  PE 
timeStep9  bank N11T9_43  PE 


============DFG ID 2====================
timeStep0  bank N4T0_11  PE 
timeStep1  bank N6T1_21  PE 
timeStep2  bank  PE 
timeStep3  bank N2T3_6  PE 
timeStep4  bank  PE N3T4_10 
timeStep5  bank  PE N5T5_19 
timeStep6  bank  PE N7T6_27 
timeStep7  bank  PE N9T7_31 
timeStep8  bank  PE N10T8_35 
timeStep9  bank N11T9_39  PE 


============DFG ID 3====================
timeStep0  bank N4T0_11  PE 
timeStep1  bank N6T1_21  PE 
timeStep2  bank  PE 
timeStep3  bank N2T3_6  PE 
timeStep4  bank  PE N3T4_10 
timeStep5  bank  PE N5T5_19 
timeStep6  bank  PE N7T6_27 
timeStep7  bank  PE N9T7_31 
timeStep8  bank  PE N10T8_35 
timeStep9  bank N11T9_39  PE 


============DFG ID 4====================
timeStep0  bank N6T0_15 N8T0_25  PE 
timeStep1  bank  PE 
timeStep2  bank  PE 
timeStep3  bank N4T3_10  PE 
timeStep4  bank  PE N3T4_6 
timeStep5  bank  PE N5T5_14 
timeStep6  bank  PE N7T6_24 
timeStep7  bank  PE N9T7_35 
timeStep8  bank  PE N10T8_39 
timeStep9  bank N11T9_43  PE 


============DFG ID 0====================
timeStep0  bank N4T0_11  PE 
timeStep1  bank N6T1_21  PE 
timeStep2  bank  PE 
timeStep3  bank N2T3_6  PE 
timeStep4  bank  PE N3T4_10 
timeStep5  bank  PE N5T5_19 
timeStep6  bank  PE N7T6_27 
timeStep7  bank  PE N9T7_31 
timeStep8  bank  PE N10T8_35 
timeStep9  bank N11T9_39  PE 


============DFG ID 1====================
timeStep0  bank N4T0_11  PE 
timeStep1  bank N6T1_21  PE 
timeStep2  bank  PE 
timeStep3  bank N2T3_6  PE 
timeStep4  bank  PE N3T4_10 
timeStep5  bank  PE N5T5_19 
timeStep6  bank  PE N7T6_27 
timeStep7  bank  PE N9T7_31 
timeStep8  bank  PE N10T8_35 
timeStep9  bank N11T9_39  PE 
