

============DFG ID 0==============

------print_DFGInfo file--------

dfg_id
0
II of DFG
2
dfg_dim
2
dfg_node_info

————————————loadNode————————————

NodeShift
0 0 
iterFlag
1 1 
iterOrder
0 1 
nodeID
0
NodeType
ArrayLoad
Array
%2 = memref.alloc() : memref<4000x4000xf64>
earlist 0
lastest 4
timeStep 0
————————————————————————————————

————————————loadNode————————————

NodeShift
0 
iterFlag
1 
iterOrder
0 
nodeID
1
NodeType
ArrayLoad
Array
%3 = memref.alloc() : memref<4000xf64>
earlist 0
lastest 3
timeStep 1
————————————————————————————————

————————————loadNode————————————

NodeShift
0 
iterFlag
1 
iterOrder
1 
nodeID
2
NodeType
ArrayLoad
Array
%4 = memref.alloc() : memref<4000xf64>
earlist 0
lastest 3
timeStep 0
————————————————————————————————

————————————MulNode————————————

nodeID
3
%3 = mulf %1, %2 : f64
earlist 1
lastest 4
timeStep 3
————————————————————————————————

————————————AddNode————————————

nodeID
4
%4 = addf %0, %3 : f64
earlist 2
lastest 5
timeStep 4
————————————————————————————————

————————————loadNode————————————

NodeShift
0 
iterFlag
1 
iterOrder
0 
nodeID
5
NodeType
ArrayLoad
Array
%5 = memref.alloc() : memref<4000xf64>
earlist 0
lastest 4
timeStep 1
————————————————————————————————

————————————loadNode————————————

NodeShift
0 
iterFlag
1 
iterOrder
1 
nodeID
6
NodeType
ArrayLoad
Array
%6 = memref.alloc() : memref<4000xf64>
earlist 0
lastest 4
timeStep 0
————————————————————————————————

————————————MulNode————————————

nodeID
7
%7 = mulf %5, %6 : f64
earlist 1
lastest 5
timeStep 5
————————————————————————————————

————————————AddNode————————————

nodeID
8
%8 = addf %4, %7 : f64
earlist 3
lastest 6
timeStep 6
————————————————————————————————

————————————storeNode————————————

NodeShift
0 0 
iterFlag
1 1 
iterOrder
0 1 
nodeID
9
NodeType       
ArrayStore
Array
%2 = memref.alloc() : memref<4000x4000xf64>
earlist 4
lastest 7
timeStep 7
————————————————————————————————

dfg_edge_info

Edge0: begin 2 end 3 min 0 dif 0 type Normal

Edge1: begin 1 end 3 min 0 dif 0 type Normal

Edge2: begin 3 end 4 min 0 dif 0 type Normal

Edge3: begin 0 end 4 min 0 dif 0 type Normal

Edge4: begin 6 end 7 min 0 dif 0 type Normal

Edge5: begin 5 end 7 min 0 dif 0 type Normal

Edge6: begin 7 end 8 min 0 dif 0 type Normal

Edge7: begin 4 end 8 min 0 dif 0 type Normal

Edge8: begin 8 end 9 min 0 dif 0 type Normal


============DFG ID 1==============

------print_DFGInfo file--------

dfg_id
1
II of DFG
1
dfg_dim
2
dfg_node_info

————————————loadNode————————————

NodeShift
0 
iterFlag
1 
iterOrder
0 
nodeID
0
NodeType
ArrayLoad
Array
%8 = memref.alloc() : memref<4000xf64>
earlist 0
lastest 5
timeStep 0
————————————————————————————————

————————————loadNode————————————

NodeShift
0 0 
iterFlag
1 1 
iterOrder
1 0 
nodeID
1
NodeType
ArrayLoad
Array
%2 = memref.alloc() : memref<4000x4000xf64>
earlist 0
lastest 3
timeStep 3
————————————————————————————————

————————————MulNode————————————

nodeID
2
%2 = mulf %arg4, %1 : f64
earlist 1
lastest 4
timeStep 4
————————————————————————————————

————————————loadNode————————————

NodeShift
0 
iterFlag
1 
iterOrder
1 
nodeID
4
NodeType
ArrayLoad
Array
%9 = memref.alloc() : memref<4000xf64>
earlist 0
lastest 4
timeStep 1
————————————————————————————————

————————————MulNode————————————

nodeID
5
%4 = mulf %2, %3 : f64
earlist 2
lastest 5
timeStep 5
————————————————————————————————

————————————AddNode————————————

nodeID
6
%5 = addf %0, %4 : f64
earlist 3
lastest 6
timeStep 6
————————————————————————————————

————————————storeNode————————————

NodeShift
0 
iterFlag
1 
iterOrder
0 
nodeID
7
NodeType       
ArrayStore
Array
%8 = memref.alloc() : memref<4000xf64>
earlist 4
lastest 7
timeStep 7
————————————————————————————————

dfg_edge_info

Edge0: begin 1 end 2 min 0 dif 0 type Normal

Edge2: begin 4 end 5 min 0 dif 0 type Normal

Edge3: begin 2 end 5 min 0 dif 0 type Normal

Edge4: begin 5 end 6 min 0 dif 0 type Normal

Edge5: begin 0 end 6 min 0 dif 0 type Normal

Edge6: begin 6 end 7 min 0 dif 0 type Normal


============DFG ID 2==============

------print_DFGInfo file--------

dfg_id
2
II of DFG
1
dfg_dim
1
dfg_node_info

————————————loadNode————————————

NodeShift
0 
iterFlag
1 
iterOrder
0 
nodeID
0
NodeType
ArrayLoad
Array
%8 = memref.alloc() : memref<4000xf64>
earlist 0
lastest 3
timeStep 0
————————————————————————————————

————————————loadNode————————————

NodeShift
0 
iterFlag
1 
iterOrder
0 
nodeID
1
NodeType
ArrayLoad
Array
%10 = memref.alloc() : memref<4000xf64>
earlist 0
lastest 3
timeStep 3
————————————————————————————————

————————————AddNode————————————

nodeID
2
%2 = addf %0, %1 : f64
earlist 1
lastest 4
timeStep 4
————————————————————————————————

————————————storeNode————————————

NodeShift
0 
iterFlag
1 
iterOrder
0 
nodeID
3
NodeType       
ArrayStore
Array
%8 = memref.alloc() : memref<4000xf64>
earlist 2
lastest 5
timeStep 5
————————————————————————————————

dfg_edge_info

Edge0: begin 1 end 2 min 0 dif 0 type Normal

Edge1: begin 0 end 2 min 0 dif 0 type Normal

Edge2: begin 2 end 3 min 0 dif 0 type Normal


============DFG ID 3==============

------print_DFGInfo file--------

dfg_id
3
II of DFG
1
dfg_dim
2
dfg_node_info

————————————loadNode————————————

NodeShift
0 
iterFlag
1 
iterOrder
0 
nodeID
0
NodeType
ArrayLoad
Array
%7 = memref.alloc() : memref<4000xf64>
earlist 0
lastest 5
timeStep 0
————————————————————————————————

————————————loadNode————————————

NodeShift
0 0 
iterFlag
1 1 
iterOrder
0 1 
nodeID
1
NodeType
ArrayLoad
Array
%2 = memref.alloc() : memref<4000x4000xf64>
earlist 0
lastest 3
timeStep 3
————————————————————————————————

————————————MulNode————————————

nodeID
2
%2 = mulf %arg4, %1 : f64
earlist 1
lastest 4
timeStep 4
————————————————————————————————

————————————loadNode————————————

NodeShift
0 
iterFlag
1 
iterOrder
1 
nodeID
4
NodeType
ArrayLoad
Array
%8 = memref.alloc() : memref<4000xf64>
earlist 0
lastest 4
timeStep 1
————————————————————————————————

————————————MulNode————————————

nodeID
5
%4 = mulf %2, %3 : f64
earlist 2
lastest 5
timeStep 5
————————————————————————————————

————————————AddNode————————————

nodeID
6
%5 = addf %0, %4 : f64
earlist 3
lastest 6
timeStep 6
————————————————————————————————

————————————storeNode————————————

NodeShift
0 
iterFlag
1 
iterOrder
0 
nodeID
7
NodeType       
ArrayStore
Array
%7 = memref.alloc() : memref<4000xf64>
earlist 4
lastest 7
timeStep 7
————————————————————————————————

dfg_edge_info

Edge0: begin 1 end 2 min 0 dif 0 type Normal

Edge2: begin 4 end 5 min 0 dif 0 type Normal

Edge3: begin 2 end 5 min 0 dif 0 type Normal

Edge4: begin 5 end 6 min 0 dif 0 type Normal

Edge5: begin 0 end 6 min 0 dif 0 type Normal

Edge6: begin 6 end 7 min 0 dif 0 type Normal
