

============第 0个 PNU 的 MapInformation==============

 算子编号 时间步  算子种类 子节点0  dif0   
    0       0       1       6       0   
    1       0       1       5       0   
    2       0       1       7       0   
    3       1       1       7       0   
    4       1       1       5       0   
    5       3       0       6       0   
    6       4       0       8       0   
    7       5       0       8       0   
    8       6       0       9       0   
    9       7       1      -1      -1   


============第 0个 PNU 的 MapInformation==============

 算子编号 时间步  算子种类 子节点0  dif0   
    0       0       1       6       0   
    1       0       1       5       0   
    2       0       1       5       0   
    3       1       1       7       0   
    4       1       1       7       0   
    5       3       0       6       0   
    6       4       0       8       0   
    7       5       0       8       0   
    8       6       0       9       0   
    9       7       1      -1      -1   


============第 0个 PNU 的 MapInformation==============

 算子编号 时间步  算子种类 子节点0  dif0   
    0       0       1       6       0   
    1       0       1       5       0   
    2       1       1       7       0   
    3       1       1       7       0   
    4       2       1       5       0   
    5       3       0       6       0   
    6       4       0       8       0   
    7       5       0       8       0   
    8       6       0       9       0   
    9       7       1      -1      -1   


============第 0个 PNU 的 MapInformation==============

 算子编号 时间步  算子种类 子节点0  dif0   
    0       0       1       6       0   
    1       0       1       5       0   
    2       0       1       5       0   
    3       1       1       7       0   
    4       3       1       7       0   
    5       3       0       6       0   
    6       4       0       8       0   
    7       5       0       8       0   
    8       6       0       9       0   
    9       7       1      -1      -1   


============第 0个 PNU 的 MapInformation==============

 算子编号 时间步  算子种类 子节点0  dif0   
    0       0       1       6       0   
    1       0       1       5       0   
    2       1       1       7       0   
    3       2       1       5       0   
    4       3       1       7       0   
    5       3       0       6       0   
    6       4       0       8       0   
    7       5       0       8       0   
    8       6       0       9       0   
    9       7       1      -1      -1   


============第 0个 PNU 的 MapInformation==============

 算子编号 时间步  算子种类 子节点0  dif0   
    0       0       1       6       0   
    1       0       1       5       0   
    2       0       1       5       0   
    3       1       1       7       0   
    4       3       1       7       0   
    5       3       0       6       0   
    6       4       0       8       0   
    7       4       0       8       0   
    8       5       0       9       0   
    9       7       1      -1      -1   


============第 0个 PNU 的 MapInformation==============

 算子编号 时间步  算子种类 子节点0  dif0   
    0       0       1       6       0   
    1       0       1       3       0   
    2       0       1       3       0   
    3       1       0       6       0   
    4       1       1       7       0   
    5       1       1       7       0   
    6       2       0       8       0   
    7       5       0       8       0   
    8       6       0       9       0   
    9       7       1      -1      -1   


============第 0个 PNU 的 MapInformation==============

 算子编号 时间步  算子种类 子节点0  dif0   
    0       0       1       6       0   
    1       0       1       4       0   
    2       0       1       4       0   
    3       1       1       7       0   
    4       3       0       6       0   
    5       3       1       7       0   
    6       4       0       8       0   
    7       5       0       8       0   
    8       6       0       9       0   
    9       7       1      -1      -1   


============第 0个 PNU 的 MapInformation==============

 算子编号 时间步  算子种类 子节点0  dif0   
    0       0       1       6       0   
    1       0       1       5       0   
    2       0       1       5       0   
    3       0       1       7       0   
    4       1       1       7       0   
    5       3       0       6       0   
    6       5       0       8       0   
    7       5       0       8       0   
    8       6       0       9       0   
    9       7       1      -1      -1   


============第 0个 PNU 的 MapInformation==============

 算子编号 时间步  算子种类 子节点0  dif0   
    0       0       1       6       0   
    1       0       1       5       0   
    2       0       1       5       0   
    3       0       1       7       0   
    4       1       1       7       0   
    5       1       0       6       0   
    6       5       0       8       0   
    7       5       0       8       0   
    8       6       0       9       0   
    9       7       1      -1      -1   


============第 0个 PNU 的 MapInformation==============

 算子编号 时间步  算子种类 子节点0  dif0   
    0       0       1       6       0   
    1       0       1       4       0   
    2       0       1       4       0   
    3       0       1       7       0   
    4       1       0       6       0   
    5       3       1       7       0   
    6       5       0       8       0   
    7       5       0       8       0   
    8       6       0       9       0   
    9       7       1      -1      -1   


============第 0个 PNU 的 MapInformation==============

 算子编号 时间步  算子种类 子节点0  dif0   
    0       0       1       7       0   
    1       0       1       5       0   
    2       0       1       5       0   
    3       1       1       6       0   
    4       1       1       6       0   
    5       3       0       7       0   
    6       3       0       8       0   
    7       4       0       8       0   
    8       6       0       9       0   
    9       7       1      -1      -1   


============第 0个 PNU 的 MapInformation==============

 算子编号 时间步  算子种类 子节点0  dif0   
    0       0       1       6       0   
    1       0       1       5       0   
    2       0       1       5       0   
    3       0       1       7       0   
    4       1       1       7       0   
    5       1       0       6       0   
    6       3       0       8       0   
    7       5       0       8       0   
    8       6       0       9       0   
    9       7       1      -1      -1   


============第 0个 PNU 的 MapInformation==============

 算子编号 时间步  算子种类 子节点0  dif0   
    0       0       1       6       0   
    1       0       1       5       0   
    2       0       1       5       0   
    3       0       1       7       0   
    4       1       1       7       0   
    5       1       0       6       0   
    6       3       0       8       0   
    7       3       0       8       0   
    8       6       0       9       0   
    9       7       1      -1      -1   


============第 0个 PNU 的 MapInformation==============

 算子编号 时间步  算子种类 子节点0  dif0   
    0       0       1       7       0   
    1       0       1       5       0   
    2       0       1       5       0   
    3       0       1       6       0   
    4       1       1       6       0   
    5       1       0       7       0   
    6       3       0       8       0   
    7       5       0       8       0   
    8       6       0       9       0   
    9       7       1      -1      -1   


============第 0个 PNU 的 MapInformation==============

 算子编号 时间步  算子种类 子节点0  dif0   
    0       0       1       6       0   
    1       0       1       4       0   
    2       0       1       4       0   
    3       0       1       7       0   
    4       1       0       6       0   
    5       3       1       7       0   
    6       3       0       8       0   
    7       5       0       8       0   
    8       6       0       9       0   
    9       7       1      -1      -1   


============第 0个 PNU 的 MapInformation==============

 算子编号 时间步  算子种类 子节点0  dif0   
    0       0       1       6       0   
    1       0       1       5       0   
    2       0       1       5       0   
    3       1       1       7       0   
    4       1       1       7       0   
    5       3       0       6       0   
    6       4       0       8       0   
    7       4       0       8       0   
    8       5       0       9       0   
    9       7       1      -1      -1   


============第 0个 PNU 的 MapInformation==============

 算子编号 时间步  算子种类 子节点0  dif0   
    0       0       1       7       0   
    1       0       1       6       0   
    2       0       1       6       0   
    3       1       1       5       0   
    4       1       1       5       0   
    5       2       0       8       0   
    6       3       0       7       0   
    7       4       0       8       0   
    8       5       0       9       0   
    9       7       1      -1      -1   


============第 0个 PNU 的 MapInformation==============

 算子编号 时间步  算子种类 子节点0  dif0   
    0       0       1       6       0   
    1       0       1       4       0   
    2       0       1       4       0   
    3       1       1       7       0   
    4       3       0       6       0   
    5       3       1       7       0   
    6       4       0       8       0   
    7       4       0       8       0   
    8       5       0       9       0   
    9       7       1      -1      -1   


============第 0个 PNU 的 MapInformation==============

 算子编号 时间步  算子种类 子节点0  dif0   
    0       0       1       6       0   
    1       0       1       5       0   
    2       0       1       5       0   
    3       0       1       7       0   
    4       1       1       7       0   
    5       1       0       6       0   
    6       3       0       8       0   
    7       4       0       8       0   
    8       5       0       9       0   
    9       7       1      -1      -1   


============第 0个 PNU 的 MapInformation==============

 算子编号 时间步  算子种类 子节点0  dif0   
    0       0       1       7       0   
    1       0       1       5       0   
    2       0       1       5       0   
    3       1       1       6       0   
    4       2       1       6       0   
    5       3       0       7       0   
    6       3       0       8       0   
    7       4       0       8       0   
    8       5       0       9       0   
    9       7       1      -1      -1   


============第 0个 PNU 的 MapInformation==============

 算子编号 时间步  算子种类 子节点0  dif0   
    0       0       1       6       0   
    1       0       1       5       0   
    2       0       1       7       0   
    3       1       1       5       0   
    4       1       1       7       0   
    5       3       0       6       0   
    6       4       0       8       0   
    7       5       0       8       0   
    8       6       0       9       0   
    9       7       1      -1      -1   


============第 0个 PNU 的 MapInformation==============

 算子编号 时间步  算子种类 子节点0  dif0   
    0       0       1       6       0   
    1       0       1       7       0   
    2       1       1       5       0   
    3       1       1       5       0   
    4       1       1       7       0   
    5       3       0       6       0   
    6       4       0       8       0   
    7       5       0       8       0   
    8       6       0       9       0   
    9       7       1      -1      -1   


============第 0个 PNU 的 MapInformation==============

 算子编号 时间步  算子种类 子节点0  dif0   
    0       0       1       6       0   
    1       0       1       5       0   
    2       0       1       7       0   
    3       0       1       7       0   
    4       1       1       5       0   
    5       3       0       6       0   
    6       4       0       8       0   
    7       5       0       8       0   
    8       6       0       9       0   
    9       7       1      -1      -1   


============第 0个 PNU 的 MapInformation==============

 算子编号 时间步  算子种类 子节点0  dif0   
    0       0       1       7       0   
    1       0       1       6       0   
    2       0       1       5       0   
    3       0       1       5       0   
    4       1       1       6       0   
    5       1       0       8       0   
    6       3       0       7       0   
    7       4       0       8       0   
    8       6       0       9       0   
    9       7       1      -1      -1   


============第 0个 PNU 的 MapInformation==============

 算子编号 时间步  算子种类 子节点0  dif0   
    0       0       1       7       0   
    1       0       1       5       0   
    2       0       1       6       0   
    3       0       1       6       0   
    4       1       1       5       0   
    5       3       0       7       0   
    6       3       0       8       0   
    7       4       0       8       0   
    8       6       0       9       0   
    9       7       1      -1      -1   


============第 0个 PNU 的 MapInformation==============

 算子编号 时间步  算子种类 子节点0  dif0   
    0       0       1       6       0   
    1       0       1       5       0   
    2       0       1       5       0   
    3       0       1       7       0   
    4       1       1       7       0   
    5       3       0       6       0   
    6       4       0       8       0   
    7       5       0       8       0   
    8       6       0       9       0   
    9       7       1      -1      -1   


============第 0个 PNU 的 MapInformation==============

 算子编号 时间步  算子种类 子节点0  dif0   
    0       0       1       7       0   
    1       0       1       5       0   
    2       0       1       5       0   
    3       0       1       6       0   
    4       1       1       6       0   
    5       3       0       7       0   
    6       3       0       8       0   
    7       4       0       8       0   
    8       6       0       9       0   
    9       7       1      -1      -1   


============第 0个 PNU 的 MapInformation==============

 算子编号 时间步  算子种类 子节点0  dif0   
    0       0       1       6       0   
    1       0       1       5       0   
    2       0       1       7       0   
    3       0       1       7       0   
    4       1       1       5       0   
    5       2       0       6       0   
    6       3       0       8       0   
    7       3       0       8       0   
    8       4       0       9       0   
    9       7       1      -1      -1   


============第 0个 PNU 的 MapInformation==============

 算子编号 时间步  算子种类 子节点0  dif0   
    0       0       1       6       0   
    1       0       1       5       0   
    2       0       1       7       0   
    3       0       1       7       0   
    4       1       1       5       0   
    5       2       0       6       0   
    6       3       0       8       0   
    7       3       0       8       0   
    8       4       0       9       0   
    9       5       1      -1      -1   


============第 0个 PNU 的 MapInformation==============

 算子编号 时间步  算子种类 子节点0  dif0   
    0       0       1       7       0   
    1       0       1       6       0   
    2       0       1       5       0   
    3       0       1       5       0   
    4       1       1       6       0   
    5       1       0       8       0   
    6       2       0       7       0   
    7       3       0       8       0   
    8       4       0       9       0   
    9       5       1      -1      -1   


============第 0个 PNU 的 MapInformation==============

 算子编号 时间步  算子种类 子节点0  dif0   
    0       0       1       6       0   
    1       0       1       5       0   
    2       0       1       5       0   
    3       0       1       7       0   
    4       1       1       7       0   
    5       1       0       6       0   
    6       2       0       8       0   
    7       2       0       8       0   
    8       3       0       9       0   
    9       7       1      -1      -1   


============第 0个 PNU 的 MapInformation==============

 算子编号 时间步  算子种类 子节点0  dif0   
    0       0       1       6       0   
    1       0       1       5       0   
    2       0       1       5       0   
    3       0       1       7       0   
    4       1       1       7       0   
    5       1       0       6       0   
    6       2       0       8       0   
    7       2       0       8       0   
    8       3       0       9       0   
    9       5       1      -1      -1   


============第 0个 PNU 的 MapInformation==============

 算子编号 时间步  算子种类 子节点0  dif0   
    0       0       1       6       0   
    1       0       1       5       0   
    2       0       1       7       0   
    3       1       1       5       0   
    4       1       1       7       0   
    5       3       0       6       0   
    6       4       0       8       0   
    7       5       0       8       0   
    8       6       0       9       0   
    9       7       1      -1      -1   


============第 0个 PNU 的 MapInformation==============

 算子编号 时间步  算子种类 子节点0  dif0   
    0       0       1       6       0   
    1       0       1       5       0   
    2       0       1       7       0   
    3       0       1       7       0   
    4       1       1       5       0   
    5       3       0       6       0   
    6       4       0       8       0   
    7       5       0       8       0   
    8       6       0       9       0   
    9       7       1      -1      -1   


============第 0个 PNU 的 MapInformation==============

 算子编号 时间步  算子种类 子节点0  dif0   
    0       0       1       7       0   
    1       0       1       6       0   
    2       0       1       5       0   
    3       0       1       5       0   
    4       1       1       6       0   
    5       1       0       8       0   
    6       3       0       7       0   
    7       4       0       8       0   
    8       6       0       9       0   
    9       7       1      -1      -1   


============第 0个 PNU 的 MapInformation==============

 算子编号 时间步  算子种类 子节点0  dif0   
    0       0       1       7       0   
    1       0       1       5       0   
    2       0       1       6       0   
    3       0       1       6       0   
    4       1       1       5       0   
    5       3       0       7       0   
    6       3       0       8       0   
    7       4       0       8       0   
    8       6       0       9       0   
    9       7       1      -1      -1   


============第 0个 PNU 的 MapInformation==============

 算子编号 时间步  算子种类 子节点0  dif0   
    0       0       1       5       0   
    1       0       1       7       0   
    2       0       1       7       0   
    3       1       1       5       0   
    4       3       1       6       0   
    5       3       0       6       0   
    6       4       0       8       0   
    7       5       0       8       0   
    8       6       0       9       0   
    9       7       1      -1      -1   


============第 0个 PNU 的 MapInformation==============

 算子编号 时间步  算子种类 子节点0  dif0   
    0       0       1       5       0   
    1       0       1       7       0   
    2       0       1       7       0   
    3       1       1       5       0   
    4       2       1       6       0   
    5       3       0       6       0   
    6       4       0       8       0   
    7       5       0       8       0   
    8       6       0       9       0   
    9       7       1      -1      -1   


============第 0个 PNU 的 MapInformation==============

 算子编号 时间步  算子种类 子节点0  dif0   
    0       0       1       6       0   
    1       0       1       4       0   
    2       0       1       4       0   
    3       1       1       6       0   
    4       1       0       8       0   
    5       2       1       7       0   
    6       3       0       7       0   
    7       4       0       8       0   
    8       6       0       9       0   
    9       7       1      -1      -1   


============第 0个 PNU 的 MapInformation==============

 算子编号 时间步  算子种类 子节点0  dif0   
    0       0       1       5       0   
    1       0       1       6       0   
    2       0       1       6       0   
    3       1       1       5       0   
    4       2       1       7       0   
    5       3       0       7       0   
    6       3       0       8       0   
    7       4       0       8       0   
    8       6       0       9       0   
    9       7       1      -1      -1   


============第 0个 PNU 的 MapInformation==============

 算子编号 时间步  算子种类 子节点0  dif0   
    0       0       1       6       0   
    1       0       1       5       0   
    2       0       1       7       0   
    3       1       1       7       0   
    4       1       1       5       0   
    5       3       0       6       0   
    6       4       0       8       0   
    7       5       0       8       0   
    8       6       0       9       0   
    9       7       1      -1      -1   


============第 1个 PNU 的 MapInformation==============

 算子编号 时间步  算子种类 子节点0  dif0   
    0       0       1       5       0   
    1       1       1       4       0   
    2       3       1       3       0   
    3       4       0       4       0   
    4       5       0       5       0   
    5       6       0       6       0   
    6       7       1      -1      -1   


============第 1个 PNU 的 MapInformation==============

 算子编号 时间步  算子种类 子节点0  dif0   
    0       0       1       5       0   
    1       0       1       4       0   
    2       3       1       3       0   
    3       4       0       4       0   
    4       5       0       5       0   
    5       6       0       6       0   
    6       7       1      -1      -1   


============第 1个 PNU 的 MapInformation==============

 算子编号 时间步  算子种类 子节点0  dif0   
    0       1       1       5       0   
    1       1       1       4       0   
    2       3       1       3       0   
    3       4       0       4       0   
    4       5       0       5       0   
    5       6       0       6       0   
    6       7       1      -1      -1   


============第 1个 PNU 的 MapInformation==============

 算子编号 时间步  算子种类 子节点0  dif0   
    0       1       1       4       0   
    1       2       1       5       0   
    2       3       1       3       0   
    3       4       0       4       0   
    4       5       0       5       0   
    5       6       0       6       0   
    6       7       1      -1      -1   


============第 1个 PNU 的 MapInformation==============

 算子编号 时间步  算子种类 子节点0  dif0   
    0       0       1       4       0   
    1       2       1       5       0   
    2       3       1       3       0   
    3       4       0       4       0   
    4       5       0       5       0   
    5       6       0       6       0   
    6       7       1      -1      -1   


============第 1个 PNU 的 MapInformation==============

 算子编号 时间步  算子种类 子节点0  dif0   
    0       0       1       3       0   
    1       0       1       4       0   
    2       2       1       5       0   
    3       4       0       4       0   
    4       5       0       5       0   
    5       6       0       6       0   
    6       7       1      -1      -1   


============第 1个 PNU 的 MapInformation==============

 算子编号 时间步  算子种类 子节点0  dif0   
    0       0       1       4       0   
    1       1       1       5       0   
    2       3       1       3       0   
    3       4       0       4       0   
    4       5       0       5       0   
    5       6       0       6       0   
    6       7       1      -1      -1   


============第 1个 PNU 的 MapInformation==============

 算子编号 时间步  算子种类 子节点0  dif0   
    0       0       1       4       0   
    1       1       1       5       0   
    2       2       1       3       0   
    3       4       0       4       0   
    4       5       0       5       0   
    5       6       0       6       0   
    6       7       1      -1      -1   


============第 1个 PNU 的 MapInformation==============

 算子编号 时间步  算子种类 子节点0  dif0   
    0       1       1       5       0   
    1       1       1       3       0   
    2       1       1       4       0   
    3       2       0       4       0   
    4       5       0       5       0   
    5       6       0       6       0   
    6       7       1      -1      -1   


============第 1个 PNU 的 MapInformation==============

 算子编号 时间步  算子种类 子节点0  dif0   
    0       0       1       4       0   
    1       1       1       3       0   
    2       1       1       5       0   
    3       2       0       4       0   
    4       5       0       5       0   
    5       6       0       6       0   
    6       7       1      -1      -1   


============第 1个 PNU 的 MapInformation==============

 算子编号 时间步  算子种类 子节点0  dif0   
    0       0       1       3       0   
    1       1       1       5       0   
    2       1       1       4       0   
    3       2       0       4       0   
    4       5       0       5       0   
    5       6       0       6       0   
    6       7       1      -1      -1   


============第 1个 PNU 的 MapInformation==============

 算子编号 时间步  算子种类 子节点0  dif0   
    0       0       1       3       0   
    1       0       1       4       0   
    2       1       1       5       0   
    3       2       0       4       0   
    4       5       0       5       0   
    5       6       0       6       0   
    6       7       1      -1      -1   


============第 1个 PNU 的 MapInformation==============

 算子编号 时间步  算子种类 子节点0  dif0   
    0       1       1       5       0   
    1       1       1       4       0   
    2       2       1       3       0   
    3       3       0       4       0   
    4       5       0       5       0   
    5       6       0       6       0   
    6       7       1      -1      -1   


============第 1个 PNU 的 MapInformation==============

 算子编号 时间步  算子种类 子节点0  dif0   
    0       0       1       3       0   
    1       1       1       5       0   
    2       1       1       4       0   
    3       3       0       4       0   
    4       5       0       5       0   
    5       6       0       6       0   
    6       7       1      -1      -1   


============第 1个 PNU 的 MapInformation==============

 算子编号 时间步  算子种类 子节点0  dif0   
    0       0       1       3       0   
    1       0       1       4       0   
    2       1       1       5       0   
    3       2       0       4       0   
    4       4       0       5       0   
    5       6       0       6       0   
    6       7       1      -1      -1   


============第 1个 PNU 的 MapInformation==============

 算子编号 时间步  算子种类 子节点0  dif0   
    0       0       1       3       0   
    1       1       1       4       0   
    2       2       1       5       0   
    3       3       0       4       0   
    4       5       0       5       0   
    5       6       0       6       0   
    6       7       1      -1      -1   


============第 1个 PNU 的 MapInformation==============

 算子编号 时间步  算子种类 子节点0  dif0   
    0       0       1       3       0   
    1       0       1       4       0   
    2       2       1       5       0   
    3       3       0       4       0   
    4       5       0       5       0   
    5       6       0       6       0   
    6       7       1      -1      -1   


============第 1个 PNU 的 MapInformation==============

 算子编号 时间步  算子种类 子节点0  dif0   
    0       0       1       3       0   
    1       0       1       4       0   
    2       2       1       5       0   
    3       3       0       4       0   
    4       4       0       5       0   
    5       6       0       6       0   
    6       7       1      -1      -1   


============第 1个 PNU 的 MapInformation==============

 算子编号 时间步  算子种类 子节点0  dif0   
    0       0       1       4       0   
    1       1       1       5       0   
    2       2       1       3       0   
    3       3       0       4       0   
    4       5       0       5       0   
    5       6       0       6       0   
    6       7       1      -1      -1   


============第 1个 PNU 的 MapInformation==============

 算子编号 时间步  算子种类 子节点0  dif0   
    0       0       1       4       0   
    1       1       1       3       0   
    2       1       1       5       0   
    3       2       0       4       0   
    4       4       0       5       0   
    5       6       0       6       0   
    6       7       1      -1      -1   


============第 1个 PNU 的 MapInformation==============

 算子编号 时间步  算子种类 子节点0  dif0   
    0       0       1       5       0   
    1       1       1       3       0   
    2       1       1       4       0   
    3       4       0       4       0   
    4       5       0       5       0   
    5       6       0       6       0   
    6       7       1      -1      -1   


============第 1个 PNU 的 MapInformation==============

 算子编号 时间步  算子种类 子节点0  dif0   
    0       0       1       5       0   
    1       1       1       4       0   
    2       3       1       3       0   
    3       4       0       4       0   
    4       5       0       5       0   
    5       6       0       6       0   
    6       7       1      -1      -1   


============第 1个 PNU 的 MapInformation==============

 算子编号 时间步  算子种类 子节点0  dif0   
    0       0       1       5       0   
    1       0       1       4       0   
    2       3       1       3       0   
    3       4       0       4       0   
    4       5       0       5       0   
    5       6       0       6       0   
    6       7       1      -1      -1   


============第 1个 PNU 的 MapInformation==============

 算子编号 时间步  算子种类 子节点0  dif0   
    0       0       1       5       0   
    1       2       1       4       0   
    2       3       1       3       0   
    3       4       0       4       0   
    4       5       0       5       0   
    5       6       0       6       0   
    6       7       1      -1      -1   


============第 1个 PNU 的 MapInformation==============

 算子编号 时间步  算子种类 子节点0  dif0   
    0       1       1       5       0   
    1       1       1       4       0   
    2       3       1       3       0   
    3       4       0       4       0   
    4       5       0       5       0   
    5       6       0       6       0   
    6       7       1      -1      -1   


============第 1个 PNU 的 MapInformation==============

 算子编号 时间步  算子种类 子节点0  dif0   
    0       0       1       4       0   
    1       1       1       5       0   
    2       3       1       3       0   
    3       4       0       4       0   
    4       5       0       5       0   
    5       6       0       6       0   
    6       7       1      -1      -1   


============第 1个 PNU 的 MapInformation==============

 算子编号 时间步  算子种类 子节点0  dif0   
    0       1       1       5       0   
    1       1       1       4       0   
    2       2       1       3       0   
    3       3       0       4       0   
    4       4       0       5       0   
    5       6       0       6       0   
    6       7       1      -1      -1   


============第 1个 PNU 的 MapInformation==============

 算子编号 时间步  算子种类 子节点0  dif0   
    0       0       1       4       0   
    1       1       1       5       0   
    2       2       1       3       0   
    3       3       0       4       0   
    4       4       0       5       0   
    5       6       0       6       0   
    6       7       1      -1      -1   


============第 1个 PNU 的 MapInformation==============

 算子编号 时间步  算子种类 子节点0  dif0   
    0       0       1       3       0   
    1       1       1       5       0   
    2       1       1       4       0   
    3       2       0       4       0   
    4       3       0       5       0   
    5       6       0       6       0   
    6       7       1      -1      -1   


============第 1个 PNU 的 MapInformation==============

 算子编号 时间步  算子种类 子节点0  dif0   
    0       0       1       2       0   
    1       1       1       5       0   
    2       1       0       4       0   
    3       1       1       4       0   
    4       3       0       5       0   
    5       6       0       6       0   
    6       7       1      -1      -1   


============第 1个 PNU 的 MapInformation==============

 算子编号 时间步  算子种类 子节点0  dif0   
    0       1       1       4       0   
    1       2       1       3       0   
    2       2       1       5       0   
    3       3       0       4       0   
    4       4       0       5       0   
    5       6       0       6       0   
    6       7       1      -1      -1   


============第 1个 PNU 的 MapInformation==============

 算子编号 时间步  算子种类 子节点0  dif0   
    0       0       1       2       0   
    1       1       1       5       0   
    2       1       0       4       0   
    3       1       1       4       0   
    4       3       0       5       0   
    5       5       0       6       0   
    6       7       1      -1      -1   


============第 1个 PNU 的 MapInformation==============

 算子编号 时间步  算子种类 子节点0  dif0   
    0       0       1       2       0   
    1       0       1       4       0   
    2       1       0       4       0   
    3       1       1       5       0   
    4       3       0       5       0   
    5       5       0       6       0   
    6       7       1      -1      -1   


============第 1个 PNU 的 MapInformation==============

 算子编号 时间步  算子种类 子节点0  dif0   
    0       0       1       2       0   
    1       1       1       5       0   
    2       1       0       4       0   
    3       2       1       4       0   
    4       3       0       5       0   
    5       5       0       6       0   
    6       7       1      -1      -1   


============第 1个 PNU 的 MapInformation==============

 算子编号 时间步  算子种类 子节点0  dif0   
    0       0       1       5       0   
    1       1       1       3       0   
    2       1       1       4       0   
    3       4       0       4       0   
    4       5       0       5       0   
    5       6       0       6       0   
    6       7       1      -1      -1   


============第 1个 PNU 的 MapInformation==============

 算子编号 时间步  算子种类 子节点0  dif0   
    0       0       1       5       0   
    1       1       1       4       0   
    2       2       1       3       0   
    3       4       0       4       0   
    4       5       0       5       0   
    5       6       0       6       0   
    6       7       1      -1      -1   


============第 1个 PNU 的 MapInformation==============

 算子编号 时间步  算子种类 子节点0  dif0   
    0       0       1       4       0   
    1       2       1       3       0   
    2       2       1       5       0   
    3       3       0       4       0   
    4       4       0       5       0   
    5       6       0       6       0   
    6       7       1      -1      -1   


============第 1个 PNU 的 MapInformation==============

 算子编号 时间步  算子种类 子节点0  dif0   
    0       0       1       5       0   
    1       0       1       4       0   
    2       2       1       3       0   
    3       4       0       4       0   
    4       5       0       5       0   
    5       6       0       6       0   
    6       7       1      -1      -1   


============第 1个 PNU 的 MapInformation==============

 算子编号 时间步  算子种类 子节点0  dif0   
    0       0       1       5       0   
    1       0       1       4       0   
    2       1       1       3       0   
    3       4       0       4       0   
    4       5       0       5       0   
    5       6       0       6       0   
    6       7       1      -1      -1   


============第 1个 PNU 的 MapInformation==============

 算子编号 时间步  算子种类 子节点0  dif0   
    0       0       1       2       0   
    1       1       1       5       0   
    2       1       0       4       0   
    3       1       1       4       0   
    4       2       0       5       0   
    5       6       0       6       0   
    6       7       1      -1      -1   


============第 1个 PNU 的 MapInformation==============

 算子编号 时间步  算子种类 子节点0  dif0   
    0       0       1       2       0   
    1       0       1       4       0   
    2       1       0       4       0   
    3       1       1       5       0   
    4       2       0       5       0   
    5       6       0       6       0   
    6       7       1      -1      -1   


============第 1个 PNU 的 MapInformation==============

 算子编号 时间步  算子种类 子节点0  dif0   
    0       0       1       2       0   
    1       1       1       5       0   
    2       1       0       4       0   
    3       1       1       4       0   
    4       2       0       5       0   
    5       3       0       6       0   
    6       4       1      -1      -1   


============第 2个 PNU 的 MapInformation==============

 算子编号 时间步  算子种类 子节点0  dif0   
    0       0       1       2       0   
    1       3       1       2       0   
    2       4       0       3       0   
    3       5       1      -1      -1   


============第 2个 PNU 的 MapInformation==============

 算子编号 时间步  算子种类 子节点0  dif0   
    0       1       1       2       0   
    1       3       1       2       0   
    2       4       0       3       0   
    3       5       1      -1      -1   


============第 2个 PNU 的 MapInformation==============

 算子编号 时间步  算子种类 子节点0  dif0   
    0       2       1       2       0   
    1       3       1       2       0   
    2       4       0       3       0   
    3       5       1      -1      -1   


============第 2个 PNU 的 MapInformation==============

 算子编号 时间步  算子种类 子节点0  dif0   
    0       0       1       2       0   
    1       2       1       2       0   
    2       4       0       3       0   
    3       5       1      -1      -1   


============第 2个 PNU 的 MapInformation==============

 算子编号 时间步  算子种类 子节点0  dif0   
    0       0       1       2       0   
    1       1       1       2       0   
    2       4       0       3       0   
    3       5       1      -1      -1   


============第 2个 PNU 的 MapInformation==============

 算子编号 时间步  算子种类 子节点0  dif0   
    0       0       1       2       0   
    1       1       1       2       0   
    2       3       0       3       0   
    3       5       1      -1      -1   


============第 2个 PNU 的 MapInformation==============

 算子编号 时间步  算子种类 子节点0  dif0   
    0       0       1       2       0   
    1       1       1       2       0   
    2       2       0       3       0   
    3       3       1      -1      -1   


============第 2个 PNU 的 MapInformation==============

 算子编号 时间步  算子种类 子节点0  dif0   
    0       0       1       2       0   
    1       0       1       2       0   
    2       4       0       3       0   
    3       5       1      -1      -1   


============第 2个 PNU 的 MapInformation==============

 算子编号 时间步  算子种类 子节点0  dif0   
    0       3       1       2       0   
    1       3       1       2       0   
    2       4       0       3       0   
    3       5       1      -1      -1   


============第 2个 PNU 的 MapInformation==============

 算子编号 时间步  算子种类 子节点0  dif0   
    0       0       1       2       0   
    1       3       1       2       0   
    2       4       0       3       0   
    3       5       1      -1      -1   


============第 2个 PNU 的 MapInformation==============

 算子编号 时间步  算子种类 子节点0  dif0   
    0       2       1       2       0   
    1       3       1       2       0   
    2       4       0       3       0   
    3       5       1      -1      -1   


============第 2个 PNU 的 MapInformation==============

 算子编号 时间步  算子种类 子节点0  dif0   
    0       0       1       2       0   
    1       2       1       2       0   
    2       4       0       3       0   
    3       5       1      -1      -1   


============第 2个 PNU 的 MapInformation==============

 算子编号 时间步  算子种类 子节点0  dif0   
    0       0       1       2       0   
    1       2       1       2       0   
    2       3       0       3       0   
    3       5       1      -1      -1   


============第 2个 PNU 的 MapInformation==============

 算子编号 时间步  算子种类 子节点0  dif0   
    0       0       1       2       0   
    1       2       1       2       0   
    2       3       0       3       0   
    3       5       1      -1      -1   


============第 2个 PNU 的 MapInformation==============

 算子编号 时间步  算子种类 子节点0  dif0   
    0       0       1       2       0   
    1       2       1       2       0   
    2       3       0       3       0   
    3       4       1      -1      -1   


============第 2个 PNU 的 MapInformation==============

 算子编号 时间步  算子种类 子节点0  dif0   
    0       0       1       2       0   
    1       1       1       2       0   
    2       3       0       3       0   
    3       4       1      -1      -1   


============第 2个 PNU 的 MapInformation==============

 算子编号 时间步  算子种类 子节点0  dif0   
    0       0       1       2       0   
    1       1       1       2       0   
    2       2       0       3       0   
    3       4       1      -1      -1   


============第 2个 PNU 的 MapInformation==============

 算子编号 时间步  算子种类 子节点0  dif0   
    0       0       1       2       0   
    1       1       1       2       0   
    2       2       0       3       0   
    3       5       1      -1      -1   


============第 2个 PNU 的 MapInformation==============

 算子编号 时间步  算子种类 子节点0  dif0   
    0       0       1       2       0   
    1       1       1       2       0   
    2       4       0       3       0   
    3       5       1      -1      -1   


============第 2个 PNU 的 MapInformation==============

 算子编号 时间步  算子种类 子节点0  dif0   
    0       0       1       2       0   
    1       1       1       2       0   
    2       3       0       3       0   
    3       5       1      -1      -1   


============第 2个 PNU 的 MapInformation==============

 算子编号 时间步  算子种类 子节点0  dif0   
    0       0       1       2       0   
    1       0       1       2       0   
    2       3       0       3       0   
    3       4       1      -1      -1   


============第 2个 PNU 的 MapInformation==============

 算子编号 时间步  算子种类 子节点0  dif0   
    0       0       1       2       0   
    1       3       1       2       0   
    2       4       0       3       0   
    3       5       1      -1      -1   


============第 2个 PNU 的 MapInformation==============

 算子编号 时间步  算子种类 子节点0  dif0   
    0       1       1       2       0   
    1       3       1       2       0   
    2       4       0       3       0   
    3       5       1      -1      -1   


============第 2个 PNU 的 MapInformation==============

 算子编号 时间步  算子种类 子节点0  dif0   
    0       1       1       2       0   
    1       2       1       2       0   
    2       4       0       3       0   
    3       5       1      -1      -1   


============第 2个 PNU 的 MapInformation==============

 算子编号 时间步  算子种类 子节点0  dif0   
    0       2       1       2       0   
    1       3       1       2       0   
    2       4       0       3       0   
    3       5       1      -1      -1   


============第 2个 PNU 的 MapInformation==============

 算子编号 时间步  算子种类 子节点0  dif0   
    0       1       1       2       0   
    1       1       1       2       0   
    2       4       0       3       0   
    3       5       1      -1      -1   


============第 2个 PNU 的 MapInformation==============

 算子编号 时间步  算子种类 子节点0  dif0   
    0       1       1       2       0   
    1       1       1       2       0   
    2       3       0       3       0   
    3       5       1      -1      -1   


============第 2个 PNU 的 MapInformation==============

 算子编号 时间步  算子种类 子节点0  dif0   
    0       1       1       2       0   
    1       1       1       2       0   
    2       2       0       3       0   
    3       3       1      -1      -1   


============第 2个 PNU 的 MapInformation==============

 算子编号 时间步  算子种类 子节点0  dif0   
    0       0       1       2       0   
    1       1       1       2       0   
    2       4       0       3       0   
    3       5       1      -1      -1   


============第 2个 PNU 的 MapInformation==============

 算子编号 时间步  算子种类 子节点0  dif0   
    0       0       1       2       0   
    1       2       1       2       0   
    2       4       0       3       0   
    3       5       1      -1      -1   


============第 2个 PNU 的 MapInformation==============

 算子编号 时间步  算子种类 子节点0  dif0   
    0       0       1       2       0   
    1       1       1       2       0   
    2       4       0       3       0   
    3       5       1      -1      -1   


============第 2个 PNU 的 MapInformation==============

 算子编号 时间步  算子种类 子节点0  dif0   
    0       0       1       2       0   
    1       0       1       2       0   
    2       4       0       3       0   
    3       5       1      -1      -1   


============第 2个 PNU 的 MapInformation==============

 算子编号 时间步  算子种类 子节点0  dif0   
    0       0       1       2       0   
    1       2       1       2       0   
    2       3       0       3       0   
    3       4       1      -1      -1   


============第 2个 PNU 的 MapInformation==============

 算子编号 时间步  算子种类 子节点0  dif0   
    0       0       1       2       0   
    1       1       1       2       0   
    2       3       0       3       0   
    3       4       1      -1      -1   


============第 2个 PNU 的 MapInformation==============

 算子编号 时间步  算子种类 子节点0  dif0   
    0       0       1       2       0   
    1       0       1       2       0   
    2       3       0       3       0   
    3       4       1      -1      -1   


============第 2个 PNU 的 MapInformation==============

 算子编号 时间步  算子种类 子节点0  dif0   
    0       0       1       2       0   
    1       0       1       2       0   
    2       2       0       3       0   
    3       4       1      -1      -1   


============第 2个 PNU 的 MapInformation==============

 算子编号 时间步  算子种类 子节点0  dif0   
    0       0       1       2       0   
    1       1       1       2       0   
    2       2       0       3       0   
    3       4       1      -1      -1   


============第 2个 PNU 的 MapInformation==============

 算子编号 时间步  算子种类 子节点0  dif0   
    0       1       1       2       0   
    1       2       1       2       0   
    2       3       0       3       0   
    3       5       1      -1      -1   


============第 2个 PNU 的 MapInformation==============

 算子编号 时间步  算子种类 子节点0  dif0   
    0       1       1       2       0   
    1       2       1       2       0   
    2       3       0       3       0   
    3       4       1      -1      -1   


============第 2个 PNU 的 MapInformation==============

 算子编号 时间步  算子种类 子节点0  dif0   
    0       2       1       2       0   
    1       2       1       2       0   
    2       3       0       3       0   
    3       5       1      -1      -1   


============第 2个 PNU 的 MapInformation==============

 算子编号 时间步  算子种类 子节点0  dif0   
    0       2       1       2       0   
    1       2       1       2       0   
    2       3       0       3       0   
    3       4       1      -1      -1   


============第 2个 PNU 的 MapInformation==============

 算子编号 时间步  算子种类 子节点0  dif0   
    0       2       1       2       0   
    1       2       1       2       0   
    2       4       0       3       0   
    3       5       1      -1      -1   


============第 3个 PNU 的 MapInformation==============

 算子编号 时间步  算子种类 子节点0  dif0   
    0       0       1       5       0   
    1       1       1       4       0   
    2       3       1       3       0   
    3       4       0       4       0   
    4       5       0       5       0   
    5       6       0       6       0   
    6       7       1      -1      -1   


============第 3个 PNU 的 MapInformation==============

 算子编号 时间步  算子种类 子节点0  dif0   
    0       0       1       5       0   
    1       0       1       4       0   
    2       3       1       3       0   
    3       4       0       4       0   
    4       5       0       5       0   
    5       6       0       6       0   
    6       7       1      -1      -1   


============第 3个 PNU 的 MapInformation==============

 算子编号 时间步  算子种类 子节点0  dif0   
    0       1       1       5       0   
    1       1       1       4       0   
    2       3       1       3       0   
    3       4       0       4       0   
    4       5       0       5       0   
    5       6       0       6       0   
    6       7       1      -1      -1   


============第 3个 PNU 的 MapInformation==============

 算子编号 时间步  算子种类 子节点0  dif0   
    0       1       1       4       0   
    1       2       1       5       0   
    2       3       1       3       0   
    3       4       0       4       0   
    4       5       0       5       0   
    5       6       0       6       0   
    6       7       1      -1      -1   


============第 3个 PNU 的 MapInformation==============

 算子编号 时间步  算子种类 子节点0  dif0   
    0       0       1       4       0   
    1       2       1       5       0   
    2       3       1       3       0   
    3       4       0       4       0   
    4       5       0       5       0   
    5       6       0       6       0   
    6       7       1      -1      -1   


============第 3个 PNU 的 MapInformation==============

 算子编号 时间步  算子种类 子节点0  dif0   
    0       0       1       3       0   
    1       0       1       4       0   
    2       2       1       5       0   
    3       4       0       4       0   
    4       5       0       5       0   
    5       6       0       6       0   
    6       7       1      -1      -1   


============第 3个 PNU 的 MapInformation==============

 算子编号 时间步  算子种类 子节点0  dif0   
    0       0       1       4       0   
    1       1       1       5       0   
    2       3       1       3       0   
    3       4       0       4       0   
    4       5       0       5       0   
    5       6       0       6       0   
    6       7       1      -1      -1   


============第 3个 PNU 的 MapInformation==============

 算子编号 时间步  算子种类 子节点0  dif0   
    0       0       1       4       0   
    1       1       1       5       0   
    2       2       1       3       0   
    3       4       0       4       0   
    4       5       0       5       0   
    5       6       0       6       0   
    6       7       1      -1      -1   


============第 3个 PNU 的 MapInformation==============

 算子编号 时间步  算子种类 子节点0  dif0   
    0       1       1       5       0   
    1       1       1       3       0   
    2       1       1       4       0   
    3       2       0       4       0   
    4       5       0       5       0   
    5       6       0       6       0   
    6       7       1      -1      -1   


============第 3个 PNU 的 MapInformation==============

 算子编号 时间步  算子种类 子节点0  dif0   
    0       0       1       4       0   
    1       1       1       3       0   
    2       1       1       5       0   
    3       2       0       4       0   
    4       5       0       5       0   
    5       6       0       6       0   
    6       7       1      -1      -1   


============第 3个 PNU 的 MapInformation==============

 算子编号 时间步  算子种类 子节点0  dif0   
    0       0       1       3       0   
    1       1       1       5       0   
    2       1       1       4       0   
    3       2       0       4       0   
    4       5       0       5       0   
    5       6       0       6       0   
    6       7       1      -1      -1   


============第 3个 PNU 的 MapInformation==============

 算子编号 时间步  算子种类 子节点0  dif0   
    0       0       1       3       0   
    1       0       1       4       0   
    2       1       1       5       0   
    3       2       0       4       0   
    4       5       0       5       0   
    5       6       0       6       0   
    6       7       1      -1      -1   


============第 3个 PNU 的 MapInformation==============

 算子编号 时间步  算子种类 子节点0  dif0   
    0       1       1       5       0   
    1       1       1       4       0   
    2       2       1       3       0   
    3       3       0       4       0   
    4       5       0       5       0   
    5       6       0       6       0   
    6       7       1      -1      -1   


============第 3个 PNU 的 MapInformation==============

 算子编号 时间步  算子种类 子节点0  dif0   
    0       0       1       3       0   
    1       1       1       5       0   
    2       1       1       4       0   
    3       3       0       4       0   
    4       5       0       5       0   
    5       6       0       6       0   
    6       7       1      -1      -1   


============第 3个 PNU 的 MapInformation==============

 算子编号 时间步  算子种类 子节点0  dif0   
    0       0       1       3       0   
    1       0       1       4       0   
    2       1       1       5       0   
    3       2       0       4       0   
    4       4       0       5       0   
    5       6       0       6       0   
    6       7       1      -1      -1   


============第 3个 PNU 的 MapInformation==============

 算子编号 时间步  算子种类 子节点0  dif0   
    0       0       1       3       0   
    1       1       1       4       0   
    2       2       1       5       0   
    3       3       0       4       0   
    4       5       0       5       0   
    5       6       0       6       0   
    6       7       1      -1      -1   


============第 3个 PNU 的 MapInformation==============

 算子编号 时间步  算子种类 子节点0  dif0   
    0       0       1       3       0   
    1       0       1       4       0   
    2       2       1       5       0   
    3       3       0       4       0   
    4       5       0       5       0   
    5       6       0       6       0   
    6       7       1      -1      -1   


============第 3个 PNU 的 MapInformation==============

 算子编号 时间步  算子种类 子节点0  dif0   
    0       0       1       3       0   
    1       0       1       4       0   
    2       2       1       5       0   
    3       3       0       4       0   
    4       4       0       5       0   
    5       6       0       6       0   
    6       7       1      -1      -1   


============第 3个 PNU 的 MapInformation==============

 算子编号 时间步  算子种类 子节点0  dif0   
    0       0       1       4       0   
    1       1       1       5       0   
    2       2       1       3       0   
    3       3       0       4       0   
    4       5       0       5       0   
    5       6       0       6       0   
    6       7       1      -1      -1   


============第 3个 PNU 的 MapInformation==============

 算子编号 时间步  算子种类 子节点0  dif0   
    0       0       1       4       0   
    1       1       1       3       0   
    2       1       1       5       0   
    3       2       0       4       0   
    4       4       0       5       0   
    5       6       0       6       0   
    6       7       1      -1      -1   


============第 3个 PNU 的 MapInformation==============

 算子编号 时间步  算子种类 子节点0  dif0   
    0       0       1       5       0   
    1       1       1       3       0   
    2       1       1       4       0   
    3       4       0       4       0   
    4       5       0       5       0   
    5       6       0       6       0   
    6       7       1      -1      -1   


============第 3个 PNU 的 MapInformation==============

 算子编号 时间步  算子种类 子节点0  dif0   
    0       0       1       5       0   
    1       1       1       4       0   
    2       3       1       3       0   
    3       4       0       4       0   
    4       5       0       5       0   
    5       6       0       6       0   
    6       7       1      -1      -1   


============第 3个 PNU 的 MapInformation==============

 算子编号 时间步  算子种类 子节点0  dif0   
    0       0       1       5       0   
    1       0       1       4       0   
    2       3       1       3       0   
    3       4       0       4       0   
    4       5       0       5       0   
    5       6       0       6       0   
    6       7       1      -1      -1   


============第 3个 PNU 的 MapInformation==============

 算子编号 时间步  算子种类 子节点0  dif0   
    0       0       1       5       0   
    1       2       1       4       0   
    2       3       1       3       0   
    3       4       0       4       0   
    4       5       0       5       0   
    5       6       0       6       0   
    6       7       1      -1      -1   


============第 3个 PNU 的 MapInformation==============

 算子编号 时间步  算子种类 子节点0  dif0   
    0       1       1       5       0   
    1       1       1       4       0   
    2       3       1       3       0   
    3       4       0       4       0   
    4       5       0       5       0   
    5       6       0       6       0   
    6       7       1      -1      -1   


============第 3个 PNU 的 MapInformation==============

 算子编号 时间步  算子种类 子节点0  dif0   
    0       0       1       4       0   
    1       1       1       5       0   
    2       3       1       3       0   
    3       4       0       4       0   
    4       5       0       5       0   
    5       6       0       6       0   
    6       7       1      -1      -1   


============第 3个 PNU 的 MapInformation==============

 算子编号 时间步  算子种类 子节点0  dif0   
    0       1       1       5       0   
    1       1       1       4       0   
    2       2       1       3       0   
    3       3       0       4       0   
    4       4       0       5       0   
    5       6       0       6       0   
    6       7       1      -1      -1   


============第 3个 PNU 的 MapInformation==============

 算子编号 时间步  算子种类 子节点0  dif0   
    0       0       1       4       0   
    1       1       1       5       0   
    2       2       1       3       0   
    3       3       0       4       0   
    4       4       0       5       0   
    5       6       0       6       0   
    6       7       1      -1      -1   


============第 3个 PNU 的 MapInformation==============

 算子编号 时间步  算子种类 子节点0  dif0   
    0       0       1       3       0   
    1       1       1       5       0   
    2       1       1       4       0   
    3       2       0       4       0   
    4       3       0       5       0   
    5       6       0       6       0   
    6       7       1      -1      -1   


============第 3个 PNU 的 MapInformation==============

 算子编号 时间步  算子种类 子节点0  dif0   
    0       0       1       2       0   
    1       1       1       5       0   
    2       1       0       4       0   
    3       1       1       4       0   
    4       3       0       5       0   
    5       6       0       6       0   
    6       7       1      -1      -1   


============第 3个 PNU 的 MapInformation==============

 算子编号 时间步  算子种类 子节点0  dif0   
    0       1       1       4       0   
    1       2       1       3       0   
    2       2       1       5       0   
    3       3       0       4       0   
    4       4       0       5       0   
    5       6       0       6       0   
    6       7       1      -1      -1   


============第 3个 PNU 的 MapInformation==============

 算子编号 时间步  算子种类 子节点0  dif0   
    0       0       1       2       0   
    1       1       1       5       0   
    2       1       0       4       0   
    3       1       1       4       0   
    4       3       0       5       0   
    5       5       0       6       0   
    6       7       1      -1      -1   


============第 3个 PNU 的 MapInformation==============

 算子编号 时间步  算子种类 子节点0  dif0   
    0       0       1       2       0   
    1       0       1       4       0   
    2       1       0       4       0   
    3       1       1       5       0   
    4       3       0       5       0   
    5       5       0       6       0   
    6       7       1      -1      -1   


============第 3个 PNU 的 MapInformation==============

 算子编号 时间步  算子种类 子节点0  dif0   
    0       0       1       2       0   
    1       1       1       5       0   
    2       1       0       4       0   
    3       2       1       4       0   
    4       3       0       5       0   
    5       5       0       6       0   
    6       7       1      -1      -1   


============第 3个 PNU 的 MapInformation==============

 算子编号 时间步  算子种类 子节点0  dif0   
    0       0       1       5       0   
    1       1       1       3       0   
    2       1       1       4       0   
    3       4       0       4       0   
    4       5       0       5       0   
    5       6       0       6       0   
    6       7       1      -1      -1   


============第 3个 PNU 的 MapInformation==============

 算子编号 时间步  算子种类 子节点0  dif0   
    0       0       1       5       0   
    1       1       1       4       0   
    2       2       1       3       0   
    3       4       0       4       0   
    4       5       0       5       0   
    5       6       0       6       0   
    6       7       1      -1      -1   


============第 3个 PNU 的 MapInformation==============

 算子编号 时间步  算子种类 子节点0  dif0   
    0       0       1       4       0   
    1       2       1       3       0   
    2       2       1       5       0   
    3       3       0       4       0   
    4       4       0       5       0   
    5       6       0       6       0   
    6       7       1      -1      -1   


============第 3个 PNU 的 MapInformation==============

 算子编号 时间步  算子种类 子节点0  dif0   
    0       0       1       5       0   
    1       0       1       4       0   
    2       2       1       3       0   
    3       4       0       4       0   
    4       5       0       5       0   
    5       6       0       6       0   
    6       7       1      -1      -1   


============第 3个 PNU 的 MapInformation==============

 算子编号 时间步  算子种类 子节点0  dif0   
    0       0       1       5       0   
    1       0       1       4       0   
    2       1       1       3       0   
    3       4       0       4       0   
    4       5       0       5       0   
    5       6       0       6       0   
    6       7       1      -1      -1   


============第 3个 PNU 的 MapInformation==============

 算子编号 时间步  算子种类 子节点0  dif0   
    0       0       1       2       0   
    1       1       1       5       0   
    2       1       0       4       0   
    3       1       1       4       0   
    4       2       0       5       0   
    5       6       0       6       0   
    6       7       1      -1      -1   


============第 3个 PNU 的 MapInformation==============

 算子编号 时间步  算子种类 子节点0  dif0   
    0       0       1       2       0   
    1       0       1       4       0   
    2       1       0       4       0   
    3       1       1       5       0   
    4       2       0       5       0   
    5       6       0       6       0   
    6       7       1      -1      -1   


============第 3个 PNU 的 MapInformation==============

 算子编号 时间步  算子种类 子节点0  dif0   
    0       0       1       2       0   
    1       1       1       5       0   
    2       1       0       4       0   
    3       1       1       4       0   
    4       2       0       5       0   
    5       3       0       6       0   
    6       4       1      -1      -1   
