
=======schedule=====

 II =  2

timeStep0  LSU N0T0_3 N2T0_12 N5T0_24 N6T0_29  PE 
timeStep1  LSU N1T1_9  PE N7T1_34 
timeStep2  LSU  PE N3T2_17 
timeStep3  LSU  PE N4T3_21 
timeStep4  LSU  PE N8T4_40 
timeStep5  LSU N9T5_44  PE 
timeStep6  LSU  PE 
timeStep7  LSU  PE 

The total number of register
begin 2 end 3 dif 0 startTime 0 endTime 2 useRe 2
begin 1 end 3 dif 0 startTime 1 endTime 2 useRe 1
begin 3 end 4 dif 0 startTime 2 endTime 3 useRe 1
begin 0 end 4 dif 0 startTime 0 endTime 3 useRe 3
begin 6 end 7 dif 0 startTime 0 endTime 1 useRe 1
begin 5 end 7 dif 0 startTime 0 endTime 1 useRe 1
begin 7 end 8 dif 0 startTime 1 endTime 4 useRe 3
begin 4 end 8 dif 0 startTime 3 endTime 4 useRe 1
begin 8 end 9 dif 0 startTime 4 endTime 5 useRe 1
  14
