
=======schedule=====

 II =  2

timeStep0  LSU N2T0_12 N5T0_24 N6T0_29  PE 
timeStep1  LSU N1T1_9  PE 
timeStep2  LSU N0T2_5  PE 
timeStep3  LSU  PE N3T3_18 N7T3_36 
timeStep4  LSU  PE N4T4_22 
timeStep5  LSU  PE 
timeStep6  LSU  PE N8T6_42 
timeStep7  LSU N9T7_46  PE 

The total number of register
begin 2 end 3 dif 0 startTime 0 endTime 3 useRe 3
begin 1 end 3 dif 0 startTime 1 endTime 3 useRe 2
begin 3 end 4 dif 0 startTime 3 endTime 4 useRe 1
begin 0 end 4 dif 0 startTime 2 endTime 4 useRe 2
begin 6 end 7 dif 0 startTime 0 endTime 3 useRe 3
begin 5 end 7 dif 0 startTime 0 endTime 3 useRe 3
begin 7 end 8 dif 0 startTime 3 endTime 6 useRe 3
begin 4 end 8 dif 0 startTime 4 endTime 6 useRe 2
begin 8 end 9 dif 0 startTime 6 endTime 7 useRe 1
  20
