This file contains any messages produced by compilers while
running configure, to aid debugging if configure makes a mistake.

It was created by pet configure 0.11.4, which was
generated by GNU Autoconf 2.69.  Invocation command line was

  $ ../pet/configure CXXFLAGS=-fno-rtti --with-isl-builddir=../isl --prefix=/home/huangl/workspace/RfCgraTrans/build/pluto

## --------- ##
## Platform. ##
## --------- ##

hostname = huangl
uname -m = x86_64
uname -r = 5.10.102.1-microsoft-standard-WSL2
uname -s = Linux
uname -v = #1 SMP Wed Mar 2 00:30:59 UTC 2022

/usr/bin/uname -p = x86_64
/bin/uname -X     = unknown

/bin/arch              = x86_64
/usr/bin/arch -k       = unknown
/usr/convex/getsysinfo = unknown
/usr/bin/hostinfo      = unknown
/bin/machine           = unknown
/usr/bin/oslevel       = unknown
/bin/universe          = unknown

PATH: ~/anaconda3/bin
PATH: /root/.vscode-server/bin/05047486b6df5eb8d44b2ecd70ea3bdf775fd937/bin/remote-cli
PATH: ~/anaconda3/bin
PATH: /usr/local/sbin
PATH: /usr/local/bin
PATH: /usr/sbin
PATH: /usr/bin
PATH: /sbin
PATH: /bin
PATH: /usr/games
PATH: /usr/local/games
PATH: /snap/bin


## ----------- ##
## Core tests. ##
## ----------- ##

configure:2589: checking for a BSD-compatible install
configure:2657: result: /usr/bin/install -c
configure:2668: checking whether build environment is sane
configure:2723: result: yes
configure:2872: checking for a thread-safe mkdir -p
configure:2911: result: /usr/bin/mkdir -p
configure:2918: checking for gawk
configure:2934: found /usr/bin/gawk
configure:2945: result: gawk
configure:2956: checking whether make sets $(MAKE)
configure:2978: result: yes
configure:3007: checking whether make supports nested variables
configure:3024: result: yes
configure:3161: checking whether make supports nested variables
configure:3178: result: yes
configure:3240: checking for gcc
configure:3267: result: /usr/bin/cc
configure:3496: checking for C compiler version
configure:3505: /usr/bin/cc --version >&5
cc (Ubuntu 9.4.0-1ubuntu1~20.04.1) 9.4.0
Copyright (C) 2019 Free Software Foundation, Inc.
This is free software; see the source for copying conditions.  There is NO
warranty; not even for MERCHANTABILITY or FITNESS FOR A PARTICULAR PURPOSE.

configure:3516: $? = 0
configure:3505: /usr/bin/cc -v >&5
Using built-in specs.
COLLECT_GCC=/usr/bin/cc
COLLECT_LTO_WRAPPER=/usr/lib/gcc/x86_64-linux-gnu/9/lto-wrapper
OFFLOAD_TARGET_NAMES=nvptx-none:hsa
OFFLOAD_TARGET_DEFAULT=1
Target: x86_64-linux-gnu
Configured with: ../src/configure -v --with-pkgversion='Ubuntu 9.4.0-1ubuntu1~20.04.1' --with-bugurl=file:///usr/share/doc/gcc-9/README.Bugs --enable-languages=c,ada,c++,go,brig,d,fortran,objc,obj-c++,gm2 --prefix=/usr --with-gcc-major-version-only --program-suffix=-9 --program-prefix=x86_64-linux-gnu- --enable-shared --enable-linker-build-id --libexecdir=/usr/lib --without-included-gettext --enable-threads=posix --libdir=/usr/lib --enable-nls --enable-clocale=gnu --enable-libstdcxx-debug --enable-libstdcxx-time=yes --with-default-libstdcxx-abi=new --enable-gnu-unique-object --disable-vtable-verify --enable-plugin --enable-default-pie --with-system-zlib --with-target-system-zlib=auto --enable-objc-gc=auto --enable-multiarch --disable-werror --with-arch-32=i686 --with-abi=m64 --with-multilib-list=m32,m64,mx32 --enable-multilib --with-tune=generic --enable-offload-targets=nvptx-none=/build/gcc-9-Av3uEd/gcc-9-9.4.0/debian/tmp-nvptx/usr,hsa --without-cuda-driver --enable-checking=release --build=x86_64-linux-gnu --host=x86_64-linux-gnu --target=x86_64-linux-gnu
Thread model: posix
gcc version 9.4.0 (Ubuntu 9.4.0-1ubuntu1~20.04.1) 
configure:3516: $? = 0
configure:3505: /usr/bin/cc -V >&5
cc: error: unrecognized command line option '-V'
cc: fatal error: no input files
compilation terminated.
configure:3516: $? = 1
configure:3505: /usr/bin/cc -qversion >&5
cc: error: unrecognized command line option '-qversion'; did you mean '--version'?
cc: fatal error: no input files
compilation terminated.
configure:3516: $? = 1
configure:3536: checking whether the C compiler works
configure:3558: /usr/bin/cc    conftest.c  >&5
configure:3562: $? = 0
configure:3610: result: yes
configure:3613: checking for C compiler default output file name
configure:3615: result: a.out
configure:3621: checking for suffix of executables
configure:3628: /usr/bin/cc -o conftest    conftest.c  >&5
configure:3632: $? = 0
configure:3654: result: 
configure:3676: checking whether we are cross compiling
configure:3684: /usr/bin/cc -o conftest    conftest.c  >&5
configure:3688: $? = 0
configure:3695: ./conftest
configure:3699: $? = 0
configure:3687: result: no
configure:3692: checking for suffix of object files
configure:3714: /usr/bin/cc -c   conftest.c >&5
configure:3718: $? = 0
configure:3739: result: o
configure:3743: checking whether we are using the GNU C compiler
configure:3762: /usr/bin/cc -c   conftest.c >&5
configure:3762: $? = 0
configure:3771: result: yes
configure:3780: checking whether /usr/bin/cc accepts -g
configure:3800: /usr/bin/cc -c -g  conftest.c >&5
configure:3800: $? = 0
configure:3841: result: yes
configure:3858: checking for /usr/bin/cc option to accept ISO C89
configure:3921: /usr/bin/cc  -c -g -O2  conftest.c >&5
configure:3921: $? = 0
configure:3934: result: none needed
configure:3959: checking whether /usr/bin/cc understands -c and -o together
configure:3981: /usr/bin/cc -c conftest.c -o conftest2.o
configure:3984: $? = 0
configure:3981: /usr/bin/cc -c conftest.c -o conftest2.o
configure:3984: $? = 0
configure:3996: result: yes
configure:4016: checking whether make supports the include directive
configure:4031: make -f confmf.GNU && cat confinc.out
this is the am__doit target
configure:4034: $? = 0
configure:4053: result: yes (GNU style)
configure:4078: checking dependency style of /usr/bin/cc
configure:4189: result: gcc3
configure:4316: checking for C++ compiler version
configure:4325: /usr/bin/c++ -std=c++11 --version >&5
c++ (Ubuntu 9.4.0-1ubuntu1~20.04.1) 9.4.0
Copyright (C) 2019 Free Software Foundation, Inc.
This is free software; see the source for copying conditions.  There is NO
warranty; not even for MERCHANTABILITY or FITNESS FOR A PARTICULAR PURPOSE.

configure:4336: $? = 0
configure:4325: /usr/bin/c++ -std=c++11 -v >&5
Using built-in specs.
COLLECT_GCC=/usr/bin/c++
COLLECT_LTO_WRAPPER=/usr/lib/gcc/x86_64-linux-gnu/9/lto-wrapper
OFFLOAD_TARGET_NAMES=nvptx-none:hsa
OFFLOAD_TARGET_DEFAULT=1
Target: x86_64-linux-gnu
Configured with: ../src/configure -v --with-pkgversion='Ubuntu 9.4.0-1ubuntu1~20.04.1' --with-bugurl=file:///usr/share/doc/gcc-9/README.Bugs --enable-languages=c,ada,c++,go,brig,d,fortran,objc,obj-c++,gm2 --prefix=/usr --with-gcc-major-version-only --program-suffix=-9 --program-prefix=x86_64-linux-gnu- --enable-shared --enable-linker-build-id --libexecdir=/usr/lib --without-included-gettext --enable-threads=posix --libdir=/usr/lib --enable-nls --enable-clocale=gnu --enable-libstdcxx-debug --enable-libstdcxx-time=yes --with-default-libstdcxx-abi=new --enable-gnu-unique-object --disable-vtable-verify --enable-plugin --enable-default-pie --with-system-zlib --with-target-system-zlib=auto --enable-objc-gc=auto --enable-multiarch --disable-werror --with-arch-32=i686 --with-abi=m64 --with-multilib-list=m32,m64,mx32 --enable-multilib --with-tune=generic --enable-offload-targets=nvptx-none=/build/gcc-9-Av3uEd/gcc-9-9.4.0/debian/tmp-nvptx/usr,hsa --without-cuda-driver --enable-checking=release --build=x86_64-linux-gnu --host=x86_64-linux-gnu --target=x86_64-linux-gnu
Thread model: posix
gcc version 9.4.0 (Ubuntu 9.4.0-1ubuntu1~20.04.1) 
configure:4336: $? = 0
configure:4325: /usr/bin/c++ -std=c++11 -V >&5
c++: error: unrecognized command line option '-V'
c++: fatal error: no input files
compilation terminated.
configure:4336: $? = 1
configure:4325: /usr/bin/c++ -std=c++11 -qversion >&5
c++: error: unrecognized command line option '-qversion'; did you mean '--version'?
c++: fatal error: no input files
compilation terminated.
configure:4336: $? = 1
configure:4340: checking whether we are using the GNU C++ compiler
configure:4359: /usr/bin/c++ -std=c++11 -c -fno-rtti  conftest.cpp >&5
configure:4359: $? = 0
configure:4368: result: yes
configure:4377: checking whether /usr/bin/c++ -std=c++11 accepts -g
configure:4397: /usr/bin/c++ -std=c++11 -c -g  conftest.cpp >&5
configure:4397: $? = 0
configure:4438: result: yes
configure:4463: checking dependency style of /usr/bin/c++ -std=c++11
configure:4574: result: gcc3
configure:4589: checking for grep that handles long lines and -e
configure:4647: result: /usr/bin/grep
configure:4681: checking build system type
configure:4695: result: x86_64-pc-linux-gnu
configure:4715: checking host system type
configure:4728: result: x86_64-pc-linux-gnu
configure:4769: checking how to print strings
configure:4796: result: printf
configure:4817: checking for a sed that does not truncate output
configure:4881: result: /usr/bin/sed
configure:4899: checking for egrep
configure:4961: result: /usr/bin/grep -E
configure:4966: checking for fgrep
configure:5028: result: /usr/bin/grep -F
configure:5063: checking for ld used by /usr/bin/cc
configure:5130: result: /usr/bin/ld
configure:5137: checking if the linker (/usr/bin/ld) is GNU ld
configure:5152: result: yes
configure:5164: checking for BSD- or MS-compatible name lister (nm)
configure:5218: result: /usr/bin/nm -B
configure:5348: checking the name lister (/usr/bin/nm -B) interface
configure:5355: /usr/bin/cc -c -g -O2  conftest.c >&5
configure:5358: /usr/bin/nm -B "conftest.o"
configure:5361: output
0000000000000000 B some_variable
configure:5362: result: BSD nm
configure:5365: checking whether ln -s works
configure:5369: result: yes
configure:5377: checking the maximum length of command line arguments
configure:5508: result: 1572864
configure:5556: checking how to convert x86_64-pc-linux-gnu file names to x86_64-pc-linux-gnu format
configure:5596: result: func_convert_file_noop
configure:5603: checking how to convert x86_64-pc-linux-gnu file names to toolchain format
configure:5623: result: func_convert_file_noop
configure:5630: checking for /usr/bin/ld option to reload object files
configure:5637: result: -r
configure:5711: checking for objdump
configure:5727: found /usr/bin/objdump
configure:5738: result: objdump
configure:5770: checking how to recognize dependent libraries
configure:5970: result: pass_all
configure:6055: checking for dlltool
configure:6085: result: no
configure:6115: checking how to associate runtime and link libraries
configure:6142: result: printf %s\n
configure:6203: checking for ar
configure:6219: found /usr/bin/ar
configure:6230: result: ar
configure:6267: checking for archiver @FILE support
configure:6284: /usr/bin/cc -c -g -O2  conftest.c >&5
configure:6284: $? = 0
configure:6287: ar cr libconftest.a @conftest.lst >&5
configure:6290: $? = 0
configure:6295: ar cr libconftest.a @conftest.lst >&5
ar: conftest.o: No such file or directory
configure:6298: $? = 1
configure:6297: result: @
configure:6355: checking for strip
configure:6371: found /usr/bin/strip
configure:6382: result: strip
configure:6454: checking for ranlib
configure:6470: found /usr/bin/ranlib
configure:6481: result: ranlib
configure:6583: checking command to parse /usr/bin/nm -B output from /usr/bin/cc object
configure:6736: /usr/bin/cc -c -g -O2  conftest.c >&5
configure:6739: $? = 0
configure:6743: /usr/bin/nm -B conftest.o | sed -n -e 's/^.*[	 ]\([ABCDGIRSTW][ABCDGIRSTW]*\)[	 ][	 ]*\([_A-Za-z][_A-Za-z0-9]*\)$/\1 \2 \2/p' | sed '/ __gnu_lto/d' > conftest.nm
configure:6809: /usr/bin/cc -o conftest -g -O2   conftest.c conftstm.o >&5
configure:6812: $? = 0
configure:6850: result: ok
configure:6897: checking for sysroot
configure:6927: result: no
configure:6934: checking for a working dd
configure:6972: result: /usr/bin/dd
configure:6976: checking how to truncate binary pipes
configure:6991: result: /usr/bin/dd bs=4096 count=1
configure:7127: /usr/bin/cc -c -g -O2  conftest.c >&5
configure:7130: $? = 0
configure:7320: checking for mt
configure:7336: found /usr/bin/mt
configure:7347: result: mt
configure:7370: checking if mt is a manifest tool
configure:7376: mt '-?'
configure:7384: result: no
configure:8061: checking how to run the C preprocessor
configure:8092: /usr/bin/cc -E  conftest.c
configure:8092: $? = 0
configure:8106: /usr/bin/cc -E  conftest.c
conftest.c:11:10: fatal error: ac_nonexistent.h: No such file or directory
   11 | #include <ac_nonexistent.h>
      |          ^~~~~~~~~~~~~~~~~~
compilation terminated.
configure:8106: $? = 1
configure: failed program was:
| /* confdefs.h */
| #define PACKAGE_NAME "pet"
| #define PACKAGE_TARNAME "pet"
| #define PACKAGE_VERSION "0.11.4"
| #define PACKAGE_STRING "pet 0.11.4"
| #define PACKAGE_BUGREPORT "isl-development@googlegroups.com"
| #define PACKAGE_URL ""
| #define PACKAGE "pet"
| #define VERSION "0.11.4"
| /* end confdefs.h.  */
| #include <ac_nonexistent.h>
configure:8131: result: /usr/bin/cc -E
configure:8151: /usr/bin/cc -E  conftest.c
configure:8151: $? = 0
configure:8165: /usr/bin/cc -E  conftest.c
conftest.c:11:10: fatal error: ac_nonexistent.h: No such file or directory
   11 | #include <ac_nonexistent.h>
      |          ^~~~~~~~~~~~~~~~~~
compilation terminated.
configure:8165: $? = 1
configure: failed program was:
| /* confdefs.h */
| #define PACKAGE_NAME "pet"
| #define PACKAGE_TARNAME "pet"
| #define PACKAGE_VERSION "0.11.4"
| #define PACKAGE_STRING "pet 0.11.4"
| #define PACKAGE_BUGREPORT "isl-development@googlegroups.com"
| #define PACKAGE_URL ""
| #define PACKAGE "pet"
| #define VERSION "0.11.4"
| /* end confdefs.h.  */
| #include <ac_nonexistent.h>
configure:8194: checking for ANSI C header files
configure:8214: /usr/bin/cc -c -g -O2  conftest.c >&5
configure:8214: $? = 0
configure:8287: /usr/bin/cc -o conftest -g -O2   conftest.c  >&5
configure:8287: $? = 0
configure:8287: ./conftest
configure:8287: $? = 0
configure:8298: result: yes
configure:8311: checking for sys/types.h
configure:8311: /usr/bin/cc -c -g -O2  conftest.c >&5
configure:8311: $? = 0
configure:8311: result: yes
configure:8311: checking for sys/stat.h
configure:8311: /usr/bin/cc -c -g -O2  conftest.c >&5
configure:8311: $? = 0
configure:8311: result: yes
configure:8311: checking for stdlib.h
configure:8311: /usr/bin/cc -c -g -O2  conftest.c >&5
configure:8311: $? = 0
configure:8311: result: yes
configure:8311: checking for string.h
configure:8311: /usr/bin/cc -c -g -O2  conftest.c >&5
configure:8311: $? = 0
configure:8311: result: yes
configure:8311: checking for memory.h
configure:8311: /usr/bin/cc -c -g -O2  conftest.c >&5
configure:8311: $? = 0
configure:8311: result: yes
configure:8311: checking for strings.h
configure:8311: /usr/bin/cc -c -g -O2  conftest.c >&5
configure:8311: $? = 0
configure:8311: result: yes
configure:8311: checking for inttypes.h
configure:8311: /usr/bin/cc -c -g -O2  conftest.c >&5
configure:8311: $? = 0
configure:8311: result: yes
configure:8311: checking for stdint.h
configure:8311: /usr/bin/cc -c -g -O2  conftest.c >&5
configure:8311: $? = 0
configure:8311: result: yes
configure:8311: checking for unistd.h
configure:8311: /usr/bin/cc -c -g -O2  conftest.c >&5
configure:8311: $? = 0
configure:8311: result: yes
configure:8325: checking for dlfcn.h
configure:8325: /usr/bin/cc -c -g -O2  conftest.c >&5
configure:8325: $? = 0
configure:8325: result: yes
configure:8592: checking for objdir
configure:8607: result: .libs
configure:8871: checking if /usr/bin/cc supports -fno-rtti -fno-exceptions
configure:8889: /usr/bin/cc -c -g -O2  -fno-rtti -fno-exceptions conftest.c >&5
cc1: warning: command line option '-fno-rtti' is valid for C++/D/ObjC++ but not for C
configure:8893: $? = 0
configure:8906: result: no
configure:9270: checking for /usr/bin/cc option to produce PIC
configure:9277: result: -fPIC -DPIC
configure:9285: checking if /usr/bin/cc PIC flag -fPIC -DPIC works
configure:9303: /usr/bin/cc -c -g -O2  -fPIC -DPIC -DPIC conftest.c >&5
configure:9307: $? = 0
configure:9320: result: yes
configure:9349: checking if /usr/bin/cc static flag -static works
configure:9377: result: yes
configure:9392: checking if /usr/bin/cc supports -c -o file.o
configure:9413: /usr/bin/cc -c -g -O2  -o out/conftest2.o conftest.c >&5
configure:9417: $? = 0
configure:9439: result: yes
configure:9447: checking if /usr/bin/cc supports -c -o file.o
configure:9494: result: yes
configure:9527: checking whether the /usr/bin/cc linker (/usr/bin/ld -m elf_x86_64) supports shared libraries
configure:10790: result: yes
configure:10827: checking whether -lc should be explicitly linked in
configure:10835: /usr/bin/cc -c -g -O2  conftest.c >&5
configure:10838: $? = 0
configure:10853: /usr/bin/cc -shared  -fPIC -DPIC conftest.o  -v -Wl,-soname -Wl,conftest -o conftest 2\>\&1 \| /usr/bin/grep  -lc  \>/dev/null 2\>\&1
configure:10856: $? = 0
configure:10870: result: no
configure:11030: checking dynamic linker characteristics
configure:11611: /usr/bin/cc -o conftest -g -O2   -Wl,-rpath -Wl,/foo conftest.c  >&5
configure:11611: $? = 0
configure:11860: result: GNU/Linux ld.so
configure:11982: checking how to hardcode library paths into programs
configure:12007: result: immediate
configure:12555: checking whether stripping libraries is possible
configure:12560: result: yes
configure:12595: checking if libtool supports shared libraries
configure:12597: result: yes
configure:12600: checking whether to build shared libraries
configure:12625: result: yes
configure:12628: checking whether to build static libraries
configure:12632: result: yes
configure:9431: checking how to run the C++ preprocessor
configure:9458: /usr/bin/c++ -std=c++11 -E  conftest.cpp
configure:9458: $? = 0
configure:9472: /usr/bin/c++ -std=c++11 -E  conftest.cpp
conftest.cpp:23:10: fatal error: ac_nonexistent.h: No such file or directory
   23 | #include <ac_nonexistent.h>
      |          ^~~~~~~~~~~~~~~~~~
compilation terminated.
configure:9472: $? = 1
configure: failed program was:
| /* confdefs.h */
| #define PACKAGE_NAME "pet"
| #define PACKAGE_TARNAME "pet"
| #define PACKAGE_VERSION "0.11.4"
| #define PACKAGE_STRING "pet 0.11.4"
| #define PACKAGE_BUGREPORT "isl-development@googlegroups.com"
| #define PACKAGE_URL ""
| #define PACKAGE "pet"
| #define VERSION "0.11.4"
| #define STDC_HEADERS 1
| #define HAVE_SYS_TYPES_H 1
| #define HAVE_SYS_STAT_H 1
| #define HAVE_STDLIB_H 1
| #define HAVE_STRING_H 1
| #define HAVE_MEMORY_H 1
| #define HAVE_STRINGS_H 1
| #define HAVE_INTTYPES_H 1
| #define HAVE_STDINT_H 1
| #define HAVE_UNISTD_H 1
| #define HAVE_DLFCN_H 1
| #define LT_OBJDIR ".libs/"
| /* end confdefs.h.  */
| #include <ac_nonexistent.h>
configure:9497: result: /usr/bin/c++ -std=c++11 -E
configure:9517: /usr/bin/c++ -std=c++11 -E  conftest.cpp
configure:9517: $? = 0
configure:9531: /usr/bin/c++ -std=c++11 -E  conftest.cpp
conftest.cpp:23:10: fatal error: ac_nonexistent.h: No such file or directory
   23 | #include <ac_nonexistent.h>
      |          ^~~~~~~~~~~~~~~~~~
compilation terminated.
configure:9531: $? = 1
configure: failed program was:
| /* confdefs.h */
| #define PACKAGE_NAME "pet"
| #define PACKAGE_TARNAME "pet"
| #define PACKAGE_VERSION "0.11.4"
| #define PACKAGE_STRING "pet 0.11.4"
| #define PACKAGE_BUGREPORT "isl-development@googlegroups.com"
| #define PACKAGE_URL ""
| #define PACKAGE "pet"
| #define VERSION "0.11.4"
| #define STDC_HEADERS 1
| #define HAVE_SYS_TYPES_H 1
| #define HAVE_SYS_STAT_H 1
| #define HAVE_STDLIB_H 1
| #define HAVE_STRING_H 1
| #define HAVE_MEMORY_H 1
| #define HAVE_STRINGS_H 1
| #define HAVE_INTTYPES_H 1
| #define HAVE_STDINT_H 1
| #define HAVE_UNISTD_H 1
| #define HAVE_DLFCN_H 1
| #define LT_OBJDIR ".libs/"
| /* end confdefs.h.  */
| #include <ac_nonexistent.h>
configure:9693: checking for ld used by /usr/bin/c++ -std=c++11
configure:9760: result: /usr/bin/ld -m elf_x86_64
configure:9767: checking if the linker (/usr/bin/ld -m elf_x86_64) is GNU ld
configure:9782: result: yes
configure:9837: checking whether the /usr/bin/c++ -std=c++11 linker (/usr/bin/ld -m elf_x86_64) supports shared libraries
configure:10910: result: yes
configure:10946: /usr/bin/c++ -std=c++11 -c -fno-rtti  conftest.cpp >&5
configure:10949: $? = 0
configure:11430: checking for /usr/bin/c++ -std=c++11 option to produce PIC
configure:11437: result: -fPIC -DPIC
configure:11445: checking if /usr/bin/c++ -std=c++11 PIC flag -fPIC -DPIC works
configure:11463: /usr/bin/c++ -std=c++11 -c -fno-rtti  -fPIC -DPIC -DPIC conftest.cpp >&5
configure:11467: $? = 0
configure:11480: result: yes
configure:11503: checking if /usr/bin/c++ -std=c++11 static flag -static works
configure:11531: result: yes
configure:11543: checking if /usr/bin/c++ -std=c++11 supports -c -o file.o
configure:11564: /usr/bin/c++ -std=c++11 -c -fno-rtti  -o out/conftest2.o conftest.cpp >&5
configure:11568: $? = 0
configure:11590: result: yes
configure:11595: checking if /usr/bin/c++ -std=c++11 supports -c -o file.o
configure:11642: result: yes
configure:11672: checking whether the /usr/bin/c++ -std=c++11 linker (/usr/bin/ld -m elf_x86_64) supports shared libraries
configure:11715: result: yes
configure:11856: checking dynamic linker characteristics
configure:12613: result: GNU/Linux ld.so
configure:12678: checking how to hardcode library paths into programs
configure:12703: result: immediate
configure:11595: checking for a sed that does not truncate output
configure:11659: result: /usr/bin/sed
configure:11751: checking which clang to use
configure:11753: result: system
configure:11763: checking for llvm-config
configure:11781: found /usr/bin/llvm-config
configure:11793: result: /usr/bin/llvm-config
configure:11815: checking for main in -lLLVM-9.0.1
configure:11834: /usr/bin/cc -o conftest -g -O2  -L/usr/lib/llvm-9/lib   conftest.c -lLLVM-9.0.1   >&5
configure:11834: $? = 0
configure:11844: result: yes
configure:11892: checking clang/Basic/SourceLocation.h usability
configure:11892: /usr/bin/c++ -std=c++11 -c -fno-rtti -I/usr/lib/llvm-9/include -std=c++11   -fno-exceptions -D_GNU_SOURCE -D__STDC_CONSTANT_MACROS -D__STDC_FORMAT_MACROS -D__STDC_LIMIT_MACROS  conftest.cpp >&5
configure:11892: $? = 0
configure:11892: result: yes
configure:11892: checking clang/Basic/SourceLocation.h presence
configure:11892: /usr/bin/c++ -std=c++11 -E -I/usr/lib/llvm-9/include -std=c++11   -fno-exceptions -D_GNU_SOURCE -D__STDC_CONSTANT_MACROS -D__STDC_FORMAT_MACROS -D__STDC_LIMIT_MACROS  conftest.cpp
configure:11892: $? = 0
configure:11892: result: yes
configure:11892: checking for clang/Basic/SourceLocation.h
configure:11892: result: yes
configure:12076: /usr/bin/c++ -std=c++11 -c -fno-rtti -I/usr/lib/llvm-9/include -std=c++11   -fno-exceptions -D_GNU_SOURCE -D__STDC_CONSTANT_MACROS -D__STDC_FORMAT_MACROS -D__STDC_LIMIT_MACROS  conftest.cpp >&5
conftest.cpp: In function 'int main()':
conftest.cpp:33:39: error: no matching function for call to 'clang::driver::Driver::Driver(const char [1], const char [1], const char [1], clang::DiagnosticsEngine&)'
   33 |  new driver::Driver("", "", "", *Diags);
      |                                       ^
In file included from conftest.cpp:26:
/usr/lib/llvm-9/include/clang/Driver/Driver.h:283:3: note: candidate: 'clang::driver::Driver::Driver(llvm::StringRef, llvm::StringRef, clang::DiagnosticsEngine&, llvm::IntrusiveRefCntPtr<llvm::vfs::FileSystem>)'
  283 |   Driver(StringRef ClangExecutable, StringRef TargetTriple,
      |   ^~~~~~
/usr/lib/llvm-9/include/clang/Driver/Driver.h:284:29: note:   no known conversion for argument 3 from 'const char [1]' to 'clang::DiagnosticsEngine&'
  284 |          DiagnosticsEngine &Diags,
      |          ~~~~~~~~~~~~~~~~~~~^~~~~
/usr/lib/llvm-9/include/clang/Driver/Driver.h:57:7: note: candidate: 'clang::driver::Driver::Driver(clang::driver::Driver&&)'
   57 | class Driver {
      |       ^~~~~~
/usr/lib/llvm-9/include/clang/Driver/Driver.h:57:7: note:   candidate expects 1 argument, 4 provided
configure:12076: $? = 1
configure: failed program was:
| /* confdefs.h */
| #define PACKAGE_NAME "pet"
| #define PACKAGE_TARNAME "pet"
| #define PACKAGE_VERSION "0.11.4"
| #define PACKAGE_STRING "pet 0.11.4"
| #define PACKAGE_BUGREPORT "isl-development@googlegroups.com"
| #define PACKAGE_URL ""
| #define PACKAGE "pet"
| #define VERSION "0.11.4"
| #define STDC_HEADERS 1
| #define HAVE_SYS_TYPES_H 1
| #define HAVE_SYS_STAT_H 1
| #define HAVE_STDLIB_H 1
| #define HAVE_STRING_H 1
| #define HAVE_MEMORY_H 1
| #define HAVE_STRINGS_H 1
| #define HAVE_INTTYPES_H 1
| #define HAVE_STDINT_H 1
| #define HAVE_UNISTD_H 1
| #define HAVE_DLFCN_H 1
| #define LT_OBJDIR ".libs/"
| #define CLANG_PREFIX "/usr/lib/llvm-9"
| #define DiagnosticInfo Diagnostic
| #define USE_ARRAYREF /**/
| /* end confdefs.h.  */
| #include <clang/Driver/Driver.h>
| int
| main ()
| {
| 
| 	using namespace clang;
| 	DiagnosticsEngine *Diags;
| 	new driver::Driver("", "", "", *Diags);
| 
|   ;
|   return 0;
| }
configure:12105: checking clang/Basic/DiagnosticOptions.h usability
configure:12105: /usr/bin/c++ -std=c++11 -c -fno-rtti -I/usr/lib/llvm-9/include -std=c++11   -fno-exceptions -D_GNU_SOURCE -D__STDC_CONSTANT_MACROS -D__STDC_FORMAT_MACROS -D__STDC_LIMIT_MACROS  conftest.cpp >&5
configure:12105: $? = 0
configure:12105: result: yes
configure:12105: checking clang/Basic/DiagnosticOptions.h presence
configure:12105: /usr/bin/c++ -std=c++11 -E -I/usr/lib/llvm-9/include -std=c++11   -fno-exceptions -D_GNU_SOURCE -D__STDC_CONSTANT_MACROS -D__STDC_FORMAT_MACROS -D__STDC_LIMIT_MACROS  conftest.cpp
configure:12105: $? = 0
configure:12105: result: yes
configure:12105: checking for clang/Basic/DiagnosticOptions.h
configure:12105: result: yes
configure:12113: checking for clang/Lex/HeaderSearchOptions.h
configure:12113: /usr/bin/c++ -std=c++11 -c -fno-rtti -I/usr/lib/llvm-9/include -std=c++11   -fno-exceptions -D_GNU_SOURCE -D__STDC_CONSTANT_MACROS -D__STDC_FORMAT_MACROS -D__STDC_LIMIT_MACROS  conftest.cpp >&5
configure:12113: $? = 0
configure:12113: result: yes
configure:12122: checking for clang/Lex/PreprocessorOptions.h
configure:12122: /usr/bin/c++ -std=c++11 -c -fno-rtti -I/usr/lib/llvm-9/include -std=c++11   -fno-exceptions -D_GNU_SOURCE -D__STDC_CONSTANT_MACROS -D__STDC_FORMAT_MACROS -D__STDC_LIMIT_MACROS  conftest.cpp >&5
configure:12122: $? = 0
configure:12122: result: yes
configure:12147: /usr/bin/c++ -std=c++11 -c -fno-rtti -I/usr/lib/llvm-9/include -std=c++11   -fno-exceptions -D_GNU_SOURCE -D__STDC_CONSTANT_MACROS -D__STDC_FORMAT_MACROS -D__STDC_LIMIT_MACROS  conftest.cpp >&5
configure:12147: $? = 0
configure:12169: /usr/bin/c++ -std=c++11 -c -fno-rtti -I/usr/lib/llvm-9/include -std=c++11   -fno-exceptions -D_GNU_SOURCE -D__STDC_CONSTANT_MACROS -D__STDC_FORMAT_MACROS -D__STDC_LIMIT_MACROS  conftest.cpp >&5
conftest.cpp: In function 'int main()':
conftest.cpp:40:39: error: cannot convert 'clang::TargetOptions*' to 'const std::shared_ptr<clang::TargetOptions>&'
   40 |  TargetInfo::CreateTargetInfo(*Diags, TO);
      |                                       ^~
      |                                       |
      |                                       clang::TargetOptions*
In file included from conftest.cpp:32:
/usr/lib/llvm-9/include/clang/Basic/TargetInfo.h:211:58: note:   initializing argument 2 of 'static clang::TargetInfo* clang::TargetInfo::CreateTargetInfo(clang::DiagnosticsEngine&, const std::shared_ptr<clang::TargetOptions>&)'
  211 |                    const std::shared_ptr<TargetOptions> &Opts);
      |                    ~~~~~~~~~~~~~~~~~~~~~~~~~~~~~~~~~~~~~~^~~~
configure:12169: $? = 1
configure: failed program was:
| /* confdefs.h */
| #define PACKAGE_NAME "pet"
| #define PACKAGE_TARNAME "pet"
| #define PACKAGE_VERSION "0.11.4"
| #define PACKAGE_STRING "pet 0.11.4"
| #define PACKAGE_BUGREPORT "isl-development@googlegroups.com"
| #define PACKAGE_URL ""
| #define PACKAGE "pet"
| #define VERSION "0.11.4"
| #define STDC_HEADERS 1
| #define HAVE_SYS_TYPES_H 1
| #define HAVE_SYS_STAT_H 1
| #define HAVE_STDLIB_H 1
| #define HAVE_STRING_H 1
| #define HAVE_MEMORY_H 1
| #define HAVE_STRINGS_H 1
| #define HAVE_INTTYPES_H 1
| #define HAVE_STDINT_H 1
| #define HAVE_UNISTD_H 1
| #define HAVE_DLFCN_H 1
| #define LT_OBJDIR ".libs/"
| #define CLANG_PREFIX "/usr/lib/llvm-9"
| #define DiagnosticInfo Diagnostic
| #define USE_ARRAYREF /**/
| #define HandleTopLevelDeclReturn bool
| #define HandleTopLevelDeclContinue true
| #define HAVE_BASIC_DIAGNOSTICOPTIONS_H /**/
| #define HAVE_LEX_HEADERSEARCHOPTIONS_H /**/
| #define HAVE_LEX_PREPROCESSOROPTIONS_H /**/
| #define CREATETARGETINFO_TAKES_SHARED_PTR /**/
| /* end confdefs.h.  */
| #include <clang/Basic/TargetInfo.h>
| int
| main ()
| {
| 
| 	using namespace clang;
| 	TargetOptions *TO;
| 	DiagnosticsEngine *Diags;
| 	TargetInfo::CreateTargetInfo(*Diags, TO);
| 
|   ;
|   return 0;
| }
configure:12232: /usr/bin/c++ -std=c++11 -c -fno-rtti -I/usr/lib/llvm-9/include -std=c++11   -fno-exceptions -D_GNU_SOURCE -D__STDC_CONSTANT_MACROS -D__STDC_FORMAT_MACROS -D__STDC_LIMIT_MACROS  conftest.cpp >&5
configure:12232: $? = 0
configure:12255: /usr/bin/c++ -std=c++11 -c -fno-rtti -I/usr/lib/llvm-9/include -std=c++11   -fno-exceptions -D_GNU_SOURCE -D__STDC_CONSTANT_MACROS -D__STDC_FORMAT_MACROS -D__STDC_LIMIT_MACROS  conftest.cpp >&5
configure:12255: $? = 0
configure:12291: /usr/bin/c++ -std=c++11 -c -fno-rtti -I/usr/lib/llvm-9/include -std=c++11   -fno-exceptions -D_GNU_SOURCE -D__STDC_CONSTANT_MACROS -D__STDC_FORMAT_MACROS -D__STDC_LIMIT_MACROS  conftest.cpp >&5
configure:12291: $? = 0
configure:12323: checking llvm/ADT/OwningPtr.h usability
configure:12323: /usr/bin/c++ -std=c++11 -c -fno-rtti -I/usr/lib/llvm-9/include -std=c++11   -fno-exceptions -D_GNU_SOURCE -D__STDC_CONSTANT_MACROS -D__STDC_FORMAT_MACROS -D__STDC_LIMIT_MACROS  conftest.cpp >&5
conftest.cpp:71:10: fatal error: llvm/ADT/OwningPtr.h: No such file or directory
   71 | #include <llvm/ADT/OwningPtr.h>
      |          ^~~~~~~~~~~~~~~~~~~~~~
compilation terminated.
configure:12323: $? = 1
configure: failed program was:
| /* confdefs.h */
| #define PACKAGE_NAME "pet"
| #define PACKAGE_TARNAME "pet"
| #define PACKAGE_VERSION "0.11.4"
| #define PACKAGE_STRING "pet 0.11.4"
| #define PACKAGE_BUGREPORT "isl-development@googlegroups.com"
| #define PACKAGE_URL ""
| #define PACKAGE "pet"
| #define VERSION "0.11.4"
| #define STDC_HEADERS 1
| #define HAVE_SYS_TYPES_H 1
| #define HAVE_SYS_STAT_H 1
| #define HAVE_STDLIB_H 1
| #define HAVE_STRING_H 1
| #define HAVE_MEMORY_H 1
| #define HAVE_STRINGS_H 1
| #define HAVE_INTTYPES_H 1
| #define HAVE_STDINT_H 1
| #define HAVE_UNISTD_H 1
| #define HAVE_DLFCN_H 1
| #define LT_OBJDIR ".libs/"
| #define CLANG_PREFIX "/usr/lib/llvm-9"
| #define DiagnosticInfo Diagnostic
| #define USE_ARRAYREF /**/
| #define HandleTopLevelDeclReturn bool
| #define HandleTopLevelDeclContinue true
| #define HAVE_BASIC_DIAGNOSTICOPTIONS_H /**/
| #define HAVE_LEX_HEADERSEARCHOPTIONS_H /**/
| #define HAVE_LEX_PREPROCESSOROPTIONS_H /**/
| #define CREATETARGETINFO_TAKES_SHARED_PTR /**/
| #define HAVE_FINDLOCATIONAFTERTOKEN /**/
| #define HAVE_TRANSLATELINECOL /**/
| #define ADDPATH_TAKES_4_ARGUMENTS /**/
| #define CREATEPREPROCESSOR_TAKES_TUKIND /**/
| #define HAVE_DECAYEDTYPE /**/
| #define HAVE_SETMAINFILEID /**/
| /* end confdefs.h.  */
| #include <stdio.h>
| #ifdef HAVE_SYS_TYPES_H
| # include <sys/types.h>
| #endif
| #ifdef HAVE_SYS_STAT_H
| # include <sys/stat.h>
| #endif
| #ifdef STDC_HEADERS
| # include <stdlib.h>
| # include <stddef.h>
| #else
| # ifdef HAVE_STDLIB_H
| #  include <stdlib.h>
| # endif
| #endif
| #ifdef HAVE_STRING_H
| # if !defined STDC_HEADERS && defined HAVE_MEMORY_H
| #  include <memory.h>
| # endif
| # include <string.h>
| #endif
| #ifdef HAVE_STRINGS_H
| # include <strings.h>
| #endif
| #ifdef HAVE_INTTYPES_H
| # include <inttypes.h>
| #endif
| #ifdef HAVE_STDINT_H
| # include <stdint.h>
| #endif
| #ifdef HAVE_UNISTD_H
| # include <unistd.h>
| #endif
| #include <llvm/ADT/OwningPtr.h>
configure:12323: result: no
configure:12323: checking llvm/ADT/OwningPtr.h presence
configure:12323: /usr/bin/c++ -std=c++11 -E -I/usr/lib/llvm-9/include -std=c++11   -fno-exceptions -D_GNU_SOURCE -D__STDC_CONSTANT_MACROS -D__STDC_FORMAT_MACROS -D__STDC_LIMIT_MACROS  conftest.cpp
conftest.cpp:38:10: fatal error: llvm/ADT/OwningPtr.h: No such file or directory
   38 | #include <llvm/ADT/OwningPtr.h>
      |          ^~~~~~~~~~~~~~~~~~~~~~
compilation terminated.
configure:12323: $? = 1
configure: failed program was:
| /* confdefs.h */
| #define PACKAGE_NAME "pet"
| #define PACKAGE_TARNAME "pet"
| #define PACKAGE_VERSION "0.11.4"
| #define PACKAGE_STRING "pet 0.11.4"
| #define PACKAGE_BUGREPORT "isl-development@googlegroups.com"
| #define PACKAGE_URL ""
| #define PACKAGE "pet"
| #define VERSION "0.11.4"
| #define STDC_HEADERS 1
| #define HAVE_SYS_TYPES_H 1
| #define HAVE_SYS_STAT_H 1
| #define HAVE_STDLIB_H 1
| #define HAVE_STRING_H 1
| #define HAVE_MEMORY_H 1
| #define HAVE_STRINGS_H 1
| #define HAVE_INTTYPES_H 1
| #define HAVE_STDINT_H 1
| #define HAVE_UNISTD_H 1
| #define HAVE_DLFCN_H 1
| #define LT_OBJDIR ".libs/"
| #define CLANG_PREFIX "/usr/lib/llvm-9"
| #define DiagnosticInfo Diagnostic
| #define USE_ARRAYREF /**/
| #define HandleTopLevelDeclReturn bool
| #define HandleTopLevelDeclContinue true
| #define HAVE_BASIC_DIAGNOSTICOPTIONS_H /**/
| #define HAVE_LEX_HEADERSEARCHOPTIONS_H /**/
| #define HAVE_LEX_PREPROCESSOROPTIONS_H /**/
| #define CREATETARGETINFO_TAKES_SHARED_PTR /**/
| #define HAVE_FINDLOCATIONAFTERTOKEN /**/
| #define HAVE_TRANSLATELINECOL /**/
| #define ADDPATH_TAKES_4_ARGUMENTS /**/
| #define CREATEPREPROCESSOR_TAKES_TUKIND /**/
| #define HAVE_DECAYEDTYPE /**/
| #define HAVE_SETMAINFILEID /**/
| /* end confdefs.h.  */
| #include <llvm/ADT/OwningPtr.h>
configure:12323: result: no
configure:12323: checking for llvm/ADT/OwningPtr.h
configure:12323: result: no
configure:12399: checking clang/Basic/LangStandard.h usability
configure:12399: /usr/bin/c++ -std=c++11 -c -fno-rtti -I/usr/lib/llvm-9/include -std=c++11   -fno-exceptions -D_GNU_SOURCE -D__STDC_CONSTANT_MACROS -D__STDC_FORMAT_MACROS -D__STDC_LIMIT_MACROS  conftest.cpp >&5
conftest.cpp:72:10: fatal error: clang/Basic/LangStandard.h: No such file or directory
   72 | #include <clang/Basic/LangStandard.h>
      |          ^~~~~~~~~~~~~~~~~~~~~~~~~~~~
compilation terminated.
configure:12399: $? = 1
configure: failed program was:
| /* confdefs.h */
| #define PACKAGE_NAME "pet"
| #define PACKAGE_TARNAME "pet"
| #define PACKAGE_VERSION "0.11.4"
| #define PACKAGE_STRING "pet 0.11.4"
| #define PACKAGE_BUGREPORT "isl-development@googlegroups.com"
| #define PACKAGE_URL ""
| #define PACKAGE "pet"
| #define VERSION "0.11.4"
| #define STDC_HEADERS 1
| #define HAVE_SYS_TYPES_H 1
| #define HAVE_SYS_STAT_H 1
| #define HAVE_STDLIB_H 1
| #define HAVE_STRING_H 1
| #define HAVE_MEMORY_H 1
| #define HAVE_STRINGS_H 1
| #define HAVE_INTTYPES_H 1
| #define HAVE_STDINT_H 1
| #define HAVE_UNISTD_H 1
| #define HAVE_DLFCN_H 1
| #define LT_OBJDIR ".libs/"
| #define CLANG_PREFIX "/usr/lib/llvm-9"
| #define DiagnosticInfo Diagnostic
| #define USE_ARRAYREF /**/
| #define HandleTopLevelDeclReturn bool
| #define HandleTopLevelDeclContinue true
| #define HAVE_BASIC_DIAGNOSTICOPTIONS_H /**/
| #define HAVE_LEX_HEADERSEARCHOPTIONS_H /**/
| #define HAVE_LEX_PREPROCESSOROPTIONS_H /**/
| #define CREATETARGETINFO_TAKES_SHARED_PTR /**/
| #define HAVE_FINDLOCATIONAFTERTOKEN /**/
| #define HAVE_TRANSLATELINECOL /**/
| #define ADDPATH_TAKES_4_ARGUMENTS /**/
| #define CREATEPREPROCESSOR_TAKES_TUKIND /**/
| #define HAVE_DECAYEDTYPE /**/
| #define HAVE_SETMAINFILEID /**/
| #define GETTYPEINFORETURNSTYPEINFO /**/
| /* end confdefs.h.  */
| #include <stdio.h>
| #ifdef HAVE_SYS_TYPES_H
| # include <sys/types.h>
| #endif
| #ifdef HAVE_SYS_STAT_H
| # include <sys/stat.h>
| #endif
| #ifdef STDC_HEADERS
| # include <stdlib.h>
| # include <stddef.h>
| #else
| # ifdef HAVE_STDLIB_H
| #  include <stdlib.h>
| # endif
| #endif
| #ifdef HAVE_STRING_H
| # if !defined STDC_HEADERS && defined HAVE_MEMORY_H
| #  include <memory.h>
| # endif
| # include <string.h>
| #endif
| #ifdef HAVE_STRINGS_H
| # include <strings.h>
| #endif
| #ifdef HAVE_INTTYPES_H
| # include <inttypes.h>
| #endif
| #ifdef HAVE_STDINT_H
| # include <stdint.h>
| #endif
| #ifdef HAVE_UNISTD_H
| # include <unistd.h>
| #endif
| #include <clang/Basic/LangStandard.h>
configure:12399: result: no
configure:12399: checking clang/Basic/LangStandard.h presence
configure:12399: /usr/bin/c++ -std=c++11 -E -I/usr/lib/llvm-9/include -std=c++11   -fno-exceptions -D_GNU_SOURCE -D__STDC_CONSTANT_MACROS -D__STDC_FORMAT_MACROS -D__STDC_LIMIT_MACROS  conftest.cpp
conftest.cpp:39:10: fatal error: clang/Basic/LangStandard.h: No such file or directory
   39 | #include <clang/Basic/LangStandard.h>
      |          ^~~~~~~~~~~~~~~~~~~~~~~~~~~~
compilation terminated.
configure:12399: $? = 1
configure: failed program was:
| /* confdefs.h */
| #define PACKAGE_NAME "pet"
| #define PACKAGE_TARNAME "pet"
| #define PACKAGE_VERSION "0.11.4"
| #define PACKAGE_STRING "pet 0.11.4"
| #define PACKAGE_BUGREPORT "isl-development@googlegroups.com"
| #define PACKAGE_URL ""
| #define PACKAGE "pet"
| #define VERSION "0.11.4"
| #define STDC_HEADERS 1
| #define HAVE_SYS_TYPES_H 1
| #define HAVE_SYS_STAT_H 1
| #define HAVE_STDLIB_H 1
| #define HAVE_STRING_H 1
| #define HAVE_MEMORY_H 1
| #define HAVE_STRINGS_H 1
| #define HAVE_INTTYPES_H 1
| #define HAVE_STDINT_H 1
| #define HAVE_UNISTD_H 1
| #define HAVE_DLFCN_H 1
| #define LT_OBJDIR ".libs/"
| #define CLANG_PREFIX "/usr/lib/llvm-9"
| #define DiagnosticInfo Diagnostic
| #define USE_ARRAYREF /**/
| #define HandleTopLevelDeclReturn bool
| #define HandleTopLevelDeclContinue true
| #define HAVE_BASIC_DIAGNOSTICOPTIONS_H /**/
| #define HAVE_LEX_HEADERSEARCHOPTIONS_H /**/
| #define HAVE_LEX_PREPROCESSOROPTIONS_H /**/
| #define CREATETARGETINFO_TAKES_SHARED_PTR /**/
| #define HAVE_FINDLOCATIONAFTERTOKEN /**/
| #define HAVE_TRANSLATELINECOL /**/
| #define ADDPATH_TAKES_4_ARGUMENTS /**/
| #define CREATEPREPROCESSOR_TAKES_TUKIND /**/
| #define HAVE_DECAYEDTYPE /**/
| #define HAVE_SETMAINFILEID /**/
| #define GETTYPEINFORETURNSTYPEINFO /**/
| /* end confdefs.h.  */
| #include <clang/Basic/LangStandard.h>
configure:12399: result: no
configure:12399: checking for clang/Basic/LangStandard.h
configure:12399: result: no
configure:12439: /usr/bin/c++ -std=c++11 -c -fno-rtti -I/usr/lib/llvm-9/include -std=c++11   -fno-exceptions -D_GNU_SOURCE -D__STDC_CONSTANT_MACROS -D__STDC_FORMAT_MACROS -D__STDC_LIMIT_MACROS  conftest.cpp >&5
configure:12439: $? = 0
configure:12464: /usr/bin/c++ -std=c++11 -c -fno-rtti -I/usr/lib/llvm-9/include -std=c++11   -fno-exceptions -D_GNU_SOURCE -D__STDC_CONSTANT_MACROS -D__STDC_FORMAT_MACROS -D__STDC_LIMIT_MACROS  conftest.cpp >&5
configure:12464: $? = 0
configure:12487: /usr/bin/c++ -std=c++11 -c -fno-rtti -I/usr/lib/llvm-9/include -std=c++11   -fno-exceptions -D_GNU_SOURCE -D__STDC_CONSTANT_MACROS -D__STDC_FORMAT_MACROS -D__STDC_LIMIT_MACROS  conftest.cpp >&5
configure:12487: $? = 0
configure:12493: checking llvm/Option/Arg.h usability
configure:12493: /usr/bin/c++ -std=c++11 -c -fno-rtti -I/usr/lib/llvm-9/include -std=c++11   -fno-exceptions -D_GNU_SOURCE -D__STDC_CONSTANT_MACROS -D__STDC_FORMAT_MACROS -D__STDC_LIMIT_MACROS  conftest.cpp >&5
configure:12493: $? = 0
configure:12493: result: yes
configure:12493: checking llvm/Option/Arg.h presence
configure:12493: /usr/bin/c++ -std=c++11 -E -I/usr/lib/llvm-9/include -std=c++11   -fno-exceptions -D_GNU_SOURCE -D__STDC_CONSTANT_MACROS -D__STDC_FORMAT_MACROS -D__STDC_LIMIT_MACROS  conftest.cpp
configure:12493: $? = 0
configure:12493: result: yes
configure:12493: checking for llvm/Option/Arg.h
configure:12493: result: yes
configure:12516: checking for clang/Basic/LangStandard.h
configure:12516: result: no
configure:12537: checking for main in -lclang-cpp
configure:12556: /usr/bin/cc -o conftest -g -O2  -L/usr/lib/llvm-9/lib   conftest.c -lclang-cpp   >&5
configure:12556: $? = 0
configure:12565: result: yes

## ---------------------- ##
## Running config.status. ##
## ---------------------- ##

This file was extended by isl config.status 0.21, which was
generated by GNU Autoconf 2.69.  Invocation command line was

  CONFIG_FILES    = 
  CONFIG_HEADERS  = 
  CONFIG_LINKS    = 
  CONFIG_COMMANDS = 
  $ ../isl/config.status --file=-

on huangl

configure:12666: isl sources in /home/huangl/workspace/RfCgraTrans/pluto/isl
configure:12711: checking which isl to use
configure:12713: result: build

## ---------------------- ##
## Running config.status. ##
## ---------------------- ##

This file was extended by isl config.status 0.21, which was
generated by GNU Autoconf 2.69.  Invocation command line was

  CONFIG_FILES    = 
  CONFIG_HEADERS  = 
  CONFIG_LINKS    = 
  CONFIG_COMMANDS = 
  $ ../isl/config.status --file=-

on huangl

configure:13053: checking which libyaml to use
configure:13055: result: system
configure:13072: checking yaml.h usability
configure:13072: /usr/bin/cc -c -g -O2   conftest.c >&5
conftest.c:77:10: fatal error: yaml.h: No such file or directory
   77 | #include <yaml.h>
      |          ^~~~~~~~
compilation terminated.
configure:13072: $? = 1
configure: failed program was:
| /* confdefs.h */
| #define PACKAGE_NAME "pet"
| #define PACKAGE_TARNAME "pet"
| #define PACKAGE_VERSION "0.11.4"
| #define PACKAGE_STRING "pet 0.11.4"
| #define PACKAGE_BUGREPORT "isl-development@googlegroups.com"
| #define PACKAGE_URL ""
| #define PACKAGE "pet"
| #define VERSION "0.11.4"
| #define STDC_HEADERS 1
| #define HAVE_SYS_TYPES_H 1
| #define HAVE_SYS_STAT_H 1
| #define HAVE_STDLIB_H 1
| #define HAVE_STRING_H 1
| #define HAVE_MEMORY_H 1
| #define HAVE_STRINGS_H 1
| #define HAVE_INTTYPES_H 1
| #define HAVE_STDINT_H 1
| #define HAVE_UNISTD_H 1
| #define HAVE_DLFCN_H 1
| #define LT_OBJDIR ".libs/"
| #define CLANG_PREFIX "/usr/lib/llvm-9"
| #define DiagnosticInfo Diagnostic
| #define USE_ARRAYREF /**/
| #define HandleTopLevelDeclReturn bool
| #define HandleTopLevelDeclContinue true
| #define HAVE_BASIC_DIAGNOSTICOPTIONS_H /**/
| #define HAVE_LEX_HEADERSEARCHOPTIONS_H /**/
| #define HAVE_LEX_PREPROCESSOROPTIONS_H /**/
| #define CREATETARGETINFO_TAKES_SHARED_PTR /**/
| #define HAVE_FINDLOCATIONAFTERTOKEN /**/
| #define HAVE_TRANSLATELINECOL /**/
| #define ADDPATH_TAKES_4_ARGUMENTS /**/
| #define CREATEPREPROCESSOR_TAKES_TUKIND /**/
| #define HAVE_DECAYEDTYPE /**/
| #define HAVE_SETMAINFILEID /**/
| #define GETTYPEINFORETURNSTYPEINFO /**/
| #define IK_C InputKind::C
| #define SETLANGDEFAULTS_TAKES_5_ARGUMENTS /**/
| #define SETINVOCATION_TAKES_SHARED_PTR /**/
| #define HAVE_BEGIN_END_LOC /**/
| #define HAVE_LLVM_OPTION_ARG_H /**/
| /* end confdefs.h.  */
| #include <stdio.h>
| #ifdef HAVE_SYS_TYPES_H
| # include <sys/types.h>
| #endif
| #ifdef HAVE_SYS_STAT_H
| # include <sys/stat.h>
| #endif
| #ifdef STDC_HEADERS
| # include <stdlib.h>
| # include <stddef.h>
| #else
| # ifdef HAVE_STDLIB_H
| #  include <stdlib.h>
| # endif
| #endif
| #ifdef HAVE_STRING_H
| # if !defined STDC_HEADERS && defined HAVE_MEMORY_H
| #  include <memory.h>
| # endif
| # include <string.h>
| #endif
| #ifdef HAVE_STRINGS_H
| # include <strings.h>
| #endif
| #ifdef HAVE_INTTYPES_H
| # include <inttypes.h>
| #endif
| #ifdef HAVE_STDINT_H
| # include <stdint.h>
| #endif
| #ifdef HAVE_UNISTD_H
| # include <unistd.h>
| #endif
| #include <yaml.h>
configure:13072: result: no
configure:13072: checking yaml.h presence
configure:13072: /usr/bin/cc -E   conftest.c
conftest.c:44:10: fatal error: yaml.h: No such file or directory
   44 | #include <yaml.h>
      |          ^~~~~~~~
compilation terminated.
configure:13072: $? = 1
configure: failed program was:
| /* confdefs.h */
| #define PACKAGE_NAME "pet"
| #define PACKAGE_TARNAME "pet"
| #define PACKAGE_VERSION "0.11.4"
| #define PACKAGE_STRING "pet 0.11.4"
| #define PACKAGE_BUGREPORT "isl-development@googlegroups.com"
| #define PACKAGE_URL ""
| #define PACKAGE "pet"
| #define VERSION "0.11.4"
| #define STDC_HEADERS 1
| #define HAVE_SYS_TYPES_H 1
| #define HAVE_SYS_STAT_H 1
| #define HAVE_STDLIB_H 1
| #define HAVE_STRING_H 1
| #define HAVE_MEMORY_H 1
| #define HAVE_STRINGS_H 1
| #define HAVE_INTTYPES_H 1
| #define HAVE_STDINT_H 1
| #define HAVE_UNISTD_H 1
| #define HAVE_DLFCN_H 1
| #define LT_OBJDIR ".libs/"
| #define CLANG_PREFIX "/usr/lib/llvm-9"
| #define DiagnosticInfo Diagnostic
| #define USE_ARRAYREF /**/
| #define HandleTopLevelDeclReturn bool
| #define HandleTopLevelDeclContinue true
| #define HAVE_BASIC_DIAGNOSTICOPTIONS_H /**/
| #define HAVE_LEX_HEADERSEARCHOPTIONS_H /**/
| #define HAVE_LEX_PREPROCESSOROPTIONS_H /**/
| #define CREATETARGETINFO_TAKES_SHARED_PTR /**/
| #define HAVE_FINDLOCATIONAFTERTOKEN /**/
| #define HAVE_TRANSLATELINECOL /**/
| #define ADDPATH_TAKES_4_ARGUMENTS /**/
| #define CREATEPREPROCESSOR_TAKES_TUKIND /**/
| #define HAVE_DECAYEDTYPE /**/
| #define HAVE_SETMAINFILEID /**/
| #define GETTYPEINFORETURNSTYPEINFO /**/
| #define IK_C InputKind::C
| #define SETLANGDEFAULTS_TAKES_5_ARGUMENTS /**/
| #define SETINVOCATION_TAKES_SHARED_PTR /**/
| #define HAVE_BEGIN_END_LOC /**/
| #define HAVE_LLVM_OPTION_ARG_H /**/
| /* end confdefs.h.  */
| #include <yaml.h>
configure:13072: result: no
configure:13072: checking for yaml.h
configure:13072: result: no
configure:13103: checking our pkgconfig libname
configure:13111: result: pet
configure:13114: checking our pkgconfig version
configure:13122: result: 0.11.4
configure:13125: checking our pkgconfig_libdir
configure:13132: result: ${libdir}/pkgconfig
configure:13135: result: expanded our pkgconfig_libdir... /home/huangl/workspace/RfCgraTrans/build/pluto/lib/pkgconfig
configure:13139: checking our pkgconfig_libfile
configure:13145: result: pet.pc
configure:13152: checking our package / suffix
configure:13156: result: pet / 
configure:13159: checking our pkgconfig description
configure:13166: result: pet Library
configure:13169: checking our pkgconfig requires
configure:13174: result: 
configure:13177: checking our pkgconfig ext libs
configure:13184: result: -lpet -lisl
configure:13187: checking our pkgconfig cppflags
configure:13192: result: 
configure:13195: checking our pkgconfig ldflags
configure:13200: result: 
configure:13240: result: noninstalled pkgconfig -L /home/huangl/workspace/RfCgraTrans/pluto/pet/.libs
configure:13275: result: noninstalled pkgconfig -I /home/huangl/workspace/RfCgraTrans/pluto/pet/./include
configure:13436: checking that generated files are newer than configure
configure:13442: result: done
configure:13477: creating ./config.status

## ---------------------- ##
## Running config.status. ##
## ---------------------- ##

This file was extended by pet config.status 0.11.4, which was
generated by GNU Autoconf 2.69.  Invocation command line was

  CONFIG_FILES    = 
  CONFIG_HEADERS  = 
  CONFIG_LINKS    = 
  CONFIG_COMMANDS = 
  $ ./config.status 

on huangl

config.status:1219: creating Makefile
config.status:1219: creating pet_test.sh
config.status:1219: creating codegen_test.sh
config.status:1219: creating all.c
config.status:1219: creating config.h
config.status:1400: config.h is unchanged
config.status:1448: executing depfiles commands
config.status:1525: cd .       && sed -e '/# am--include-marker/d' Makefile         | make -f - am--depfiles
make: Nothing to be done for 'am--depfiles'.
config.status:1530: $? = 0
config.status:1448: executing libtool commands
config.status:1448: executing pet.pc commands
config.status:2267: creating pet.pc.in
config.status:2290: creating pet.pc
config.status:2316: creating pet-uninstalled.pc
config.status:2346: creating pet-uninstalled.sh

## ---------------- ##
## Cache variables. ##
## ---------------- ##

ac_cv_build=x86_64-pc-linux-gnu
ac_cv_c_compiler_gnu=yes
ac_cv_cxx_compiler_gnu=yes
ac_cv_env_CCC_set=
ac_cv_env_CCC_value=
ac_cv_env_CC_set=set
ac_cv_env_CC_value=/usr/bin/cc
ac_cv_env_CFLAGS_set=
ac_cv_env_CFLAGS_value=
ac_cv_env_CPPFLAGS_set=
ac_cv_env_CPPFLAGS_value=
ac_cv_env_CPP_set=
ac_cv_env_CPP_value=
ac_cv_env_CXXCPP_set=
ac_cv_env_CXXCPP_value=
ac_cv_env_CXXFLAGS_set=set
ac_cv_env_CXXFLAGS_value=-fno-rtti
ac_cv_env_CXX_set=set
ac_cv_env_CXX_value='/usr/bin/c++ -std=c++11'
ac_cv_env_ISL_CFLAGS_set=
ac_cv_env_ISL_CFLAGS_value=
ac_cv_env_ISL_LIBS_set=
ac_cv_env_ISL_LIBS_value=
ac_cv_env_LDFLAGS_set=
ac_cv_env_LDFLAGS_value=
ac_cv_env_LIBS_set=
ac_cv_env_LIBS_value=
ac_cv_env_LT_SYS_LIBRARY_PATH_set=
ac_cv_env_LT_SYS_LIBRARY_PATH_value=
ac_cv_env_PKG_CONFIG_LIBDIR_set=
ac_cv_env_PKG_CONFIG_LIBDIR_value=
ac_cv_env_PKG_CONFIG_PATH_set=
ac_cv_env_PKG_CONFIG_PATH_value=
ac_cv_env_PKG_CONFIG_set=
ac_cv_env_PKG_CONFIG_value=
ac_cv_env_build_alias_set=
ac_cv_env_build_alias_value=
ac_cv_env_host_alias_set=
ac_cv_env_host_alias_value=
ac_cv_env_target_alias_set=
ac_cv_env_target_alias_value=
ac_cv_header_clang_Basic_DiagnosticOptions_h=yes
ac_cv_header_clang_Basic_LangStandard_h=no
ac_cv_header_clang_Basic_SourceLocation_h=yes
ac_cv_header_clang_Lex_HeaderSearchOptions_h=yes
ac_cv_header_clang_Lex_PreprocessorOptions_h=yes
ac_cv_header_dlfcn_h=yes
ac_cv_header_inttypes_h=yes
ac_cv_header_llvm_ADT_OwningPtr_h=no
ac_cv_header_llvm_Option_Arg_h=yes
ac_cv_header_memory_h=yes
ac_cv_header_stdc=yes
ac_cv_header_stdint_h=yes
ac_cv_header_stdlib_h=yes
ac_cv_header_string_h=yes
ac_cv_header_strings_h=yes
ac_cv_header_sys_stat_h=yes
ac_cv_header_sys_types_h=yes
ac_cv_header_unistd_h=yes
ac_cv_header_yaml_h=no
ac_cv_host=x86_64-pc-linux-gnu
ac_cv_lib_LLVM_9_0_1___main=yes
ac_cv_lib_clang_cpp_main=yes
ac_cv_objext=o
ac_cv_path_EGREP='/usr/bin/grep -E'
ac_cv_path_FGREP='/usr/bin/grep -F'
ac_cv_path_GREP=/usr/bin/grep
ac_cv_path_LLVM_CONFIG=/usr/bin/llvm-config
ac_cv_path_SED=/usr/bin/sed
ac_cv_path_install='/usr/bin/install -c'
ac_cv_path_lt_DD=/usr/bin/dd
ac_cv_path_mkdir=/usr/bin/mkdir
ac_cv_prog_AWK=gawk
ac_cv_prog_CPP='/usr/bin/cc -E'
ac_cv_prog_CXXCPP='/usr/bin/c++ -std=c++11 -E'
ac_cv_prog_ac_ct_AR=ar
ac_cv_prog_ac_ct_CC=/usr/bin/cc
ac_cv_prog_ac_ct_MANIFEST_TOOL=mt
ac_cv_prog_ac_ct_OBJDUMP=objdump
ac_cv_prog_ac_ct_RANLIB=ranlib
ac_cv_prog_ac_ct_STRIP=strip
ac_cv_prog_cc_c89=
ac_cv_prog_cc_g=yes
ac_cv_prog_cxx_g=yes
ac_cv_prog_make_make_set=yes
am_cv_CC_dependencies_compiler_type=gcc3
am_cv_CXX_dependencies_compiler_type=gcc3
am_cv_make_support_nested_variables=yes
am_cv_prog_cc_c_o=yes
lt_cv_ar_at_file=@
lt_cv_archive_cmds_need_lc=no
lt_cv_deplibs_check_method=pass_all
lt_cv_file_magic_cmd='$MAGIC_CMD'
lt_cv_file_magic_test_file=
lt_cv_ld_reload_flag=-r
lt_cv_nm_interface='BSD nm'
lt_cv_objdir=.libs
lt_cv_path_LD=/usr/bin/ld
lt_cv_path_LDCXX='/usr/bin/ld -m elf_x86_64'
lt_cv_path_NM='/usr/bin/nm -B'
lt_cv_path_mainfest_tool=no
lt_cv_prog_compiler_c_o=yes
lt_cv_prog_compiler_c_o_CXX=yes
lt_cv_prog_compiler_pic='-fPIC -DPIC'
lt_cv_prog_compiler_pic_CXX='-fPIC -DPIC'
lt_cv_prog_compiler_pic_works=yes
lt_cv_prog_compiler_pic_works_CXX=yes
lt_cv_prog_compiler_rtti_exceptions=no
lt_cv_prog_compiler_static_works=yes
lt_cv_prog_compiler_static_works_CXX=yes
lt_cv_prog_gnu_ld=yes
lt_cv_prog_gnu_ldcxx=yes
lt_cv_sharedlib_from_linklib_cmd='printf %s\n'
lt_cv_shlibpath_overrides_runpath=yes
lt_cv_sys_global_symbol_pipe='sed -n -e '\''s/^.*[	 ]\([ABCDGIRSTW][ABCDGIRSTW]*\)[	 ][	 ]*\([_A-Za-z][_A-Za-z0-9]*\)$/\1 \2 \2/p'\'' | sed '\''/ __gnu_lto/d'\'''
lt_cv_sys_global_symbol_to_c_name_address='sed -n -e '\''s/^: \(.*\) .*$/  {"\1", (void *) 0},/p'\'' -e '\''s/^[ABCDGIRSTW][ABCDGIRSTW]* .* \(.*\)$/  {"\1", (void *) \&\1},/p'\'''
lt_cv_sys_global_symbol_to_c_name_address_lib_prefix='sed -n -e '\''s/^: \(.*\) .*$/  {"\1", (void *) 0},/p'\'' -e '\''s/^[ABCDGIRSTW][ABCDGIRSTW]* .* \(lib.*\)$/  {"\1", (void *) \&\1},/p'\'' -e '\''s/^[ABCDGIRSTW][ABCDGIRSTW]* .* \(.*\)$/  {"lib\1", (void *) \&\1},/p'\'''
lt_cv_sys_global_symbol_to_cdecl='sed -n -e '\''s/^T .* \(.*\)$/extern int \1();/p'\'' -e '\''s/^[ABCDGIRSTW][ABCDGIRSTW]* .* \(.*\)$/extern char \1;/p'\'''
lt_cv_sys_global_symbol_to_import=
lt_cv_sys_max_cmd_len=1572864
lt_cv_to_host_file_cmd=func_convert_file_noop
lt_cv_to_tool_file_cmd=func_convert_file_noop
lt_cv_truncate_bin='/usr/bin/dd bs=4096 count=1'

## ----------------- ##
## Output variables. ##
## ----------------- ##

ACLOCAL='${SHELL} /home/huangl/workspace/RfCgraTrans/pluto/pet/build-aux/missing aclocal-1.16'
AMDEPBACKSLASH='\'
AMDEP_FALSE='#'
AMDEP_TRUE=''
AMTAR='$${TAR-tar}'
AM_BACKSLASH='\'
AM_DEFAULT_V='$(AM_DEFAULT_VERBOSITY)'
AM_DEFAULT_VERBOSITY='0'
AM_V='$(V)'
AR='ar'
AUTOCONF='${SHELL} /home/huangl/workspace/RfCgraTrans/pluto/pet/build-aux/missing autoconf'
AUTOHEADER='${SHELL} /home/huangl/workspace/RfCgraTrans/pluto/pet/build-aux/missing autoheader'
AUTOMAKE='${SHELL} /home/huangl/workspace/RfCgraTrans/pluto/pet/build-aux/missing automake-1.16'
AWK='gawk'
BUNDLED_ISL_FALSE=''
BUNDLED_ISL_TRUE='#'
CC='/usr/bin/cc'
CCDEPMODE='depmode=gcc3'
CFLAGS='-g -O2'
CLANG_CXXFLAGS='-I/usr/lib/llvm-9/include -std=c++11   -fno-exceptions -D_GNU_SOURCE -D__STDC_CONSTANT_MACROS -D__STDC_FORMAT_MACROS -D__STDC_LIMIT_MACROS'
CLANG_LDFLAGS='-L/usr/lib/llvm-9/lib '
CLANG_LIBS='-lclang-cpp -lLLVM-9.0.1 '
CLANG_RFLAG='-R/usr/lib/llvm-9/lib '
CONFIG_STATUS_DEPENDENCIES='/usr/bin/llvm-config'
CPP='/usr/bin/cc -E'
CPPFLAGS=''
CXX='/usr/bin/c++ -std=c++11'
CXXCPP='/usr/bin/c++ -std=c++11 -E'
CXXDEPMODE='depmode=gcc3'
CXXFLAGS='-fno-rtti'
CYGPATH_W='echo'
DEFS='-DHAVE_CONFIG_H'
DEPDIR='.deps'
DLLTOOL='false'
DSYMUTIL=''
DUMPBIN=''
ECHO_C=''
ECHO_N='-n'
ECHO_T=''
EGREP='/usr/bin/grep -E'
EXEEXT=''
FGREP='/usr/bin/grep -F'
GIT_HEAD='/home/huangl/workspace/RfCgraTrans/pluto/.git/modules/pet/index'
GIT_HEAD_ID='ee03e38'
GIT_HEAD_VERSION='`GIT_DIR=/home/huangl/workspace/RfCgraTrans/pluto/.git/modules/pet git describe --always`'
GREP='/usr/bin/grep'
HAVE_ISL_BUILDDIR_FALSE='#'
HAVE_ISL_BUILDDIR_TRUE=''
INSTALL_DATA='${INSTALL} -m 644'
INSTALL_PROGRAM='${INSTALL}'
INSTALL_SCRIPT='${INSTALL}'
INSTALL_STRIP_PROGRAM='$(install_sh) -c -s'
ISL_BUILDDIR='/home/huangl/workspace/RfCgraTrans/pluto/isl'
ISL_CFLAGS='-I/home/huangl/workspace/RfCgraTrans/pluto/isl/include -I/home/huangl/workspace/RfCgraTrans/pluto/isl/include'
ISL_LIBS='../isl/libisl.la'
ISL_SRCDIR='/home/huangl/workspace/RfCgraTrans/pluto/isl'
LD='/usr/bin/ld -m elf_x86_64'
LDFLAGS=''
LIBOBJS=''
LIBS=''
LIBTOOL='$(SHELL) $(top_builddir)/libtool'
LIBYAML_CPPFLAGS=''
LIBYAML_LDFLAGS=''
LIPO=''
LLVM_CONFIG='/usr/bin/llvm-config'
LN_S='ln -s'
LTLIBOBJS=''
LT_SYS_LIBRARY_PATH=''
MAKEINFO='${SHELL} /home/huangl/workspace/RfCgraTrans/pluto/pet/build-aux/missing makeinfo'
MANIFEST_TOOL=':'
MKDIR_P='/usr/bin/mkdir -p'
NM='/usr/bin/nm -B'
NMEDIT=''
OBJDUMP='objdump'
OBJEXT='o'
OTOOL64=''
OTOOL=''
PACKAGE='pet'
PACKAGE_BUGREPORT='isl-development@googlegroups.com'
PACKAGE_NAME='pet'
PACKAGE_STRING='pet 0.11.4'
PACKAGE_TARNAME='pet'
PACKAGE_URL=''
PACKAGE_VERSION='0.11.4'
PATH_SEPARATOR=':'
PKG_CONFIG=''
PKG_CONFIG_LIBDIR=''
PKG_CONFIG_PATH=''
RANLIB='ranlib'
SED='/usr/bin/sed'
SET_MAKE=''
SHELL='/bin/bash'
STRIP='strip'
VERSION='0.11.4'
ac_ct_AR='ar'
ac_ct_CC='/usr/bin/cc'
ac_ct_CXX=''
ac_ct_DUMPBIN=''
am__EXEEXT_FALSE=''
am__EXEEXT_TRUE='#'
am__fastdepCC_FALSE='#'
am__fastdepCC_TRUE=''
am__fastdepCXX_FALSE='#'
am__fastdepCXX_TRUE=''
am__include='include'
am__isrc=''
am__leading_dot='.'
am__nodep='_no'
am__quote=''
am__tar='$${TAR-tar} chof - "$$tardir"'
am__untar='$${TAR-tar} xf -'
bindir='${exec_prefix}/bin'
build='x86_64-pc-linux-gnu'
build_alias=''
build_cpu='x86_64'
build_os='linux-gnu'
build_vendor='pc'
datadir='${datarootdir}'
datarootdir='${prefix}/share'
docdir='${datarootdir}/doc/${PACKAGE_TARNAME}'
dvidir='${docdir}'
exec_prefix='${prefix}'
extra_bin_programs=''
extra_noinst_programs=''
extra_tests=' codegen_test.sh'
host='x86_64-pc-linux-gnu'
host_alias=''
host_cpu='x86_64'
host_os='linux-gnu'
host_vendor='pc'
htmldir='${docdir}'
includedir='${prefix}/include'
infodir='${datarootdir}/info'
install_sh='${SHELL} /home/huangl/workspace/RfCgraTrans/pluto/pet/build-aux/install-sh'
libdir='${exec_prefix}/lib'
libexecdir='${exec_prefix}/libexec'
localedir='${datarootdir}/locale'
localstatedir='${prefix}/var'
mandir='${datarootdir}/man'
mkdir_p='$(MKDIR_P)'
oldincludedir='/usr/include'
pdfdir='${docdir}'
pkgconfig_libdir='${libdir}/pkgconfig'
pkgconfig_libfile='pet.pc'
prefix='/home/huangl/workspace/RfCgraTrans/build/pluto'
program_transform_name='s,x,x,'
psdir='${docdir}'
runstatedir='${localstatedir}/run'
sbindir='${exec_prefix}/sbin'
sharedstatedir='${prefix}/com'
subdirs=''
sysconfdir='${prefix}/etc'
target_alias=''
versioninfo='10:4:0'

## ----------- ##
## confdefs.h. ##
## ----------- ##

/* confdefs.h */
#define PACKAGE_NAME "pet"
#define PACKAGE_TARNAME "pet"
#define PACKAGE_VERSION "0.11.4"
#define PACKAGE_STRING "pet 0.11.4"
#define PACKAGE_BUGREPORT "isl-development@googlegroups.com"
#define PACKAGE_URL ""
#define PACKAGE "pet"
#define VERSION "0.11.4"
#define STDC_HEADERS 1
#define HAVE_SYS_TYPES_H 1
#define HAVE_SYS_STAT_H 1
#define HAVE_STDLIB_H 1
#define HAVE_STRING_H 1
#define HAVE_MEMORY_H 1
#define HAVE_STRINGS_H 1
#define HAVE_INTTYPES_H 1
#define HAVE_STDINT_H 1
#define HAVE_UNISTD_H 1
#define HAVE_DLFCN_H 1
#define LT_OBJDIR ".libs/"
#define CLANG_PREFIX "/usr/lib/llvm-9"
#define DiagnosticInfo Diagnostic
#define USE_ARRAYREF /**/
#define HandleTopLevelDeclReturn bool
#define HandleTopLevelDeclContinue true
#define HAVE_BASIC_DIAGNOSTICOPTIONS_H /**/
#define HAVE_LEX_HEADERSEARCHOPTIONS_H /**/
#define HAVE_LEX_PREPROCESSOROPTIONS_H /**/
#define CREATETARGETINFO_TAKES_SHARED_PTR /**/
#define HAVE_FINDLOCATIONAFTERTOKEN /**/
#define HAVE_TRANSLATELINECOL /**/
#define ADDPATH_TAKES_4_ARGUMENTS /**/
#define CREATEPREPROCESSOR_TAKES_TUKIND /**/
#define HAVE_DECAYEDTYPE /**/
#define HAVE_SETMAINFILEID /**/
#define GETTYPEINFORETURNSTYPEINFO /**/
#define IK_C InputKind::C
#define SETLANGDEFAULTS_TAKES_5_ARGUMENTS /**/
#define SETINVOCATION_TAKES_SHARED_PTR /**/
#define HAVE_BEGIN_END_LOC /**/
#define HAVE_LLVM_OPTION_ARG_H /**/

configure: exit 0
