

============DFG ID 0==============

------print_DFGInfo file--------

dfg_id
0
该DFG的II
1
dfg_dim
1
dfg_node_info

————————————loadNode————————————

NodeShift
0 
iterFlag
0 
iterOrder
-1 
nodeID
0
NodeType
ArrayLoad
Array
%3 = memref.alloc() : memref<1000xf64>
earlist 0
lastest 3
timeStep 3
————————————————————————————————

————————————storeNode————————————

NodeShift
0 0 
iterFlag
0 1 
iterOrder
-1 0 
nodeID
1
NodeType       
ArrayStore
Array
%1 = memref.alloc() : memref<2000x2600xf64>
earlist 1
lastest 4
timeStep 4
————————————————————————————————

————————————loadNode————————————

NodeShift
0 
iterFlag
0 
iterOrder
-1 
nodeID
2
NodeType
ArrayLoad
Array
%3 = memref.alloc() : memref<1000xf64>
earlist 0
lastest 3
timeStep 3
————————————————————————————————

————————————storeNode————————————

NodeShift
0 1 
iterFlag
0 1 
iterOrder
-1 0 
nodeID
3
NodeType       
ArrayStore
Array
%1 = memref.alloc() : memref<2000x2600xf64>
earlist 1
lastest 4
timeStep 4
————————————————————————————————

dfg_edge_info

Edge0: begin 0 end 1 min 0 dif 0 type Normal

Edge1: begin 2 end 3 min 0 dif 0 type Normal


============DFG ID 1==============

------print_DFGInfo file--------

dfg_id
1
该DFG的II
1
dfg_dim
2
dfg_node_info

————————————loadNode————————————

NodeShift
0 0 
iterFlag
1 1 
iterOrder
1 0 
nodeID
1
NodeType
ArrayLoad
Array
%0 = memref.alloc() : memref<2000x2600xf64>
earlist 0
lastest 5
timeStep 0
————————————————————————————————

————————————loadNode————————————

NodeShift
0 0 
iterFlag
1 1 
iterOrder
1 0 
nodeID
2
NodeType
ArrayLoad
Array
%2 = memref.alloc() : memref<2000x2600xf64>
earlist 0
lastest 3
timeStep 3
————————————————————————————————

————————————SubNode————————————

nodeID
4
%3 = subf %1, %2 : f64
earlist 1
lastest 4
timeStep 4
————————————————————————————————

————————————MulNode————————————

nodeID
5
%4 = mulf %cst, %3 : f64
earlist 2
lastest 5
timeStep 5
————————————————————————————————

————————————SubNode————————————

nodeID
6
%5 = subf %0, %4 : f64
earlist 3
lastest 6
timeStep 6
————————————————————————————————

————————————storeNode————————————

NodeShift
0 0 
iterFlag
1 1 
iterOrder
1 0 
nodeID
7
NodeType       
ArrayStore
Array
%0 = memref.alloc() : memref<2000x2600xf64>
earlist 4
lastest 7
timeStep 7
————————————————————————————————

dfg_edge_info

Edge1: begin 2 end 4 min 0 dif 0 type Normal

Edge2: begin 4 end 5 min 0 dif 0 type Normal

Edge4: begin 5 end 6 min 0 dif 0 type Normal

Edge5: begin 1 end 6 min 0 dif 0 type Normal

Edge6: begin 6 end 7 min 0 dif 0 type Normal

Edge7: begin 2 end 4 min 0 dif 1 type LLReuse


============DFG ID 2==============

------print_DFGInfo file--------

dfg_id
2
该DFG的II
2
dfg_dim
2
dfg_node_info

————————————loadNode————————————

NodeShift
0 0 
iterFlag
1 1 
iterOrder
0 1 
nodeID
1
NodeType
ArrayLoad
Array
%1 = memref.alloc() : memref<2000x2600xf64>
earlist 0
lastest 5
timeStep 0
————————————————————————————————

————————————loadNode————————————

NodeShift
0 0 
iterFlag
1 1 
iterOrder
0 1 
nodeID
2
NodeType
ArrayLoad
Array
%2 = memref.alloc() : memref<2000x2600xf64>
earlist 0
lastest 3
timeStep 3
————————————————————————————————

————————————SubNode————————————

nodeID
4
%3 = subf %1, %2 : f64
earlist 1
lastest 4
timeStep 4
————————————————————————————————

————————————MulNode————————————

nodeID
5
%4 = mulf %cst, %3 : f64
earlist 2
lastest 5
timeStep 5
————————————————————————————————

————————————SubNode————————————

nodeID
6
%5 = subf %0, %4 : f64
earlist 3
lastest 6
timeStep 6
————————————————————————————————

————————————storeNode————————————

NodeShift
0 0 
iterFlag
1 1 
iterOrder
0 1 
nodeID
7
NodeType       
ArrayStore
Array
%1 = memref.alloc() : memref<2000x2600xf64>
earlist 4
lastest 11
timeStep 10
————————————————————————————————

————————————loadNode————————————

NodeShift
-1 1 
iterFlag
1 1 
iterOrder
0 1 
nodeID
10
NodeType
ArrayLoad
Array
%0 = memref.alloc() : memref<2000x2600xf64>
earlist 0
lastest 5
timeStep 1
————————————————————————————————

————————————loadNode————————————

NodeShift
-1 0 
iterFlag
1 1 
iterOrder
0 1 
nodeID
11
NodeType
ArrayLoad
Array
%0 = memref.alloc() : memref<2000x2600xf64>
earlist 0
lastest 5
timeStep 1
————————————————————————————————

————————————SubNode————————————

nodeID
12
%3 = subf %1, %2 : f64
earlist 1
lastest 6
timeStep 6
————————————————————————————————

————————————AddNode————————————

nodeID
14
%5 = addf %3, %4 : f64
earlist 4
lastest 7
timeStep 7
————————————————————————————————

————————————SubNode————————————

nodeID
16
%7 = subf %5, %6 : f64
earlist 5
lastest 8
timeStep 8
————————————————————————————————

————————————MulNode————————————

nodeID
17
%8 = mulf %cst, %7 : f64
earlist 6
lastest 9
timeStep 9
————————————————————————————————

————————————SubNode————————————

nodeID
18
%9 = subf %0, %8 : f64
earlist 7
lastest 10
timeStep 10
————————————————————————————————

————————————storeNode————————————

NodeShift
-1 0 
iterFlag
1 1 
iterOrder
0 1 
nodeID
19
NodeType       
ArrayStore
Array
%2 = memref.alloc() : memref<2000x2600xf64>
earlist 8
lastest 11
timeStep 11
————————————————————————————————

dfg_edge_info

Edge1: begin 2 end 4 min 0 dif 0 type Normal

Edge2: begin 4 end 5 min 0 dif 0 type Normal

Edge4: begin 5 end 6 min 0 dif 0 type Normal

Edge5: begin 1 end 6 min 0 dif 0 type Normal

Edge6: begin 6 end 7 min 0 dif 0 type Normal

Edge7: begin 11 end 12 min 0 dif 0 type Normal

Edge8: begin 10 end 12 min 0 dif 0 type Normal

Edge10: begin 12 end 14 min 0 dif 0 type Normal

Edge12: begin 14 end 16 min 0 dif 0 type Normal

Edge13: begin 16 end 17 min 0 dif 0 type Normal

Edge15: begin 17 end 18 min 0 dif 0 type Normal

Edge17: begin 18 end 19 min 0 dif 0 type Normal

Edge18: begin 6 end 14 min 0 dif 0 type SLReuse

Edge19: begin 6 end 16 min 0 dif 1 type SLReuse

Edge20: begin 2 end 4 min 0 dif 1 type LLReuse

Edge21: begin 2 end 18 min 0 dif 1 type LLReuse


============DFG ID 3==============

------print_DFGInfo file--------

dfg_id
3
该DFG的II
1
dfg_dim
1
dfg_node_info

————————————loadNode————————————

NodeShift
0 2599 
iterFlag
1 0 
iterOrder
0 -1 
nodeID
1
NodeType
ArrayLoad
Array
%1 = memref.alloc() : memref<2000x2600xf64>
earlist 0
lastest 5
timeStep 0
————————————————————————————————

————————————loadNode————————————

NodeShift
0 2599 
iterFlag
1 0 
iterOrder
0 -1 
nodeID
2
NodeType
ArrayLoad
Array
%2 = memref.alloc() : memref<2000x2600xf64>
earlist 0
lastest 3
timeStep 3
————————————————————————————————

————————————SubNode————————————

nodeID
4
%3 = subf %1, %2 : f64
earlist 1
lastest 4
timeStep 4
————————————————————————————————

————————————MulNode————————————

nodeID
5
%4 = mulf %cst, %3 : f64
earlist 2
lastest 5
timeStep 5
————————————————————————————————

————————————SubNode————————————

nodeID
6
%5 = subf %0, %4 : f64
earlist 3
lastest 6
timeStep 6
————————————————————————————————

————————————storeNode————————————

NodeShift
0 2599 
iterFlag
1 0 
iterOrder
0 -1 
nodeID
7
NodeType       
ArrayStore
Array
%1 = memref.alloc() : memref<2000x2600xf64>
earlist 4
lastest 7
timeStep 7
————————————————————————————————

dfg_edge_info

Edge1: begin 2 end 4 min 0 dif 0 type Normal

Edge2: begin 4 end 5 min 0 dif 0 type Normal

Edge4: begin 5 end 6 min 0 dif 0 type Normal

Edge5: begin 1 end 6 min 0 dif 0 type Normal

Edge6: begin 6 end 7 min 0 dif 0 type Normal

Edge7: begin 2 end 4 min 0 dif 1 type LLReuse
