

============ 0 PNU  Schedule==============

=======print_vars=====


 nodeID 0

 nodeID 1

=======print_cons=====

=======schedule=====

 II =  1

timeStep0  LSU  PE 
timeStep1  LSU  PE 
timeStep2  LSU  PE 
timeStep3  LSU  PE 
timeStep4  LSU  PE 

The total number of register
begin 0 end 1 dif 0 startTime 0 endTime 0 useRe 0
  0


============ 0 PNU  Schedule==============

=======print_vars=====


 nodeID 0

 nodeID 1

 nodeID 2

 nodeID 3

=======print_cons=====

=======schedule=====

 II =  1

timeStep0  LSU  PE 
timeStep1  LSU  PE 
timeStep2  LSU  PE 
timeStep3  LSU  PE 
timeStep4  LSU  PE 

The total number of register
begin 0 end 1 dif 0 startTime 0 endTime 0 useRe 0
begin 2 end 3 dif 0 startTime 0 endTime 0 useRe 0
  0


============ 0 PNU  Schedule==============

=======print_vars=====


 nodeID 0

 nodeID 1

=======print_cons=====

=======schedule=====

 II =  1

timeStep0  LSU  PE 
timeStep1  LSU  PE 
timeStep2  LSU  PE 
timeStep3  LSU  PE 
timeStep4  LSU  PE 

The total number of register
begin 0 end 1 dif 0 startTime 0 endTime 0 useRe 0
  0


============ 0 PNU  Schedule==============

=======print_vars=====


 nodeID 0

 nodeID 1

 nodeID 2

 nodeID 3

=======print_cons=====

=======schedule=====

 II =  1

timeStep0  LSU  PE 
timeStep1  LSU  PE 
timeStep2  LSU  PE 
timeStep3  LSU  PE 
timeStep4  LSU  PE 

The total number of register
begin 0 end 1 dif 0 startTime 0 endTime 0 useRe 0
begin 2 end 3 dif 0 startTime 0 endTime 0 useRe 0
  0


============ 0 PNU  Schedule==============

=======print_vars=====


 nodeID 0

 nodeID 1

=======print_cons=====

=======schedule=====

 II =  1

timeStep0  LSU  PE 
timeStep1  LSU  PE 
timeStep2  LSU  PE 
timeStep3  LSU  PE 
timeStep4  LSU  PE 

The total number of register
begin 0 end 1 dif 0 startTime 0 endTime 0 useRe 0
  0


============ 0 PNU  Schedule==============

=======print_vars=====


 nodeID 0

 nodeID 1

 nodeID 2

 nodeID 3

=======print_cons=====

=======schedule=====

 II =  1

timeStep0  LSU  PE 
timeStep1  LSU  PE 
timeStep2  LSU  PE 
timeStep3  LSU  PE 
timeStep4  LSU  PE 

The total number of register
begin 0 end 1 dif 0 startTime 0 endTime 0 useRe 0
begin 2 end 3 dif 0 startTime 0 endTime 0 useRe 0
  0


============ 0 PNU  Schedule==============

=======print_vars=====


 nodeID 0

 nodeID 1

=======print_cons=====

=======schedule=====

 II =  1

timeStep0  LSU  PE 
timeStep1  LSU  PE 
timeStep2  LSU  PE 
timeStep3  LSU  PE 
timeStep4  LSU  PE 

The total number of register
begin 0 end 1 dif 0 startTime 0 endTime 0 useRe 0
  0


============ 0 PNU  Schedule==============

=======print_vars=====


 nodeID 0

 nodeID 1

 nodeID 2

 nodeID 3

=======print_cons=====

=======schedule=====

 II =  1

timeStep0  LSU  PE 
timeStep1  LSU  PE 
timeStep2  LSU  PE 
timeStep3  LSU  PE 
timeStep4  LSU  PE 

The total number of register
begin 0 end 1 dif 0 startTime 0 endTime 0 useRe 0
begin 2 end 3 dif 0 startTime 0 endTime 0 useRe 0
  0


============ 0 PNU  Schedule==============

=======print_vars=====


 nodeID 0

 nodeID 1

=======print_cons=====

=======schedule=====

 II =  1

timeStep0  LSU  PE 
timeStep1  LSU  PE 
timeStep2  LSU  PE 
timeStep3  LSU  PE 
timeStep4  LSU  PE 

The total number of register
begin 0 end 1 dif 0 startTime 0 endTime 0 useRe 0
  0


============ 0 PNU  Schedule==============

=======print_vars=====


 nodeID 0

 nodeID 1

 nodeID 2

 nodeID 3

=======print_cons=====

=======schedule=====

 II =  1

timeStep0  LSU  PE 
timeStep1  LSU  PE 
timeStep2  LSU  PE 
timeStep3  LSU  PE 
timeStep4  LSU  PE 

The total number of register
begin 0 end 1 dif 0 startTime 0 endTime 0 useRe 0
begin 2 end 3 dif 0 startTime 0 endTime 0 useRe 0
  0


============ 0 PNU  Schedule==============

=======print_vars=====


 nodeID 0

 nodeID 1

=======print_cons=====

=======schedule=====

 II =  1

timeStep0  LSU  PE 
timeStep1  LSU  PE 
timeStep2  LSU  PE 
timeStep3  LSU  PE 
timeStep4  LSU  PE 

The total number of register
begin 0 end 1 dif 0 startTime 0 endTime 0 useRe 0
  0


============ 0 PNU  Schedule==============

=======print_vars=====


 nodeID 0

 nodeID 1

 nodeID 2

 nodeID 3

=======print_cons=====

=======schedule=====

 II =  1

timeStep0  LSU  PE 
timeStep1  LSU  PE 
timeStep2  LSU  PE 
timeStep3  LSU  PE 
timeStep4  LSU  PE 

The total number of register
begin 0 end 1 dif 0 startTime 0 endTime 0 useRe 0
begin 2 end 3 dif 0 startTime 0 endTime 0 useRe 0
  0


============ 0 PNU  Schedule==============

=======print_vars=====


 nodeID 0

 nodeID 1

=======print_cons=====

=======schedule=====

 II =  1

timeStep0  LSU  PE 
timeStep1  LSU  PE 
timeStep2  LSU  PE 
timeStep3  LSU  PE 
timeStep4  LSU  PE 

The total number of register
begin 0 end 1 dif 0 startTime 0 endTime 0 useRe 0
  0


============ 0 PNU  Schedule==============

=======print_vars=====


 nodeID 0

 nodeID 1

 nodeID 2

 nodeID 3

=======print_cons=====

=======schedule=====

 II =  1

timeStep0  LSU  PE 
timeStep1  LSU  PE 
timeStep2  LSU  PE 
timeStep3  LSU  PE 
timeStep4  LSU  PE 

The total number of register
begin 0 end 1 dif 0 startTime 0 endTime 0 useRe 0
begin 2 end 3 dif 0 startTime 0 endTime 0 useRe 0
  0


============ 0 PNU  Schedule==============

=======print_vars=====


 nodeID 0

 nodeID 1

=======print_cons=====

=======schedule=====

 II =  1

timeStep0  LSU  PE 
timeStep1  LSU  PE 
timeStep2  LSU  PE 
timeStep3  LSU  PE 
timeStep4  LSU  PE 

The total number of register
begin 0 end 1 dif 0 startTime 0 endTime 0 useRe 0
  0


============ 0 PNU  Schedule==============

=======print_vars=====


 nodeID 0

 nodeID 1

 nodeID 2

 nodeID 3

=======print_cons=====

=======schedule=====

 II =  1

timeStep0  LSU  PE 
timeStep1  LSU  PE 
timeStep2  LSU  PE 
timeStep3  LSU  PE 
timeStep4  LSU  PE 

The total number of register
begin 0 end 1 dif 0 startTime 0 endTime 0 useRe 0
begin 2 end 3 dif 0 startTime 0 endTime 0 useRe 0
  0


============ 0 PNU  Schedule==============

=======print_vars=====


 nodeID 0

 nodeID 1

=======print_cons=====

=======schedule=====

 II =  1

timeStep0  LSU  PE 
timeStep1  LSU  PE 
timeStep2  LSU  PE 
timeStep3  LSU  PE 
timeStep4  LSU  PE 

The total number of register
begin 0 end 1 dif 0 startTime 0 endTime 0 useRe 0
  0


============ 0 PNU  Schedule==============

=======print_vars=====


 nodeID 0

 nodeID 1

 nodeID 2

 nodeID 3

=======print_cons=====

=======schedule=====

 II =  1

timeStep0  LSU  PE 
timeStep1  LSU  PE 
timeStep2  LSU  PE 
timeStep3  LSU  PE 
timeStep4  LSU  PE 

The total number of register
begin 0 end 1 dif 0 startTime 0 endTime 0 useRe 0
begin 2 end 3 dif 0 startTime 0 endTime 0 useRe 0
  0

=======schedule=====

 II =  1

timeStep0  LSU  PE 
timeStep1  LSU  PE 
timeStep2  LSU  PE 
timeStep3  LSU N0T3_6 N2T3_14  PE 
timeStep4  LSU N1T4_10 N3T4_18  PE 

The total number of register
begin 0 end 1 dif 0 startTime 3 endTime 4 useRe 1
begin 2 end 3 dif 0 startTime 3 endTime 4 useRe 1
  2
