

============ 3 PNU  Schedule==============

=======print_vars=====


 nodeID 1

 nodeID 2

 nodeID 3

 nodeID 4

 nodeID 5

 nodeID 6

 nodeID 8

 nodeID 9

 nodeID 10

 nodeID 11

=======print_cons=====

=======schedule=====

 II =  2

timeStep0  LSU  PE 
timeStep1  LSU  PE 
timeStep2  LSU  PE 
timeStep3  LSU  PE 
timeStep4  LSU  PE 
timeStep5  LSU  PE 
timeStep6  LSU  PE 
timeStep7  LSU  PE 
timeStep8  LSU  PE 
timeStep9  LSU  PE 

The total number of register
begin 3 end 4 dif 0 startTime 0 endTime 0 useRe 0
begin 2 end 4 dif 0 startTime 0 endTime 0 useRe 0
begin 5 end 6 dif 0 startTime 0 endTime 0 useRe 0
begin 4 end 6 dif 0 startTime 0 endTime 0 useRe 0
begin 6 end 8 dif 0 startTime 0 endTime 0 useRe 0
begin 8 end 9 dif 0 startTime 0 endTime 0 useRe 0
begin 9 end 10 dif 0 startTime 0 endTime 0 useRe 0
begin 1 end 10 dif 0 startTime 0 endTime 0 useRe 0
begin 10 end 11 dif 0 startTime 0 endTime 0 useRe 0
begin 5 end 8 dif 1 startTime 0 endTime 0 useRe 2
  2


============ 3 PNU  Schedule==============

=======print_vars=====


 nodeID 1

 nodeID 2

 nodeID 4

 nodeID 5

 nodeID 6

 nodeID 7

 nodeID 8

 nodeID 9

 nodeID 10

 nodeID 11

=======print_cons=====

=======schedule=====

 II =  2

timeStep0  LSU  PE 
timeStep1  LSU  PE 
timeStep2  LSU  PE 
timeStep3  LSU  PE 
timeStep4  LSU  PE 
timeStep5  LSU  PE 
timeStep6  LSU  PE 
timeStep7  LSU  PE 
timeStep8  LSU  PE 
timeStep9  LSU  PE 

The total number of register
begin 2 end 4 dif 0 startTime 0 endTime 0 useRe 0
begin 5 end 6 dif 0 startTime 0 endTime 0 useRe 0
begin 4 end 6 dif 0 startTime 0 endTime 0 useRe 0
begin 7 end 8 dif 0 startTime 0 endTime 0 useRe 0
begin 6 end 8 dif 0 startTime 0 endTime 0 useRe 0
begin 8 end 9 dif 0 startTime 0 endTime 0 useRe 0
begin 9 end 10 dif 0 startTime 0 endTime 0 useRe 0
begin 1 end 10 dif 0 startTime 0 endTime 0 useRe 0
begin 10 end 11 dif 0 startTime 0 endTime 0 useRe 0
begin 2 end 4 dif 1 startTime 0 endTime 0 useRe 2
  2


============ 3 PNU  Schedule==============

=======print_vars=====


 nodeID 1

 nodeID 2

 nodeID 4

 nodeID 5

 nodeID 6

 nodeID 7

=======print_cons=====

=======schedule=====

 II =  1

timeStep0  LSU  PE 
timeStep1  LSU  PE 
timeStep2  LSU  PE 
timeStep3  LSU  PE 
timeStep4  LSU  PE 
timeStep5  LSU  PE 
timeStep6  LSU  PE 
timeStep7  LSU  PE 

The total number of register
begin 2 end 4 dif 0 startTime 0 endTime 0 useRe 0
begin 4 end 5 dif 0 startTime 0 endTime 0 useRe 0
begin 5 end 6 dif 0 startTime 0 endTime 0 useRe 0
begin 1 end 6 dif 0 startTime 0 endTime 0 useRe 0
begin 6 end 7 dif 0 startTime 0 endTime 0 useRe 0
begin 2 end 4 dif 1 startTime 0 endTime 0 useRe 1
  1


============ 3 PNU  Schedule==============

=======print_vars=====


 nodeID 1

 nodeID 2

 nodeID 4

 nodeID 5

 nodeID 6

 nodeID 7

=======print_cons=====

=======schedule=====

 II =  1

timeStep0  LSU  PE 
timeStep1  LSU  PE 
timeStep2  LSU  PE 
timeStep3  LSU  PE 
timeStep4  LSU  PE 
timeStep5  LSU  PE 
timeStep6  LSU  PE 
timeStep7  LSU  PE 

The total number of register
begin 2 end 4 dif 0 startTime 0 endTime 0 useRe 0
begin 4 end 5 dif 0 startTime 0 endTime 0 useRe 0
begin 5 end 6 dif 0 startTime 0 endTime 0 useRe 0
begin 1 end 6 dif 0 startTime 0 endTime 0 useRe 0
begin 6 end 7 dif 0 startTime 0 endTime 0 useRe 0
begin 2 end 4 dif 1 startTime 0 endTime 0 useRe 1
  1


============ 3 PNU  Schedule==============

=======print_vars=====


 nodeID 1

 nodeID 2

 nodeID 4

 nodeID 5

 nodeID 6

 nodeID 7

=======print_cons=====

=======schedule=====

 II =  1

timeStep0  LSU  PE 
timeStep1  LSU  PE 
timeStep2  LSU  PE 
timeStep3  LSU  PE 
timeStep4  LSU  PE 
timeStep5  LSU  PE 
timeStep6  LSU  PE 
timeStep7  LSU  PE 

The total number of register
begin 2 end 4 dif 0 startTime 0 endTime 0 useRe 0
begin 4 end 5 dif 0 startTime 0 endTime 0 useRe 0
begin 5 end 6 dif 0 startTime 0 endTime 0 useRe 0
begin 1 end 6 dif 0 startTime 0 endTime 0 useRe 0
begin 6 end 7 dif 0 startTime 0 endTime 0 useRe 0
begin 2 end 4 dif 1 startTime 0 endTime 0 useRe 1
  1


============ 3 PNU  Schedule==============

=======print_vars=====


 nodeID 1

 nodeID 2

 nodeID 4

 nodeID 5

 nodeID 6

 nodeID 7

=======print_cons=====

=======schedule=====

 II =  1

timeStep0  LSU  PE 
timeStep1  LSU  PE 
timeStep2  LSU  PE 
timeStep3  LSU  PE 
timeStep4  LSU  PE 
timeStep5  LSU  PE 
timeStep6  LSU  PE 
timeStep7  LSU  PE 

The total number of register
begin 2 end 4 dif 0 startTime 0 endTime 0 useRe 0
begin 4 end 5 dif 0 startTime 0 endTime 0 useRe 0
begin 5 end 6 dif 0 startTime 0 endTime 0 useRe 0
begin 1 end 6 dif 0 startTime 0 endTime 0 useRe 0
begin 6 end 7 dif 0 startTime 0 endTime 0 useRe 0
begin 2 end 4 dif 1 startTime 0 endTime 0 useRe 1
  1


============ 3 PNU  Schedule==============

=======print_vars=====


 nodeID 1

 nodeID 2

 nodeID 4

 nodeID 5

 nodeID 6

 nodeID 7

=======print_cons=====

=======schedule=====

 II =  1

timeStep0  LSU  PE 
timeStep1  LSU  PE 
timeStep2  LSU  PE 
timeStep3  LSU  PE 
timeStep4  LSU  PE 
timeStep5  LSU  PE 
timeStep6  LSU  PE 
timeStep7  LSU  PE 

The total number of register
begin 2 end 4 dif 0 startTime 0 endTime 0 useRe 0
begin 4 end 5 dif 0 startTime 0 endTime 0 useRe 0
begin 5 end 6 dif 0 startTime 0 endTime 0 useRe 0
begin 1 end 6 dif 0 startTime 0 endTime 0 useRe 0
begin 6 end 7 dif 0 startTime 0 endTime 0 useRe 0
begin 2 end 4 dif 1 startTime 0 endTime 0 useRe 1
  1


============ 3 PNU  Schedule==============

=======print_vars=====


 nodeID 1

 nodeID 2

 nodeID 4

 nodeID 5

 nodeID 6

 nodeID 7

=======print_cons=====

=======schedule=====

 II =  1

timeStep0  LSU  PE 
timeStep1  LSU  PE 
timeStep2  LSU  PE 
timeStep3  LSU  PE 
timeStep4  LSU  PE 
timeStep5  LSU  PE 
timeStep6  LSU  PE 
timeStep7  LSU  PE 

The total number of register
begin 2 end 4 dif 0 startTime 0 endTime 0 useRe 0
begin 4 end 5 dif 0 startTime 0 endTime 0 useRe 0
begin 5 end 6 dif 0 startTime 0 endTime 0 useRe 0
begin 1 end 6 dif 0 startTime 0 endTime 0 useRe 0
begin 6 end 7 dif 0 startTime 0 endTime 0 useRe 0
begin 2 end 4 dif 1 startTime 0 endTime 0 useRe 1
  1


============ 3 PNU  Schedule==============

=======print_vars=====


 nodeID 1

 nodeID 2

 nodeID 4

 nodeID 5

 nodeID 6

 nodeID 7

=======print_cons=====

=======schedule=====

 II =  1

timeStep0  LSU  PE 
timeStep1  LSU  PE 
timeStep2  LSU  PE 
timeStep3  LSU  PE 
timeStep4  LSU  PE 
timeStep5  LSU  PE 
timeStep6  LSU  PE 
timeStep7  LSU  PE 

The total number of register
begin 2 end 4 dif 0 startTime 0 endTime 0 useRe 0
begin 4 end 5 dif 0 startTime 0 endTime 0 useRe 0
begin 5 end 6 dif 0 startTime 0 endTime 0 useRe 0
begin 1 end 6 dif 0 startTime 0 endTime 0 useRe 0
begin 6 end 7 dif 0 startTime 0 endTime 0 useRe 0
begin 2 end 4 dif 1 startTime 0 endTime 0 useRe 1
  1

=======schedule=====

 II =  1

timeStep0  LSU N1T0_3  PE 
timeStep1  LSU  PE 
timeStep2  LSU  PE 
timeStep3  LSU N2T3_12  PE 
timeStep4  LSU  PE N4T4_16 
timeStep5  LSU  PE N5T5_20 
timeStep6  LSU  PE N6T6_24 
timeStep7  LSU N7T7_28  PE 

The total number of register
begin 2 end 4 dif 0 startTime 3 endTime 4 useRe 1
begin 4 end 5 dif 0 startTime 4 endTime 5 useRe 1
begin 5 end 6 dif 0 startTime 5 endTime 6 useRe 1
begin 1 end 6 dif 0 startTime 0 endTime 6 useRe 6
begin 6 end 7 dif 0 startTime 6 endTime 7 useRe 1
begin 2 end 4 dif 1 startTime 3 endTime 4 useRe 2
  12
