

============ 2 PNU  Schedule==============

=======print_vars=====


 nodeID 1

 nodeID 2

 nodeID 4

 nodeID 5

 nodeID 6

 nodeID 7

=======print_cons=====

=======schedule=====

 II =  1

timeStep0  LSU  PE 
timeStep1  LSU  PE 
timeStep2  LSU  PE 
timeStep3  LSU  PE 
timeStep4  LSU  PE 
timeStep5  LSU  PE 
timeStep6  LSU  PE 
timeStep7  LSU  PE 

The total number of register
begin 2 end 4 dif 0 startTime 0 endTime 0 useRe 0
begin 4 end 5 dif 0 startTime 0 endTime 0 useRe 0
begin 5 end 6 dif 0 startTime 0 endTime 0 useRe 0
begin 1 end 6 dif 0 startTime 0 endTime 0 useRe 0
begin 6 end 7 dif 0 startTime 0 endTime 0 useRe 0
begin 2 end 4 dif 1 startTime 0 endTime 0 useRe 1
  1


============ 2 PNU  Schedule==============

=======print_vars=====


 nodeID 1

 nodeID 2

 nodeID 3

 nodeID 4

 nodeID 5

 nodeID 6

 nodeID 7

=======print_cons=====

=======schedule=====

 II =  1

timeStep0  LSU  PE 
timeStep1  LSU  PE 
timeStep2  LSU  PE 
timeStep3  LSU  PE 
timeStep4  LSU  PE 
timeStep5  LSU  PE 
timeStep6  LSU  PE 
timeStep7  LSU  PE 

The total number of register
begin 3 end 4 dif 0 startTime 0 endTime 0 useRe 0
begin 2 end 4 dif 0 startTime 0 endTime 0 useRe 0
begin 4 end 5 dif 0 startTime 0 endTime 0 useRe 0
begin 5 end 6 dif 0 startTime 0 endTime 0 useRe 0
begin 1 end 6 dif 0 startTime 0 endTime 0 useRe 0
begin 6 end 7 dif 0 startTime 0 endTime 0 useRe 0
  0


============ 2 PNU  Schedule==============

=======print_vars=====


 nodeID 1

 nodeID 2

 nodeID 4

 nodeID 5

 nodeID 6

 nodeID 7

 nodeID 9

 nodeID 11

 nodeID 12

 nodeID 13

 nodeID 14

 nodeID 15

=======print_cons=====

=======schedule=====

 II =  2

timeStep0  LSU  PE 
timeStep1  LSU  PE 
timeStep2  LSU  PE 
timeStep3  LSU  PE 
timeStep4  LSU  PE 
timeStep5  LSU  PE 
timeStep6  LSU  PE 
timeStep7  LSU  PE 

The total number of register
begin 2 end 4 dif 0 startTime 0 endTime 0 useRe 0
begin 4 end 5 dif 0 startTime 0 endTime 0 useRe 0
begin 5 end 6 dif 0 startTime 0 endTime 0 useRe 0
begin 1 end 6 dif 0 startTime 0 endTime 0 useRe 0
begin 6 end 7 dif 0 startTime 0 endTime 0 useRe 0
begin 11 end 12 dif 0 startTime 0 endTime 0 useRe 0
begin 12 end 13 dif 0 startTime 0 endTime 0 useRe 0
begin 13 end 14 dif 0 startTime 0 endTime 0 useRe 0
begin 9 end 14 dif 0 startTime 0 endTime 0 useRe 0
begin 14 end 15 dif 0 startTime 0 endTime 0 useRe 0
begin 2 end 4 dif 1 startTime 0 endTime 0 useRe 2
begin 2 end 12 dif 0 startTime 0 endTime 0 useRe 0
  2


============ 2 PNU  Schedule==============

=======print_vars=====


 nodeID 1

 nodeID 2

 nodeID 3

 nodeID 4

 nodeID 5

 nodeID 6

 nodeID 7

 nodeID 9

 nodeID 12

 nodeID 13

 nodeID 14

 nodeID 15

=======print_cons=====

=======schedule=====

 II =  2

timeStep0  LSU  PE 
timeStep1  LSU  PE 
timeStep2  LSU  PE 
timeStep3  LSU  PE 
timeStep4  LSU  PE 
timeStep5  LSU  PE 
timeStep6  LSU  PE 
timeStep7  LSU  PE 

The total number of register
begin 3 end 4 dif 0 startTime 0 endTime 0 useRe 0
begin 2 end 4 dif 0 startTime 0 endTime 0 useRe 0
begin 4 end 5 dif 0 startTime 0 endTime 0 useRe 0
begin 5 end 6 dif 0 startTime 0 endTime 0 useRe 0
begin 1 end 6 dif 0 startTime 0 endTime 0 useRe 0
begin 6 end 7 dif 0 startTime 0 endTime 0 useRe 0
begin 12 end 13 dif 0 startTime 0 endTime 0 useRe 0
begin 13 end 14 dif 0 startTime 0 endTime 0 useRe 0
begin 9 end 14 dif 0 startTime 0 endTime 0 useRe 0
begin 14 end 15 dif 0 startTime 0 endTime 0 useRe 0
begin 2 end 12 dif 0 startTime 0 endTime 0 useRe 0
begin 2 end 12 dif 1 startTime 0 endTime 0 useRe 2
  2


============ 2 PNU  Schedule==============

=======print_vars=====


 nodeID 1

 nodeID 2

 nodeID 4

 nodeID 5

 nodeID 6

 nodeID 7

 nodeID 9

 nodeID 11

 nodeID 12

 nodeID 13

 nodeID 14

 nodeID 15

 nodeID 19

 nodeID 20

 nodeID 21

 nodeID 22

 nodeID 24

 nodeID 25

 nodeID 26

 nodeID 27

=======print_cons=====

=======schedule=====

 II =  3

timeStep0  LSU  PE 
timeStep1  LSU  PE 
timeStep2  LSU  PE 
timeStep3  LSU  PE 
timeStep4  LSU  PE 
timeStep5  LSU  PE 
timeStep6  LSU  PE 
timeStep7  LSU  PE 
timeStep8  LSU  PE 
timeStep9  LSU  PE 

The total number of register
begin 2 end 4 dif 0 startTime 0 endTime 0 useRe 0
begin 4 end 5 dif 0 startTime 0 endTime 0 useRe 0
begin 5 end 6 dif 0 startTime 0 endTime 0 useRe 0
begin 1 end 6 dif 0 startTime 0 endTime 0 useRe 0
begin 6 end 7 dif 0 startTime 0 endTime 0 useRe 0
begin 11 end 12 dif 0 startTime 0 endTime 0 useRe 0
begin 12 end 13 dif 0 startTime 0 endTime 0 useRe 0
begin 13 end 14 dif 0 startTime 0 endTime 0 useRe 0
begin 9 end 14 dif 0 startTime 0 endTime 0 useRe 0
begin 14 end 15 dif 0 startTime 0 endTime 0 useRe 0
begin 19 end 20 dif 0 startTime 0 endTime 0 useRe 0
begin 21 end 22 dif 0 startTime 0 endTime 0 useRe 0
begin 20 end 22 dif 0 startTime 0 endTime 0 useRe 0
begin 22 end 24 dif 0 startTime 0 endTime 0 useRe 0
begin 24 end 25 dif 0 startTime 0 endTime 0 useRe 0
begin 25 end 26 dif 0 startTime 0 endTime 0 useRe 0
begin 26 end 27 dif 0 startTime 0 endTime 0 useRe 0
begin 14 end 20 dif 1 startTime 0 endTime 0 useRe 3
begin 2 end 4 dif 1 startTime 0 endTime 0 useRe 3
begin 2 end 12 dif 0 startTime 0 endTime 0 useRe 0
begin 11 end 26 dif 1 startTime 0 endTime 0 useRe 3
begin 21 end 24 dif 1 startTime 0 endTime 0 useRe 3
  12


============ 2 PNU  Schedule==============

=======print_vars=====


 nodeID 1

 nodeID 2

 nodeID 3

 nodeID 4

 nodeID 5

 nodeID 6

 nodeID 7

 nodeID 9

 nodeID 12

 nodeID 13

 nodeID 14

 nodeID 15

 nodeID 18

 nodeID 20

 nodeID 22

 nodeID 23

 nodeID 24

 nodeID 25

 nodeID 26

 nodeID 27

=======print_cons=====

=======schedule=====

 II =  3

timeStep0  LSU  PE 
timeStep1  LSU  PE 
timeStep2  LSU  PE 
timeStep3  LSU  PE 
timeStep4  LSU  PE 
timeStep5  LSU  PE 
timeStep6  LSU  PE 
timeStep7  LSU  PE 
timeStep8  LSU  PE 
timeStep9  LSU  PE 

The total number of register
begin 3 end 4 dif 0 startTime 0 endTime 0 useRe 0
begin 2 end 4 dif 0 startTime 0 endTime 0 useRe 0
begin 4 end 5 dif 0 startTime 0 endTime 0 useRe 0
begin 5 end 6 dif 0 startTime 0 endTime 0 useRe 0
begin 1 end 6 dif 0 startTime 0 endTime 0 useRe 0
begin 6 end 7 dif 0 startTime 0 endTime 0 useRe 0
begin 12 end 13 dif 0 startTime 0 endTime 0 useRe 0
begin 13 end 14 dif 0 startTime 0 endTime 0 useRe 0
begin 9 end 14 dif 0 startTime 0 endTime 0 useRe 0
begin 14 end 15 dif 0 startTime 0 endTime 0 useRe 0
begin 18 end 20 dif 0 startTime 0 endTime 0 useRe 0
begin 20 end 22 dif 0 startTime 0 endTime 0 useRe 0
begin 23 end 24 dif 0 startTime 0 endTime 0 useRe 0
begin 22 end 24 dif 0 startTime 0 endTime 0 useRe 0
begin 24 end 25 dif 0 startTime 0 endTime 0 useRe 0
begin 25 end 26 dif 0 startTime 0 endTime 0 useRe 0
begin 26 end 27 dif 0 startTime 0 endTime 0 useRe 0
begin 6 end 22 dif 1 startTime 0 endTime 0 useRe 3
begin 2 end 12 dif 0 startTime 0 endTime 0 useRe 0
begin 2 end 12 dif 1 startTime 0 endTime 0 useRe 3
begin 3 end 26 dif 1 startTime 0 endTime 0 useRe 3
begin 18 end 20 dif 1 startTime 0 endTime 0 useRe 3
  12


============ 2 PNU  Schedule==============

=======print_vars=====


 nodeID 1

 nodeID 2

 nodeID 4

 nodeID 5

 nodeID 6

 nodeID 7

 nodeID 10

 nodeID 11

 nodeID 12

 nodeID 14

 nodeID 16

 nodeID 17

 nodeID 18

 nodeID 19

=======print_cons=====

=======schedule=====

 II =  2

timeStep0  LSU  PE 
timeStep1  LSU  PE 
timeStep2  LSU  PE 
timeStep3  LSU  PE 
timeStep4  LSU  PE 
timeStep5  LSU  PE 
timeStep6  LSU  PE 
timeStep7  LSU  PE 
timeStep8  LSU  PE 
timeStep9  LSU  PE 
timeStep10  LSU  PE 
timeStep11  LSU  PE 

The total number of register
begin 2 end 4 dif 0 startTime 0 endTime 0 useRe 0
begin 4 end 5 dif 0 startTime 0 endTime 0 useRe 0
begin 5 end 6 dif 0 startTime 0 endTime 0 useRe 0
begin 1 end 6 dif 0 startTime 0 endTime 0 useRe 0
begin 6 end 7 dif 0 startTime 0 endTime 0 useRe 0
begin 11 end 12 dif 0 startTime 0 endTime 0 useRe 0
begin 10 end 12 dif 0 startTime 0 endTime 0 useRe 0
begin 12 end 14 dif 0 startTime 0 endTime 0 useRe 0
begin 14 end 16 dif 0 startTime 0 endTime 0 useRe 0
begin 16 end 17 dif 0 startTime 0 endTime 0 useRe 0
begin 17 end 18 dif 0 startTime 0 endTime 0 useRe 0
begin 18 end 19 dif 0 startTime 0 endTime 0 useRe 0
begin 6 end 14 dif 0 startTime 0 endTime 0 useRe 0
begin 6 end 16 dif 1 startTime 0 endTime 0 useRe 2
begin 2 end 4 dif 1 startTime 0 endTime 0 useRe 2
begin 2 end 18 dif 1 startTime 0 endTime 0 useRe 2
  6


============ 2 PNU  Schedule==============

=======print_vars=====


 nodeID 1

 nodeID 2

 nodeID 3

 nodeID 4

 nodeID 5

 nodeID 6

 nodeID 7

 nodeID 10

 nodeID 12

 nodeID 14

 nodeID 15

 nodeID 16

 nodeID 17

 nodeID 18

 nodeID 19

=======print_cons=====

=======schedule=====

 II =  2

timeStep0  LSU  PE 
timeStep1  LSU  PE 
timeStep2  LSU  PE 
timeStep3  LSU  PE 
timeStep4  LSU  PE 
timeStep5  LSU  PE 
timeStep6  LSU  PE 
timeStep7  LSU  PE 
timeStep8  LSU  PE 
timeStep9  LSU  PE 
timeStep10  LSU  PE 
timeStep11  LSU  PE 

The total number of register
begin 3 end 4 dif 0 startTime 0 endTime 0 useRe 0
begin 2 end 4 dif 0 startTime 0 endTime 0 useRe 0
begin 4 end 5 dif 0 startTime 0 endTime 0 useRe 0
begin 5 end 6 dif 0 startTime 0 endTime 0 useRe 0
begin 1 end 6 dif 0 startTime 0 endTime 0 useRe 0
begin 6 end 7 dif 0 startTime 0 endTime 0 useRe 0
begin 10 end 12 dif 0 startTime 0 endTime 0 useRe 0
begin 12 end 14 dif 0 startTime 0 endTime 0 useRe 0
begin 15 end 16 dif 0 startTime 0 endTime 0 useRe 0
begin 14 end 16 dif 0 startTime 0 endTime 0 useRe 0
begin 16 end 17 dif 0 startTime 0 endTime 0 useRe 0
begin 17 end 18 dif 0 startTime 0 endTime 0 useRe 0
begin 18 end 19 dif 0 startTime 0 endTime 0 useRe 0
begin 6 end 14 dif 0 startTime 0 endTime 0 useRe 0
begin 3 end 18 dif 0 startTime 0 endTime 0 useRe 0
begin 10 end 12 dif 1 startTime 0 endTime 0 useRe 2
  2


============ 2 PNU  Schedule==============

=======print_vars=====


 nodeID 1

 nodeID 2

 nodeID 4

 nodeID 5

 nodeID 6

 nodeID 7

 nodeID 10

 nodeID 11

 nodeID 12

 nodeID 14

 nodeID 16

 nodeID 17

 nodeID 18

 nodeID 19

=======print_cons=====

=======schedule=====

 II =  2

timeStep0  LSU  PE 
timeStep1  LSU  PE 
timeStep2  LSU  PE 
timeStep3  LSU  PE 
timeStep4  LSU  PE 
timeStep5  LSU  PE 
timeStep6  LSU  PE 
timeStep7  LSU  PE 
timeStep8  LSU  PE 
timeStep9  LSU  PE 
timeStep10  LSU  PE 
timeStep11  LSU  PE 

The total number of register
begin 2 end 4 dif 0 startTime 0 endTime 0 useRe 0
begin 4 end 5 dif 0 startTime 0 endTime 0 useRe 0
begin 5 end 6 dif 0 startTime 0 endTime 0 useRe 0
begin 1 end 6 dif 0 startTime 0 endTime 0 useRe 0
begin 6 end 7 dif 0 startTime 0 endTime 0 useRe 0
begin 11 end 12 dif 0 startTime 0 endTime 0 useRe 0
begin 10 end 12 dif 0 startTime 0 endTime 0 useRe 0
begin 12 end 14 dif 0 startTime 0 endTime 0 useRe 0
begin 14 end 16 dif 0 startTime 0 endTime 0 useRe 0
begin 16 end 17 dif 0 startTime 0 endTime 0 useRe 0
begin 17 end 18 dif 0 startTime 0 endTime 0 useRe 0
begin 18 end 19 dif 0 startTime 0 endTime 0 useRe 0
begin 6 end 14 dif 0 startTime 0 endTime 0 useRe 0
begin 6 end 16 dif 1 startTime 0 endTime 0 useRe 2
begin 2 end 4 dif 1 startTime 0 endTime 0 useRe 2
begin 2 end 18 dif 1 startTime 0 endTime 0 useRe 2
  6

=======schedule=====

 II =  2

timeStep0  LSU N1T0_3  PE 
timeStep1  LSU N10T1_34 N11T1_40  PE 
timeStep2  LSU  PE 
timeStep3  LSU N2T3_12  PE 
timeStep4  LSU  PE N4T4_16 
timeStep5  LSU  PE N5T5_20 
timeStep6  LSU  PE N6T6_24 N12T6_50 
timeStep7  LSU  PE N14T7_54 
timeStep8  LSU  PE N16T8_58 
timeStep9  LSU  PE N17T9_62 
timeStep10  LSU N7T10_31  PE N18T10_66 
timeStep11  LSU N19T11_70  PE 

The total number of register
begin 2 end 4 dif 0 startTime 3 endTime 4 useRe 1
begin 4 end 5 dif 0 startTime 4 endTime 5 useRe 1
begin 5 end 6 dif 0 startTime 5 endTime 6 useRe 1
begin 1 end 6 dif 0 startTime 0 endTime 6 useRe 6
begin 6 end 7 dif 0 startTime 6 endTime 10 useRe 4
begin 11 end 12 dif 0 startTime 1 endTime 6 useRe 5
begin 10 end 12 dif 0 startTime 1 endTime 6 useRe 5
begin 12 end 14 dif 0 startTime 6 endTime 7 useRe 1
begin 14 end 16 dif 0 startTime 7 endTime 8 useRe 1
begin 16 end 17 dif 0 startTime 8 endTime 9 useRe 1
begin 17 end 18 dif 0 startTime 9 endTime 10 useRe 1
begin 18 end 19 dif 0 startTime 10 endTime 11 useRe 1
begin 6 end 14 dif 0 startTime 6 endTime 7 useRe 1
begin 6 end 16 dif 1 startTime 6 endTime 8 useRe 4
begin 2 end 4 dif 1 startTime 3 endTime 4 useRe 3
begin 2 end 18 dif 1 startTime 3 endTime 10 useRe 9
  45
