
=======schedule=====

 II =  1

timeStep0  LSU N4T0_7  PE 
timeStep1  LSU  PE 
timeStep2  LSU  PE N3T2_4 
timeStep3  LSU  PE N5T3_12 
timeStep4  LSU  PE N6T4_16 N11T4_29 
timeStep5  LSU N7T5_20  PE 
timeStep6  LSU  PE 
timeStep7  LSU  PE N13T7_35 
timeStep8  LSU  PE N14T8_39 
timeStep9  LSU N15T9_43  PE 

The total number of register
begin 4 end 5 dif 0 startTime 0 endTime 3 useRe 3
begin 3 end 5 dif 0 startTime 2 endTime 3 useRe 1
begin 5 end 6 dif 0 startTime 3 endTime 4 useRe 1
begin 6 end 7 dif 0 startTime 4 endTime 5 useRe 1
begin 11 end 13 dif 0 startTime 4 endTime 7 useRe 3
begin 13 end 14 dif 0 startTime 7 endTime 8 useRe 1
begin 14 end 15 dif 0 startTime 8 endTime 9 useRe 1
begin 6 end 11 dif 2 startTime 4 endTime 4 useRe 2
begin 6 end 11 dif 1 startTime 4 endTime 4 useRe 1
begin 6 end 13 dif 0 startTime 4 endTime 7 useRe 3
begin 4 end 3 dif 2 startTime 0 endTime 2 useRe 4
begin 4 end 3 dif 1 startTime 0 endTime 2 useRe 3
  24
