

============ 1 PNU  Schedule==============

=======print_vars=====


 nodeID 3

 nodeID 4

 nodeID 5

 nodeID 6

 nodeID 7

=======print_cons=====

=======schedule=====

 II =  1

timeStep0  LSU  PE 
timeStep1  LSU  PE 
timeStep2  LSU  PE 
timeStep3  LSU  PE 
timeStep4  LSU  PE 
timeStep5  LSU  PE 
timeStep6  LSU  PE 
timeStep7  LSU  PE 

The total number of register
begin 4 end 5 dif 0 startTime 0 endTime 0 useRe 0
begin 3 end 5 dif 0 startTime 0 endTime 0 useRe 0
begin 5 end 6 dif 0 startTime 0 endTime 0 useRe 0
begin 6 end 7 dif 0 startTime 0 endTime 0 useRe 0
begin 4 end 3 dif 2 startTime 0 endTime 0 useRe 2
begin 4 end 3 dif 1 startTime 0 endTime 0 useRe 1
  3


============ 1 PNU  Schedule==============

=======print_vars=====


 nodeID 3

 nodeID 4

 nodeID 5

 nodeID 6

 nodeID 7

 nodeID 11

 nodeID 12

 nodeID 13

 nodeID 14

 nodeID 15

=======print_cons=====

=======schedule=====

 II =  1

timeStep0  LSU  PE 
timeStep1  LSU  PE 
timeStep2  LSU  PE 
timeStep3  LSU  PE 
timeStep4  LSU  PE 
timeStep5  LSU  PE 
timeStep6  LSU  PE 
timeStep7  LSU  PE 

The total number of register
begin 4 end 5 dif 0 startTime 0 endTime 0 useRe 0
begin 3 end 5 dif 0 startTime 0 endTime 0 useRe 0
begin 5 end 6 dif 0 startTime 0 endTime 0 useRe 0
begin 6 end 7 dif 0 startTime 0 endTime 0 useRe 0
begin 4 end 3 dif 1 startTime 0 endTime 0 useRe 1
begin 4 end 11 dif 0 startTime 0 endTime 0 useRe 0
begin 12 end 13 dif 0 startTime 0 endTime 0 useRe 0
begin 11 end 13 dif 0 startTime 0 endTime 0 useRe 0
begin 13 end 14 dif 0 startTime 0 endTime 0 useRe 0
begin 14 end 15 dif 0 startTime 0 endTime 0 useRe 0
begin 12 end 11 dif 1 startTime 0 endTime 0 useRe 1
begin 12 end 3 dif 1 startTime 0 endTime 0 useRe 1
  3
