
=======schedule=====

 II =  1

timeStep0  LSU  PE 
timeStep1  LSU N4T1_8  PE N3T1_3 
timeStep2  LSU  PE N5T2_11 
timeStep3  LSU  PE N6T3_15 N11T3_28 
timeStep4  LSU  PE N13T4_32 
timeStep5  LSU  PE N14T5_36 
timeStep6  LSU N15T6_40  PE 
timeStep7  LSU  PE 
timeStep8  LSU  PE 
timeStep9  LSU N7T9_24  PE 

The total number of register
begin 4 end 5 dif 0 startTime 1 endTime 2 useRe 1
begin 3 end 5 dif 0 startTime 1 endTime 2 useRe 1
begin 5 end 6 dif 0 startTime 2 endTime 3 useRe 1
begin 6 end 7 dif 0 startTime 3 endTime 9 useRe 6
begin 11 end 13 dif 0 startTime 3 endTime 4 useRe 1
begin 13 end 14 dif 0 startTime 4 endTime 5 useRe 1
begin 14 end 15 dif 0 startTime 5 endTime 6 useRe 1
begin 6 end 11 dif 2 startTime 3 endTime 3 useRe 2
begin 6 end 11 dif 1 startTime 3 endTime 3 useRe 1
begin 6 end 13 dif 0 startTime 3 endTime 4 useRe 1
begin 4 end 3 dif 2 startTime 1 endTime 1 useRe 2
begin 4 end 3 dif 1 startTime 1 endTime 1 useRe 1
  19
