

============ 0 PNU  Schedule==============

=======print_vars=====


 nodeID 3

 nodeID 4

 nodeID 5

 nodeID 6

 nodeID 7

=======print_cons=====

=======schedule=====

 II =  1

timeStep0  LSU  PE 
timeStep1  LSU  PE 
timeStep2  LSU  PE 
timeStep3  LSU  PE 
timeStep4  LSU  PE 
timeStep5  LSU  PE 
timeStep6  LSU  PE 
timeStep7  LSU  PE 

The total number of register
begin 4 end 5 dif 0 startTime 0 endTime 0 useRe 0
begin 3 end 5 dif 0 startTime 0 endTime 0 useRe 0
begin 5 end 6 dif 0 startTime 0 endTime 0 useRe 0
begin 6 end 7 dif 0 startTime 0 endTime 0 useRe 0
begin 4 end 3 dif 2 startTime 0 endTime 0 useRe 2
begin 4 end 3 dif 1 startTime 0 endTime 0 useRe 1
  3


============ 0 PNU  Schedule==============

=======print_vars=====


 nodeID 3

 nodeID 4

 nodeID 5

 nodeID 6

 nodeID 7

 nodeID 11

 nodeID 12

 nodeID 13

 nodeID 14

 nodeID 15

=======print_cons=====

=======schedule=====

 II =  1

timeStep0  LSU  PE 
timeStep1  LSU  PE 
timeStep2  LSU  PE 
timeStep3  LSU  PE 
timeStep4  LSU  PE 
timeStep5  LSU  PE 
timeStep6  LSU  PE 
timeStep7  LSU  PE 

The total number of register
begin 4 end 5 dif 0 startTime 0 endTime 0 useRe 0
begin 3 end 5 dif 0 startTime 0 endTime 0 useRe 0
begin 5 end 6 dif 0 startTime 0 endTime 0 useRe 0
begin 6 end 7 dif 0 startTime 0 endTime 0 useRe 0
begin 4 end 3 dif 1 startTime 0 endTime 0 useRe 1
begin 4 end 11 dif 0 startTime 0 endTime 0 useRe 0
begin 12 end 13 dif 0 startTime 0 endTime 0 useRe 0
begin 11 end 13 dif 0 startTime 0 endTime 0 useRe 0
begin 13 end 14 dif 0 startTime 0 endTime 0 useRe 0
begin 14 end 15 dif 0 startTime 0 endTime 0 useRe 0
begin 12 end 11 dif 1 startTime 0 endTime 0 useRe 1
begin 12 end 3 dif 1 startTime 0 endTime 0 useRe 1
  3


============ 0 PNU  Schedule==============

=======print_vars=====


 nodeID 3

 nodeID 4

 nodeID 5

 nodeID 6

 nodeID 7

 nodeID 11

 nodeID 13

 nodeID 14

 nodeID 15

=======print_cons=====

=======schedule=====

 II =  1

timeStep0  LSU  PE 
timeStep1  LSU  PE 
timeStep2  LSU  PE 
timeStep3  LSU  PE 
timeStep4  LSU  PE 
timeStep5  LSU  PE 
timeStep6  LSU  PE 
timeStep7  LSU  PE 
timeStep8  LSU  PE 
timeStep9  LSU  PE 

The total number of register
begin 4 end 5 dif 0 startTime 0 endTime 0 useRe 0
begin 3 end 5 dif 0 startTime 0 endTime 0 useRe 0
begin 5 end 6 dif 0 startTime 0 endTime 0 useRe 0
begin 6 end 7 dif 0 startTime 0 endTime 0 useRe 0
begin 11 end 13 dif 0 startTime 0 endTime 0 useRe 0
begin 13 end 14 dif 0 startTime 0 endTime 0 useRe 0
begin 14 end 15 dif 0 startTime 0 endTime 0 useRe 0
begin 6 end 11 dif 2 startTime 0 endTime 0 useRe 2
begin 6 end 11 dif 1 startTime 0 endTime 0 useRe 1
begin 6 end 13 dif 0 startTime 0 endTime 0 useRe 0
begin 4 end 3 dif 2 startTime 0 endTime 0 useRe 2
begin 4 end 3 dif 1 startTime 0 endTime 0 useRe 1
  6


============ 0 PNU  Schedule==============

=======print_vars=====


 nodeID 3

 nodeID 4

 nodeID 5

 nodeID 6

 nodeID 7

 nodeID 11

 nodeID 13

 nodeID 14

 nodeID 15

=======print_cons=====

=======schedule=====

 II =  1

timeStep0  LSU  PE 
timeStep1  LSU  PE 
timeStep2  LSU  PE 
timeStep3  LSU  PE 
timeStep4  LSU  PE 
timeStep5  LSU  PE 
timeStep6  LSU  PE 
timeStep7  LSU  PE 
timeStep8  LSU  PE 
timeStep9  LSU  PE 

The total number of register
begin 4 end 5 dif 0 startTime 0 endTime 0 useRe 0
begin 3 end 5 dif 0 startTime 0 endTime 0 useRe 0
begin 5 end 6 dif 0 startTime 0 endTime 0 useRe 0
begin 6 end 7 dif 0 startTime 0 endTime 0 useRe 0
begin 11 end 13 dif 0 startTime 0 endTime 0 useRe 0
begin 13 end 14 dif 0 startTime 0 endTime 0 useRe 0
begin 14 end 15 dif 0 startTime 0 endTime 0 useRe 0
begin 6 end 11 dif 2 startTime 0 endTime 0 useRe 2
begin 6 end 11 dif 1 startTime 0 endTime 0 useRe 1
begin 6 end 13 dif 0 startTime 0 endTime 0 useRe 0
begin 4 end 3 dif 2 startTime 0 endTime 0 useRe 2
begin 4 end 3 dif 1 startTime 0 endTime 0 useRe 1
  6

=======schedule=====

 II =  1

timeStep0  LSU  PE 
timeStep1  LSU  PE 
timeStep2  LSU  PE 
timeStep3  LSU N4T3_10  PE 
timeStep4  LSU  PE N3T4_6 
timeStep5  LSU  PE N5T5_14 
timeStep6  LSU  PE N6T6_18 N11T6_31 
timeStep7  LSU  PE N13T7_35 
timeStep8  LSU  PE N14T8_39 
timeStep9  LSU N7T9_24 N15T9_43  PE 

The total number of register
begin 4 end 5 dif 0 startTime 3 endTime 5 useRe 2
begin 3 end 5 dif 0 startTime 4 endTime 5 useRe 1
begin 5 end 6 dif 0 startTime 5 endTime 6 useRe 1
begin 6 end 7 dif 0 startTime 6 endTime 9 useRe 3
begin 11 end 13 dif 0 startTime 6 endTime 7 useRe 1
begin 13 end 14 dif 0 startTime 7 endTime 8 useRe 1
begin 14 end 15 dif 0 startTime 8 endTime 9 useRe 1
begin 6 end 11 dif 2 startTime 6 endTime 6 useRe 2
begin 6 end 11 dif 1 startTime 6 endTime 6 useRe 1
begin 6 end 13 dif 0 startTime 6 endTime 7 useRe 1
begin 4 end 3 dif 2 startTime 3 endTime 4 useRe 3
begin 4 end 3 dif 1 startTime 3 endTime 4 useRe 2
  19
