

============DFG ID 0====================
timeStep0  bank  PE 
timeStep1  bank  PE 
timeStep2  bank  PE 
timeStep3  bank N4T3_10  PE 
timeStep4  bank  PE N3T4_6 
timeStep5  bank  PE N5T5_14 
timeStep6  bank  PE N6T6_18 
timeStep7  bank N7T7_22  PE 


============DFG ID 0====================
timeStep0  bank  PE 
timeStep1  bank  PE 
timeStep2  bank  PE 
timeStep3  bank N4T3_11 N12T3_34  PE 
timeStep4  bank  PE N3T4_7 N11T4_30 
timeStep5  bank  PE N5T5_16 N13T5_39 
timeStep6  bank  PE N6T6_21 N14T6_43 
timeStep7  bank N7T7_26 N15T7_47  PE 


============DFG ID 1====================
timeStep0  bank  PE 
timeStep1  bank  PE 
timeStep2  bank  PE 
timeStep3  bank N4T3_10  PE 
timeStep4  bank  PE N3T4_6 
timeStep5  bank  PE N5T5_14 
timeStep6  bank  PE N6T6_18 
timeStep7  bank N7T7_22  PE 


============DFG ID 1====================
timeStep0  bank  PE 
timeStep1  bank  PE 
timeStep2  bank  PE 
timeStep3  bank N4T3_11 N12T3_34  PE 
timeStep4  bank  PE N3T4_7 N11T4_30 
timeStep5  bank  PE N5T5_16 N13T5_39 
timeStep6  bank  PE N6T6_21 N14T6_43 
timeStep7  bank N7T7_26 N15T7_47  PE 


============DFG ID 0====================
timeStep0  bank  PE 
timeStep1  bank  PE 
timeStep2  bank  PE 
timeStep3  bank N4T3_10  PE 
timeStep4  bank  PE N3T4_6 
timeStep5  bank  PE N5T5_14 
timeStep6  bank  PE N6T6_18 N11T6_31 
timeStep7  bank  PE N13T7_35 
timeStep8  bank  PE N14T8_39 
timeStep9  bank N7T9_24 N15T9_43  PE 


============DFG ID 0====================
timeStep0  bank  PE 
timeStep1  bank  PE 
timeStep2  bank  PE 
timeStep3  bank N4T3_10  PE 
timeStep4  bank  PE N3T4_6 
timeStep5  bank  PE N5T5_14 
timeStep6  bank  PE N6T6_18 N11T6_31 
timeStep7  bank  PE N13T7_35 
timeStep8  bank  PE N14T8_39 
timeStep9  bank N7T9_24 N15T9_43  PE 
