

============第 0个 PNU 的 MapInformation==============

 算子编号 时间步  算子种类 
    0       0       1   
    1       0       1   
    2       0       1   
    3       0       1   


============第 0个 PNU 的 MapInformation==============

 算子编号 时间步  算子种类 
    0       0       1   
    1       0       1   
    2       0       1   
    3       1       1   


============第 0个 PNU 的 MapInformation==============

 算子编号 时间步  算子种类 
    0       0       1   
    1       0       1   
    2       0       1   
    3       2       1   


============第 0个 PNU 的 MapInformation==============

 算子编号 时间步  算子种类 
    0       0       1   
    1       0       1   
    2       0       1   
    3       3       1   


============第 0个 PNU 的 MapInformation==============

 算子编号 时间步  算子种类 
    0       0       1   
    1       0       1   
    2       0       1   
    3       1       1   


============第 0个 PNU 的 MapInformation==============

 算子编号 时间步  算子种类 
    0       0       1   
    1       0       1   
    2       0       1   
    3       2       1   


============第 0个 PNU 的 MapInformation==============

 算子编号 时间步  算子种类 
    0       0       1   
    1       0       1   
    2       0       1   
    3       3       1   


============第 0个 PNU 的 MapInformation==============

 算子编号 时间步  算子种类 
    0       0       1   
    1       0       1   
    2       0       1   
    3       1       1   


============第 0个 PNU 的 MapInformation==============

 算子编号 时间步  算子种类 
    0       0       1   
    1       0       1   
    2       1       1   
    3       1       1   


============第 0个 PNU 的 MapInformation==============

 算子编号 时间步  算子种类 
    0       0       1   
    1       0       1   
    2       1       1   
    3       2       1   


============第 0个 PNU 的 MapInformation==============

 算子编号 时间步  算子种类 
    0       0       1   
    1       0       1   
    2       1       1   
    3       3       1   


============第 0个 PNU 的 MapInformation==============

 算子编号 时间步  算子种类 
    0       0       1   
    1       0       1   
    2       0       1   
    3       1       1   


============第 0个 PNU 的 MapInformation==============

 算子编号 时间步  算子种类 
    0       0       1   
    1       0       1   
    2       1       1   
    3       1       1   


============第 0个 PNU 的 MapInformation==============

 算子编号 时间步  算子种类 
    0       0       1   
    1       0       1   
    2       1       1   
    3       2       1   


============第 0个 PNU 的 MapInformation==============

 算子编号 时间步  算子种类 
    0       0       1   
    1       0       1   
    2       1       1   
    3       3       1   


============第 0个 PNU 的 MapInformation==============

 算子编号 时间步  算子种类 
    0       0       1   
    1       0       1   
    2       1       1   
    3       1       1   


============第 0个 PNU 的 MapInformation==============

 算子编号 时间步  算子种类 
    0       0       1   
    1       0       1   
    2       1       1   
    3       2       1   


============第 0个 PNU 的 MapInformation==============

 算子编号 时间步  算子种类 
    0       0       1   
    1       0       1   
    2       1       1   
    3       3       1   


============第 0个 PNU 的 MapInformation==============

 算子编号 时间步  算子种类 
    0       0       1   
    1       0       1   
    2       1       1   
    3       1       1   


============第 0个 PNU 的 MapInformation==============

 算子编号 时间步  算子种类 
    0       0       1   
    1       0       1   
    2       1       1   
    3       2       1   


============第 0个 PNU 的 MapInformation==============

 算子编号 时间步  算子种类 
    0       0       1   
    1       0       1   
    2       1       1   
    3       3       1   


============第 0个 PNU 的 MapInformation==============

 算子编号 时间步  算子种类 
    0       0       1   
    1       0       1   
    2       0       1   
    3       0       1   


============第 0个 PNU 的 MapInformation==============

 算子编号 时间步  算子种类 
    0       0       1   
    1       0       1   
    2       0       1   
    3       1       1   


============第 0个 PNU 的 MapInformation==============

 算子编号 时间步  算子种类 
    0       0       1   
    1       0       1   
    2       0       1   
    3       2       1   


============第 0个 PNU 的 MapInformation==============

 算子编号 时间步  算子种类 
    0       0       1   
    1       0       1   
    2       0       1   
    3       3       1   


============第 0个 PNU 的 MapInformation==============

 算子编号 时间步  算子种类 
    0       0       1   
    1       0       1   
    2       0       1   
    3       1       1   


============第 0个 PNU 的 MapInformation==============

 算子编号 时间步  算子种类 
    0       0       1   
    1       0       1   
    2       1       1   
    3       1       1   


============第 0个 PNU 的 MapInformation==============

 算子编号 时间步  算子种类 
    0       0       1   
    1       0       1   
    2       1       1   
    3       2       1   


============第 0个 PNU 的 MapInformation==============

 算子编号 时间步  算子种类 
    0       0       1   
    1       0       1   
    2       1       1   
    3       3       1   


============第 0个 PNU 的 MapInformation==============

 算子编号 时间步  算子种类 
    0       0       1   
    1       0       1   
    2       0       1   
    3       1       1   


============第 0个 PNU 的 MapInformation==============

 算子编号 时间步  算子种类 
    0       0       1   
    1       0       1   
    2       1       1   
    3       1       1   


============第 0个 PNU 的 MapInformation==============

 算子编号 时间步  算子种类 
    0       0       1   
    1       0       1   
    2       1       1   
    3       2       1   


============第 0个 PNU 的 MapInformation==============

 算子编号 时间步  算子种类 
    0       0       1   
    1       0       1   
    2       1       1   
    3       3       1   


============第 0个 PNU 的 MapInformation==============

 算子编号 时间步  算子种类 
    0       0       1   
    1       0       1   
    2       0       1   
    3       1       1   


============第 0个 PNU 的 MapInformation==============

 算子编号 时间步  算子种类 
    0       0       1   
    1       0       1   
    2       1       1   
    3       1       1   


============第 0个 PNU 的 MapInformation==============

 算子编号 时间步  算子种类 
    0       0       1   
    1       0       1   
    2       1       1   
    3       2       1   


============第 0个 PNU 的 MapInformation==============

 算子编号 时间步  算子种类 
    0       0       1   
    1       0       1   
    2       1       1   
    3       3       1   


============第 0个 PNU 的 MapInformation==============

 算子编号 时间步  算子种类 
    0       0       1   
    1       0       1   
    2       0       1   
    3       2       1   


============第 0个 PNU 的 MapInformation==============

 算子编号 时间步  算子种类 
    0       0       1   
    1       0       1   
    2       1       1   
    3       2       1   


============第 0个 PNU 的 MapInformation==============

 算子编号 时间步  算子种类 
    0       0       1   
    1       0       1   
    2       2       1   
    3       2       1   


============第 0个 PNU 的 MapInformation==============

 算子编号 时间步  算子种类 
    0       0       1   
    1       0       1   
    2       2       1   
    3       3       1   


============第 0个 PNU 的 MapInformation==============

 算子编号 时间步  算子种类 
    0       0       1   
    1       0       1   
    2       1       1   
    3       1       1   


============第 1个 PNU 的 MapInformation==============

 算子编号 时间步  算子种类 子节点0 子节点1  dif0    dif1   
    0       1       1       4      -1       0      -1   
    1       1       1       8      -1       0      -1   
    2       2       1       4       5       0       0   
    3       3       1       5      -1       0      -1   
    4       3       0       7      -1       0      -1   
    5       4       0       8      -1       0      -1   
    6       4       1       7      -1       0      -1   
    7       5       0       9      -1       0      -1   
    8       5       0      10      -1       0      -1   
    9       6       1      -1      -1      -1      -1   
   10       6       1      -1      -1      -1      -1   


============第 1个 PNU 的 MapInformation==============

 算子编号 时间步  算子种类 子节点0 子节点1  dif0    dif1   
    0       1       1       4      -1       0      -1   
    1       1       1       8      -1       0      -1   
    2       2       1       4       5       0       0   
    3       3       1       5      -1       0      -1   
    4       4       0       7      -1       0      -1   
    5       4       0       8      -1       0      -1   
    6       4       1       7      -1       0      -1   
    7       5       0       9      -1       0      -1   
    8       5       0      10      -1       0      -1   
    9       6       1      -1      -1      -1      -1   
   10       6       1      -1      -1      -1      -1   


============第 1个 PNU 的 MapInformation==============

 算子编号 时间步  算子种类 子节点0 子节点1  dif0    dif1   
    0       0       1       7      -1       0      -1   
    1       1       1       6      -1       0      -1   
    2       1       1       8      -1       0      -1   
    3       2       1       6       5       0       0   
    4       3       1       5      -1       0      -1   
    5       4       0       8      -1       0      -1   
    6       4       0       7      -1       0      -1   
    7       5       0       9      -1       0      -1   
    8       5       0      10      -1       0      -1   
    9       6       1      -1      -1      -1      -1   
   10       6       1      -1      -1      -1      -1   


============第 1个 PNU 的 MapInformation==============

 算子编号 时间步  算子种类 子节点0 子节点1  dif0    dif1   
    0       0       1       4       5       0       0   
    1       1       1       4      -1       0      -1   
    2       1       1       8      -1       0      -1   
    3       3       1       5      -1       0      -1   
    4       4       0       7      -1       0      -1   
    5       4       0       8      -1       0      -1   
    6       4       1       7      -1       0      -1   
    7       5       0       9      -1       0      -1   
    8       5       0      10      -1       0      -1   
    9       6       1      -1      -1      -1      -1   
   10       6       1      -1      -1      -1      -1   


============第 1个 PNU 的 MapInformation==============

 算子编号 时间步  算子种类 子节点0 子节点1  dif0    dif1   
    0       0       1       4       5       0       0   
    1       1       1       4      -1       0      -1   
    2       3       1       5      -1       0      -1   
    3       3       1       8      -1       0      -1   
    4       4       0       7      -1       0      -1   
    5       4       0       8      -1       0      -1   
    6       4       1       7      -1       0      -1   
    7       5       0       9      -1       0      -1   
    8       5       0      10      -1       0      -1   
    9       6       1      -1      -1      -1      -1   
   10       6       1      -1      -1      -1      -1   


============第 1个 PNU 的 MapInformation==============

 算子编号 时间步  算子种类 子节点0 子节点1  dif0    dif1   
    0       0       1       6       5       0       0   
    1       0       1       7      -1       0      -1   
    2       1       1       6      -1       0      -1   
    3       3       1       5      -1       0      -1   
    4       3       1       8      -1       0      -1   
    5       4       0       8      -1       0      -1   
    6       4       0       7      -1       0      -1   
    7       5       0       9      -1       0      -1   
    8       5       0      10      -1       0      -1   
    9       6       1      -1      -1      -1      -1   
   10       6       1      -1      -1      -1      -1   


============第 1个 PNU 的 MapInformation==============

 算子编号 时间步  算子种类 子节点0 子节点1  dif0    dif1   
    0       1       1       4      -1       0      -1   
    1       1       1       8      -1       0      -1   
    2       3       1       5      -1       0      -1   
    3       3       1       4       5       0       0   
    4       4       0       7      -1       0      -1   
    5       4       0       8      -1       0      -1   
    6       4       1       7      -1       0      -1   
    7       5       0       9      -1       0      -1   
    8       5       0      10      -1       0      -1   
    9       6       1      -1      -1      -1      -1   
   10       6       1      -1      -1      -1      -1   


============第 1个 PNU 的 MapInformation==============

 算子编号 时间步  算子种类 子节点0 子节点1  dif0    dif1   
    0       1       1       4      -1       0      -1   
    1       2       1       4       5       0       0   
    2       3       1       5      -1       0      -1   
    3       3       1       8      -1       0      -1   
    4       4       0       7      -1       0      -1   
    5       4       0       8      -1       0      -1   
    6       4       1       7      -1       0      -1   
    7       5       0       9      -1       0      -1   
    8       5       0      10      -1       0      -1   
    9       6       1      -1      -1      -1      -1   
   10       6       1      -1      -1      -1      -1   


============第 1个 PNU 的 MapInformation==============

 算子编号 时间步  算子种类 子节点0 子节点1  dif0    dif1   
    0       1       1       4      -1       0      -1   
    1       1       1       8      -1       0      -1   
    2       2       1       5      -1       0      -1   
    3       3       1       4       5       0       0   
    4       4       0       7      -1       0      -1   
    5       4       0       8      -1       0      -1   
    6       4       1       7      -1       0      -1   
    7       5       0       9      -1       0      -1   
    8       5       0      10      -1       0      -1   
    9       6       1      -1      -1      -1      -1   
   10       6       1      -1      -1      -1      -1   


============第 1个 PNU 的 MapInformation==============

 算子编号 时间步  算子种类 子节点0 子节点1  dif0    dif1   
    0       0       1       7      -1       0      -1   
    1       1       1       6      -1       0      -1   
    2       1       1       8      -1       0      -1   
    3       2       1       5      -1       0      -1   
    4       3       1       6       5       0       0   
    5       4       0       8      -1       0      -1   
    6       4       0       7      -1       0      -1   
    7       5       0       9      -1       0      -1   
    8       5       0      10      -1       0      -1   
    9       6       1      -1      -1      -1      -1   
   10       6       1      -1      -1      -1      -1   


============第 1个 PNU 的 MapInformation==============

 算子编号 时间步  算子种类 子节点0 子节点1  dif0    dif1   
    0       0       1       3       5       0       0   
    1       1       1       3      -1       0      -1   
    2       1       1       8      -1       0      -1   
    3       2       0       7      -1       0      -1   
    4       3       1       5      -1       0      -1   
    5       4       0       8      -1       0      -1   
    6       4       1       7      -1       0      -1   
    7       5       0       9      -1       0      -1   
    8       5       0      10      -1       0      -1   
    9       6       1      -1      -1      -1      -1   
   10       6       1      -1      -1      -1      -1   


============第 1个 PNU 的 MapInformation==============

 算子编号 时间步  算子种类 子节点0 子节点1  dif0    dif1   
    0       0       1       2       5       0       0   
    1       1       1       2      -1       0      -1   
    2       2       0       7      -1       0      -1   
    3       3       1       5      -1       0      -1   
    4       3       1       8      -1       0      -1   
    5       4       0       8      -1       0      -1   
    6       4       1       7      -1       0      -1   
    7       5       0       9      -1       0      -1   
    8       5       0      10      -1       0      -1   
    9       6       1      -1      -1      -1      -1   
   10       6       1      -1      -1      -1      -1   


============第 1个 PNU 的 MapInformation==============

 算子编号 时间步  算子种类 子节点0 子节点1  dif0    dif1   
    0       0       1       4       6       0       0   
    1       1       1       4      -1       0      -1   
    2       1       1       8      -1       0      -1   
    3       2       1       7      -1       0      -1   
    4       2       0       7      -1       0      -1   
    5       3       1       6      -1       0      -1   
    6       4       0       8      -1       0      -1   
    7       5       0       9      -1       0      -1   
    8       5       0      10      -1       0      -1   
    9       6       1      -1      -1      -1      -1   
   10       6       1      -1      -1      -1      -1   


============第 1个 PNU 的 MapInformation==============

 算子编号 时间步  算子种类 子节点0 子节点1  dif0    dif1   
    0       0       1       4       6       0       0   
    1       0       1       7      -1       0      -1   
    2       1       1       4      -1       0      -1   
    3       1       1       8      -1       0      -1   
    4       2       0       7      -1       0      -1   
    5       3       1       6      -1       0      -1   
    6       4       0       8      -1       0      -1   
    7       5       0       9      -1       0      -1   
    8       5       0      10      -1       0      -1   
    9       6       1      -1      -1      -1      -1   
   10       6       1      -1      -1      -1      -1   


============第 1个 PNU 的 MapInformation==============

 算子编号 时间步  算子种类 子节点0 子节点1  dif0    dif1   
    0       0       1       3       6       0       0   
    1       0       1       7      -1       0      -1   
    2       1       1       3      -1       0      -1   
    3       2       0       7      -1       0      -1   
    4       3       1       6      -1       0      -1   
    5       3       1       8      -1       0      -1   
    6       4       0       8      -1       0      -1   
    7       5       0       9      -1       0      -1   
    8       5       0      10      -1       0      -1   
    9       6       1      -1      -1      -1      -1   
   10       6       1      -1      -1      -1      -1   


============第 1个 PNU 的 MapInformation==============

 算子编号 时间步  算子种类 子节点0 子节点1  dif0    dif1   
    0       0       1       4       6       0       0   
    1       1       1       4      -1       0      -1   
    2       1       1       7      -1       0      -1   
    3       1       1       8      -1       0      -1   
    4       2       0       7      -1       0      -1   
    5       3       1       6      -1       0      -1   
    6       4       0       8      -1       0      -1   
    7       4       0       9      -1       0      -1   
    8       5       0      10      -1       0      -1   
    9       6       1      -1      -1      -1      -1   
   10       6       1      -1      -1      -1      -1   


============第 1个 PNU 的 MapInformation==============

 算子编号 时间步  算子种类 子节点0 子节点1  dif0    dif1   
    0       1       1       4      -1       0      -1   
    1       3       1       4       5       0       0   
    2       3       1       5      -1       0      -1   
    3       4       1       7      -1       0      -1   
    4       4       0       7      -1       0      -1   
    5       4       0       8      -1       0      -1   
    6       4       1       8      -1       0      -1   
    7       5       0       9      -1       0      -1   
    8       5       0      10      -1       0      -1   
    9       6       1      -1      -1      -1      -1   
   10       6       1      -1      -1      -1      -1   


============第 1个 PNU 的 MapInformation==============

 算子编号 时间步  算子种类 子节点0 子节点1  dif0    dif1   
    0       0       1       8      -1       0      -1   
    1       1       1       4      -1       0      -1   
    2       3       1       5      -1       0      -1   
    3       3       1       4       5       0       0   
    4       4       0       7      -1       0      -1   
    5       4       0       8      -1       0      -1   
    6       4       1       7      -1       0      -1   
    7       5       0       9      -1       0      -1   
    8       5       0      10      -1       0      -1   
    9       6       1      -1      -1      -1      -1   
   10       6       1      -1      -1      -1      -1   


============第 1个 PNU 的 MapInformation==============

 算子编号 时间步  算子种类 子节点0 子节点1  dif0    dif1   
    0       0       1       7      -1       0      -1   
    1       0       1       8      -1       0      -1   
    2       1       1       6      -1       0      -1   
    3       3       1       5      -1       0      -1   
    4       3       1       6       5       0       0   
    5       4       0       8      -1       0      -1   
    6       4       0       7      -1       0      -1   
    7       5       0       9      -1       0      -1   
    8       5       0      10      -1       0      -1   
    9       6       1      -1      -1      -1      -1   
   10       6       1      -1      -1      -1      -1   


============第 1个 PNU 的 MapInformation==============

 算子编号 时间步  算子种类 子节点0 子节点1  dif0    dif1   
    0       0       1       7      -1       0      -1   
    1       0       1       8      -1       0      -1   
    2       1       1       5      -1       0      -1   
    3       1       1       6      -1       0      -1   
    4       3       1       6       5       0       0   
    5       4       0       8      -1       0      -1   
    6       4       0       7      -1       0      -1   
    7       5       0       9      -1       0      -1   
    8       5       0      10      -1       0      -1   
    9       6       1      -1      -1      -1      -1   
   10       6       1      -1      -1      -1      -1   


============第 1个 PNU 的 MapInformation==============

 算子编号 时间步  算子种类 子节点0 子节点1  dif0    dif1   
    0       0       1       8      -1       0      -1   
    1       1       1       6      -1       0      -1   
    2       3       1       7      -1       0      -1   
    3       3       1       5      -1       0      -1   
    4       3       1       6       5       0       0   
    5       4       0       8      -1       0      -1   
    6       4       0       7      -1       0      -1   
    7       5       0       9      -1       0      -1   
    8       5       0      10      -1       0      -1   
    9       6       1      -1      -1      -1      -1   
   10       6       1      -1      -1      -1      -1   


============第 1个 PNU 的 MapInformation==============

 算子编号 时间步  算子种类 子节点0 子节点1  dif0    dif1   
    0       1       1       4      -1       0      -1   
    1       1       1       8      -1       0      -1   
    2       2       1       4       5       0       0   
    3       3       1       5      -1       0      -1   
    4       3       0       7      -1       0      -1   
    5       4       0       8      -1       0      -1   
    6       4       1       7      -1       0      -1   
    7       5       0       9      -1       0      -1   
    8       5       0      10      -1       0      -1   
    9       6       1      -1      -1      -1      -1   
   10       6       1      -1      -1      -1      -1   


============第 1个 PNU 的 MapInformation==============

 算子编号 时间步  算子种类 子节点0 子节点1  dif0    dif1   
    0       1       1       2      -1       0      -1   
    1       2       1       2       5       0       0   
    2       3       0       7      -1       0      -1   
    3       3       1       5      -1       0      -1   
    4       3       1       8      -1       0      -1   
    5       4       0       8      -1       0      -1   
    6       4       1       7      -1       0      -1   
    7       5       0       9      -1       0      -1   
    8       5       0      10      -1       0      -1   
    9       6       1      -1      -1      -1      -1   
   10       6       1      -1      -1      -1      -1   


============第 1个 PNU 的 MapInformation==============

 算子编号 时间步  算子种类 子节点0 子节点1  dif0    dif1   
    0       0       1       2       5       0       0   
    1       1       1       2      -1       0      -1   
    2       3       0       7      -1       0      -1   
    3       3       1       5      -1       0      -1   
    4       3       1       8      -1       0      -1   
    5       4       0       8      -1       0      -1   
    6       4       1       7      -1       0      -1   
    7       5       0       9      -1       0      -1   
    8       5       0      10      -1       0      -1   
    9       6       1      -1      -1      -1      -1   
   10       6       1      -1      -1      -1      -1   


============第 1个 PNU 的 MapInformation==============

 算子编号 时间步  算子种类 子节点0 子节点1  dif0    dif1   
    0       1       1       2       5       0       0   
    1       2       1       2      -1       0      -1   
    2       3       0       7      -1       0      -1   
    3       3       1       5      -1       0      -1   
    4       3       1       8      -1       0      -1   
    5       4       0       8      -1       0      -1   
    6       4       1       7      -1       0      -1   
    7       5       0       9      -1       0      -1   
    8       5       0      10      -1       0      -1   
    9       6       1      -1      -1      -1      -1   
   10       6       1      -1      -1      -1      -1   


============第 1个 PNU 的 MapInformation==============

 算子编号 时间步  算子种类 子节点0 子节点1  dif0    dif1   
    0       0       1       2      -1       0      -1   
    1       1       1       2       5       0       0   
    2       3       0       7      -1       0      -1   
    3       3       1       5      -1       0      -1   
    4       3       1       8      -1       0      -1   
    5       4       0       8      -1       0      -1   
    6       4       1       7      -1       0      -1   
    7       5       0       9      -1       0      -1   
    8       5       0      10      -1       0      -1   
    9       6       1      -1      -1      -1      -1   
   10       6       1      -1      -1      -1      -1   


============第 1个 PNU 的 MapInformation==============

 算子编号 时间步  算子种类 子节点0 子节点1  dif0    dif1   
    0       1       1       5      -1       0      -1   
    1       1       1       8      -1       0      -1   
    2       2       1       5       6       0       0   
    3       3       1       7      -1       0      -1   
    4       3       1       6      -1       0      -1   
    5       3       0       7      -1       0      -1   
    6       4       0       8      -1       0      -1   
    7       5       0       9      -1       0      -1   
    8       5       0      10      -1       0      -1   
    9       6       1      -1      -1      -1      -1   
   10       6       1      -1      -1      -1      -1   


============第 1个 PNU 的 MapInformation==============

 算子编号 时间步  算子种类 子节点0 子节点1  dif0    dif1   
    0       1       1       4      -1       0      -1   
    1       1       1       5      -1       0      -1   
    2       1       1       8      -1       0      -1   
    3       2       1       4       5       0       0   
    4       3       0       7      -1       0      -1   
    5       4       0       8      -1       0      -1   
    6       4       1       7      -1       0      -1   
    7       5       0       9      -1       0      -1   
    8       5       0      10      -1       0      -1   
    9       6       1      -1      -1      -1      -1   
   10       6       1      -1      -1      -1      -1   


============第 1个 PNU 的 MapInformation==============

 算子编号 时间步  算子种类 子节点0 子节点1  dif0    dif1   
    0       1       1       4      -1       0      -1   
    1       1       1       6      -1       0      -1   
    2       1       1       8      -1       0      -1   
    3       2       1       4       6       0       0   
    4       3       0       7      -1       0      -1   
    5       3       1       7      -1       0      -1   
    6       4       0       8      -1       0      -1   
    7       5       0       9      -1       0      -1   
    8       5       0      10      -1       0      -1   
    9       6       1      -1      -1      -1      -1   
   10       6       1      -1      -1      -1      -1   


============第 1个 PNU 的 MapInformation==============

 算子编号 时间步  算子种类 子节点0 子节点1  dif0    dif1   
    0       1       1       3       6       0       0   
    1       2       1       3      -1       0      -1   
    2       2       1       7      -1       0      -1   
    3       3       0       7      -1       0      -1   
    4       3       1       6      -1       0      -1   
    5       3       1       8      -1       0      -1   
    6       4       0       8      -1       0      -1   
    7       5       0       9      -1       0      -1   
    8       5       0      10      -1       0      -1   
    9       6       1      -1      -1      -1      -1   
   10       6       1      -1      -1      -1      -1   


============第 1个 PNU 的 MapInformation==============

 算子编号 时间步  算子种类 子节点0 子节点1  dif0    dif1   
    0       1       1       4      -1       0      -1   
    1       1       1       8      -1       0      -1   
    2       3       1       5      -1       0      -1   
    3       3       1       4       5       0       0   
    4       4       0       7      -1       0      -1   
    5       4       0       8      -1       0      -1   
    6       4       1       7      -1       0      -1   
    7       5       0       9      -1       0      -1   
    8       5       0      10      -1       0      -1   
    9       6       1      -1      -1      -1      -1   
   10       6       1      -1      -1      -1      -1   


============第 1个 PNU 的 MapInformation==============

 算子编号 时间步  算子种类 子节点0 子节点1  dif0    dif1   
    0       0       1       5      -1       0      -1   
    1       1       1       4      -1       0      -1   
    2       1       1       8      -1       0      -1   
    3       3       1       4       5       0       0   
    4       4       0       7      -1       0      -1   
    5       4       0       8      -1       0      -1   
    6       4       1       7      -1       0      -1   
    7       5       0       9      -1       0      -1   
    8       5       0      10      -1       0      -1   
    9       6       1      -1      -1      -1      -1   
   10       6       1      -1      -1      -1      -1   


============第 1个 PNU 的 MapInformation==============

 算子编号 时间步  算子种类 子节点0 子节点1  dif0    dif1   
    0       1       1       5      -1       0      -1   
    1       1       1       8      -1       0      -1   
    2       2       1       7      -1       0      -1   
    3       2       1       5       6       0       0   
    4       3       1       6      -1       0      -1   
    5       3       0       7      -1       0      -1   
    6       4       0       8      -1       0      -1   
    7       5       0       9      -1       0      -1   
    8       5       0      10      -1       0      -1   
    9       6       1      -1      -1      -1      -1   
   10       6       1      -1      -1      -1      -1   


============第 1个 PNU 的 MapInformation==============

 算子编号 时间步  算子种类 子节点0 子节点1  dif0    dif1   
    0       0       1       7      -1       0      -1   
    1       1       1       5      -1       0      -1   
    2       1       1       8      -1       0      -1   
    3       2       1       5       6       0       0   
    4       3       1       6      -1       0      -1   
    5       3       0       7      -1       0      -1   
    6       4       0       8      -1       0      -1   
    7       5       0       9      -1       0      -1   
    8       5       0      10      -1       0      -1   
    9       6       1      -1      -1      -1      -1   
   10       6       1      -1      -1      -1      -1   


============第 1个 PNU 的 MapInformation==============

 算子编号 时间步  算子种类 子节点0 子节点1  dif0    dif1   
    0       0       1       7      -1       0      -1   
    1       0       1       5      -1       0      -1   
    2       1       1       6      -1       0      -1   
    3       1       1       8      -1       0      -1   
    4       3       1       6       5       0       0   
    5       4       0       8      -1       0      -1   
    6       4       0       7      -1       0      -1   
    7       5       0       9      -1       0      -1   
    8       5       0      10      -1       0      -1   
    9       6       1      -1      -1      -1      -1   
   10       6       1      -1      -1      -1      -1   


============第 1个 PNU 的 MapInformation==============

 算子编号 时间步  算子种类 子节点0 子节点1  dif0    dif1   
    0       0       1       4       7       0       0   
    1       1       1       4      -1       0      -1   
    2       1       1       7      -1       0      -1   
    3       1       1       8      -1       0      -1   
    4       2       0       6      -1       0      -1   
    5       2       1       6      -1       0      -1   
    6       3       0       9      -1       0      -1   
    7       4       0       8      -1       0      -1   
    8       5       0      10      -1       0      -1   
    9       6       1      -1      -1      -1      -1   
   10       6       1      -1      -1      -1      -1   


============第 1个 PNU 的 MapInformation==============

 算子编号 时间步  算子种类 子节点0 子节点1  dif0    dif1   
    0       1       1       2       6       0       0   
    1       2       1       2      -1       0      -1   
    2       3       0       7      -1       0      -1   
    3       3       1       7      -1       0      -1   
    4       3       1       6      -1       0      -1   
    5       3       1       8      -1       0      -1   
    6       4       0       8      -1       0      -1   
    7       5       0       9      -1       0      -1   
    8       5       0      10      -1       0      -1   
    9       6       1      -1      -1      -1      -1   
   10       6       1      -1      -1      -1      -1   


============第 1个 PNU 的 MapInformation==============

 算子编号 时间步  算子种类 子节点0 子节点1  dif0    dif1   
    0       1       1       5      -1       0      -1   
    1       1       1       6      -1       0      -1   
    2       1       1       8      -1       0      -1   
    3       2       1       5       6       0       0   
    4       2       1       7      -1       0      -1   
    5       3       0       7      -1       0      -1   
    6       4       0       8      -1       0      -1   
    7       5       0       9      -1       0      -1   
    8       5       0      10      -1       0      -1   
    9       6       1      -1      -1      -1      -1   
   10       6       1      -1      -1      -1      -1   


============第 1个 PNU 的 MapInformation==============

 算子编号 时间步  算子种类 子节点0 子节点1  dif0    dif1   
    0       1       1       6       5       0       0   
    1       2       1       6      -1       0      -1   
    2       3       1       7      -1       0      -1   
    3       3       1       5      -1       0      -1   
    4       3       1       8      -1       0      -1   
    5       4       0       8      -1       0      -1   
    6       4       0       7      -1       0      -1   
    7       5       0       9      -1       0      -1   
    8       5       0      10      -1       0      -1   
    9       6       1      -1      -1      -1      -1   
   10       6       1      -1      -1      -1      -1   


============第 1个 PNU 的 MapInformation==============

 算子编号 时间步  算子种类 子节点0 子节点1  dif0    dif1   
    0       0       1       8      -1       0      -1   
    1       1       1       6       5       0       0   
    2       2       1       6      -1       0      -1   
    3       3       1       5      -1       0      -1   
    4       3       1       7      -1       0      -1   
    5       4       0       8      -1       0      -1   
    6       4       0       7      -1       0      -1   
    7       5       0       9      -1       0      -1   
    8       5       0      10      -1       0      -1   
    9       6       1      -1      -1      -1      -1   
   10       6       1      -1      -1      -1      -1   


============第 1个 PNU 的 MapInformation==============

 算子编号 时间步  算子种类 子节点0 子节点1  dif0    dif1   
    0       0       1       8      -1       0      -1   
    1       1       1       5      -1       0      -1   
    2       1       1       6       5       0       0   
    3       2       1       6      -1       0      -1   
    4       3       1       7      -1       0      -1   
    5       4       0       8      -1       0      -1   
    6       4       0       7      -1       0      -1   
    7       5       0       9      -1       0      -1   
    8       5       0      10      -1       0      -1   
    9       6       1      -1      -1      -1      -1   
   10       6       1      -1      -1      -1      -1   


============第 1个 PNU 的 MapInformation==============

 算子编号 时间步  算子种类 子节点0 子节点1  dif0    dif1   
    0       1       1       4       5       0       0   
    1       2       1       4      -1       0      -1   
    2       3       1       5      -1       0      -1   
    3       3       1       8      -1       0      -1   
    4       4       0       7      -1       0      -1   
    5       4       0       8      -1       0      -1   
    6       4       1       7      -1       0      -1   
    7       5       0       9      -1       0      -1   
    8       5       0      10      -1       0      -1   
    9       6       1      -1      -1      -1      -1   
   10       6       1      -1      -1      -1      -1   


============第 2个 PNU 的 MapInformation==============

 算子编号 时间步  算子种类 子节点0  dif0   
    0       0       1       3       0   
    1       3       1       2       0   
    2       4       0       4       0   
    3       4       0       4       0   
    4       5       0       5       0   
    5       6       1      -1      -1   


============第 2个 PNU 的 MapInformation==============

 算子编号 时间步  算子种类 子节点0  dif0   
    0       1       1       3       0   
    1       3       1       2       0   
    2       4       0       4       0   
    3       4       0       4       0   
    4       5       0       5       0   
    5       6       1      -1      -1   


============第 2个 PNU 的 MapInformation==============

 算子编号 时间步  算子种类 子节点0  dif0   
    0       2       1       3       0   
    1       3       1       2       0   
    2       4       0       4       0   
    3       4       0       4       0   
    4       5       0       5       0   
    5       6       1      -1      -1   


============第 2个 PNU 的 MapInformation==============

 算子编号 时间步  算子种类 子节点0  dif0   
    0       2       1       2       0   
    1       3       1       3       0   
    2       3       0       4       0   
    3       4       0       4       0   
    4       5       0       5       0   
    5       6       1      -1      -1   


============第 2个 PNU 的 MapInformation==============

 算子编号 时间步  算子种类 子节点0  dif0   
    0       0       1       2       0   
    1       3       1       3       0   
    2       3       0       4       0   
    3       4       0       4       0   
    4       5       0       5       0   
    5       6       1      -1      -1   


============第 2个 PNU 的 MapInformation==============

 算子编号 时间步  算子种类 子节点0  dif0   
    0       0       1       1       0   
    1       1       0       4       0   
    2       3       1       3       0   
    3       4       0       4       0   
    4       5       0       5       0   
    5       6       1      -1      -1   


============第 2个 PNU 的 MapInformation==============

 算子编号 时间步  算子种类 子节点0  dif0   
    0       1       1       2       0   
    1       3       1       3       0   
    2       3       0       4       0   
    3       4       0       4       0   
    4       5       0       5       0   
    5       6       1      -1      -1   


============第 2个 PNU 的 MapInformation==============

 算子编号 时间步  算子种类 子节点0  dif0   
    0       0       1       3       0   
    1       2       1       2       0   
    2       4       0       4       0   
    3       4       0       4       0   
    4       5       0       5       0   
    5       6       1      -1      -1   


============第 2个 PNU 的 MapInformation==============

 算子编号 时间步  算子种类 子节点0  dif0   
    0       0       1       1       0   
    1       1       0       4       0   
    2       2       1       3       0   
    3       4       0       4       0   
    4       5       0       5       0   
    5       6       1      -1      -1   


============第 2个 PNU 的 MapInformation==============

 算子编号 时间步  算子种类 子节点0  dif0   
    0       0       1       2       0   
    1       2       1       3       0   
    2       3       0       4       0   
    3       4       0       4       0   
    4       5       0       5       0   
    5       6       1      -1      -1   


============第 2个 PNU 的 MapInformation==============

 算子编号 时间步  算子种类 子节点0  dif0   
    0       0       1       2       0   
    1       0       1       3       0   
    2       4       0       4       0   
    3       4       0       4       0   
    4       5       0       5       0   
    5       6       1      -1      -1   


============第 2个 PNU 的 MapInformation==============

 算子编号 时间步  算子种类 子节点0  dif0   
    0       0       1       2       0   
    1       0       1       3       0   
    2       3       0       4       0   
    3       4       0       4       0   
    4       5       0       5       0   
    5       6       1      -1      -1   


============第 2个 PNU 的 MapInformation==============

 算子编号 时间步  算子种类 子节点0  dif0   
    0       0       1       2       0   
    1       0       1       3       0   
    2       3       0       4       0   
    3       3       0       4       0   
    4       5       0       5       0   
    5       6       1      -1      -1   


============第 2个 PNU 的 MapInformation==============

 算子编号 时间步  算子种类 子节点0  dif0   
    0       0       1       3       0   
    1       0       1       2       0   
    2       2       0       4       0   
    3       3       0       4       0   
    4       5       0       5       0   
    5       6       1      -1      -1   


============第 2个 PNU 的 MapInformation==============

 算子编号 时间步  算子种类 子节点0  dif0   
    0       0       1       2       0   
    1       0       1       3       0   
    2       1       0       4       0   
    3       1       0       4       0   
    4       3       0       5       0   
    5       4       1      -1      -1   


============第 2个 PNU 的 MapInformation==============

 算子编号 时间步  算子种类 子节点0  dif0   
    0       0       1       2       0   
    1       0       1       3       0   
    2       1       0       4       0   
    3       1       0       4       0   
    4       3       0       5       0   
    5       6       1      -1      -1   


============第 2个 PNU 的 MapInformation==============

 算子编号 时间步  算子种类 子节点0  dif0   
    0       0       1       2       0   
    1       0       1       3       0   
    2       1       0       4       0   
    3       1       0       4       0   
    4       3       0       5       0   
    5       5       1      -1      -1   


============第 2个 PNU 的 MapInformation==============

 算子编号 时间步  算子种类 子节点0  dif0   
    0       0       1       2       0   
    1       0       1       3       0   
    2       1       0       4       0   
    3       4       0       4       0   
    4       5       0       5       0   
    5       6       1      -1      -1   


============第 2个 PNU 的 MapInformation==============

 算子编号 时间步  算子种类 子节点0  dif0   
    0       0       1       2       0   
    1       0       1       3       0   
    2       1       0       4       0   
    3       3       0       4       0   
    4       5       0       5       0   
    5       6       1      -1      -1   


============第 2个 PNU 的 MapInformation==============

 算子编号 时间步  算子种类 子节点0  dif0   
    0       0       1       2       0   
    1       0       1       3       0   
    2       1       0       4       0   
    3       2       0       4       0   
    4       5       0       5       0   
    5       6       1      -1      -1   


============第 2个 PNU 的 MapInformation==============

 算子编号 时间步  算子种类 子节点0  dif0   
    0       0       1       3       0   
    1       0       1       2       0   
    2       1       0       4       0   
    3       3       0       4       0   
    4       5       0       5       0   
    5       6       1      -1      -1   


============第 2个 PNU 的 MapInformation==============

 算子编号 时间步  算子种类 子节点0  dif0   
    0       0       1       3       0   
    1       3       1       2       0   
    2       4       0       4       0   
    3       4       0       4       0   
    4       5       0       5       0   
    5       6       1      -1      -1   


============第 2个 PNU 的 MapInformation==============

 算子编号 时间步  算子种类 子节点0  dif0   
    0       0       1       2       0   
    1       3       1       3       0   
    2       3       0       4       0   
    3       4       0       4       0   
    4       5       0       5       0   
    5       6       1      -1      -1   


============第 2个 PNU 的 MapInformation==============

 算子编号 时间步  算子种类 子节点0  dif0   
    0       0       1       2       0   
    1       0       1       3       0   
    2       1       0       4       0   
    3       1       0       4       0   
    4       2       0       5       0   
    5       3       1      -1      -1   


============第 2个 PNU 的 MapInformation==============

 算子编号 时间步  算子种类 子节点0  dif0   
    0       0       1       2       0   
    1       0       1       3       0   
    2       1       0       4       0   
    3       1       0       4       0   
    4       2       0       5       0   
    5       4       1      -1      -1   


============第 2个 PNU 的 MapInformation==============

 算子编号 时间步  算子种类 子节点0  dif0   
    0       0       1       2       0   
    1       0       1       3       0   
    2       1       0       4       0   
    3       1       0       4       0   
    4       2       0       5       0   
    5       5       1      -1      -1   


============第 2个 PNU 的 MapInformation==============

 算子编号 时间步  算子种类 子节点0  dif0   
    0       0       1       2       0   
    1       0       1       3       0   
    2       1       0       4       0   
    3       1       0       4       0   
    4       2       0       5       0   
    5       6       1      -1      -1   


============第 2个 PNU 的 MapInformation==============

 算子编号 时间步  算子种类 子节点0  dif0   
    0       1       1       3       0   
    1       3       1       2       0   
    2       4       0       4       0   
    3       4       0       4       0   
    4       5       0       5       0   
    5       6       1      -1      -1   


============第 2个 PNU 的 MapInformation==============

 算子编号 时间步  算子种类 子节点0  dif0   
    0       1       1       2       0   
    1       3       1       3       0   
    2       3       0       4       0   
    3       4       0       4       0   
    4       5       0       5       0   
    5       6       1      -1      -1   


============第 2个 PNU 的 MapInformation==============

 算子编号 时间步  算子种类 子节点0  dif0   
    0       1       1       3       0   
    1       1       1       2       0   
    2       3       0       4       0   
    3       4       0       4       0   
    4       5       0       5       0   
    5       6       1      -1      -1   


============第 2个 PNU 的 MapInformation==============

 算子编号 时间步  算子种类 子节点0  dif0   
    0       0       1       3       0   
    1       1       1       2       0   
    2       3       0       4       0   
    3       4       0       4       0   
    4       5       0       5       0   
    5       6       1      -1      -1   


============第 2个 PNU 的 MapInformation==============

 算子编号 时间步  算子种类 子节点0  dif0   
    0       1       1       3       0   
    1       2       1       2       0   
    2       4       0       4       0   
    3       4       0       4       0   
    4       5       0       5       0   
    5       6       1      -1      -1   


============第 2个 PNU 的 MapInformation==============

 算子编号 时间步  算子种类 子节点0  dif0   
    0       1       1       2       0   
    1       2       1       3       0   
    2       3       0       4       0   
    3       4       0       4       0   
    4       5       0       5       0   
    5       6       1      -1      -1   


============第 2个 PNU 的 MapInformation==============

 算子编号 时间步  算子种类 子节点0  dif0   
    0       0       1       3       0   
    1       2       1       2       0   
    2       3       0       4       0   
    3       4       0       4       0   
    4       5       0       5       0   
    5       6       1      -1      -1   


============第 2个 PNU 的 MapInformation==============

 算子编号 时间步  算子种类 子节点0  dif0   
    0       0       1       3       0   
    1       2       1       2       0   
    2       3       0       4       0   
    3       3       0       4       0   
    4       5       0       5       0   
    5       6       1      -1      -1   


============第 2个 PNU 的 MapInformation==============

 算子编号 时间步  算子种类 子节点0  dif0   
    0       0       1       2       0   
    1       0       1       3       0   
    2       3       0       4       0   
    3       3       0       4       0   
    4       5       0       5       0   
    5       6       1      -1      -1   


============第 2个 PNU 的 MapInformation==============

 算子编号 时间步  算子种类 子节点0  dif0   
    0       0       1       3       0   
    1       1       1       2       0   
    2       3       0       4       0   
    3       3       0       4       0   
    4       5       0       5       0   
    5       6       1      -1      -1   


============第 2个 PNU 的 MapInformation==============

 算子编号 时间步  算子种类 子节点0  dif0   
    0       0       1       2       0   
    1       0       1       3       0   
    2       1       0       4       0   
    3       4       0       4       0   
    4       5       0       5       0   
    5       6       1      -1      -1   


============第 2个 PNU 的 MapInformation==============

 算子编号 时间步  算子种类 子节点0  dif0   
    0       0       1       2       0   
    1       0       1       3       0   
    2       1       0       4       0   
    3       3       0       4       0   
    4       5       0       5       0   
    5       6       1      -1      -1   


============第 2个 PNU 的 MapInformation==============

 算子编号 时间步  算子种类 子节点0  dif0   
    0       0       1       2       0   
    1       0       1       3       0   
    2       2       0       4       0   
    3       3       0       4       0   
    4       5       0       5       0   
    5       6       1      -1      -1   


============第 2个 PNU 的 MapInformation==============

 算子编号 时间步  算子种类 子节点0  dif0   
    0       0       1       3       0   
    1       0       1       2       0   
    2       3       0       4       0   
    3       4       0       4       0   
    4       5       0       5       0   
    5       6       1      -1      -1   


============第 2个 PNU 的 MapInformation==============

 算子编号 时间步  算子种类 子节点0  dif0   
    0       0       1       1       0   
    1       1       0       4       0   
    2       3       1       3       0   
    3       4       0       4       0   
    4       5       0       5       0   
    5       6       1      -1      -1   
