
=======schedule=====

 II =  2

timeStep0  LSU N3T0_15  PE 
timeStep1  LSU N0T1_4 N9T1_37  PE 
timeStep2  LSU N1T2_9  PE 
timeStep3  LSU N6T3_31  PE 
timeStep4  LSU  PE N2T4_14 N8T4_35 
timeStep5  LSU  PE N4T5_23 N10T5_44 
timeStep6  LSU N5T6_27 N11T6_48  PE 

The total number of register
begin 1 end 2 dif 0 startTime 2 endTime 4 useRe 2
begin 0 end 2 dif 0 startTime 1 endTime 4 useRe 3
begin 3 end 4 dif 0 startTime 0 endTime 5 useRe 5
begin 2 end 4 dif 0 startTime 4 endTime 5 useRe 1
begin 4 end 5 dif 0 startTime 5 endTime 6 useRe 1
begin 6 end 8 dif 0 startTime 3 endTime 4 useRe 1
begin 9 end 10 dif 0 startTime 1 endTime 5 useRe 4
begin 8 end 10 dif 0 startTime 4 endTime 5 useRe 1
begin 10 end 11 dif 0 startTime 5 endTime 6 useRe 1
begin 1 end 8 dif 0 startTime 2 endTime 4 useRe 2
  21
