
=======schedule=====

 II =  2

timeStep0  LSU  PE 
timeStep1  LSU N0T1_4 N6T1_29 N9T1_37  PE 
timeStep2  LSU N1T2_9  PE 
timeStep3  LSU  PE N2T3_13 
timeStep4  LSU N3T4_19  PE N8T4_35 
timeStep5  LSU  PE N4T5_23 N10T5_44 
timeStep6  LSU N5T6_27 N11T6_48  PE 

The total number of register
begin 1 end 2 dif 0 startTime 2 endTime 3 useRe 1
begin 0 end 2 dif 0 startTime 1 endTime 3 useRe 2
begin 3 end 4 dif 0 startTime 4 endTime 5 useRe 1
begin 2 end 4 dif 0 startTime 3 endTime 5 useRe 2
begin 4 end 5 dif 0 startTime 5 endTime 6 useRe 1
begin 6 end 8 dif 0 startTime 1 endTime 4 useRe 3
begin 9 end 10 dif 0 startTime 1 endTime 5 useRe 4
begin 8 end 10 dif 0 startTime 4 endTime 5 useRe 1
begin 10 end 11 dif 0 startTime 5 endTime 6 useRe 1
begin 1 end 8 dif 0 startTime 2 endTime 4 useRe 2
  18
