

============ 1 PNU  Schedule==============

=======print_vars=====


 nodeID 0

 nodeID 1

=======print_cons=====

=======schedule=====

 II =  1

timeStep0  LSU  PE 
timeStep1  LSU  PE 
timeStep2  LSU  PE 
timeStep3  LSU  PE 
timeStep4  LSU  PE 

The total number of register
begin 0 end 1 dif 0 startTime 0 endTime 0 useRe 0
  0


============ 1 PNU  Schedule==============

=======print_vars=====


 nodeID 0

 nodeID 1

 nodeID 2

 nodeID 3

=======print_cons=====

=======schedule=====

 II =  1

timeStep0  LSU  PE 
timeStep1  LSU  PE 
timeStep2  LSU  PE 
timeStep3  LSU  PE 
timeStep4  LSU  PE 

The total number of register
begin 0 end 1 dif 0 startTime 0 endTime 0 useRe 0
begin 2 end 3 dif 0 startTime 0 endTime 0 useRe 0
  0


============ 1 PNU  Schedule==============

=======print_vars=====


 nodeID 0

 nodeID 1

 nodeID 2

 nodeID 3

 nodeID 4

 nodeID 5

=======print_cons=====

=======schedule=====

 II =  1

timeStep0  LSU  PE 
timeStep1  LSU  PE 
timeStep2  LSU  PE 
timeStep3  LSU  PE 
timeStep4  LSU  PE 
timeStep5  LSU  PE 
timeStep6  LSU  PE 

The total number of register
begin 1 end 2 dif 0 startTime 0 endTime 0 useRe 0
begin 0 end 2 dif 0 startTime 0 endTime 0 useRe 0
begin 3 end 4 dif 0 startTime 0 endTime 0 useRe 0
begin 2 end 4 dif 0 startTime 0 endTime 0 useRe 0
begin 4 end 5 dif 0 startTime 0 endTime 0 useRe 0
begin 5 end 3 dif 1 startTime 0 endTime 0 useRe 1
  1


============ 1 PNU  Schedule==============

=======print_vars=====


 nodeID 0

 nodeID 1

=======print_cons=====

=======schedule=====

 II =  1

timeStep0  LSU  PE 
timeStep1  LSU  PE 
timeStep2  LSU  PE 
timeStep3  LSU  PE 
timeStep4  LSU  PE 

The total number of register
begin 0 end 1 dif 0 startTime 0 endTime 0 useRe 0
  0


============ 1 PNU  Schedule==============

=======print_vars=====


 nodeID 0

 nodeID 1

 nodeID 2

 nodeID 3

=======print_cons=====

=======schedule=====

 II =  1

timeStep0  LSU  PE 
timeStep1  LSU  PE 
timeStep2  LSU  PE 
timeStep3  LSU  PE 
timeStep4  LSU  PE 

The total number of register
begin 0 end 1 dif 0 startTime 0 endTime 0 useRe 0
begin 2 end 3 dif 0 startTime 0 endTime 0 useRe 0
  0


============ 1 PNU  Schedule==============

=======print_vars=====


 nodeID 0

 nodeID 1

=======print_cons=====

=======schedule=====

 II =  1

timeStep0  LSU  PE 
timeStep1  LSU  PE 
timeStep2  LSU  PE 
timeStep3  LSU  PE 
timeStep4  LSU  PE 

The total number of register
begin 0 end 1 dif 0 startTime 0 endTime 0 useRe 0
  0


============ 1 PNU  Schedule==============

=======print_vars=====


 nodeID 0

 nodeID 1

 nodeID 2

 nodeID 3

=======print_cons=====

=======schedule=====

 II =  1

timeStep0  LSU  PE 
timeStep1  LSU  PE 
timeStep2  LSU  PE 
timeStep3  LSU  PE 
timeStep4  LSU  PE 

The total number of register
begin 0 end 1 dif 0 startTime 0 endTime 0 useRe 0
begin 2 end 3 dif 0 startTime 0 endTime 0 useRe 0
  0


============ 1 PNU  Schedule==============

=======print_vars=====


 nodeID 0

 nodeID 1

 nodeID 2

 nodeID 3

 nodeID 4

 nodeID 5

 nodeID 6

 nodeID 8

 nodeID 9

 nodeID 10

 nodeID 11

=======print_cons=====

=======schedule=====

 II =  2

timeStep0  LSU  PE 
timeStep1  LSU  PE 
timeStep2  LSU  PE 
timeStep3  LSU  PE 
timeStep4  LSU  PE 
timeStep5  LSU  PE 
timeStep6  LSU  PE 

The total number of register
begin 1 end 2 dif 0 startTime 0 endTime 0 useRe 0
begin 0 end 2 dif 0 startTime 0 endTime 0 useRe 0
begin 3 end 4 dif 0 startTime 0 endTime 0 useRe 0
begin 2 end 4 dif 0 startTime 0 endTime 0 useRe 0
begin 4 end 5 dif 0 startTime 0 endTime 0 useRe 0
begin 6 end 8 dif 0 startTime 0 endTime 0 useRe 0
begin 9 end 10 dif 0 startTime 0 endTime 0 useRe 0
begin 8 end 10 dif 0 startTime 0 endTime 0 useRe 0
begin 10 end 11 dif 0 startTime 0 endTime 0 useRe 0
begin 1 end 8 dif 0 startTime 0 endTime 0 useRe 0
  0

=======schedule=====

 II =  2

timeStep0  LSU  PE 
timeStep1  LSU N0T1_4 N9T1_37  PE 
timeStep2  LSU N1T2_9  PE 
timeStep3  LSU N6T3_31  PE N2T3_13 
timeStep4  LSU N3T4_19  PE N8T4_35 
timeStep5  LSU  PE N4T5_23 N10T5_44 
timeStep6  LSU N5T6_27 N11T6_48  PE 

The total number of register
begin 1 end 2 dif 0 startTime 2 endTime 3 useRe 1
begin 0 end 2 dif 0 startTime 1 endTime 3 useRe 2
begin 3 end 4 dif 0 startTime 4 endTime 5 useRe 1
begin 2 end 4 dif 0 startTime 3 endTime 5 useRe 2
begin 4 end 5 dif 0 startTime 5 endTime 6 useRe 1
begin 6 end 8 dif 0 startTime 3 endTime 4 useRe 1
begin 9 end 10 dif 0 startTime 1 endTime 5 useRe 4
begin 8 end 10 dif 0 startTime 4 endTime 5 useRe 1
begin 10 end 11 dif 0 startTime 5 endTime 6 useRe 1
begin 1 end 8 dif 0 startTime 2 endTime 4 useRe 2
  16
