

============DFG ID 0====================
timeStep0  bank N1T0_3  PE 
timeStep1  bank  PE 
timeStep2  bank  PE 
timeStep3  bank  PE 


============DFG ID 0====================
timeStep0  bank N1T0_3 N3T0_7  PE 
timeStep1  bank  PE 
timeStep2  bank  PE 
timeStep3  bank  PE 


============DFG ID 0====================
timeStep0  bank N1T0_3 N3T0_7 N5T0_11 N7T0_15  PE 
timeStep1  bank  PE 
timeStep2  bank  PE 
timeStep3  bank  PE 


============DFG ID 1====================
timeStep0  bank  PE 
timeStep1  bank  PE 
timeStep2  bank  PE 
timeStep3  bank N0T3_6  PE 
timeStep4  bank N1T4_10  PE 


============DFG ID 1====================
timeStep0  bank  PE 
timeStep1  bank  PE 
timeStep2  bank  PE 
timeStep3  bank N0T3_6 N2T3_14  PE 
timeStep4  bank N1T4_10 N3T4_18  PE 


============DFG ID 2====================
timeStep0  bank N0T0_3 N3T0_15  PE 
timeStep1  bank  PE 
timeStep2  bank  PE 
timeStep3  bank N1T3_10  PE 
timeStep4  bank  PE N2T4_14 
timeStep5  bank  PE N4T5_23 
timeStep6  bank N5T6_27  PE 


============DFG ID 3====================
timeStep0  bank N0T0_3 N3T0_15  PE 
timeStep1  bank  PE 
timeStep2  bank  PE 
timeStep3  bank N1T3_10  PE 
timeStep4  bank  PE N2T4_14 
timeStep5  bank  PE N4T5_23 
timeStep6  bank N5T6_27  PE 


============DFG ID 4====================
timeStep0  bank N3T0_11  PE 
timeStep1  bank  PE 
timeStep2  bank  PE 
timeStep3  bank N0T3_6  PE 
timeStep4  bank  PE N1T4_10 N4T4_18 
timeStep5  bank  PE N6T5_22 
timeStep6  bank N7T6_26  PE 


============DFG ID 0====================
timeStep0  bank N1T0_3 N3T0_7  PE 
timeStep1  bank  PE 
timeStep2  bank  PE 
timeStep3  bank  PE 


============DFG ID 0====================
timeStep0  bank N1T0_3 N3T0_7 N5T0_11 N7T0_15  PE 
timeStep1  bank  PE 
timeStep2  bank  PE 
timeStep3  bank  PE 


============DFG ID 1====================
timeStep0  bank  PE 
timeStep1  bank  PE 
timeStep2  bank  PE 
timeStep3  bank  PE 
timeStep4  bank  PE 
timeStep5  bank  PE 
timeStep6  bank  PE 

Can't find the schedule
timeStep0  bank  PE 
timeStep1  bank  PE 
timeStep2  bank  PE 
timeStep3  bank  PE 
timeStep4  bank  PE 
timeStep5  bank  PE 
timeStep6  bank  PE 

Can't find the schedule
timeStep0  bank  PE 
timeStep1  bank  PE 
timeStep2  bank N0T2_5  PE 
timeStep3  bank N1T3_10  PE 
timeStep4  bank N3T4_19  PE N2T4_14 
timeStep5  bank  PE N4T5_23 
timeStep6  bank N5T6_27  PE 


============DFG ID 2====================
timeStep0  bank  PE 
timeStep1  bank  PE 
timeStep2  bank  PE 
timeStep3  bank  PE 
timeStep4  bank  PE 
timeStep5  bank  PE 
timeStep6  bank  PE 

Can't find the schedule
timeStep0  bank  PE 
timeStep1  bank  PE 
timeStep2  bank  PE 
timeStep3  bank  PE 
timeStep4  bank  PE 
timeStep5  bank  PE 
timeStep6  bank  PE 

Can't find the schedule
timeStep0  bank  PE 
timeStep1  bank  PE 
timeStep2  bank N0T2_5  PE 
timeStep3  bank N1T3_10  PE 
timeStep4  bank N3T4_19  PE N2T4_14 
timeStep5  bank  PE N4T5_23 
timeStep6  bank N5T6_27  PE 


============DFG ID 3====================
timeStep0  bank N3T0_11  PE 
timeStep1  bank  PE 
timeStep2  bank  PE 
timeStep3  bank N0T3_6  PE 
timeStep4  bank  PE N1T4_10 N4T4_18 
timeStep5  bank  PE N6T5_22 
timeStep6  bank N7T6_26  PE 


============DFG ID 0====================
timeStep0  bank N1T0_3  PE 
timeStep1  bank  PE 
timeStep2  bank  PE 
timeStep3  bank  PE 


============DFG ID 0====================
timeStep0  bank N1T0_3 N3T0_7  PE 
timeStep1  bank  PE 
timeStep2  bank  PE 
timeStep3  bank  PE 


============DFG ID 0====================
timeStep0  bank N1T0_3 N3T0_7 N5T0_11 N7T0_15  PE 
timeStep1  bank  PE 
timeStep2  bank  PE 
timeStep3  bank  PE 


============DFG ID 1====================
timeStep0  bank  PE 
timeStep1  bank  PE 
timeStep2  bank  PE 
timeStep3  bank N0T3_6  PE 
timeStep4  bank N1T4_10  PE 


============DFG ID 1====================
timeStep0  bank  PE 
timeStep1  bank  PE 
timeStep2  bank  PE 
timeStep3  bank N0T3_6 N2T3_14  PE 
timeStep4  bank N1T4_10 N3T4_18  PE 


============DFG ID 2====================
timeStep0  bank  PE 
timeStep1  bank N0T1_4 N9T1_37  PE 
timeStep2  bank N1T2_9  PE 
timeStep3  bank N6T3_31  PE N2T3_13 
timeStep4  bank N3T4_19  PE N8T4_35 
timeStep5  bank  PE N4T5_23 N10T5_44 
timeStep6  bank N5T6_27 N11T6_48  PE 


============DFG ID 3====================
timeStep0  bank N3T0_11  PE 
timeStep1  bank  PE 
timeStep2  bank  PE 
timeStep3  bank N0T3_6  PE 
timeStep4  bank  PE N1T4_10 N4T4_18 
timeStep5  bank  PE N6T5_22 
timeStep6  bank N7T6_26  PE 


============DFG ID 0====================
timeStep0  bank N1T0_3  PE 
timeStep1  bank  PE 
timeStep2  bank  PE 
timeStep3  bank  PE 


============DFG ID 0====================
timeStep0  bank N1T0_3 N3T0_7  PE 
timeStep1  bank  PE 
timeStep2  bank  PE 
timeStep3  bank  PE 


============DFG ID 0====================
timeStep0  bank N1T0_3 N3T0_7 N5T0_11 N7T0_15  PE 
timeStep1  bank  PE 
timeStep2  bank  PE 
timeStep3  bank  PE 


============DFG ID 1====================
timeStep0  bank  PE 
timeStep1  bank  PE 
timeStep2  bank  PE 
timeStep3  bank N0T3_6  PE 
timeStep4  bank N1T4_10  PE 


============DFG ID 1====================
timeStep0  bank  PE 
timeStep1  bank  PE 
timeStep2  bank  PE 
timeStep3  bank N0T3_6 N2T3_14  PE 
timeStep4  bank N1T4_10 N3T4_18  PE 


============DFG ID 2====================
timeStep0  bank  PE 
timeStep1  bank  PE 
timeStep2  bank  PE 
timeStep3  bank  PE 
timeStep4  bank  PE 
timeStep5  bank  PE 
timeStep6  bank  PE 

Can't find the schedule
timeStep0  bank N1T0_7 N6T0_28  PE 
timeStep1  bank N9T1_37  PE N8T1_32 
timeStep2  bank N0T2_5  PE N10T2_41 
timeStep3  bank N11T3_45  PE 
timeStep4  bank N3T4_19  PE N2T4_14 
timeStep5  bank  PE N4T5_23 
timeStep6  bank N5T6_27  PE 


============DFG ID 3====================
timeStep0  bank N3T0_11  PE 
timeStep1  bank  PE 
timeStep2  bank  PE 
timeStep3  bank N0T3_6  PE 
timeStep4  bank  PE N1T4_10 N4T4_18 
timeStep5  bank  PE N6T5_22 
timeStep6  bank N7T6_26  PE 


============DFG ID 0====================
timeStep0  bank N1T0_3 N3T0_7  PE 
timeStep1  bank  PE 
timeStep2  bank  PE 
timeStep3  bank  PE 


============DFG ID 0====================
timeStep0  bank N1T0_3 N3T0_7 N5T0_11 N7T0_15  PE 
timeStep1  bank  PE 
timeStep2  bank  PE 
timeStep3  bank  PE 


============DFG ID 1====================
timeStep0  bank  PE 
timeStep1  bank N0T1_4 N9T1_37  PE 
timeStep2  bank N1T2_9  PE 
timeStep3  bank N6T3_31  PE N2T3_13 
timeStep4  bank N3T4_19  PE N8T4_35 
timeStep5  bank  PE N4T5_23 N10T5_44 
timeStep6  bank N5T6_27 N11T6_48  PE 


============DFG ID 2====================
timeStep0  bank N3T0_11  PE 
timeStep1  bank  PE 
timeStep2  bank  PE 
timeStep3  bank N0T3_6  PE 
timeStep4  bank  PE N1T4_10 N4T4_18 
timeStep5  bank  PE N6T5_22 
timeStep6  bank N7T6_26  PE 
