

============DFG ID 0==============

------print_DFGInfo file--------

dfg_id
0
II of DFG
1
dfg_dim
3
dfg_node_info

————————————AddNode————————————

nodeID
5
%2 = addf %0, %1 : f64
earlist 1
lastest 4
timeStep 4
————————————————————————————————

————————————MulNode————————————

nodeID
6
%3 = mulf %cst, %2 : f64
earlist 2
lastest 5
timeStep 5
————————————————————————————————

————————————AddNode————————————

nodeID
9
%6 = addf %4, %5 : f64
earlist 1
lastest 4
timeStep 4
————————————————————————————————

————————————MulNode————————————

nodeID
10
%7 = mulf %cst_0, %6 : f64
earlist 2
lastest 5
timeStep 5
————————————————————————————————

————————————AddNode————————————

nodeID
11
%8 = addf %3, %7 : f64
earlist 3
lastest 6
timeStep 6
————————————————————————————————

————————————loadNode————————————

NodeShift
0 0 2 
iterFlag
1 1 1 
iterOrder
2 1 0 
nodeID
13
NodeType
ArrayLoad
Array
%3 = memref.alloc() : memref<308x308x308xf64>
earlist 0
lastest 3
timeStep 3
————————————————————————————————

————————————AddNode————————————

nodeID
14
%11 = addf %9, %10 : f64
earlist 1
lastest 5
timeStep 5
————————————————————————————————

————————————MulNode————————————

nodeID
15
%12 = mulf %cst_1, %11 : f64
earlist 2
lastest 6
timeStep 6
————————————————————————————————

————————————AddNode————————————

nodeID
16
%13 = addf %8, %12 : f64
earlist 4
lastest 7
timeStep 7
————————————————————————————————

————————————MulNode————————————

nodeID
17
%14 = mulf %13, %cst_1 : f64
earlist 5
lastest 8
timeStep 8
————————————————————————————————

————————————loadNode————————————

NodeShift
0 0 0 
iterFlag
1 1 1 
iterOrder
2 1 0 
nodeID
18
NodeType
ArrayLoad
Array
%7 = memref.alloc() : memref<308x308x308xf64>
earlist 0
lastest 8
timeStep 0
————————————————————————————————

————————————MulNode————————————

nodeID
19
%16 = mulf %14, %15 : f64
earlist 6
lastest 9
timeStep 9
————————————————————————————————

————————————storeNode————————————

NodeShift
0 0 0 
iterFlag
1 1 1 
iterOrder
2 1 0 
nodeID
20
NodeType       
ArrayStore
Array
%2 = memref.alloc() : memref<308x308x308xf64>
earlist 7
lastest 10
timeStep 10
————————————————————————————————

dfg_edge_info

Edge2: begin 5 end 6 min 0 dif 0 type Normal

Edge6: begin 9 end 10 min 0 dif 0 type Normal

Edge8: begin 10 end 11 min 0 dif 0 type Normal

Edge9: begin 6 end 11 min 0 dif 0 type Normal

Edge10: begin 13 end 14 min 0 dif 0 type Normal

Edge12: begin 14 end 15 min 0 dif 0 type Normal

Edge14: begin 15 end 16 min 0 dif 0 type Normal

Edge15: begin 11 end 16 min 0 dif 0 type Normal

Edge17: begin 16 end 17 min 0 dif 0 type Normal

Edge18: begin 18 end 19 min 0 dif 0 type Normal

Edge19: begin 17 end 19 min 0 dif 0 type Normal

Edge20: begin 19 end 20 min 0 dif 0 type Normal

Edge21: begin 13 end 5 min 0 dif 3 type LLReuse

Edge22: begin 13 end 5 min 0 dif 2 type LLReuse

Edge23: begin 13 end 9 min 0 dif 4 type LLReuse

Edge24: begin 13 end 9 min 0 dif 1 type LLReuse

Edge25: begin 13 end 14 min 0 dif 5 type LLReuse


============DFG ID 1==============

------print_DFGInfo file--------

dfg_id
1
II of DFG
1
dfg_dim
3
dfg_node_info

————————————AddNode————————————

nodeID
5
%2 = addf %0, %1 : f64
earlist 1
lastest 4
timeStep 4
————————————————————————————————

————————————MulNode————————————

nodeID
6
%3 = mulf %cst, %2 : f64
earlist 2
lastest 5
timeStep 5
————————————————————————————————

————————————AddNode————————————

nodeID
9
%6 = addf %4, %5 : f64
earlist 1
lastest 4
timeStep 4
————————————————————————————————

————————————MulNode————————————

nodeID
10
%7 = mulf %cst_0, %6 : f64
earlist 2
lastest 5
timeStep 5
————————————————————————————————

————————————AddNode————————————

nodeID
11
%8 = addf %3, %7 : f64
earlist 3
lastest 6
timeStep 6
————————————————————————————————

————————————loadNode————————————

NodeShift
0 2 0 
iterFlag
1 1 1 
iterOrder
2 0 1 
nodeID
13
NodeType
ArrayLoad
Array
%3 = memref.alloc() : memref<308x308x308xf64>
earlist 0
lastest 3
timeStep 3
————————————————————————————————

————————————AddNode————————————

nodeID
14
%11 = addf %9, %10 : f64
earlist 1
lastest 5
timeStep 5
————————————————————————————————

————————————MulNode————————————

nodeID
15
%12 = mulf %cst_1, %11 : f64
earlist 2
lastest 6
timeStep 6
————————————————————————————————

————————————AddNode————————————

nodeID
16
%13 = addf %8, %12 : f64
earlist 4
lastest 7
timeStep 7
————————————————————————————————

————————————MulNode————————————

nodeID
17
%14 = mulf %13, %cst_1 : f64
earlist 5
lastest 8
timeStep 8
————————————————————————————————

————————————loadNode————————————

NodeShift
0 0 0 
iterFlag
1 1 1 
iterOrder
2 0 1 
nodeID
18
NodeType
ArrayLoad
Array
%6 = memref.alloc() : memref<308x308x308xf64>
earlist 0
lastest 8
timeStep 0
————————————————————————————————

————————————MulNode————————————

nodeID
19
%16 = mulf %14, %15 : f64
earlist 6
lastest 9
timeStep 9
————————————————————————————————

————————————storeNode————————————

NodeShift
0 0 0 
iterFlag
1 1 1 
iterOrder
2 0 1 
nodeID
20
NodeType       
ArrayStore
Array
%1 = memref.alloc() : memref<308x308x308xf64>
earlist 7
lastest 10
timeStep 10
————————————————————————————————

dfg_edge_info

Edge2: begin 5 end 6 min 0 dif 0 type Normal

Edge6: begin 9 end 10 min 0 dif 0 type Normal

Edge8: begin 10 end 11 min 0 dif 0 type Normal

Edge9: begin 6 end 11 min 0 dif 0 type Normal

Edge10: begin 13 end 14 min 0 dif 0 type Normal

Edge12: begin 14 end 15 min 0 dif 0 type Normal

Edge14: begin 15 end 16 min 0 dif 0 type Normal

Edge15: begin 11 end 16 min 0 dif 0 type Normal

Edge17: begin 16 end 17 min 0 dif 0 type Normal

Edge18: begin 18 end 19 min 0 dif 0 type Normal

Edge19: begin 17 end 19 min 0 dif 0 type Normal

Edge20: begin 19 end 20 min 0 dif 0 type Normal

Edge21: begin 13 end 5 min 0 dif 3 type LLReuse

Edge22: begin 13 end 5 min 0 dif 2 type LLReuse

Edge23: begin 13 end 9 min 0 dif 4 type LLReuse

Edge24: begin 13 end 9 min 0 dif 1 type LLReuse

Edge25: begin 13 end 14 min 0 dif 5 type LLReuse


============DFG ID 2==============

------print_DFGInfo file--------

dfg_id
2
II of DFG
2
dfg_dim
3
dfg_node_info

————————————AddNode————————————

nodeID
5
%2 = addf %0, %1 : f64
earlist 1
lastest 4
timeStep 4
————————————————————————————————

————————————MulNode————————————

nodeID
6
%3 = mulf %cst, %2 : f64
earlist 2
lastest 5
timeStep 5
————————————————————————————————

————————————AddNode————————————

nodeID
9
%6 = addf %4, %5 : f64
earlist 1
lastest 4
timeStep 4
————————————————————————————————

————————————MulNode————————————

nodeID
10
%7 = mulf %cst_0, %6 : f64
earlist 2
lastest 5
timeStep 5
————————————————————————————————

————————————AddNode————————————

nodeID
11
%8 = addf %3, %7 : f64
earlist 3
lastest 6
timeStep 6
————————————————————————————————

————————————loadNode————————————

NodeShift
2 0 0 
iterFlag
1 1 1 
iterOrder
0 2 1 
nodeID
13
NodeType
ArrayLoad
Array
%3 = memref.alloc() : memref<308x308x308xf64>
earlist 0
lastest 3
timeStep 3
————————————————————————————————

————————————AddNode————————————

nodeID
14
%11 = addf %9, %10 : f64
earlist 1
lastest 5
timeStep 5
————————————————————————————————

————————————MulNode————————————

nodeID
15
%12 = mulf %cst_1, %11 : f64
earlist 2
lastest 6
timeStep 6
————————————————————————————————

————————————AddNode————————————

nodeID
16
%13 = addf %8, %12 : f64
earlist 4
lastest 7
timeStep 7
————————————————————————————————

————————————MulNode————————————

nodeID
17
%14 = mulf %13, %cst_1 : f64
earlist 5
lastest 8
timeStep 8
————————————————————————————————

————————————loadNode————————————

NodeShift
0 0 0 
iterFlag
1 1 1 
iterOrder
0 2 1 
nodeID
18
NodeType
ArrayLoad
Array
%5 = memref.alloc() : memref<308x308x308xf64>
earlist 0
lastest 8
timeStep 5
————————————————————————————————

————————————MulNode————————————

nodeID
19
%16 = mulf %14, %15 : f64
earlist 6
lastest 9
timeStep 9
————————————————————————————————

————————————storeNode————————————

NodeShift
0 0 0 
iterFlag
1 1 1 
iterOrder
0 2 1 
nodeID
20
NodeType       
ArrayStore
Array
%0 = memref.alloc() : memref<308x308x308xf64>
earlist 7
lastest 13
timeStep 13
————————————————————————————————

————————————loadNode————————————

NodeShift
-1 1 0 
iterFlag
1 1 1 
iterOrder
0 2 1 
nodeID
22
NodeType
ArrayLoad
Array
%1 = memref.alloc() : memref<308x308x308xf64>
earlist 0
lastest 8
timeStep 0
————————————————————————————————

————————————loadNode————————————

NodeShift
-1 0 0 
iterFlag
1 1 1 
iterOrder
0 2 1 
nodeID
23
NodeType
ArrayLoad
Array
%1 = memref.alloc() : memref<308x308x308xf64>
earlist 0
lastest 8
timeStep 6
————————————————————————————————

————————————SubNode————————————

nodeID
24
%3 = subf %1, %2 : f64
earlist 1
lastest 9
timeStep 9
————————————————————————————————

————————————AddNode————————————

nodeID
25
%4 = addf %0, %3 : f64
earlist 2
lastest 10
timeStep 10
————————————————————————————————

————————————SubNode————————————

nodeID
28
%7 = subf %5, %6 : f64
earlist 7
lastest 10
timeStep 10
————————————————————————————————

————————————AddNode————————————

nodeID
29
%8 = addf %4, %7 : f64
earlist 8
lastest 11
timeStep 11
————————————————————————————————

————————————loadNode————————————

NodeShift
-1 0 1 
iterFlag
1 1 1 
iterOrder
0 2 1 
nodeID
30
NodeType
ArrayLoad
Array
%2 = memref.alloc() : memref<308x308x308xf64>
earlist 0
lastest 10
timeStep 0
————————————————————————————————

————————————loadNode————————————

NodeShift
-1 0 0 
iterFlag
1 1 1 
iterOrder
0 2 1 
nodeID
31
NodeType
ArrayLoad
Array
%2 = memref.alloc() : memref<308x308x308xf64>
earlist 0
lastest 10
timeStep 0
————————————————————————————————

————————————SubNode————————————

nodeID
32
%11 = subf %9, %10 : f64
earlist 1
lastest 11
timeStep 1
————————————————————————————————

————————————AddNode————————————

nodeID
33
%12 = addf %8, %11 : f64
earlist 9
lastest 12
timeStep 12
————————————————————————————————

————————————storeNode————————————

NodeShift
-1 0 0 
iterFlag
1 1 1 
iterOrder
0 2 1 
nodeID
34
NodeType       
ArrayStore
Array
%4 = memref.alloc() : memref<308x308x308xf64>
earlist 10
lastest 13
timeStep 13
————————————————————————————————

dfg_edge_info

Edge2: begin 5 end 6 min 0 dif 0 type Normal

Edge6: begin 9 end 10 min 0 dif 0 type Normal

Edge8: begin 10 end 11 min 0 dif 0 type Normal

Edge9: begin 6 end 11 min 0 dif 0 type Normal

Edge10: begin 13 end 14 min 0 dif 0 type Normal

Edge12: begin 14 end 15 min 0 dif 0 type Normal

Edge14: begin 15 end 16 min 0 dif 0 type Normal

Edge15: begin 11 end 16 min 0 dif 0 type Normal

Edge17: begin 16 end 17 min 0 dif 0 type Normal

Edge18: begin 18 end 19 min 0 dif 0 type Normal

Edge19: begin 17 end 19 min 0 dif 0 type Normal

Edge20: begin 19 end 20 min 0 dif 0 type Normal

Edge21: begin 23 end 24 min 0 dif 0 type Normal

Edge22: begin 22 end 24 min 0 dif 0 type Normal

Edge23: begin 24 end 25 min 0 dif 0 type Normal

Edge27: begin 28 end 29 min 0 dif 0 type Normal

Edge28: begin 25 end 29 min 0 dif 0 type Normal

Edge29: begin 31 end 32 min 0 dif 0 type Normal

Edge30: begin 30 end 32 min 0 dif 0 type Normal

Edge31: begin 32 end 33 min 0 dif 0 type Normal

Edge32: begin 29 end 33 min 0 dif 0 type Normal

Edge33: begin 33 end 34 min 0 dif 0 type Normal

Edge34: begin 19 end 28 min 0 dif 0 type SLReuse

Edge35: begin 19 end 28 min 0 dif 1 type SLReuse

Edge36: begin 13 end 5 min 0 dif 3 type LLReuse

Edge37: begin 13 end 5 min 0 dif 2 type LLReuse

Edge38: begin 13 end 9 min 0 dif 4 type LLReuse

Edge39: begin 13 end 9 min 0 dif 1 type LLReuse

Edge40: begin 13 end 14 min 0 dif 5 type LLReuse

Edge41: begin 13 end 25 min 0 dif 3 type LLReuse


============DFG ID 3==============

------print_DFGInfo file--------

dfg_id
3
II of DFG
2
dfg_dim
2
dfg_node_info

————————————loadNode————————————

NodeShift
3 0 0 
iterFlag
0 1 1 
iterOrder
-1 1 0 
nodeID
3
NodeType
ArrayLoad
Array
%3 = memref.alloc() : memref<308x308x308xf64>
earlist 0
lastest 3
timeStep 0
————————————————————————————————

————————————loadNode————————————

NodeShift
4 0 0 
iterFlag
0 1 1 
iterOrder
-1 1 0 
nodeID
4
NodeType
ArrayLoad
Array
%3 = memref.alloc() : memref<308x308x308xf64>
earlist 0
lastest 3
timeStep 1
————————————————————————————————

————————————AddNode————————————

nodeID
5
%2 = addf %0, %1 : f64
earlist 1
lastest 4
timeStep 3
————————————————————————————————

————————————MulNode————————————

nodeID
6
%3 = mulf %cst, %2 : f64
earlist 2
lastest 5
timeStep 5
————————————————————————————————

————————————loadNode————————————

NodeShift
2 0 0 
iterFlag
0 1 1 
iterOrder
-1 1 0 
nodeID
7
NodeType
ArrayLoad
Array
%3 = memref.alloc() : memref<308x308x308xf64>
earlist 0
lastest 3
timeStep 0
————————————————————————————————

————————————loadNode————————————

NodeShift
5 0 0 
iterFlag
0 1 1 
iterOrder
-1 1 0 
nodeID
8
NodeType
ArrayLoad
Array
%3 = memref.alloc() : memref<308x308x308xf64>
earlist 0
lastest 3
timeStep 0
————————————————————————————————

————————————AddNode————————————

nodeID
9
%6 = addf %4, %5 : f64
earlist 1
lastest 4
timeStep 2
————————————————————————————————

————————————MulNode————————————

nodeID
10
%7 = mulf %cst_0, %6 : f64
earlist 2
lastest 5
timeStep 4
————————————————————————————————

————————————AddNode————————————

nodeID
11
%8 = addf %3, %7 : f64
earlist 3
lastest 6
timeStep 6
————————————————————————————————

————————————loadNode————————————

NodeShift
1 0 0 
iterFlag
0 1 1 
iterOrder
-1 1 0 
nodeID
12
NodeType
ArrayLoad
Array
%3 = memref.alloc() : memref<308x308x308xf64>
earlist 0
lastest 4
timeStep 1
————————————————————————————————

————————————loadNode————————————

NodeShift
6 0 0 
iterFlag
0 1 1 
iterOrder
-1 1 0 
nodeID
13
NodeType
ArrayLoad
Array
%3 = memref.alloc() : memref<308x308x308xf64>
earlist 0
lastest 4
timeStep 1
————————————————————————————————

————————————AddNode————————————

nodeID
14
%11 = addf %9, %10 : f64
earlist 1
lastest 5
timeStep 5
————————————————————————————————

————————————MulNode————————————

nodeID
15
%12 = mulf %cst_1, %11 : f64
earlist 2
lastest 6
timeStep 6
————————————————————————————————

————————————AddNode————————————

nodeID
16
%13 = addf %8, %12 : f64
earlist 4
lastest 7
timeStep 7
————————————————————————————————

————————————MulNode————————————

nodeID
17
%14 = mulf %13, %cst_1 : f64
earlist 5
lastest 8
timeStep 8
————————————————————————————————

————————————loadNode————————————

NodeShift
4 0 0 
iterFlag
0 1 1 
iterOrder
-1 1 0 
nodeID
18
NodeType
ArrayLoad
Array
%5 = memref.alloc() : memref<308x308x308xf64>
earlist 0
lastest 8
timeStep 3
————————————————————————————————

————————————MulNode————————————

nodeID
19
%16 = mulf %14, %15 : f64
earlist 6
lastest 9
timeStep 9
————————————————————————————————

————————————storeNode————————————

NodeShift
4 0 0 
iterFlag
0 1 1 
iterOrder
-1 1 0 
nodeID
20
NodeType       
ArrayStore
Array
%0 = memref.alloc() : memref<308x308x308xf64>
earlist 7
lastest 10
timeStep 10
————————————————————————————————

dfg_edge_info

Edge0: begin 4 end 5 min 0 dif 0 type Normal

Edge1: begin 3 end 5 min 0 dif 0 type Normal

Edge2: begin 5 end 6 min 0 dif 0 type Normal

Edge4: begin 8 end 9 min 0 dif 0 type Normal

Edge5: begin 7 end 9 min 0 dif 0 type Normal

Edge6: begin 9 end 10 min 0 dif 0 type Normal

Edge8: begin 10 end 11 min 0 dif 0 type Normal

Edge9: begin 6 end 11 min 0 dif 0 type Normal

Edge10: begin 13 end 14 min 0 dif 0 type Normal

Edge11: begin 12 end 14 min 0 dif 0 type Normal

Edge12: begin 14 end 15 min 0 dif 0 type Normal

Edge14: begin 15 end 16 min 0 dif 0 type Normal

Edge15: begin 11 end 16 min 0 dif 0 type Normal

Edge17: begin 16 end 17 min 0 dif 0 type Normal

Edge18: begin 18 end 19 min 0 dif 0 type Normal

Edge19: begin 17 end 19 min 0 dif 0 type Normal

Edge20: begin 19 end 20 min 0 dif 0 type Normal
