

============ 14 PNU  Schedule==============

=======print_vars=====


 nodeID 0

 nodeID 1

 nodeID 2

 nodeID 3

 nodeID 4

 nodeID 5

 nodeID 6

 nodeID 7

 nodeID 8

 nodeID 9

 nodeID 11

 nodeID 12

 nodeID 13

=======print_cons=====

=======schedule=====

 II =  2

timeStep0  LSU  PE 
timeStep1  LSU  PE 
timeStep2  LSU  PE 
timeStep3  LSU  PE 
timeStep4  LSU  PE 
timeStep5  LSU  PE 
timeStep6  LSU  PE 
timeStep7  LSU  PE 
timeStep8  LSU  PE 

The total number of register
begin 2 end 3 dif 0 startTime 0 endTime 0 useRe 0
begin 1 end 3 dif 0 startTime 0 endTime 0 useRe 0
begin 3 end 4 dif 0 startTime 0 endTime 0 useRe 0
begin 0 end 4 dif 0 startTime 0 endTime 0 useRe 0
begin 6 end 7 dif 0 startTime 0 endTime 0 useRe 0
begin 5 end 7 dif 0 startTime 0 endTime 0 useRe 0
begin 7 end 8 dif 0 startTime 0 endTime 0 useRe 0
begin 4 end 8 dif 0 startTime 0 endTime 0 useRe 0
begin 9 end 11 dif 0 startTime 0 endTime 0 useRe 0
begin 11 end 12 dif 0 startTime 0 endTime 0 useRe 0
begin 8 end 12 dif 0 startTime 0 endTime 0 useRe 0
begin 12 end 13 dif 0 startTime 0 endTime 0 useRe 0
begin 9 end 11 dif 1 startTime 0 endTime 0 useRe 2
  2


============ 14 PNU  Schedule==============

=======print_vars=====


 nodeID 0

 nodeID 1

 nodeID 2

 nodeID 3

 nodeID 4

 nodeID 5

 nodeID 6

 nodeID 7

 nodeID 8

 nodeID 9

 nodeID 11

 nodeID 12

 nodeID 13

=======print_cons=====

=======schedule=====

 II =  2

timeStep0  LSU  PE 
timeStep1  LSU  PE 
timeStep2  LSU  PE 
timeStep3  LSU  PE 
timeStep4  LSU  PE 
timeStep5  LSU  PE 
timeStep6  LSU  PE 
timeStep7  LSU  PE 
timeStep8  LSU  PE 

The total number of register
begin 2 end 3 dif 0 startTime 0 endTime 0 useRe 0
begin 1 end 3 dif 0 startTime 0 endTime 0 useRe 0
begin 3 end 4 dif 0 startTime 0 endTime 0 useRe 0
begin 0 end 4 dif 0 startTime 0 endTime 0 useRe 0
begin 6 end 7 dif 0 startTime 0 endTime 0 useRe 0
begin 5 end 7 dif 0 startTime 0 endTime 0 useRe 0
begin 7 end 8 dif 0 startTime 0 endTime 0 useRe 0
begin 4 end 8 dif 0 startTime 0 endTime 0 useRe 0
begin 9 end 11 dif 0 startTime 0 endTime 0 useRe 0
begin 11 end 12 dif 0 startTime 0 endTime 0 useRe 0
begin 8 end 12 dif 0 startTime 0 endTime 0 useRe 0
begin 12 end 13 dif 0 startTime 0 endTime 0 useRe 0
begin 9 end 11 dif 1 startTime 0 endTime 0 useRe 2
  2
