

============ 4 PNU  Schedule==============

=======print_vars=====


 nodeID 3

 nodeID 4

 nodeID 5

 nodeID 6

 nodeID 7

 nodeID 8

 nodeID 9

 nodeID 10

 nodeID 11

 nodeID 12

 nodeID 13

 nodeID 14

 nodeID 15

 nodeID 16

 nodeID 17

 nodeID 18

 nodeID 19

 nodeID 20

=======print_cons=====

=======schedule=====

 II =  2

timeStep0  LSU  PE 
timeStep1  LSU  PE 
timeStep2  LSU  PE 
timeStep3  LSU  PE 
timeStep4  LSU  PE 
timeStep5  LSU  PE 
timeStep6  LSU  PE 
timeStep7  LSU  PE 
timeStep8  LSU  PE 
timeStep9  LSU  PE 
timeStep10  LSU  PE 

The total number of register
begin 4 end 5 dif 0 startTime 0 endTime 0 useRe 0
begin 3 end 5 dif 0 startTime 0 endTime 0 useRe 0
begin 5 end 6 dif 0 startTime 0 endTime 0 useRe 0
begin 8 end 9 dif 0 startTime 0 endTime 0 useRe 0
begin 7 end 9 dif 0 startTime 0 endTime 0 useRe 0
begin 9 end 10 dif 0 startTime 0 endTime 0 useRe 0
begin 10 end 11 dif 0 startTime 0 endTime 0 useRe 0
begin 6 end 11 dif 0 startTime 0 endTime 0 useRe 0
begin 13 end 14 dif 0 startTime 0 endTime 0 useRe 0
begin 12 end 14 dif 0 startTime 0 endTime 0 useRe 0
begin 14 end 15 dif 0 startTime 0 endTime 0 useRe 0
begin 15 end 16 dif 0 startTime 0 endTime 0 useRe 0
begin 11 end 16 dif 0 startTime 0 endTime 0 useRe 0
begin 16 end 17 dif 0 startTime 0 endTime 0 useRe 0
begin 18 end 19 dif 0 startTime 0 endTime 0 useRe 0
begin 17 end 19 dif 0 startTime 0 endTime 0 useRe 0
begin 19 end 20 dif 0 startTime 0 endTime 0 useRe 0
  0


============ 4 PNU  Schedule==============

=======print_vars=====


 nodeID 3

 nodeID 4

 nodeID 5

 nodeID 6

 nodeID 7

 nodeID 8

 nodeID 9

 nodeID 10

 nodeID 11

 nodeID 12

 nodeID 13

 nodeID 14

 nodeID 15

 nodeID 16

 nodeID 17

 nodeID 18

 nodeID 19

 nodeID 20

 nodeID 22

 nodeID 24

 nodeID 25

 nodeID 27

 nodeID 28

 nodeID 29

 nodeID 30

 nodeID 31

 nodeID 32

 nodeID 33

 nodeID 34

=======print_cons=====

=======schedule=====

 II =  4

timeStep0  LSU  PE 
timeStep1  LSU  PE 
timeStep2  LSU  PE 
timeStep3  LSU  PE 
timeStep4  LSU  PE 
timeStep5  LSU  PE 
timeStep6  LSU  PE 
timeStep7  LSU  PE 
timeStep8  LSU  PE 
timeStep9  LSU  PE 
timeStep10  LSU  PE 
timeStep11  LSU  PE 
timeStep12  LSU  PE 
timeStep13  LSU  PE 

The total number of register
begin 4 end 5 dif 0 startTime 0 endTime 0 useRe 0
begin 3 end 5 dif 0 startTime 0 endTime 0 useRe 0
begin 5 end 6 dif 0 startTime 0 endTime 0 useRe 0
begin 8 end 9 dif 0 startTime 0 endTime 0 useRe 0
begin 7 end 9 dif 0 startTime 0 endTime 0 useRe 0
begin 9 end 10 dif 0 startTime 0 endTime 0 useRe 0
begin 10 end 11 dif 0 startTime 0 endTime 0 useRe 0
begin 6 end 11 dif 0 startTime 0 endTime 0 useRe 0
begin 13 end 14 dif 0 startTime 0 endTime 0 useRe 0
begin 12 end 14 dif 0 startTime 0 endTime 0 useRe 0
begin 14 end 15 dif 0 startTime 0 endTime 0 useRe 0
begin 15 end 16 dif 0 startTime 0 endTime 0 useRe 0
begin 11 end 16 dif 0 startTime 0 endTime 0 useRe 0
begin 16 end 17 dif 0 startTime 0 endTime 0 useRe 0
begin 18 end 19 dif 0 startTime 0 endTime 0 useRe 0
begin 17 end 19 dif 0 startTime 0 endTime 0 useRe 0
begin 19 end 20 dif 0 startTime 0 endTime 0 useRe 0
begin 22 end 24 dif 0 startTime 0 endTime 0 useRe 0
begin 24 end 25 dif 0 startTime 0 endTime 0 useRe 0
begin 27 end 28 dif 0 startTime 0 endTime 0 useRe 0
begin 28 end 29 dif 0 startTime 0 endTime 0 useRe 0
begin 25 end 29 dif 0 startTime 0 endTime 0 useRe 0
begin 31 end 32 dif 0 startTime 0 endTime 0 useRe 0
begin 30 end 32 dif 0 startTime 0 endTime 0 useRe 0
begin 32 end 33 dif 0 startTime 0 endTime 0 useRe 0
begin 29 end 33 dif 0 startTime 0 endTime 0 useRe 0
begin 33 end 34 dif 0 startTime 0 endTime 0 useRe 0
begin 19 end 28 dif 0 startTime 0 endTime 0 useRe 0
begin 3 end 25 dif 0 startTime 0 endTime 0 useRe 0
begin 22 end 24 dif 1 startTime 0 endTime 0 useRe 4
  4


============ 4 PNU  Schedule==============

=======print_vars=====


 nodeID 3

 nodeID 4

 nodeID 5

 nodeID 6

 nodeID 7

 nodeID 8

 nodeID 9

 nodeID 10

 nodeID 11

 nodeID 12

 nodeID 13

 nodeID 14

 nodeID 15

 nodeID 16

 nodeID 17

 nodeID 18

 nodeID 19

 nodeID 20

 nodeID 22

 nodeID 23

 nodeID 24

 nodeID 25

 nodeID 27

 nodeID 28

 nodeID 29

 nodeID 30

 nodeID 32

 nodeID 33

 nodeID 34

=======print_cons=====

=======schedule=====

 II =  4

timeStep0  LSU  PE 
timeStep1  LSU  PE 
timeStep2  LSU  PE 
timeStep3  LSU  PE 
timeStep4  LSU  PE 
timeStep5  LSU  PE 
timeStep6  LSU  PE 
timeStep7  LSU  PE 
timeStep8  LSU  PE 
timeStep9  LSU  PE 
timeStep10  LSU  PE 
timeStep11  LSU  PE 
timeStep12  LSU  PE 
timeStep13  LSU  PE 

The total number of register
begin 4 end 5 dif 0 startTime 0 endTime 0 useRe 0
begin 3 end 5 dif 0 startTime 0 endTime 0 useRe 0
begin 5 end 6 dif 0 startTime 0 endTime 0 useRe 0
begin 8 end 9 dif 0 startTime 0 endTime 0 useRe 0
begin 7 end 9 dif 0 startTime 0 endTime 0 useRe 0
begin 9 end 10 dif 0 startTime 0 endTime 0 useRe 0
begin 10 end 11 dif 0 startTime 0 endTime 0 useRe 0
begin 6 end 11 dif 0 startTime 0 endTime 0 useRe 0
begin 13 end 14 dif 0 startTime 0 endTime 0 useRe 0
begin 12 end 14 dif 0 startTime 0 endTime 0 useRe 0
begin 14 end 15 dif 0 startTime 0 endTime 0 useRe 0
begin 15 end 16 dif 0 startTime 0 endTime 0 useRe 0
begin 11 end 16 dif 0 startTime 0 endTime 0 useRe 0
begin 16 end 17 dif 0 startTime 0 endTime 0 useRe 0
begin 18 end 19 dif 0 startTime 0 endTime 0 useRe 0
begin 17 end 19 dif 0 startTime 0 endTime 0 useRe 0
begin 19 end 20 dif 0 startTime 0 endTime 0 useRe 0
begin 23 end 24 dif 0 startTime 0 endTime 0 useRe 0
begin 22 end 24 dif 0 startTime 0 endTime 0 useRe 0
begin 24 end 25 dif 0 startTime 0 endTime 0 useRe 0
begin 27 end 28 dif 0 startTime 0 endTime 0 useRe 0
begin 28 end 29 dif 0 startTime 0 endTime 0 useRe 0
begin 25 end 29 dif 0 startTime 0 endTime 0 useRe 0
begin 30 end 32 dif 0 startTime 0 endTime 0 useRe 0
begin 32 end 33 dif 0 startTime 0 endTime 0 useRe 0
begin 29 end 33 dif 0 startTime 0 endTime 0 useRe 0
begin 33 end 34 dif 0 startTime 0 endTime 0 useRe 0
begin 19 end 28 dif 0 startTime 0 endTime 0 useRe 0
begin 3 end 25 dif 0 startTime 0 endTime 0 useRe 0
begin 30 end 32 dif 1 startTime 0 endTime 0 useRe 4
  4


============ 4 PNU  Schedule==============

=======print_vars=====


 nodeID 0

 nodeID 1

 nodeID 2

 nodeID 3

 nodeID 4

 nodeID 5

 nodeID 7

 nodeID 8

 nodeID 9

 nodeID 10

 nodeID 11

 nodeID 12

 nodeID 13

=======print_cons=====

=======schedule=====

 II =  2

timeStep0  LSU  PE 
timeStep1  LSU  PE 
timeStep2  LSU  PE 
timeStep3  LSU  PE 
timeStep4  LSU  PE 
timeStep5  LSU  PE 
timeStep6  LSU  PE 
timeStep7  LSU  PE 
timeStep8  LSU  PE 

The total number of register
begin 2 end 3 dif 0 startTime 0 endTime 0 useRe 0
begin 1 end 3 dif 0 startTime 0 endTime 0 useRe 0
begin 3 end 4 dif 0 startTime 0 endTime 0 useRe 0
begin 0 end 4 dif 0 startTime 0 endTime 0 useRe 0
begin 5 end 7 dif 0 startTime 0 endTime 0 useRe 0
begin 7 end 8 dif 0 startTime 0 endTime 0 useRe 0
begin 4 end 8 dif 0 startTime 0 endTime 0 useRe 0
begin 10 end 11 dif 0 startTime 0 endTime 0 useRe 0
begin 9 end 11 dif 0 startTime 0 endTime 0 useRe 0
begin 11 end 12 dif 0 startTime 0 endTime 0 useRe 0
begin 8 end 12 dif 0 startTime 0 endTime 0 useRe 0
begin 12 end 13 dif 0 startTime 0 endTime 0 useRe 0
begin 5 end 7 dif 1 startTime 0 endTime 0 useRe 2
  2


============ 4 PNU  Schedule==============

=======print_vars=====


 nodeID 0

 nodeID 1

 nodeID 2

 nodeID 3

 nodeID 4

 nodeID 5

 nodeID 7

 nodeID 8

 nodeID 9

 nodeID 10

 nodeID 11

 nodeID 12

 nodeID 13

=======print_cons=====

=======schedule=====

 II =  2

timeStep0  LSU  PE 
timeStep1  LSU  PE 
timeStep2  LSU  PE 
timeStep3  LSU  PE 
timeStep4  LSU  PE 
timeStep5  LSU  PE 
timeStep6  LSU  PE 
timeStep7  LSU  PE 
timeStep8  LSU  PE 

The total number of register
begin 2 end 3 dif 0 startTime 0 endTime 0 useRe 0
begin 1 end 3 dif 0 startTime 0 endTime 0 useRe 0
begin 3 end 4 dif 0 startTime 0 endTime 0 useRe 0
begin 0 end 4 dif 0 startTime 0 endTime 0 useRe 0
begin 5 end 7 dif 0 startTime 0 endTime 0 useRe 0
begin 7 end 8 dif 0 startTime 0 endTime 0 useRe 0
begin 4 end 8 dif 0 startTime 0 endTime 0 useRe 0
begin 10 end 11 dif 0 startTime 0 endTime 0 useRe 0
begin 9 end 11 dif 0 startTime 0 endTime 0 useRe 0
begin 11 end 12 dif 0 startTime 0 endTime 0 useRe 0
begin 8 end 12 dif 0 startTime 0 endTime 0 useRe 0
begin 12 end 13 dif 0 startTime 0 endTime 0 useRe 0
begin 5 end 7 dif 1 startTime 0 endTime 0 useRe 2
  2


============ 4 PNU  Schedule==============

=======print_vars=====


 nodeID 0

 nodeID 1

 nodeID 2

 nodeID 3

 nodeID 4

 nodeID 5

 nodeID 7

 nodeID 8

 nodeID 9

 nodeID 10

 nodeID 11

 nodeID 12

 nodeID 13

=======print_cons=====

=======schedule=====

 II =  2

timeStep0  LSU  PE 
timeStep1  LSU  PE 
timeStep2  LSU  PE 
timeStep3  LSU  PE 
timeStep4  LSU  PE 
timeStep5  LSU  PE 
timeStep6  LSU  PE 
timeStep7  LSU  PE 
timeStep8  LSU  PE 

The total number of register
begin 2 end 3 dif 0 startTime 0 endTime 0 useRe 0
begin 1 end 3 dif 0 startTime 0 endTime 0 useRe 0
begin 3 end 4 dif 0 startTime 0 endTime 0 useRe 0
begin 0 end 4 dif 0 startTime 0 endTime 0 useRe 0
begin 5 end 7 dif 0 startTime 0 endTime 0 useRe 0
begin 7 end 8 dif 0 startTime 0 endTime 0 useRe 0
begin 4 end 8 dif 0 startTime 0 endTime 0 useRe 0
begin 10 end 11 dif 0 startTime 0 endTime 0 useRe 0
begin 9 end 11 dif 0 startTime 0 endTime 0 useRe 0
begin 11 end 12 dif 0 startTime 0 endTime 0 useRe 0
begin 8 end 12 dif 0 startTime 0 endTime 0 useRe 0
begin 12 end 13 dif 0 startTime 0 endTime 0 useRe 0
begin 5 end 7 dif 1 startTime 0 endTime 0 useRe 2
  2


============ 4 PNU  Schedule==============

=======print_vars=====


 nodeID 0

 nodeID 1

 nodeID 2

 nodeID 3

 nodeID 4

 nodeID 5

 nodeID 7

 nodeID 8

 nodeID 9

 nodeID 10

 nodeID 11

 nodeID 12

 nodeID 13

=======print_cons=====

=======schedule=====

 II =  2

timeStep0  LSU  PE 
timeStep1  LSU  PE 
timeStep2  LSU  PE 
timeStep3  LSU  PE 
timeStep4  LSU  PE 
timeStep5  LSU  PE 
timeStep6  LSU  PE 
timeStep7  LSU  PE 
timeStep8  LSU  PE 

The total number of register
begin 2 end 3 dif 0 startTime 0 endTime 0 useRe 0
begin 1 end 3 dif 0 startTime 0 endTime 0 useRe 0
begin 3 end 4 dif 0 startTime 0 endTime 0 useRe 0
begin 0 end 4 dif 0 startTime 0 endTime 0 useRe 0
begin 5 end 7 dif 0 startTime 0 endTime 0 useRe 0
begin 7 end 8 dif 0 startTime 0 endTime 0 useRe 0
begin 4 end 8 dif 0 startTime 0 endTime 0 useRe 0
begin 10 end 11 dif 0 startTime 0 endTime 0 useRe 0
begin 9 end 11 dif 0 startTime 0 endTime 0 useRe 0
begin 11 end 12 dif 0 startTime 0 endTime 0 useRe 0
begin 8 end 12 dif 0 startTime 0 endTime 0 useRe 0
begin 12 end 13 dif 0 startTime 0 endTime 0 useRe 0
begin 5 end 7 dif 1 startTime 0 endTime 0 useRe 2
  2


============ 4 PNU  Schedule==============

=======print_vars=====


 nodeID 0

 nodeID 1

 nodeID 2

 nodeID 3

 nodeID 4

 nodeID 5

 nodeID 7

 nodeID 8

 nodeID 9

 nodeID 10

 nodeID 11

 nodeID 12

 nodeID 13

=======print_cons=====

=======schedule=====

 II =  2

timeStep0  LSU  PE 
timeStep1  LSU  PE 
timeStep2  LSU  PE 
timeStep3  LSU  PE 
timeStep4  LSU  PE 
timeStep5  LSU  PE 
timeStep6  LSU  PE 
timeStep7  LSU  PE 
timeStep8  LSU  PE 

The total number of register
begin 2 end 3 dif 0 startTime 0 endTime 0 useRe 0
begin 1 end 3 dif 0 startTime 0 endTime 0 useRe 0
begin 3 end 4 dif 0 startTime 0 endTime 0 useRe 0
begin 0 end 4 dif 0 startTime 0 endTime 0 useRe 0
begin 5 end 7 dif 0 startTime 0 endTime 0 useRe 0
begin 7 end 8 dif 0 startTime 0 endTime 0 useRe 0
begin 4 end 8 dif 0 startTime 0 endTime 0 useRe 0
begin 10 end 11 dif 0 startTime 0 endTime 0 useRe 0
begin 9 end 11 dif 0 startTime 0 endTime 0 useRe 0
begin 11 end 12 dif 0 startTime 0 endTime 0 useRe 0
begin 8 end 12 dif 0 startTime 0 endTime 0 useRe 0
begin 12 end 13 dif 0 startTime 0 endTime 0 useRe 0
begin 5 end 7 dif 1 startTime 0 endTime 0 useRe 2
  2


============ 4 PNU  Schedule==============

=======print_vars=====


 nodeID 0

 nodeID 1

 nodeID 2

 nodeID 3

 nodeID 4

 nodeID 5

 nodeID 7

 nodeID 8

 nodeID 9

 nodeID 10

 nodeID 11

 nodeID 12

 nodeID 13

=======print_cons=====

=======schedule=====

 II =  2

timeStep0  LSU  PE 
timeStep1  LSU  PE 
timeStep2  LSU  PE 
timeStep3  LSU  PE 
timeStep4  LSU  PE 
timeStep5  LSU  PE 
timeStep6  LSU  PE 
timeStep7  LSU  PE 
timeStep8  LSU  PE 

The total number of register
begin 2 end 3 dif 0 startTime 0 endTime 0 useRe 0
begin 1 end 3 dif 0 startTime 0 endTime 0 useRe 0
begin 3 end 4 dif 0 startTime 0 endTime 0 useRe 0
begin 0 end 4 dif 0 startTime 0 endTime 0 useRe 0
begin 5 end 7 dif 0 startTime 0 endTime 0 useRe 0
begin 7 end 8 dif 0 startTime 0 endTime 0 useRe 0
begin 4 end 8 dif 0 startTime 0 endTime 0 useRe 0
begin 10 end 11 dif 0 startTime 0 endTime 0 useRe 0
begin 9 end 11 dif 0 startTime 0 endTime 0 useRe 0
begin 11 end 12 dif 0 startTime 0 endTime 0 useRe 0
begin 8 end 12 dif 0 startTime 0 endTime 0 useRe 0
begin 12 end 13 dif 0 startTime 0 endTime 0 useRe 0
begin 5 end 7 dif 1 startTime 0 endTime 0 useRe 2
  2


============ 4 PNU  Schedule==============

=======print_vars=====


 nodeID 5

 nodeID 6

 nodeID 9

 nodeID 10

 nodeID 11

 nodeID 13

 nodeID 14

 nodeID 15

 nodeID 16

 nodeID 17

 nodeID 18

 nodeID 19

 nodeID 20

 nodeID 24

 nodeID 26

 nodeID 27

 nodeID 28

 nodeID 29

 nodeID 30

 nodeID 31

 nodeID 32

 nodeID 33

 nodeID 34

 nodeID 35

 nodeID 36

 nodeID 37

 nodeID 38

 nodeID 39

 nodeID 40

 nodeID 41

 nodeID 45

 nodeID 47

 nodeID 48

 nodeID 49

 nodeID 50

 nodeID 51

 nodeID 52

 nodeID 53

 nodeID 54

 nodeID 55

 nodeID 56

 nodeID 57

 nodeID 58

 nodeID 59

 nodeID 60

 nodeID 61

 nodeID 62

 nodeID 63

 nodeID 64

 nodeID 65

 nodeID 66

 nodeID 67

 nodeID 68

 nodeID 70

 nodeID 71

 nodeID 72

 nodeID 73

 nodeID 74

 nodeID 75

 nodeID 76

=======print_cons=====

=======schedule=====

 II =  6

timeStep0  LSU  PE 
timeStep1  LSU  PE 
timeStep2  LSU  PE 
timeStep3  LSU  PE 
timeStep4  LSU  PE 
timeStep5  LSU  PE 
timeStep6  LSU  PE 
timeStep7  LSU  PE 
timeStep8  LSU  PE 
timeStep9  LSU  PE 
timeStep10  LSU  PE 

The total number of register
begin 5 end 6 dif 0 startTime 0 endTime 0 useRe 0
begin 9 end 10 dif 0 startTime 0 endTime 0 useRe 0
begin 10 end 11 dif 0 startTime 0 endTime 0 useRe 0
begin 6 end 11 dif 0 startTime 0 endTime 0 useRe 0
begin 13 end 14 dif 0 startTime 0 endTime 0 useRe 0
begin 14 end 15 dif 0 startTime 0 endTime 0 useRe 0
begin 15 end 16 dif 0 startTime 0 endTime 0 useRe 0
begin 11 end 16 dif 0 startTime 0 endTime 0 useRe 0
begin 16 end 17 dif 0 startTime 0 endTime 0 useRe 0
begin 18 end 19 dif 0 startTime 0 endTime 0 useRe 0
begin 17 end 19 dif 0 startTime 0 endTime 0 useRe 0
begin 19 end 20 dif 0 startTime 0 endTime 0 useRe 0
begin 24 end 26 dif 0 startTime 0 endTime 0 useRe 0
begin 26 end 27 dif 0 startTime 0 endTime 0 useRe 0
begin 29 end 30 dif 0 startTime 0 endTime 0 useRe 0
begin 28 end 30 dif 0 startTime 0 endTime 0 useRe 0
begin 30 end 31 dif 0 startTime 0 endTime 0 useRe 0
begin 31 end 32 dif 0 startTime 0 endTime 0 useRe 0
begin 27 end 32 dif 0 startTime 0 endTime 0 useRe 0
begin 34 end 35 dif 0 startTime 0 endTime 0 useRe 0
begin 33 end 35 dif 0 startTime 0 endTime 0 useRe 0
begin 35 end 36 dif 0 startTime 0 endTime 0 useRe 0
begin 36 end 37 dif 0 startTime 0 endTime 0 useRe 0
begin 32 end 37 dif 0 startTime 0 endTime 0 useRe 0
begin 37 end 38 dif 0 startTime 0 endTime 0 useRe 0
begin 39 end 40 dif 0 startTime 0 endTime 0 useRe 0
begin 38 end 40 dif 0 startTime 0 endTime 0 useRe 0
begin 40 end 41 dif 0 startTime 0 endTime 0 useRe 0
begin 45 end 47 dif 0 startTime 0 endTime 0 useRe 0
begin 47 end 48 dif 0 startTime 0 endTime 0 useRe 0
begin 50 end 51 dif 0 startTime 0 endTime 0 useRe 0
begin 49 end 51 dif 0 startTime 0 endTime 0 useRe 0
begin 51 end 52 dif 0 startTime 0 endTime 0 useRe 0
begin 52 end 53 dif 0 startTime 0 endTime 0 useRe 0
begin 48 end 53 dif 0 startTime 0 endTime 0 useRe 0
begin 55 end 56 dif 0 startTime 0 endTime 0 useRe 0
begin 54 end 56 dif 0 startTime 0 endTime 0 useRe 0
begin 56 end 57 dif 0 startTime 0 endTime 0 useRe 0
begin 57 end 58 dif 0 startTime 0 endTime 0 useRe 0
begin 53 end 58 dif 0 startTime 0 endTime 0 useRe 0
begin 58 end 59 dif 0 startTime 0 endTime 0 useRe 0
begin 60 end 61 dif 0 startTime 0 endTime 0 useRe 0
begin 59 end 61 dif 0 startTime 0 endTime 0 useRe 0
begin 61 end 62 dif 0 startTime 0 endTime 0 useRe 0
begin 65 end 66 dif 0 startTime 0 endTime 0 useRe 0
begin 64 end 66 dif 0 startTime 0 endTime 0 useRe 0
begin 66 end 67 dif 0 startTime 0 endTime 0 useRe 0
begin 63 end 67 dif 0 startTime 0 endTime 0 useRe 0
begin 68 end 70 dif 0 startTime 0 endTime 0 useRe 0
begin 70 end 71 dif 0 startTime 0 endTime 0 useRe 0
begin 67 end 71 dif 0 startTime 0 endTime 0 useRe 0
begin 73 end 74 dif 0 startTime 0 endTime 0 useRe 0
begin 72 end 74 dif 0 startTime 0 endTime 0 useRe 0
begin 74 end 75 dif 0 startTime 0 endTime 0 useRe 0
begin 71 end 75 dif 0 startTime 0 endTime 0 useRe 0
begin 75 end 76 dif 0 startTime 0 endTime 0 useRe 0
begin 13 end 5 dif 3 startTime 0 endTime 0 useRe 18
begin 13 end 5 dif 2 startTime 0 endTime 0 useRe 12
begin 13 end 9 dif 4 startTime 0 endTime 0 useRe 24
begin 13 end 9 dif 1 startTime 0 endTime 0 useRe 6
begin 13 end 14 dif 5 startTime 0 endTime 0 useRe 30
begin 13 end 26 dif 2 startTime 0 endTime 0 useRe 12
begin 13 end 47 dif 2 startTime 0 endTime 0 useRe 12
begin 68 end 70 dif 1 startTime 0 endTime 0 useRe 6
  120


============ 4 PNU  Schedule==============

=======print_vars=====


 nodeID 3

 nodeID 5

 nodeID 6

 nodeID 7

 nodeID 8

 nodeID 9

 nodeID 10

 nodeID 11

 nodeID 12

 nodeID 13

 nodeID 14

 nodeID 15

 nodeID 16

 nodeID 17

 nodeID 18

 nodeID 19

 nodeID 20

 nodeID 26

 nodeID 27

 nodeID 30

 nodeID 31

 nodeID 32

 nodeID 34

 nodeID 35

 nodeID 36

 nodeID 37

 nodeID 38

 nodeID 39

 nodeID 40

 nodeID 41

 nodeID 45

 nodeID 47

 nodeID 48

 nodeID 49

 nodeID 50

 nodeID 51

 nodeID 52

 nodeID 53

 nodeID 54

 nodeID 55

 nodeID 56

 nodeID 57

 nodeID 58

 nodeID 59

 nodeID 60

 nodeID 61

 nodeID 62

 nodeID 63

 nodeID 64

 nodeID 66

 nodeID 67

 nodeID 68

 nodeID 69

 nodeID 70

 nodeID 71

 nodeID 72

 nodeID 73

 nodeID 74

 nodeID 75

 nodeID 76

=======print_cons=====

=======schedule=====

 II =  6

timeStep0  LSU  PE 
timeStep1  LSU  PE 
timeStep2  LSU  PE 
timeStep3  LSU  PE 
timeStep4  LSU  PE 
timeStep5  LSU  PE 
timeStep6  LSU  PE 
timeStep7  LSU  PE 
timeStep8  LSU  PE 
timeStep9  LSU  PE 
timeStep10  LSU  PE 

The total number of register
begin 3 end 5 dif 0 startTime 0 endTime 0 useRe 0
begin 5 end 6 dif 0 startTime 0 endTime 0 useRe 0
begin 8 end 9 dif 0 startTime 0 endTime 0 useRe 0
begin 7 end 9 dif 0 startTime 0 endTime 0 useRe 0
begin 9 end 10 dif 0 startTime 0 endTime 0 useRe 0
begin 10 end 11 dif 0 startTime 0 endTime 0 useRe 0
begin 6 end 11 dif 0 startTime 0 endTime 0 useRe 0
begin 13 end 14 dif 0 startTime 0 endTime 0 useRe 0
begin 12 end 14 dif 0 startTime 0 endTime 0 useRe 0
begin 14 end 15 dif 0 startTime 0 endTime 0 useRe 0
begin 15 end 16 dif 0 startTime 0 endTime 0 useRe 0
begin 11 end 16 dif 0 startTime 0 endTime 0 useRe 0
begin 16 end 17 dif 0 startTime 0 endTime 0 useRe 0
begin 18 end 19 dif 0 startTime 0 endTime 0 useRe 0
begin 17 end 19 dif 0 startTime 0 endTime 0 useRe 0
begin 19 end 20 dif 0 startTime 0 endTime 0 useRe 0
begin 26 end 27 dif 0 startTime 0 endTime 0 useRe 0
begin 30 end 31 dif 0 startTime 0 endTime 0 useRe 0
begin 31 end 32 dif 0 startTime 0 endTime 0 useRe 0
begin 27 end 32 dif 0 startTime 0 endTime 0 useRe 0
begin 34 end 35 dif 0 startTime 0 endTime 0 useRe 0
begin 35 end 36 dif 0 startTime 0 endTime 0 useRe 0
begin 36 end 37 dif 0 startTime 0 endTime 0 useRe 0
begin 32 end 37 dif 0 startTime 0 endTime 0 useRe 0
begin 37 end 38 dif 0 startTime 0 endTime 0 useRe 0
begin 39 end 40 dif 0 startTime 0 endTime 0 useRe 0
begin 38 end 40 dif 0 startTime 0 endTime 0 useRe 0
begin 40 end 41 dif 0 startTime 0 endTime 0 useRe 0
begin 45 end 47 dif 0 startTime 0 endTime 0 useRe 0
begin 47 end 48 dif 0 startTime 0 endTime 0 useRe 0
begin 50 end 51 dif 0 startTime 0 endTime 0 useRe 0
begin 49 end 51 dif 0 startTime 0 endTime 0 useRe 0
begin 51 end 52 dif 0 startTime 0 endTime 0 useRe 0
begin 52 end 53 dif 0 startTime 0 endTime 0 useRe 0
begin 48 end 53 dif 0 startTime 0 endTime 0 useRe 0
begin 55 end 56 dif 0 startTime 0 endTime 0 useRe 0
begin 54 end 56 dif 0 startTime 0 endTime 0 useRe 0
begin 56 end 57 dif 0 startTime 0 endTime 0 useRe 0
begin 57 end 58 dif 0 startTime 0 endTime 0 useRe 0
begin 53 end 58 dif 0 startTime 0 endTime 0 useRe 0
begin 58 end 59 dif 0 startTime 0 endTime 0 useRe 0
begin 60 end 61 dif 0 startTime 0 endTime 0 useRe 0
begin 59 end 61 dif 0 startTime 0 endTime 0 useRe 0
begin 61 end 62 dif 0 startTime 0 endTime 0 useRe 0
begin 64 end 66 dif 0 startTime 0 endTime 0 useRe 0
begin 66 end 67 dif 0 startTime 0 endTime 0 useRe 0
begin 63 end 67 dif 0 startTime 0 endTime 0 useRe 0
begin 69 end 70 dif 0 startTime 0 endTime 0 useRe 0
begin 68 end 70 dif 0 startTime 0 endTime 0 useRe 0
begin 70 end 71 dif 0 startTime 0 endTime 0 useRe 0
begin 67 end 71 dif 0 startTime 0 endTime 0 useRe 0
begin 73 end 74 dif 0 startTime 0 endTime 0 useRe 0
begin 72 end 74 dif 0 startTime 0 endTime 0 useRe 0
begin 74 end 75 dif 0 startTime 0 endTime 0 useRe 0
begin 71 end 75 dif 0 startTime 0 endTime 0 useRe 0
begin 75 end 76 dif 0 startTime 0 endTime 0 useRe 0
begin 34 end 5 dif 2 startTime 0 endTime 0 useRe 12
begin 34 end 26 dif 3 startTime 0 endTime 0 useRe 18
begin 34 end 26 dif 2 startTime 0 endTime 0 useRe 12
begin 34 end 30 dif 4 startTime 0 endTime 0 useRe 24
begin 34 end 30 dif 1 startTime 0 endTime 0 useRe 6
begin 34 end 35 dif 5 startTime 0 endTime 0 useRe 30
begin 34 end 47 dif 2 startTime 0 endTime 0 useRe 12
begin 64 end 66 dif 1 startTime 0 endTime 0 useRe 6
  120


============ 4 PNU  Schedule==============

=======print_vars=====


 nodeID 3

 nodeID 5

 nodeID 6

 nodeID 7

 nodeID 8

 nodeID 9

 nodeID 10

 nodeID 11

 nodeID 12

 nodeID 13

 nodeID 14

 nodeID 15

 nodeID 16

 nodeID 17

 nodeID 18

 nodeID 19

 nodeID 20

 nodeID 24

 nodeID 26

 nodeID 27

 nodeID 28

 nodeID 29

 nodeID 30

 nodeID 31

 nodeID 32

 nodeID 33

 nodeID 34

 nodeID 35

 nodeID 36

 nodeID 37

 nodeID 38

 nodeID 39

 nodeID 40

 nodeID 41

 nodeID 47

 nodeID 48

 nodeID 51

 nodeID 52

 nodeID 53

 nodeID 55

 nodeID 56

 nodeID 57

 nodeID 58

 nodeID 59

 nodeID 60

 nodeID 61

 nodeID 62

 nodeID 63

 nodeID 64

 nodeID 65

 nodeID 66

 nodeID 67

 nodeID 68

 nodeID 69

 nodeID 70

 nodeID 71

 nodeID 72

 nodeID 74

 nodeID 75

 nodeID 76

=======print_cons=====

=======schedule=====

 II =  6

timeStep0  LSU  PE 
timeStep1  LSU  PE 
timeStep2  LSU  PE 
timeStep3  LSU  PE 
timeStep4  LSU  PE 
timeStep5  LSU  PE 
timeStep6  LSU  PE 
timeStep7  LSU  PE 
timeStep8  LSU  PE 
timeStep9  LSU  PE 
timeStep10  LSU  PE 

The total number of register
begin 3 end 5 dif 0 startTime 0 endTime 0 useRe 0
begin 5 end 6 dif 0 startTime 0 endTime 0 useRe 0
begin 8 end 9 dif 0 startTime 0 endTime 0 useRe 0
begin 7 end 9 dif 0 startTime 0 endTime 0 useRe 0
begin 9 end 10 dif 0 startTime 0 endTime 0 useRe 0
begin 10 end 11 dif 0 startTime 0 endTime 0 useRe 0
begin 6 end 11 dif 0 startTime 0 endTime 0 useRe 0
begin 13 end 14 dif 0 startTime 0 endTime 0 useRe 0
begin 12 end 14 dif 0 startTime 0 endTime 0 useRe 0
begin 14 end 15 dif 0 startTime 0 endTime 0 useRe 0
begin 15 end 16 dif 0 startTime 0 endTime 0 useRe 0
begin 11 end 16 dif 0 startTime 0 endTime 0 useRe 0
begin 16 end 17 dif 0 startTime 0 endTime 0 useRe 0
begin 18 end 19 dif 0 startTime 0 endTime 0 useRe 0
begin 17 end 19 dif 0 startTime 0 endTime 0 useRe 0
begin 19 end 20 dif 0 startTime 0 endTime 0 useRe 0
begin 24 end 26 dif 0 startTime 0 endTime 0 useRe 0
begin 26 end 27 dif 0 startTime 0 endTime 0 useRe 0
begin 29 end 30 dif 0 startTime 0 endTime 0 useRe 0
begin 28 end 30 dif 0 startTime 0 endTime 0 useRe 0
begin 30 end 31 dif 0 startTime 0 endTime 0 useRe 0
begin 31 end 32 dif 0 startTime 0 endTime 0 useRe 0
begin 27 end 32 dif 0 startTime 0 endTime 0 useRe 0
begin 34 end 35 dif 0 startTime 0 endTime 0 useRe 0
begin 33 end 35 dif 0 startTime 0 endTime 0 useRe 0
begin 35 end 36 dif 0 startTime 0 endTime 0 useRe 0
begin 36 end 37 dif 0 startTime 0 endTime 0 useRe 0
begin 32 end 37 dif 0 startTime 0 endTime 0 useRe 0
begin 37 end 38 dif 0 startTime 0 endTime 0 useRe 0
begin 39 end 40 dif 0 startTime 0 endTime 0 useRe 0
begin 38 end 40 dif 0 startTime 0 endTime 0 useRe 0
begin 40 end 41 dif 0 startTime 0 endTime 0 useRe 0
begin 47 end 48 dif 0 startTime 0 endTime 0 useRe 0
begin 51 end 52 dif 0 startTime 0 endTime 0 useRe 0
begin 52 end 53 dif 0 startTime 0 endTime 0 useRe 0
begin 48 end 53 dif 0 startTime 0 endTime 0 useRe 0
begin 55 end 56 dif 0 startTime 0 endTime 0 useRe 0
begin 56 end 57 dif 0 startTime 0 endTime 0 useRe 0
begin 57 end 58 dif 0 startTime 0 endTime 0 useRe 0
begin 53 end 58 dif 0 startTime 0 endTime 0 useRe 0
begin 58 end 59 dif 0 startTime 0 endTime 0 useRe 0
begin 60 end 61 dif 0 startTime 0 endTime 0 useRe 0
begin 59 end 61 dif 0 startTime 0 endTime 0 useRe 0
begin 61 end 62 dif 0 startTime 0 endTime 0 useRe 0
begin 65 end 66 dif 0 startTime 0 endTime 0 useRe 0
begin 64 end 66 dif 0 startTime 0 endTime 0 useRe 0
begin 66 end 67 dif 0 startTime 0 endTime 0 useRe 0
begin 63 end 67 dif 0 startTime 0 endTime 0 useRe 0
begin 69 end 70 dif 0 startTime 0 endTime 0 useRe 0
begin 68 end 70 dif 0 startTime 0 endTime 0 useRe 0
begin 70 end 71 dif 0 startTime 0 endTime 0 useRe 0
begin 67 end 71 dif 0 startTime 0 endTime 0 useRe 0
begin 72 end 74 dif 0 startTime 0 endTime 0 useRe 0
begin 74 end 75 dif 0 startTime 0 endTime 0 useRe 0
begin 71 end 75 dif 0 startTime 0 endTime 0 useRe 0
begin 75 end 76 dif 0 startTime 0 endTime 0 useRe 0
begin 55 end 5 dif 2 startTime 0 endTime 0 useRe 12
begin 55 end 26 dif 2 startTime 0 endTime 0 useRe 12
begin 55 end 47 dif 3 startTime 0 endTime 0 useRe 18
begin 55 end 47 dif 2 startTime 0 endTime 0 useRe 12
begin 55 end 51 dif 4 startTime 0 endTime 0 useRe 24
begin 55 end 51 dif 1 startTime 0 endTime 0 useRe 6
begin 55 end 56 dif 5 startTime 0 endTime 0 useRe 30
begin 72 end 74 dif 1 startTime 0 endTime 0 useRe 6
  120
