

============ 1 PNU  Schedule==============

=======print_vars=====


 nodeID 3

 nodeID 4

 nodeID 5

 nodeID 6

 nodeID 7

 nodeID 8

 nodeID 9

 nodeID 10

 nodeID 11

 nodeID 12

 nodeID 13

 nodeID 14

 nodeID 15

 nodeID 16

 nodeID 17

 nodeID 18

 nodeID 19

 nodeID 20

=======print_cons=====

=======schedule=====

 II =  2

timeStep0  LSU  PE 
timeStep1  LSU  PE 
timeStep2  LSU  PE 
timeStep3  LSU  PE 
timeStep4  LSU  PE 
timeStep5  LSU  PE 
timeStep6  LSU  PE 
timeStep7  LSU  PE 
timeStep8  LSU  PE 
timeStep9  LSU  PE 
timeStep10  LSU  PE 

The total number of register
begin 4 end 5 dif 0 startTime 0 endTime 0 useRe 0
begin 3 end 5 dif 0 startTime 0 endTime 0 useRe 0
begin 5 end 6 dif 0 startTime 0 endTime 0 useRe 0
begin 8 end 9 dif 0 startTime 0 endTime 0 useRe 0
begin 7 end 9 dif 0 startTime 0 endTime 0 useRe 0
begin 9 end 10 dif 0 startTime 0 endTime 0 useRe 0
begin 10 end 11 dif 0 startTime 0 endTime 0 useRe 0
begin 6 end 11 dif 0 startTime 0 endTime 0 useRe 0
begin 13 end 14 dif 0 startTime 0 endTime 0 useRe 0
begin 12 end 14 dif 0 startTime 0 endTime 0 useRe 0
begin 14 end 15 dif 0 startTime 0 endTime 0 useRe 0
begin 15 end 16 dif 0 startTime 0 endTime 0 useRe 0
begin 11 end 16 dif 0 startTime 0 endTime 0 useRe 0
begin 16 end 17 dif 0 startTime 0 endTime 0 useRe 0
begin 18 end 19 dif 0 startTime 0 endTime 0 useRe 0
begin 17 end 19 dif 0 startTime 0 endTime 0 useRe 0
begin 19 end 20 dif 0 startTime 0 endTime 0 useRe 0
  0


============ 1 PNU  Schedule==============

=======print_vars=====


 nodeID 5

 nodeID 6

 nodeID 9

 nodeID 10

 nodeID 11

 nodeID 13

 nodeID 14

 nodeID 15

 nodeID 16

 nodeID 17

 nodeID 18

 nodeID 19

 nodeID 20

=======print_cons=====

=======schedule=====

 II =  1

timeStep0  LSU  PE 
timeStep1  LSU  PE 
timeStep2  LSU  PE 
timeStep3  LSU  PE 
timeStep4  LSU  PE 
timeStep5  LSU  PE 
timeStep6  LSU  PE 
timeStep7  LSU  PE 
timeStep8  LSU  PE 
timeStep9  LSU  PE 
timeStep10  LSU  PE 

The total number of register
begin 5 end 6 dif 0 startTime 0 endTime 0 useRe 0
begin 9 end 10 dif 0 startTime 0 endTime 0 useRe 0
begin 10 end 11 dif 0 startTime 0 endTime 0 useRe 0
begin 6 end 11 dif 0 startTime 0 endTime 0 useRe 0
begin 13 end 14 dif 0 startTime 0 endTime 0 useRe 0
begin 14 end 15 dif 0 startTime 0 endTime 0 useRe 0
begin 15 end 16 dif 0 startTime 0 endTime 0 useRe 0
begin 11 end 16 dif 0 startTime 0 endTime 0 useRe 0
begin 16 end 17 dif 0 startTime 0 endTime 0 useRe 0
begin 18 end 19 dif 0 startTime 0 endTime 0 useRe 0
begin 17 end 19 dif 0 startTime 0 endTime 0 useRe 0
begin 19 end 20 dif 0 startTime 0 endTime 0 useRe 0
begin 13 end 5 dif 3 startTime 0 endTime 0 useRe 3
begin 13 end 5 dif 2 startTime 0 endTime 0 useRe 2
begin 13 end 9 dif 4 startTime 0 endTime 0 useRe 4
begin 13 end 9 dif 1 startTime 0 endTime 0 useRe 1
begin 13 end 14 dif 5 startTime 0 endTime 0 useRe 5
  15


============ 1 PNU  Schedule==============

=======print_vars=====


 nodeID 3

 nodeID 4

 nodeID 5

 nodeID 6

 nodeID 7

 nodeID 8

 nodeID 9

 nodeID 10

 nodeID 11

 nodeID 12

 nodeID 13

 nodeID 14

 nodeID 15

 nodeID 16

 nodeID 17

 nodeID 18

 nodeID 19

 nodeID 20

=======print_cons=====

=======schedule=====

 II =  2

timeStep0  LSU  PE 
timeStep1  LSU  PE 
timeStep2  LSU  PE 
timeStep3  LSU  PE 
timeStep4  LSU  PE 
timeStep5  LSU  PE 
timeStep6  LSU  PE 
timeStep7  LSU  PE 
timeStep8  LSU  PE 
timeStep9  LSU  PE 
timeStep10  LSU  PE 

The total number of register
begin 4 end 5 dif 0 startTime 0 endTime 0 useRe 0
begin 3 end 5 dif 0 startTime 0 endTime 0 useRe 0
begin 5 end 6 dif 0 startTime 0 endTime 0 useRe 0
begin 8 end 9 dif 0 startTime 0 endTime 0 useRe 0
begin 7 end 9 dif 0 startTime 0 endTime 0 useRe 0
begin 9 end 10 dif 0 startTime 0 endTime 0 useRe 0
begin 10 end 11 dif 0 startTime 0 endTime 0 useRe 0
begin 6 end 11 dif 0 startTime 0 endTime 0 useRe 0
begin 13 end 14 dif 0 startTime 0 endTime 0 useRe 0
begin 12 end 14 dif 0 startTime 0 endTime 0 useRe 0
begin 14 end 15 dif 0 startTime 0 endTime 0 useRe 0
begin 15 end 16 dif 0 startTime 0 endTime 0 useRe 0
begin 11 end 16 dif 0 startTime 0 endTime 0 useRe 0
begin 16 end 17 dif 0 startTime 0 endTime 0 useRe 0
begin 18 end 19 dif 0 startTime 0 endTime 0 useRe 0
begin 17 end 19 dif 0 startTime 0 endTime 0 useRe 0
begin 19 end 20 dif 0 startTime 0 endTime 0 useRe 0
  0


============ 1 PNU  Schedule==============

=======print_vars=====


 nodeID 3

 nodeID 4

 nodeID 5

 nodeID 6

 nodeID 7

 nodeID 8

 nodeID 9

 nodeID 10

 nodeID 11

 nodeID 12

 nodeID 13

 nodeID 14

 nodeID 15

 nodeID 16

 nodeID 17

 nodeID 18

 nodeID 19

 nodeID 20

=======print_cons=====

=======schedule=====

 II =  2

timeStep0  LSU  PE 
timeStep1  LSU  PE 
timeStep2  LSU  PE 
timeStep3  LSU  PE 
timeStep4  LSU  PE 
timeStep5  LSU  PE 
timeStep6  LSU  PE 
timeStep7  LSU  PE 
timeStep8  LSU  PE 
timeStep9  LSU  PE 
timeStep10  LSU  PE 

The total number of register
begin 4 end 5 dif 0 startTime 0 endTime 0 useRe 0
begin 3 end 5 dif 0 startTime 0 endTime 0 useRe 0
begin 5 end 6 dif 0 startTime 0 endTime 0 useRe 0
begin 8 end 9 dif 0 startTime 0 endTime 0 useRe 0
begin 7 end 9 dif 0 startTime 0 endTime 0 useRe 0
begin 9 end 10 dif 0 startTime 0 endTime 0 useRe 0
begin 10 end 11 dif 0 startTime 0 endTime 0 useRe 0
begin 6 end 11 dif 0 startTime 0 endTime 0 useRe 0
begin 13 end 14 dif 0 startTime 0 endTime 0 useRe 0
begin 12 end 14 dif 0 startTime 0 endTime 0 useRe 0
begin 14 end 15 dif 0 startTime 0 endTime 0 useRe 0
begin 15 end 16 dif 0 startTime 0 endTime 0 useRe 0
begin 11 end 16 dif 0 startTime 0 endTime 0 useRe 0
begin 16 end 17 dif 0 startTime 0 endTime 0 useRe 0
begin 18 end 19 dif 0 startTime 0 endTime 0 useRe 0
begin 17 end 19 dif 0 startTime 0 endTime 0 useRe 0
begin 19 end 20 dif 0 startTime 0 endTime 0 useRe 0
  0


============ 1 PNU  Schedule==============

=======print_vars=====


 nodeID 3

 nodeID 4

 nodeID 5

 nodeID 6

 nodeID 7

 nodeID 8

 nodeID 9

 nodeID 10

 nodeID 11

 nodeID 12

 nodeID 13

 nodeID 14

 nodeID 15

 nodeID 16

 nodeID 17

 nodeID 18

 nodeID 19

 nodeID 20

=======print_cons=====

=======schedule=====

 II =  2

timeStep0  LSU  PE 
timeStep1  LSU  PE 
timeStep2  LSU  PE 
timeStep3  LSU  PE 
timeStep4  LSU  PE 
timeStep5  LSU  PE 
timeStep6  LSU  PE 
timeStep7  LSU  PE 
timeStep8  LSU  PE 
timeStep9  LSU  PE 
timeStep10  LSU  PE 

The total number of register
begin 4 end 5 dif 0 startTime 0 endTime 0 useRe 0
begin 3 end 5 dif 0 startTime 0 endTime 0 useRe 0
begin 5 end 6 dif 0 startTime 0 endTime 0 useRe 0
begin 8 end 9 dif 0 startTime 0 endTime 0 useRe 0
begin 7 end 9 dif 0 startTime 0 endTime 0 useRe 0
begin 9 end 10 dif 0 startTime 0 endTime 0 useRe 0
begin 10 end 11 dif 0 startTime 0 endTime 0 useRe 0
begin 6 end 11 dif 0 startTime 0 endTime 0 useRe 0
begin 13 end 14 dif 0 startTime 0 endTime 0 useRe 0
begin 12 end 14 dif 0 startTime 0 endTime 0 useRe 0
begin 14 end 15 dif 0 startTime 0 endTime 0 useRe 0
begin 15 end 16 dif 0 startTime 0 endTime 0 useRe 0
begin 11 end 16 dif 0 startTime 0 endTime 0 useRe 0
begin 16 end 17 dif 0 startTime 0 endTime 0 useRe 0
begin 18 end 19 dif 0 startTime 0 endTime 0 useRe 0
begin 17 end 19 dif 0 startTime 0 endTime 0 useRe 0
begin 19 end 20 dif 0 startTime 0 endTime 0 useRe 0
  0


============ 1 PNU  Schedule==============

=======print_vars=====


 nodeID 3

 nodeID 4

 nodeID 5

 nodeID 6

 nodeID 7

 nodeID 8

 nodeID 9

 nodeID 10

 nodeID 11

 nodeID 12

 nodeID 13

 nodeID 14

 nodeID 15

 nodeID 16

 nodeID 17

 nodeID 18

 nodeID 19

 nodeID 20

=======print_cons=====

=======schedule=====

 II =  2

timeStep0  LSU  PE 
timeStep1  LSU  PE 
timeStep2  LSU  PE 
timeStep3  LSU  PE 
timeStep4  LSU  PE 
timeStep5  LSU  PE 
timeStep6  LSU  PE 
timeStep7  LSU  PE 
timeStep8  LSU  PE 
timeStep9  LSU  PE 
timeStep10  LSU  PE 

The total number of register
begin 4 end 5 dif 0 startTime 0 endTime 0 useRe 0
begin 3 end 5 dif 0 startTime 0 endTime 0 useRe 0
begin 5 end 6 dif 0 startTime 0 endTime 0 useRe 0
begin 8 end 9 dif 0 startTime 0 endTime 0 useRe 0
begin 7 end 9 dif 0 startTime 0 endTime 0 useRe 0
begin 9 end 10 dif 0 startTime 0 endTime 0 useRe 0
begin 10 end 11 dif 0 startTime 0 endTime 0 useRe 0
begin 6 end 11 dif 0 startTime 0 endTime 0 useRe 0
begin 13 end 14 dif 0 startTime 0 endTime 0 useRe 0
begin 12 end 14 dif 0 startTime 0 endTime 0 useRe 0
begin 14 end 15 dif 0 startTime 0 endTime 0 useRe 0
begin 15 end 16 dif 0 startTime 0 endTime 0 useRe 0
begin 11 end 16 dif 0 startTime 0 endTime 0 useRe 0
begin 16 end 17 dif 0 startTime 0 endTime 0 useRe 0
begin 18 end 19 dif 0 startTime 0 endTime 0 useRe 0
begin 17 end 19 dif 0 startTime 0 endTime 0 useRe 0
begin 19 end 20 dif 0 startTime 0 endTime 0 useRe 0
  0


============ 1 PNU  Schedule==============

=======print_vars=====


 nodeID 3

 nodeID 4

 nodeID 5

 nodeID 6

 nodeID 7

 nodeID 8

 nodeID 9

 nodeID 10

 nodeID 11

 nodeID 12

 nodeID 13

 nodeID 14

 nodeID 15

 nodeID 16

 nodeID 17

 nodeID 18

 nodeID 19

 nodeID 20

=======print_cons=====

=======schedule=====

 II =  2

timeStep0  LSU  PE 
timeStep1  LSU  PE 
timeStep2  LSU  PE 
timeStep3  LSU  PE 
timeStep4  LSU  PE 
timeStep5  LSU  PE 
timeStep6  LSU  PE 
timeStep7  LSU  PE 
timeStep8  LSU  PE 
timeStep9  LSU  PE 
timeStep10  LSU  PE 

The total number of register
begin 4 end 5 dif 0 startTime 0 endTime 0 useRe 0
begin 3 end 5 dif 0 startTime 0 endTime 0 useRe 0
begin 5 end 6 dif 0 startTime 0 endTime 0 useRe 0
begin 8 end 9 dif 0 startTime 0 endTime 0 useRe 0
begin 7 end 9 dif 0 startTime 0 endTime 0 useRe 0
begin 9 end 10 dif 0 startTime 0 endTime 0 useRe 0
begin 10 end 11 dif 0 startTime 0 endTime 0 useRe 0
begin 6 end 11 dif 0 startTime 0 endTime 0 useRe 0
begin 13 end 14 dif 0 startTime 0 endTime 0 useRe 0
begin 12 end 14 dif 0 startTime 0 endTime 0 useRe 0
begin 14 end 15 dif 0 startTime 0 endTime 0 useRe 0
begin 15 end 16 dif 0 startTime 0 endTime 0 useRe 0
begin 11 end 16 dif 0 startTime 0 endTime 0 useRe 0
begin 16 end 17 dif 0 startTime 0 endTime 0 useRe 0
begin 18 end 19 dif 0 startTime 0 endTime 0 useRe 0
begin 17 end 19 dif 0 startTime 0 endTime 0 useRe 0
begin 19 end 20 dif 0 startTime 0 endTime 0 useRe 0
  0


============ 1 PNU  Schedule==============

=======print_vars=====


 nodeID 3

 nodeID 4

 nodeID 5

 nodeID 6

 nodeID 7

 nodeID 8

 nodeID 9

 nodeID 10

 nodeID 11

 nodeID 12

 nodeID 13

 nodeID 14

 nodeID 15

 nodeID 16

 nodeID 17

 nodeID 18

 nodeID 19

 nodeID 20

=======print_cons=====

=======schedule=====

 II =  2

timeStep0  LSU  PE 
timeStep1  LSU  PE 
timeStep2  LSU  PE 
timeStep3  LSU  PE 
timeStep4  LSU  PE 
timeStep5  LSU  PE 
timeStep6  LSU  PE 
timeStep7  LSU  PE 
timeStep8  LSU  PE 
timeStep9  LSU  PE 
timeStep10  LSU  PE 

The total number of register
begin 4 end 5 dif 0 startTime 0 endTime 0 useRe 0
begin 3 end 5 dif 0 startTime 0 endTime 0 useRe 0
begin 5 end 6 dif 0 startTime 0 endTime 0 useRe 0
begin 8 end 9 dif 0 startTime 0 endTime 0 useRe 0
begin 7 end 9 dif 0 startTime 0 endTime 0 useRe 0
begin 9 end 10 dif 0 startTime 0 endTime 0 useRe 0
begin 10 end 11 dif 0 startTime 0 endTime 0 useRe 0
begin 6 end 11 dif 0 startTime 0 endTime 0 useRe 0
begin 13 end 14 dif 0 startTime 0 endTime 0 useRe 0
begin 12 end 14 dif 0 startTime 0 endTime 0 useRe 0
begin 14 end 15 dif 0 startTime 0 endTime 0 useRe 0
begin 15 end 16 dif 0 startTime 0 endTime 0 useRe 0
begin 11 end 16 dif 0 startTime 0 endTime 0 useRe 0
begin 16 end 17 dif 0 startTime 0 endTime 0 useRe 0
begin 18 end 19 dif 0 startTime 0 endTime 0 useRe 0
begin 17 end 19 dif 0 startTime 0 endTime 0 useRe 0
begin 19 end 20 dif 0 startTime 0 endTime 0 useRe 0
  0


============ 1 PNU  Schedule==============

=======print_vars=====


 nodeID 3

 nodeID 4

 nodeID 5

 nodeID 6

 nodeID 7

 nodeID 8

 nodeID 9

 nodeID 10

 nodeID 11

 nodeID 12

 nodeID 13

 nodeID 14

 nodeID 15

 nodeID 16

 nodeID 17

 nodeID 18

 nodeID 19

 nodeID 20

=======print_cons=====

=======schedule=====

 II =  2

timeStep0  LSU  PE 
timeStep1  LSU  PE 
timeStep2  LSU  PE 
timeStep3  LSU  PE 
timeStep4  LSU  PE 
timeStep5  LSU  PE 
timeStep6  LSU  PE 
timeStep7  LSU  PE 
timeStep8  LSU  PE 
timeStep9  LSU  PE 
timeStep10  LSU  PE 

The total number of register
begin 4 end 5 dif 0 startTime 0 endTime 0 useRe 0
begin 3 end 5 dif 0 startTime 0 endTime 0 useRe 0
begin 5 end 6 dif 0 startTime 0 endTime 0 useRe 0
begin 8 end 9 dif 0 startTime 0 endTime 0 useRe 0
begin 7 end 9 dif 0 startTime 0 endTime 0 useRe 0
begin 9 end 10 dif 0 startTime 0 endTime 0 useRe 0
begin 10 end 11 dif 0 startTime 0 endTime 0 useRe 0
begin 6 end 11 dif 0 startTime 0 endTime 0 useRe 0
begin 13 end 14 dif 0 startTime 0 endTime 0 useRe 0
begin 12 end 14 dif 0 startTime 0 endTime 0 useRe 0
begin 14 end 15 dif 0 startTime 0 endTime 0 useRe 0
begin 15 end 16 dif 0 startTime 0 endTime 0 useRe 0
begin 11 end 16 dif 0 startTime 0 endTime 0 useRe 0
begin 16 end 17 dif 0 startTime 0 endTime 0 useRe 0
begin 18 end 19 dif 0 startTime 0 endTime 0 useRe 0
begin 17 end 19 dif 0 startTime 0 endTime 0 useRe 0
begin 19 end 20 dif 0 startTime 0 endTime 0 useRe 0
  0


============ 1 PNU  Schedule==============

=======print_vars=====


 nodeID 5

 nodeID 6

 nodeID 9

 nodeID 10

 nodeID 11

 nodeID 13

 nodeID 14

 nodeID 15

 nodeID 16

 nodeID 17

 nodeID 18

 nodeID 19

 nodeID 20

 nodeID 24

 nodeID 26

 nodeID 27

 nodeID 28

 nodeID 29

 nodeID 30

 nodeID 31

 nodeID 32

 nodeID 33

 nodeID 34

 nodeID 35

 nodeID 36

 nodeID 37

 nodeID 38

 nodeID 39

 nodeID 40

 nodeID 41

=======print_cons=====

=======schedule=====

 II =  3

timeStep0  LSU  PE 
timeStep1  LSU  PE 
timeStep2  LSU  PE 
timeStep3  LSU  PE 
timeStep4  LSU  PE 
timeStep5  LSU  PE 
timeStep6  LSU  PE 
timeStep7  LSU  PE 
timeStep8  LSU  PE 
timeStep9  LSU  PE 
timeStep10  LSU  PE 

The total number of register
begin 5 end 6 dif 0 startTime 0 endTime 0 useRe 0
begin 9 end 10 dif 0 startTime 0 endTime 0 useRe 0
begin 10 end 11 dif 0 startTime 0 endTime 0 useRe 0
begin 6 end 11 dif 0 startTime 0 endTime 0 useRe 0
begin 13 end 14 dif 0 startTime 0 endTime 0 useRe 0
begin 14 end 15 dif 0 startTime 0 endTime 0 useRe 0
begin 15 end 16 dif 0 startTime 0 endTime 0 useRe 0
begin 11 end 16 dif 0 startTime 0 endTime 0 useRe 0
begin 16 end 17 dif 0 startTime 0 endTime 0 useRe 0
begin 18 end 19 dif 0 startTime 0 endTime 0 useRe 0
begin 17 end 19 dif 0 startTime 0 endTime 0 useRe 0
begin 19 end 20 dif 0 startTime 0 endTime 0 useRe 0
begin 24 end 26 dif 0 startTime 0 endTime 0 useRe 0
begin 26 end 27 dif 0 startTime 0 endTime 0 useRe 0
begin 29 end 30 dif 0 startTime 0 endTime 0 useRe 0
begin 28 end 30 dif 0 startTime 0 endTime 0 useRe 0
begin 30 end 31 dif 0 startTime 0 endTime 0 useRe 0
begin 31 end 32 dif 0 startTime 0 endTime 0 useRe 0
begin 27 end 32 dif 0 startTime 0 endTime 0 useRe 0
begin 34 end 35 dif 0 startTime 0 endTime 0 useRe 0
begin 33 end 35 dif 0 startTime 0 endTime 0 useRe 0
begin 35 end 36 dif 0 startTime 0 endTime 0 useRe 0
begin 36 end 37 dif 0 startTime 0 endTime 0 useRe 0
begin 32 end 37 dif 0 startTime 0 endTime 0 useRe 0
begin 37 end 38 dif 0 startTime 0 endTime 0 useRe 0
begin 39 end 40 dif 0 startTime 0 endTime 0 useRe 0
begin 38 end 40 dif 0 startTime 0 endTime 0 useRe 0
begin 40 end 41 dif 0 startTime 0 endTime 0 useRe 0
begin 13 end 5 dif 3 startTime 0 endTime 0 useRe 9
begin 13 end 5 dif 2 startTime 0 endTime 0 useRe 6
begin 13 end 9 dif 4 startTime 0 endTime 0 useRe 12
begin 13 end 9 dif 1 startTime 0 endTime 0 useRe 3
begin 13 end 14 dif 5 startTime 0 endTime 0 useRe 15
begin 13 end 26 dif 2 startTime 0 endTime 0 useRe 6
  51


============ 1 PNU  Schedule==============

=======print_vars=====


 nodeID 3

 nodeID 5

 nodeID 6

 nodeID 7

 nodeID 8

 nodeID 9

 nodeID 10

 nodeID 11

 nodeID 12

 nodeID 13

 nodeID 14

 nodeID 15

 nodeID 16

 nodeID 17

 nodeID 18

 nodeID 19

 nodeID 20

 nodeID 26

 nodeID 27

 nodeID 30

 nodeID 31

 nodeID 32

 nodeID 34

 nodeID 35

 nodeID 36

 nodeID 37

 nodeID 38

 nodeID 39

 nodeID 40

 nodeID 41

=======print_cons=====

=======schedule=====

 II =  3

timeStep0  LSU  PE 
timeStep1  LSU  PE 
timeStep2  LSU  PE 
timeStep3  LSU  PE 
timeStep4  LSU  PE 
timeStep5  LSU  PE 
timeStep6  LSU  PE 
timeStep7  LSU  PE 
timeStep8  LSU  PE 
timeStep9  LSU  PE 
timeStep10  LSU  PE 

The total number of register
begin 3 end 5 dif 0 startTime 0 endTime 0 useRe 0
begin 5 end 6 dif 0 startTime 0 endTime 0 useRe 0
begin 8 end 9 dif 0 startTime 0 endTime 0 useRe 0
begin 7 end 9 dif 0 startTime 0 endTime 0 useRe 0
begin 9 end 10 dif 0 startTime 0 endTime 0 useRe 0
begin 10 end 11 dif 0 startTime 0 endTime 0 useRe 0
begin 6 end 11 dif 0 startTime 0 endTime 0 useRe 0
begin 13 end 14 dif 0 startTime 0 endTime 0 useRe 0
begin 12 end 14 dif 0 startTime 0 endTime 0 useRe 0
begin 14 end 15 dif 0 startTime 0 endTime 0 useRe 0
begin 15 end 16 dif 0 startTime 0 endTime 0 useRe 0
begin 11 end 16 dif 0 startTime 0 endTime 0 useRe 0
begin 16 end 17 dif 0 startTime 0 endTime 0 useRe 0
begin 18 end 19 dif 0 startTime 0 endTime 0 useRe 0
begin 17 end 19 dif 0 startTime 0 endTime 0 useRe 0
begin 19 end 20 dif 0 startTime 0 endTime 0 useRe 0
begin 26 end 27 dif 0 startTime 0 endTime 0 useRe 0
begin 30 end 31 dif 0 startTime 0 endTime 0 useRe 0
begin 31 end 32 dif 0 startTime 0 endTime 0 useRe 0
begin 27 end 32 dif 0 startTime 0 endTime 0 useRe 0
begin 34 end 35 dif 0 startTime 0 endTime 0 useRe 0
begin 35 end 36 dif 0 startTime 0 endTime 0 useRe 0
begin 36 end 37 dif 0 startTime 0 endTime 0 useRe 0
begin 32 end 37 dif 0 startTime 0 endTime 0 useRe 0
begin 37 end 38 dif 0 startTime 0 endTime 0 useRe 0
begin 39 end 40 dif 0 startTime 0 endTime 0 useRe 0
begin 38 end 40 dif 0 startTime 0 endTime 0 useRe 0
begin 40 end 41 dif 0 startTime 0 endTime 0 useRe 0
begin 34 end 5 dif 2 startTime 0 endTime 0 useRe 6
begin 34 end 26 dif 3 startTime 0 endTime 0 useRe 9
begin 34 end 26 dif 2 startTime 0 endTime 0 useRe 6
begin 34 end 30 dif 4 startTime 0 endTime 0 useRe 12
begin 34 end 30 dif 1 startTime 0 endTime 0 useRe 3
begin 34 end 35 dif 5 startTime 0 endTime 0 useRe 15
  51


============ 1 PNU  Schedule==============

=======print_vars=====


 nodeID 3

 nodeID 4

 nodeID 5

 nodeID 6

 nodeID 7

 nodeID 8

 nodeID 9

 nodeID 10

 nodeID 11

 nodeID 12

 nodeID 13

 nodeID 14

 nodeID 15

 nodeID 16

 nodeID 17

 nodeID 18

 nodeID 19

 nodeID 20

 nodeID 24

 nodeID 26

 nodeID 27

 nodeID 28

 nodeID 29

 nodeID 30

 nodeID 31

 nodeID 32

 nodeID 33

 nodeID 34

 nodeID 35

 nodeID 36

 nodeID 37

 nodeID 38

 nodeID 39

 nodeID 40

 nodeID 41

=======print_cons=====

=======schedule=====

 II =  4

timeStep0  LSU  PE 
timeStep1  LSU  PE 
timeStep2  LSU  PE 
timeStep3  LSU  PE 
timeStep4  LSU  PE 
timeStep5  LSU  PE 
timeStep6  LSU  PE 
timeStep7  LSU  PE 
timeStep8  LSU  PE 
timeStep9  LSU  PE 
timeStep10  LSU  PE 

The total number of register
begin 4 end 5 dif 0 startTime 0 endTime 0 useRe 0
begin 3 end 5 dif 0 startTime 0 endTime 0 useRe 0
begin 5 end 6 dif 0 startTime 0 endTime 0 useRe 0
begin 8 end 9 dif 0 startTime 0 endTime 0 useRe 0
begin 7 end 9 dif 0 startTime 0 endTime 0 useRe 0
begin 9 end 10 dif 0 startTime 0 endTime 0 useRe 0
begin 10 end 11 dif 0 startTime 0 endTime 0 useRe 0
begin 6 end 11 dif 0 startTime 0 endTime 0 useRe 0
begin 13 end 14 dif 0 startTime 0 endTime 0 useRe 0
begin 12 end 14 dif 0 startTime 0 endTime 0 useRe 0
begin 14 end 15 dif 0 startTime 0 endTime 0 useRe 0
begin 15 end 16 dif 0 startTime 0 endTime 0 useRe 0
begin 11 end 16 dif 0 startTime 0 endTime 0 useRe 0
begin 16 end 17 dif 0 startTime 0 endTime 0 useRe 0
begin 18 end 19 dif 0 startTime 0 endTime 0 useRe 0
begin 17 end 19 dif 0 startTime 0 endTime 0 useRe 0
begin 19 end 20 dif 0 startTime 0 endTime 0 useRe 0
begin 24 end 26 dif 0 startTime 0 endTime 0 useRe 0
begin 26 end 27 dif 0 startTime 0 endTime 0 useRe 0
begin 29 end 30 dif 0 startTime 0 endTime 0 useRe 0
begin 28 end 30 dif 0 startTime 0 endTime 0 useRe 0
begin 30 end 31 dif 0 startTime 0 endTime 0 useRe 0
begin 31 end 32 dif 0 startTime 0 endTime 0 useRe 0
begin 27 end 32 dif 0 startTime 0 endTime 0 useRe 0
begin 34 end 35 dif 0 startTime 0 endTime 0 useRe 0
begin 33 end 35 dif 0 startTime 0 endTime 0 useRe 0
begin 35 end 36 dif 0 startTime 0 endTime 0 useRe 0
begin 36 end 37 dif 0 startTime 0 endTime 0 useRe 0
begin 32 end 37 dif 0 startTime 0 endTime 0 useRe 0
begin 37 end 38 dif 0 startTime 0 endTime 0 useRe 0
begin 39 end 40 dif 0 startTime 0 endTime 0 useRe 0
begin 38 end 40 dif 0 startTime 0 endTime 0 useRe 0
begin 40 end 41 dif 0 startTime 0 endTime 0 useRe 0
begin 4 end 26 dif 0 startTime 0 endTime 0 useRe 0
  0


============ 1 PNU  Schedule==============

=======print_vars=====


 nodeID 3

 nodeID 4

 nodeID 5

 nodeID 6

 nodeID 7

 nodeID 8

 nodeID 9

 nodeID 10

 nodeID 11

 nodeID 12

 nodeID 13

 nodeID 14

 nodeID 15

 nodeID 16

 nodeID 17

 nodeID 18

 nodeID 19

 nodeID 20

=======print_cons=====

=======schedule=====

 II =  2

timeStep0  LSU  PE 
timeStep1  LSU  PE 
timeStep2  LSU  PE 
timeStep3  LSU  PE 
timeStep4  LSU  PE 
timeStep5  LSU  PE 
timeStep6  LSU  PE 
timeStep7  LSU  PE 
timeStep8  LSU  PE 
timeStep9  LSU  PE 
timeStep10  LSU  PE 

The total number of register
begin 4 end 5 dif 0 startTime 0 endTime 0 useRe 0
begin 3 end 5 dif 0 startTime 0 endTime 0 useRe 0
begin 5 end 6 dif 0 startTime 0 endTime 0 useRe 0
begin 8 end 9 dif 0 startTime 0 endTime 0 useRe 0
begin 7 end 9 dif 0 startTime 0 endTime 0 useRe 0
begin 9 end 10 dif 0 startTime 0 endTime 0 useRe 0
begin 10 end 11 dif 0 startTime 0 endTime 0 useRe 0
begin 6 end 11 dif 0 startTime 0 endTime 0 useRe 0
begin 13 end 14 dif 0 startTime 0 endTime 0 useRe 0
begin 12 end 14 dif 0 startTime 0 endTime 0 useRe 0
begin 14 end 15 dif 0 startTime 0 endTime 0 useRe 0
begin 15 end 16 dif 0 startTime 0 endTime 0 useRe 0
begin 11 end 16 dif 0 startTime 0 endTime 0 useRe 0
begin 16 end 17 dif 0 startTime 0 endTime 0 useRe 0
begin 18 end 19 dif 0 startTime 0 endTime 0 useRe 0
begin 17 end 19 dif 0 startTime 0 endTime 0 useRe 0
begin 19 end 20 dif 0 startTime 0 endTime 0 useRe 0
  0


============ 1 PNU  Schedule==============

=======print_vars=====


 nodeID 3

 nodeID 4

 nodeID 5

 nodeID 6

 nodeID 7

 nodeID 8

 nodeID 9

 nodeID 10

 nodeID 11

 nodeID 12

 nodeID 13

 nodeID 14

 nodeID 15

 nodeID 16

 nodeID 17

 nodeID 18

 nodeID 19

 nodeID 20

=======print_cons=====

=======schedule=====

 II =  2

timeStep0  LSU  PE 
timeStep1  LSU  PE 
timeStep2  LSU  PE 
timeStep3  LSU  PE 
timeStep4  LSU  PE 
timeStep5  LSU  PE 
timeStep6  LSU  PE 
timeStep7  LSU  PE 
timeStep8  LSU  PE 
timeStep9  LSU  PE 
timeStep10  LSU  PE 

The total number of register
begin 4 end 5 dif 0 startTime 0 endTime 0 useRe 0
begin 3 end 5 dif 0 startTime 0 endTime 0 useRe 0
begin 5 end 6 dif 0 startTime 0 endTime 0 useRe 0
begin 8 end 9 dif 0 startTime 0 endTime 0 useRe 0
begin 7 end 9 dif 0 startTime 0 endTime 0 useRe 0
begin 9 end 10 dif 0 startTime 0 endTime 0 useRe 0
begin 10 end 11 dif 0 startTime 0 endTime 0 useRe 0
begin 6 end 11 dif 0 startTime 0 endTime 0 useRe 0
begin 13 end 14 dif 0 startTime 0 endTime 0 useRe 0
begin 12 end 14 dif 0 startTime 0 endTime 0 useRe 0
begin 14 end 15 dif 0 startTime 0 endTime 0 useRe 0
begin 15 end 16 dif 0 startTime 0 endTime 0 useRe 0
begin 11 end 16 dif 0 startTime 0 endTime 0 useRe 0
begin 16 end 17 dif 0 startTime 0 endTime 0 useRe 0
begin 18 end 19 dif 0 startTime 0 endTime 0 useRe 0
begin 17 end 19 dif 0 startTime 0 endTime 0 useRe 0
begin 19 end 20 dif 0 startTime 0 endTime 0 useRe 0
  0


============ 1 PNU  Schedule==============

=======print_vars=====


 nodeID 3

 nodeID 4

 nodeID 5

 nodeID 6

 nodeID 7

 nodeID 8

 nodeID 9

 nodeID 10

 nodeID 11

 nodeID 12

 nodeID 13

 nodeID 14

 nodeID 15

 nodeID 16

 nodeID 17

 nodeID 18

 nodeID 19

 nodeID 20

=======print_cons=====

=======schedule=====

 II =  2

timeStep0  LSU  PE 
timeStep1  LSU  PE 
timeStep2  LSU  PE 
timeStep3  LSU  PE 
timeStep4  LSU  PE 
timeStep5  LSU  PE 
timeStep6  LSU  PE 
timeStep7  LSU  PE 
timeStep8  LSU  PE 
timeStep9  LSU  PE 
timeStep10  LSU  PE 

The total number of register
begin 4 end 5 dif 0 startTime 0 endTime 0 useRe 0
begin 3 end 5 dif 0 startTime 0 endTime 0 useRe 0
begin 5 end 6 dif 0 startTime 0 endTime 0 useRe 0
begin 8 end 9 dif 0 startTime 0 endTime 0 useRe 0
begin 7 end 9 dif 0 startTime 0 endTime 0 useRe 0
begin 9 end 10 dif 0 startTime 0 endTime 0 useRe 0
begin 10 end 11 dif 0 startTime 0 endTime 0 useRe 0
begin 6 end 11 dif 0 startTime 0 endTime 0 useRe 0
begin 13 end 14 dif 0 startTime 0 endTime 0 useRe 0
begin 12 end 14 dif 0 startTime 0 endTime 0 useRe 0
begin 14 end 15 dif 0 startTime 0 endTime 0 useRe 0
begin 15 end 16 dif 0 startTime 0 endTime 0 useRe 0
begin 11 end 16 dif 0 startTime 0 endTime 0 useRe 0
begin 16 end 17 dif 0 startTime 0 endTime 0 useRe 0
begin 18 end 19 dif 0 startTime 0 endTime 0 useRe 0
begin 17 end 19 dif 0 startTime 0 endTime 0 useRe 0
begin 19 end 20 dif 0 startTime 0 endTime 0 useRe 0
  0
