
=======schedule=====

 II =  1

timeStep0  LSU N13T0_23 N18T0_45  PE 
timeStep1  LSU  PE 
timeStep2  LSU  PE 
timeStep3  LSU  PE N9T3_13 
timeStep4  LSU  PE N5T4_6 N14T4_30 
timeStep5  LSU  PE N6T5_10 N10T5_18 
timeStep6  LSU  PE N11T6_22 N15T6_36 
timeStep7  LSU  PE N16T7_40 
timeStep8  LSU  PE N17T8_44 
timeStep9  LSU  PE N19T9_57 
timeStep10  LSU N20T10_61  PE 

The total number of register
begin 5 end 6 dif 0 startTime 4 endTime 5 useRe 1
begin 9 end 10 dif 0 startTime 3 endTime 5 useRe 2
begin 10 end 11 dif 0 startTime 5 endTime 6 useRe 1
begin 6 end 11 dif 0 startTime 5 endTime 6 useRe 1
begin 13 end 14 dif 0 startTime 0 endTime 4 useRe 4
begin 14 end 15 dif 0 startTime 4 endTime 6 useRe 2
begin 15 end 16 dif 0 startTime 6 endTime 7 useRe 1
begin 11 end 16 dif 0 startTime 6 endTime 7 useRe 1
begin 16 end 17 dif 0 startTime 7 endTime 8 useRe 1
begin 18 end 19 dif 0 startTime 0 endTime 9 useRe 9
begin 17 end 19 dif 0 startTime 8 endTime 9 useRe 1
begin 19 end 20 dif 0 startTime 9 endTime 10 useRe 1
begin 13 end 5 dif 3 startTime 0 endTime 4 useRe 7
begin 13 end 5 dif 2 startTime 0 endTime 4 useRe 6
begin 13 end 9 dif 4 startTime 0 endTime 3 useRe 7
begin 13 end 9 dif 1 startTime 0 endTime 3 useRe 4
begin 13 end 14 dif 5 startTime 0 endTime 4 useRe 9
  58
