
=======schedule=====

 II =  1

timeStep0  LSU N13T0_23  PE 
timeStep1  LSU N18T1_46  PE N5T1_3 N9T1_11 N14T1_27 
timeStep2  LSU  PE N6T2_7 N10T2_15 N15T2_32 
timeStep3  LSU  PE N11T3_19 
timeStep4  LSU  PE N16T4_37 
timeStep5  LSU  PE N17T5_41 
timeStep6  LSU  PE N19T6_54 
timeStep7  LSU N20T7_58  PE 
timeStep8  LSU  PE 
timeStep9  LSU  PE 
timeStep10  LSU  PE 

The total number of register
begin 5 end 6 dif 0 startTime 1 endTime 2 useRe 1
begin 9 end 10 dif 0 startTime 1 endTime 2 useRe 1
begin 10 end 11 dif 0 startTime 2 endTime 3 useRe 1
begin 6 end 11 dif 0 startTime 2 endTime 3 useRe 1
begin 13 end 14 dif 0 startTime 0 endTime 1 useRe 1
begin 14 end 15 dif 0 startTime 1 endTime 2 useRe 1
begin 15 end 16 dif 0 startTime 2 endTime 4 useRe 2
begin 11 end 16 dif 0 startTime 3 endTime 4 useRe 1
begin 16 end 17 dif 0 startTime 4 endTime 5 useRe 1
begin 18 end 19 dif 0 startTime 1 endTime 6 useRe 5
begin 17 end 19 dif 0 startTime 5 endTime 6 useRe 1
begin 19 end 20 dif 0 startTime 6 endTime 7 useRe 1
begin 13 end 5 dif 3 startTime 0 endTime 1 useRe 4
begin 13 end 5 dif 2 startTime 0 endTime 1 useRe 3
begin 13 end 9 dif 4 startTime 0 endTime 1 useRe 5
begin 13 end 9 dif 1 startTime 0 endTime 1 useRe 2
begin 13 end 14 dif 5 startTime 0 endTime 1 useRe 6
  37
