

============ 12 PNU  Schedule==============

=======print_vars=====


 nodeID 3

 nodeID 4

 nodeID 5

 nodeID 6

 nodeID 7

 nodeID 8

 nodeID 9

 nodeID 10

 nodeID 11

 nodeID 12

 nodeID 13

 nodeID 14

 nodeID 15

 nodeID 16

 nodeID 17

 nodeID 18

 nodeID 19

 nodeID 20

 nodeID 21

 nodeID 22

 nodeID 23

 nodeID 24

 nodeID 25

 nodeID 26

 nodeID 28

 nodeID 29

 nodeID 30

 nodeID 31

 nodeID 32

 nodeID 33

 nodeID 34

=======print_cons=====

=======schedule=====

 II =  4

timeStep0  LSU  PE 
timeStep1  LSU  PE 
timeStep2  LSU  PE 
timeStep3  LSU  PE 
timeStep4  LSU  PE 
timeStep5  LSU  PE 
timeStep6  LSU  PE 
timeStep7  LSU  PE 
timeStep8  LSU  PE 
timeStep9  LSU  PE 
timeStep10  LSU  PE 

The total number of register
begin 4 end 5 dif 0 startTime 0 endTime 0 useRe 0
begin 3 end 5 dif 0 startTime 0 endTime 0 useRe 0
begin 5 end 6 dif 0 startTime 0 endTime 0 useRe 0
begin 8 end 9 dif 0 startTime 0 endTime 0 useRe 0
begin 7 end 9 dif 0 startTime 0 endTime 0 useRe 0
begin 9 end 10 dif 0 startTime 0 endTime 0 useRe 0
begin 10 end 11 dif 0 startTime 0 endTime 0 useRe 0
begin 6 end 11 dif 0 startTime 0 endTime 0 useRe 0
begin 13 end 14 dif 0 startTime 0 endTime 0 useRe 0
begin 12 end 14 dif 0 startTime 0 endTime 0 useRe 0
begin 14 end 15 dif 0 startTime 0 endTime 0 useRe 0
begin 15 end 16 dif 0 startTime 0 endTime 0 useRe 0
begin 11 end 16 dif 0 startTime 0 endTime 0 useRe 0
begin 16 end 17 dif 0 startTime 0 endTime 0 useRe 0
begin 18 end 19 dif 0 startTime 0 endTime 0 useRe 0
begin 17 end 19 dif 0 startTime 0 endTime 0 useRe 0
begin 19 end 20 dif 0 startTime 0 endTime 0 useRe 0
begin 23 end 24 dif 0 startTime 0 endTime 0 useRe 0
begin 22 end 24 dif 0 startTime 0 endTime 0 useRe 0
begin 24 end 25 dif 0 startTime 0 endTime 0 useRe 0
begin 21 end 25 dif 0 startTime 0 endTime 0 useRe 0
begin 26 end 28 dif 0 startTime 0 endTime 0 useRe 0
begin 28 end 29 dif 0 startTime 0 endTime 0 useRe 0
begin 25 end 29 dif 0 startTime 0 endTime 0 useRe 0
begin 31 end 32 dif 0 startTime 0 endTime 0 useRe 0
begin 30 end 32 dif 0 startTime 0 endTime 0 useRe 0
begin 32 end 33 dif 0 startTime 0 endTime 0 useRe 0
begin 29 end 33 dif 0 startTime 0 endTime 0 useRe 0
begin 33 end 34 dif 0 startTime 0 endTime 0 useRe 0
begin 26 end 28 dif 1 startTime 0 endTime 0 useRe 4
  4


============ 12 PNU  Schedule==============

=======print_vars=====


 nodeID 3

 nodeID 4

 nodeID 5

 nodeID 6

 nodeID 7

 nodeID 8

 nodeID 9

 nodeID 10

 nodeID 11

 nodeID 12

 nodeID 13

 nodeID 14

 nodeID 15

 nodeID 16

 nodeID 17

 nodeID 18

 nodeID 19

 nodeID 20

 nodeID 21

 nodeID 22

 nodeID 24

 nodeID 25

 nodeID 26

 nodeID 27

 nodeID 28

 nodeID 29

 nodeID 30

 nodeID 31

 nodeID 32

 nodeID 33

 nodeID 34

=======print_cons=====

=======schedule=====

 II =  4

timeStep0  LSU  PE 
timeStep1  LSU  PE 
timeStep2  LSU  PE 
timeStep3  LSU  PE 
timeStep4  LSU  PE 
timeStep5  LSU  PE 
timeStep6  LSU  PE 
timeStep7  LSU  PE 
timeStep8  LSU  PE 
timeStep9  LSU  PE 
timeStep10  LSU  PE 

The total number of register
begin 4 end 5 dif 0 startTime 0 endTime 0 useRe 0
begin 3 end 5 dif 0 startTime 0 endTime 0 useRe 0
begin 5 end 6 dif 0 startTime 0 endTime 0 useRe 0
begin 8 end 9 dif 0 startTime 0 endTime 0 useRe 0
begin 7 end 9 dif 0 startTime 0 endTime 0 useRe 0
begin 9 end 10 dif 0 startTime 0 endTime 0 useRe 0
begin 10 end 11 dif 0 startTime 0 endTime 0 useRe 0
begin 6 end 11 dif 0 startTime 0 endTime 0 useRe 0
begin 13 end 14 dif 0 startTime 0 endTime 0 useRe 0
begin 12 end 14 dif 0 startTime 0 endTime 0 useRe 0
begin 14 end 15 dif 0 startTime 0 endTime 0 useRe 0
begin 15 end 16 dif 0 startTime 0 endTime 0 useRe 0
begin 11 end 16 dif 0 startTime 0 endTime 0 useRe 0
begin 16 end 17 dif 0 startTime 0 endTime 0 useRe 0
begin 18 end 19 dif 0 startTime 0 endTime 0 useRe 0
begin 17 end 19 dif 0 startTime 0 endTime 0 useRe 0
begin 19 end 20 dif 0 startTime 0 endTime 0 useRe 0
begin 22 end 24 dif 0 startTime 0 endTime 0 useRe 0
begin 24 end 25 dif 0 startTime 0 endTime 0 useRe 0
begin 21 end 25 dif 0 startTime 0 endTime 0 useRe 0
begin 27 end 28 dif 0 startTime 0 endTime 0 useRe 0
begin 26 end 28 dif 0 startTime 0 endTime 0 useRe 0
begin 28 end 29 dif 0 startTime 0 endTime 0 useRe 0
begin 25 end 29 dif 0 startTime 0 endTime 0 useRe 0
begin 31 end 32 dif 0 startTime 0 endTime 0 useRe 0
begin 30 end 32 dif 0 startTime 0 endTime 0 useRe 0
begin 32 end 33 dif 0 startTime 0 endTime 0 useRe 0
begin 29 end 33 dif 0 startTime 0 endTime 0 useRe 0
begin 33 end 34 dif 0 startTime 0 endTime 0 useRe 0
begin 22 end 24 dif 1 startTime 0 endTime 0 useRe 4
  4
