

============ 2 PNU  Schedule==============

=======print_vars=====


 nodeID 5

 nodeID 6

 nodeID 9

 nodeID 10

 nodeID 11

 nodeID 13

 nodeID 14

 nodeID 15

 nodeID 16

 nodeID 17

 nodeID 18

 nodeID 19

 nodeID 20

=======print_cons=====

=======schedule=====

 II =  1

timeStep0  LSU  PE 
timeStep1  LSU  PE 
timeStep2  LSU  PE 
timeStep3  LSU  PE 
timeStep4  LSU  PE 
timeStep5  LSU  PE 
timeStep6  LSU  PE 
timeStep7  LSU  PE 
timeStep8  LSU  PE 
timeStep9  LSU  PE 
timeStep10  LSU  PE 

The total number of register
begin 5 end 6 dif 0 startTime 0 endTime 0 useRe 0
begin 9 end 10 dif 0 startTime 0 endTime 0 useRe 0
begin 10 end 11 dif 0 startTime 0 endTime 0 useRe 0
begin 6 end 11 dif 0 startTime 0 endTime 0 useRe 0
begin 13 end 14 dif 0 startTime 0 endTime 0 useRe 0
begin 14 end 15 dif 0 startTime 0 endTime 0 useRe 0
begin 15 end 16 dif 0 startTime 0 endTime 0 useRe 0
begin 11 end 16 dif 0 startTime 0 endTime 0 useRe 0
begin 16 end 17 dif 0 startTime 0 endTime 0 useRe 0
begin 18 end 19 dif 0 startTime 0 endTime 0 useRe 0
begin 17 end 19 dif 0 startTime 0 endTime 0 useRe 0
begin 19 end 20 dif 0 startTime 0 endTime 0 useRe 0
begin 13 end 5 dif 3 startTime 0 endTime 0 useRe 3
begin 13 end 5 dif 2 startTime 0 endTime 0 useRe 2
begin 13 end 9 dif 4 startTime 0 endTime 0 useRe 4
begin 13 end 9 dif 1 startTime 0 endTime 0 useRe 1
begin 13 end 14 dif 5 startTime 0 endTime 0 useRe 5
  15


============ 2 PNU  Schedule==============

=======print_vars=====


 nodeID 3

 nodeID 4

 nodeID 5

 nodeID 6

 nodeID 7

 nodeID 8

 nodeID 9

 nodeID 10

 nodeID 11

 nodeID 12

 nodeID 13

 nodeID 14

 nodeID 15

 nodeID 16

 nodeID 17

 nodeID 18

 nodeID 19

 nodeID 20

=======print_cons=====

=======schedule=====

 II =  2

timeStep0  LSU  PE 
timeStep1  LSU  PE 
timeStep2  LSU  PE 
timeStep3  LSU  PE 
timeStep4  LSU  PE 
timeStep5  LSU  PE 
timeStep6  LSU  PE 
timeStep7  LSU  PE 
timeStep8  LSU  PE 
timeStep9  LSU  PE 
timeStep10  LSU  PE 

The total number of register
begin 4 end 5 dif 0 startTime 0 endTime 0 useRe 0
begin 3 end 5 dif 0 startTime 0 endTime 0 useRe 0
begin 5 end 6 dif 0 startTime 0 endTime 0 useRe 0
begin 8 end 9 dif 0 startTime 0 endTime 0 useRe 0
begin 7 end 9 dif 0 startTime 0 endTime 0 useRe 0
begin 9 end 10 dif 0 startTime 0 endTime 0 useRe 0
begin 10 end 11 dif 0 startTime 0 endTime 0 useRe 0
begin 6 end 11 dif 0 startTime 0 endTime 0 useRe 0
begin 13 end 14 dif 0 startTime 0 endTime 0 useRe 0
begin 12 end 14 dif 0 startTime 0 endTime 0 useRe 0
begin 14 end 15 dif 0 startTime 0 endTime 0 useRe 0
begin 15 end 16 dif 0 startTime 0 endTime 0 useRe 0
begin 11 end 16 dif 0 startTime 0 endTime 0 useRe 0
begin 16 end 17 dif 0 startTime 0 endTime 0 useRe 0
begin 18 end 19 dif 0 startTime 0 endTime 0 useRe 0
begin 17 end 19 dif 0 startTime 0 endTime 0 useRe 0
begin 19 end 20 dif 0 startTime 0 endTime 0 useRe 0
  0


============ 2 PNU  Schedule==============

=======print_vars=====


 nodeID 3

 nodeID 4

 nodeID 5

 nodeID 6

 nodeID 7

 nodeID 8

 nodeID 9

 nodeID 10

 nodeID 11

 nodeID 12

 nodeID 13

 nodeID 14

 nodeID 15

 nodeID 16

 nodeID 17

 nodeID 18

 nodeID 19

 nodeID 20

=======print_cons=====

=======schedule=====

 II =  2

timeStep0  LSU  PE 
timeStep1  LSU  PE 
timeStep2  LSU  PE 
timeStep3  LSU  PE 
timeStep4  LSU  PE 
timeStep5  LSU  PE 
timeStep6  LSU  PE 
timeStep7  LSU  PE 
timeStep8  LSU  PE 
timeStep9  LSU  PE 
timeStep10  LSU  PE 

The total number of register
begin 4 end 5 dif 0 startTime 0 endTime 0 useRe 0
begin 3 end 5 dif 0 startTime 0 endTime 0 useRe 0
begin 5 end 6 dif 0 startTime 0 endTime 0 useRe 0
begin 8 end 9 dif 0 startTime 0 endTime 0 useRe 0
begin 7 end 9 dif 0 startTime 0 endTime 0 useRe 0
begin 9 end 10 dif 0 startTime 0 endTime 0 useRe 0
begin 10 end 11 dif 0 startTime 0 endTime 0 useRe 0
begin 6 end 11 dif 0 startTime 0 endTime 0 useRe 0
begin 13 end 14 dif 0 startTime 0 endTime 0 useRe 0
begin 12 end 14 dif 0 startTime 0 endTime 0 useRe 0
begin 14 end 15 dif 0 startTime 0 endTime 0 useRe 0
begin 15 end 16 dif 0 startTime 0 endTime 0 useRe 0
begin 11 end 16 dif 0 startTime 0 endTime 0 useRe 0
begin 16 end 17 dif 0 startTime 0 endTime 0 useRe 0
begin 18 end 19 dif 0 startTime 0 endTime 0 useRe 0
begin 17 end 19 dif 0 startTime 0 endTime 0 useRe 0
begin 19 end 20 dif 0 startTime 0 endTime 0 useRe 0
  0


============ 2 PNU  Schedule==============

=======print_vars=====


 nodeID 3

 nodeID 4

 nodeID 5

 nodeID 6

 nodeID 7

 nodeID 8

 nodeID 9

 nodeID 10

 nodeID 11

 nodeID 12

 nodeID 13

 nodeID 14

 nodeID 15

 nodeID 16

 nodeID 17

 nodeID 18

 nodeID 19

 nodeID 20

=======print_cons=====

=======schedule=====

 II =  2

timeStep0  LSU  PE 
timeStep1  LSU  PE 
timeStep2  LSU  PE 
timeStep3  LSU  PE 
timeStep4  LSU  PE 
timeStep5  LSU  PE 
timeStep6  LSU  PE 
timeStep7  LSU  PE 
timeStep8  LSU  PE 
timeStep9  LSU  PE 
timeStep10  LSU  PE 

The total number of register
begin 4 end 5 dif 0 startTime 0 endTime 0 useRe 0
begin 3 end 5 dif 0 startTime 0 endTime 0 useRe 0
begin 5 end 6 dif 0 startTime 0 endTime 0 useRe 0
begin 8 end 9 dif 0 startTime 0 endTime 0 useRe 0
begin 7 end 9 dif 0 startTime 0 endTime 0 useRe 0
begin 9 end 10 dif 0 startTime 0 endTime 0 useRe 0
begin 10 end 11 dif 0 startTime 0 endTime 0 useRe 0
begin 6 end 11 dif 0 startTime 0 endTime 0 useRe 0
begin 13 end 14 dif 0 startTime 0 endTime 0 useRe 0
begin 12 end 14 dif 0 startTime 0 endTime 0 useRe 0
begin 14 end 15 dif 0 startTime 0 endTime 0 useRe 0
begin 15 end 16 dif 0 startTime 0 endTime 0 useRe 0
begin 11 end 16 dif 0 startTime 0 endTime 0 useRe 0
begin 16 end 17 dif 0 startTime 0 endTime 0 useRe 0
begin 18 end 19 dif 0 startTime 0 endTime 0 useRe 0
begin 17 end 19 dif 0 startTime 0 endTime 0 useRe 0
begin 19 end 20 dif 0 startTime 0 endTime 0 useRe 0
  0


============ 2 PNU  Schedule==============

=======print_vars=====


 nodeID 3

 nodeID 4

 nodeID 5

 nodeID 6

 nodeID 7

 nodeID 8

 nodeID 9

 nodeID 10

 nodeID 11

 nodeID 12

 nodeID 13

 nodeID 14

 nodeID 15

 nodeID 16

 nodeID 17

 nodeID 18

 nodeID 19

 nodeID 20

=======print_cons=====

=======schedule=====

 II =  2

timeStep0  LSU  PE 
timeStep1  LSU  PE 
timeStep2  LSU  PE 
timeStep3  LSU  PE 
timeStep4  LSU  PE 
timeStep5  LSU  PE 
timeStep6  LSU  PE 
timeStep7  LSU  PE 
timeStep8  LSU  PE 
timeStep9  LSU  PE 
timeStep10  LSU  PE 

The total number of register
begin 4 end 5 dif 0 startTime 0 endTime 0 useRe 0
begin 3 end 5 dif 0 startTime 0 endTime 0 useRe 0
begin 5 end 6 dif 0 startTime 0 endTime 0 useRe 0
begin 8 end 9 dif 0 startTime 0 endTime 0 useRe 0
begin 7 end 9 dif 0 startTime 0 endTime 0 useRe 0
begin 9 end 10 dif 0 startTime 0 endTime 0 useRe 0
begin 10 end 11 dif 0 startTime 0 endTime 0 useRe 0
begin 6 end 11 dif 0 startTime 0 endTime 0 useRe 0
begin 13 end 14 dif 0 startTime 0 endTime 0 useRe 0
begin 12 end 14 dif 0 startTime 0 endTime 0 useRe 0
begin 14 end 15 dif 0 startTime 0 endTime 0 useRe 0
begin 15 end 16 dif 0 startTime 0 endTime 0 useRe 0
begin 11 end 16 dif 0 startTime 0 endTime 0 useRe 0
begin 16 end 17 dif 0 startTime 0 endTime 0 useRe 0
begin 18 end 19 dif 0 startTime 0 endTime 0 useRe 0
begin 17 end 19 dif 0 startTime 0 endTime 0 useRe 0
begin 19 end 20 dif 0 startTime 0 endTime 0 useRe 0
  0


============ 2 PNU  Schedule==============

=======print_vars=====


 nodeID 3

 nodeID 4

 nodeID 5

 nodeID 6

 nodeID 7

 nodeID 8

 nodeID 9

 nodeID 10

 nodeID 11

 nodeID 12

 nodeID 13

 nodeID 14

 nodeID 15

 nodeID 16

 nodeID 17

 nodeID 18

 nodeID 19

 nodeID 20

=======print_cons=====

=======schedule=====

 II =  2

timeStep0  LSU  PE 
timeStep1  LSU  PE 
timeStep2  LSU  PE 
timeStep3  LSU  PE 
timeStep4  LSU  PE 
timeStep5  LSU  PE 
timeStep6  LSU  PE 
timeStep7  LSU  PE 
timeStep8  LSU  PE 
timeStep9  LSU  PE 
timeStep10  LSU  PE 

The total number of register
begin 4 end 5 dif 0 startTime 0 endTime 0 useRe 0
begin 3 end 5 dif 0 startTime 0 endTime 0 useRe 0
begin 5 end 6 dif 0 startTime 0 endTime 0 useRe 0
begin 8 end 9 dif 0 startTime 0 endTime 0 useRe 0
begin 7 end 9 dif 0 startTime 0 endTime 0 useRe 0
begin 9 end 10 dif 0 startTime 0 endTime 0 useRe 0
begin 10 end 11 dif 0 startTime 0 endTime 0 useRe 0
begin 6 end 11 dif 0 startTime 0 endTime 0 useRe 0
begin 13 end 14 dif 0 startTime 0 endTime 0 useRe 0
begin 12 end 14 dif 0 startTime 0 endTime 0 useRe 0
begin 14 end 15 dif 0 startTime 0 endTime 0 useRe 0
begin 15 end 16 dif 0 startTime 0 endTime 0 useRe 0
begin 11 end 16 dif 0 startTime 0 endTime 0 useRe 0
begin 16 end 17 dif 0 startTime 0 endTime 0 useRe 0
begin 18 end 19 dif 0 startTime 0 endTime 0 useRe 0
begin 17 end 19 dif 0 startTime 0 endTime 0 useRe 0
begin 19 end 20 dif 0 startTime 0 endTime 0 useRe 0
  0


============ 2 PNU  Schedule==============

=======print_vars=====


 nodeID 3

 nodeID 4

 nodeID 5

 nodeID 6

 nodeID 7

 nodeID 8

 nodeID 9

 nodeID 10

 nodeID 11

 nodeID 12

 nodeID 13

 nodeID 14

 nodeID 15

 nodeID 16

 nodeID 17

 nodeID 18

 nodeID 19

 nodeID 20

=======print_cons=====

=======schedule=====

 II =  2

timeStep0  LSU  PE 
timeStep1  LSU  PE 
timeStep2  LSU  PE 
timeStep3  LSU  PE 
timeStep4  LSU  PE 
timeStep5  LSU  PE 
timeStep6  LSU  PE 
timeStep7  LSU  PE 
timeStep8  LSU  PE 
timeStep9  LSU  PE 
timeStep10  LSU  PE 

The total number of register
begin 4 end 5 dif 0 startTime 0 endTime 0 useRe 0
begin 3 end 5 dif 0 startTime 0 endTime 0 useRe 0
begin 5 end 6 dif 0 startTime 0 endTime 0 useRe 0
begin 8 end 9 dif 0 startTime 0 endTime 0 useRe 0
begin 7 end 9 dif 0 startTime 0 endTime 0 useRe 0
begin 9 end 10 dif 0 startTime 0 endTime 0 useRe 0
begin 10 end 11 dif 0 startTime 0 endTime 0 useRe 0
begin 6 end 11 dif 0 startTime 0 endTime 0 useRe 0
begin 13 end 14 dif 0 startTime 0 endTime 0 useRe 0
begin 12 end 14 dif 0 startTime 0 endTime 0 useRe 0
begin 14 end 15 dif 0 startTime 0 endTime 0 useRe 0
begin 15 end 16 dif 0 startTime 0 endTime 0 useRe 0
begin 11 end 16 dif 0 startTime 0 endTime 0 useRe 0
begin 16 end 17 dif 0 startTime 0 endTime 0 useRe 0
begin 18 end 19 dif 0 startTime 0 endTime 0 useRe 0
begin 17 end 19 dif 0 startTime 0 endTime 0 useRe 0
begin 19 end 20 dif 0 startTime 0 endTime 0 useRe 0
  0


============ 2 PNU  Schedule==============

=======print_vars=====


 nodeID 3

 nodeID 4

 nodeID 5

 nodeID 6

 nodeID 7

 nodeID 8

 nodeID 9

 nodeID 10

 nodeID 11

 nodeID 12

 nodeID 13

 nodeID 14

 nodeID 15

 nodeID 16

 nodeID 17

 nodeID 18

 nodeID 19

 nodeID 20

=======print_cons=====

=======schedule=====

 II =  2

timeStep0  LSU  PE 
timeStep1  LSU  PE 
timeStep2  LSU  PE 
timeStep3  LSU  PE 
timeStep4  LSU  PE 
timeStep5  LSU  PE 
timeStep6  LSU  PE 
timeStep7  LSU  PE 
timeStep8  LSU  PE 
timeStep9  LSU  PE 
timeStep10  LSU  PE 

The total number of register
begin 4 end 5 dif 0 startTime 0 endTime 0 useRe 0
begin 3 end 5 dif 0 startTime 0 endTime 0 useRe 0
begin 5 end 6 dif 0 startTime 0 endTime 0 useRe 0
begin 8 end 9 dif 0 startTime 0 endTime 0 useRe 0
begin 7 end 9 dif 0 startTime 0 endTime 0 useRe 0
begin 9 end 10 dif 0 startTime 0 endTime 0 useRe 0
begin 10 end 11 dif 0 startTime 0 endTime 0 useRe 0
begin 6 end 11 dif 0 startTime 0 endTime 0 useRe 0
begin 13 end 14 dif 0 startTime 0 endTime 0 useRe 0
begin 12 end 14 dif 0 startTime 0 endTime 0 useRe 0
begin 14 end 15 dif 0 startTime 0 endTime 0 useRe 0
begin 15 end 16 dif 0 startTime 0 endTime 0 useRe 0
begin 11 end 16 dif 0 startTime 0 endTime 0 useRe 0
begin 16 end 17 dif 0 startTime 0 endTime 0 useRe 0
begin 18 end 19 dif 0 startTime 0 endTime 0 useRe 0
begin 17 end 19 dif 0 startTime 0 endTime 0 useRe 0
begin 19 end 20 dif 0 startTime 0 endTime 0 useRe 0
  0


============ 2 PNU  Schedule==============

=======print_vars=====


 nodeID 3

 nodeID 4

 nodeID 5

 nodeID 6

 nodeID 7

 nodeID 8

 nodeID 9

 nodeID 10

 nodeID 11

 nodeID 12

 nodeID 13

 nodeID 14

 nodeID 15

 nodeID 16

 nodeID 17

 nodeID 18

 nodeID 19

 nodeID 20

=======print_cons=====

=======schedule=====

 II =  2

timeStep0  LSU  PE 
timeStep1  LSU  PE 
timeStep2  LSU  PE 
timeStep3  LSU  PE 
timeStep4  LSU  PE 
timeStep5  LSU  PE 
timeStep6  LSU  PE 
timeStep7  LSU  PE 
timeStep8  LSU  PE 
timeStep9  LSU  PE 
timeStep10  LSU  PE 

The total number of register
begin 4 end 5 dif 0 startTime 0 endTime 0 useRe 0
begin 3 end 5 dif 0 startTime 0 endTime 0 useRe 0
begin 5 end 6 dif 0 startTime 0 endTime 0 useRe 0
begin 8 end 9 dif 0 startTime 0 endTime 0 useRe 0
begin 7 end 9 dif 0 startTime 0 endTime 0 useRe 0
begin 9 end 10 dif 0 startTime 0 endTime 0 useRe 0
begin 10 end 11 dif 0 startTime 0 endTime 0 useRe 0
begin 6 end 11 dif 0 startTime 0 endTime 0 useRe 0
begin 13 end 14 dif 0 startTime 0 endTime 0 useRe 0
begin 12 end 14 dif 0 startTime 0 endTime 0 useRe 0
begin 14 end 15 dif 0 startTime 0 endTime 0 useRe 0
begin 15 end 16 dif 0 startTime 0 endTime 0 useRe 0
begin 11 end 16 dif 0 startTime 0 endTime 0 useRe 0
begin 16 end 17 dif 0 startTime 0 endTime 0 useRe 0
begin 18 end 19 dif 0 startTime 0 endTime 0 useRe 0
begin 17 end 19 dif 0 startTime 0 endTime 0 useRe 0
begin 19 end 20 dif 0 startTime 0 endTime 0 useRe 0
  0


============ 2 PNU  Schedule==============

=======print_vars=====


 nodeID 3

 nodeID 4

 nodeID 5

 nodeID 6

 nodeID 7

 nodeID 8

 nodeID 9

 nodeID 10

 nodeID 11

 nodeID 12

 nodeID 13

 nodeID 14

 nodeID 15

 nodeID 16

 nodeID 17

 nodeID 18

 nodeID 19

 nodeID 20

=======print_cons=====

=======schedule=====

 II =  2

timeStep0  LSU  PE 
timeStep1  LSU  PE 
timeStep2  LSU  PE 
timeStep3  LSU  PE 
timeStep4  LSU  PE 
timeStep5  LSU  PE 
timeStep6  LSU  PE 
timeStep7  LSU  PE 
timeStep8  LSU  PE 
timeStep9  LSU  PE 
timeStep10  LSU  PE 

The total number of register
begin 4 end 5 dif 0 startTime 0 endTime 0 useRe 0
begin 3 end 5 dif 0 startTime 0 endTime 0 useRe 0
begin 5 end 6 dif 0 startTime 0 endTime 0 useRe 0
begin 8 end 9 dif 0 startTime 0 endTime 0 useRe 0
begin 7 end 9 dif 0 startTime 0 endTime 0 useRe 0
begin 9 end 10 dif 0 startTime 0 endTime 0 useRe 0
begin 10 end 11 dif 0 startTime 0 endTime 0 useRe 0
begin 6 end 11 dif 0 startTime 0 endTime 0 useRe 0
begin 13 end 14 dif 0 startTime 0 endTime 0 useRe 0
begin 12 end 14 dif 0 startTime 0 endTime 0 useRe 0
begin 14 end 15 dif 0 startTime 0 endTime 0 useRe 0
begin 15 end 16 dif 0 startTime 0 endTime 0 useRe 0
begin 11 end 16 dif 0 startTime 0 endTime 0 useRe 0
begin 16 end 17 dif 0 startTime 0 endTime 0 useRe 0
begin 18 end 19 dif 0 startTime 0 endTime 0 useRe 0
begin 17 end 19 dif 0 startTime 0 endTime 0 useRe 0
begin 19 end 20 dif 0 startTime 0 endTime 0 useRe 0
  0


============ 2 PNU  Schedule==============

=======print_vars=====


 nodeID 3

 nodeID 4

 nodeID 5

 nodeID 6

 nodeID 7

 nodeID 8

 nodeID 9

 nodeID 10

 nodeID 11

 nodeID 12

 nodeID 13

 nodeID 14

 nodeID 15

 nodeID 16

 nodeID 17

 nodeID 18

 nodeID 19

 nodeID 20

=======print_cons=====

=======schedule=====

 II =  2

timeStep0  LSU  PE 
timeStep1  LSU  PE 
timeStep2  LSU  PE 
timeStep3  LSU  PE 
timeStep4  LSU  PE 
timeStep5  LSU  PE 
timeStep6  LSU  PE 
timeStep7  LSU  PE 
timeStep8  LSU  PE 
timeStep9  LSU  PE 
timeStep10  LSU  PE 

The total number of register
begin 4 end 5 dif 0 startTime 0 endTime 0 useRe 0
begin 3 end 5 dif 0 startTime 0 endTime 0 useRe 0
begin 5 end 6 dif 0 startTime 0 endTime 0 useRe 0
begin 8 end 9 dif 0 startTime 0 endTime 0 useRe 0
begin 7 end 9 dif 0 startTime 0 endTime 0 useRe 0
begin 9 end 10 dif 0 startTime 0 endTime 0 useRe 0
begin 10 end 11 dif 0 startTime 0 endTime 0 useRe 0
begin 6 end 11 dif 0 startTime 0 endTime 0 useRe 0
begin 13 end 14 dif 0 startTime 0 endTime 0 useRe 0
begin 12 end 14 dif 0 startTime 0 endTime 0 useRe 0
begin 14 end 15 dif 0 startTime 0 endTime 0 useRe 0
begin 15 end 16 dif 0 startTime 0 endTime 0 useRe 0
begin 11 end 16 dif 0 startTime 0 endTime 0 useRe 0
begin 16 end 17 dif 0 startTime 0 endTime 0 useRe 0
begin 18 end 19 dif 0 startTime 0 endTime 0 useRe 0
begin 17 end 19 dif 0 startTime 0 endTime 0 useRe 0
begin 19 end 20 dif 0 startTime 0 endTime 0 useRe 0
  0


============ 2 PNU  Schedule==============

=======print_vars=====


 nodeID 3

 nodeID 4

 nodeID 5

 nodeID 6

 nodeID 7

 nodeID 8

 nodeID 9

 nodeID 10

 nodeID 11

 nodeID 12

 nodeID 13

 nodeID 14

 nodeID 15

 nodeID 16

 nodeID 17

 nodeID 18

 nodeID 19

 nodeID 20

=======print_cons=====

=======schedule=====

 II =  2

timeStep0  LSU  PE 
timeStep1  LSU  PE 
timeStep2  LSU  PE 
timeStep3  LSU  PE 
timeStep4  LSU  PE 
timeStep5  LSU  PE 
timeStep6  LSU  PE 
timeStep7  LSU  PE 
timeStep8  LSU  PE 
timeStep9  LSU  PE 
timeStep10  LSU  PE 

The total number of register
begin 4 end 5 dif 0 startTime 0 endTime 0 useRe 0
begin 3 end 5 dif 0 startTime 0 endTime 0 useRe 0
begin 5 end 6 dif 0 startTime 0 endTime 0 useRe 0
begin 8 end 9 dif 0 startTime 0 endTime 0 useRe 0
begin 7 end 9 dif 0 startTime 0 endTime 0 useRe 0
begin 9 end 10 dif 0 startTime 0 endTime 0 useRe 0
begin 10 end 11 dif 0 startTime 0 endTime 0 useRe 0
begin 6 end 11 dif 0 startTime 0 endTime 0 useRe 0
begin 13 end 14 dif 0 startTime 0 endTime 0 useRe 0
begin 12 end 14 dif 0 startTime 0 endTime 0 useRe 0
begin 14 end 15 dif 0 startTime 0 endTime 0 useRe 0
begin 15 end 16 dif 0 startTime 0 endTime 0 useRe 0
begin 11 end 16 dif 0 startTime 0 endTime 0 useRe 0
begin 16 end 17 dif 0 startTime 0 endTime 0 useRe 0
begin 18 end 19 dif 0 startTime 0 endTime 0 useRe 0
begin 17 end 19 dif 0 startTime 0 endTime 0 useRe 0
begin 19 end 20 dif 0 startTime 0 endTime 0 useRe 0
  0


============ 2 PNU  Schedule==============

=======print_vars=====


 nodeID 3

 nodeID 4

 nodeID 5

 nodeID 6

 nodeID 7

 nodeID 8

 nodeID 9

 nodeID 10

 nodeID 11

 nodeID 12

 nodeID 13

 nodeID 14

 nodeID 15

 nodeID 16

 nodeID 17

 nodeID 18

 nodeID 19

 nodeID 20

=======print_cons=====

=======schedule=====

 II =  2

timeStep0  LSU  PE 
timeStep1  LSU  PE 
timeStep2  LSU  PE 
timeStep3  LSU  PE 
timeStep4  LSU  PE 
timeStep5  LSU  PE 
timeStep6  LSU  PE 
timeStep7  LSU  PE 
timeStep8  LSU  PE 
timeStep9  LSU  PE 
timeStep10  LSU  PE 

The total number of register
begin 4 end 5 dif 0 startTime 0 endTime 0 useRe 0
begin 3 end 5 dif 0 startTime 0 endTime 0 useRe 0
begin 5 end 6 dif 0 startTime 0 endTime 0 useRe 0
begin 8 end 9 dif 0 startTime 0 endTime 0 useRe 0
begin 7 end 9 dif 0 startTime 0 endTime 0 useRe 0
begin 9 end 10 dif 0 startTime 0 endTime 0 useRe 0
begin 10 end 11 dif 0 startTime 0 endTime 0 useRe 0
begin 6 end 11 dif 0 startTime 0 endTime 0 useRe 0
begin 13 end 14 dif 0 startTime 0 endTime 0 useRe 0
begin 12 end 14 dif 0 startTime 0 endTime 0 useRe 0
begin 14 end 15 dif 0 startTime 0 endTime 0 useRe 0
begin 15 end 16 dif 0 startTime 0 endTime 0 useRe 0
begin 11 end 16 dif 0 startTime 0 endTime 0 useRe 0
begin 16 end 17 dif 0 startTime 0 endTime 0 useRe 0
begin 18 end 19 dif 0 startTime 0 endTime 0 useRe 0
begin 17 end 19 dif 0 startTime 0 endTime 0 useRe 0
begin 19 end 20 dif 0 startTime 0 endTime 0 useRe 0
  0


============ 2 PNU  Schedule==============

=======print_vars=====


 nodeID 3

 nodeID 4

 nodeID 5

 nodeID 6

 nodeID 7

 nodeID 8

 nodeID 9

 nodeID 10

 nodeID 11

 nodeID 12

 nodeID 13

 nodeID 14

 nodeID 15

 nodeID 16

 nodeID 17

 nodeID 18

 nodeID 19

 nodeID 20

=======print_cons=====

=======schedule=====

 II =  2

timeStep0  LSU  PE 
timeStep1  LSU  PE 
timeStep2  LSU  PE 
timeStep3  LSU  PE 
timeStep4  LSU  PE 
timeStep5  LSU  PE 
timeStep6  LSU  PE 
timeStep7  LSU  PE 
timeStep8  LSU  PE 
timeStep9  LSU  PE 
timeStep10  LSU  PE 

The total number of register
begin 4 end 5 dif 0 startTime 0 endTime 0 useRe 0
begin 3 end 5 dif 0 startTime 0 endTime 0 useRe 0
begin 5 end 6 dif 0 startTime 0 endTime 0 useRe 0
begin 8 end 9 dif 0 startTime 0 endTime 0 useRe 0
begin 7 end 9 dif 0 startTime 0 endTime 0 useRe 0
begin 9 end 10 dif 0 startTime 0 endTime 0 useRe 0
begin 10 end 11 dif 0 startTime 0 endTime 0 useRe 0
begin 6 end 11 dif 0 startTime 0 endTime 0 useRe 0
begin 13 end 14 dif 0 startTime 0 endTime 0 useRe 0
begin 12 end 14 dif 0 startTime 0 endTime 0 useRe 0
begin 14 end 15 dif 0 startTime 0 endTime 0 useRe 0
begin 15 end 16 dif 0 startTime 0 endTime 0 useRe 0
begin 11 end 16 dif 0 startTime 0 endTime 0 useRe 0
begin 16 end 17 dif 0 startTime 0 endTime 0 useRe 0
begin 18 end 19 dif 0 startTime 0 endTime 0 useRe 0
begin 17 end 19 dif 0 startTime 0 endTime 0 useRe 0
begin 19 end 20 dif 0 startTime 0 endTime 0 useRe 0
  0


============ 2 PNU  Schedule==============

=======print_vars=====


 nodeID 3

 nodeID 4

 nodeID 5

 nodeID 6

 nodeID 7

 nodeID 8

 nodeID 9

 nodeID 10

 nodeID 11

 nodeID 12

 nodeID 13

 nodeID 14

 nodeID 15

 nodeID 16

 nodeID 17

 nodeID 18

 nodeID 19

 nodeID 20

=======print_cons=====

=======schedule=====

 II =  2

timeStep0  LSU  PE 
timeStep1  LSU  PE 
timeStep2  LSU  PE 
timeStep3  LSU  PE 
timeStep4  LSU  PE 
timeStep5  LSU  PE 
timeStep6  LSU  PE 
timeStep7  LSU  PE 
timeStep8  LSU  PE 
timeStep9  LSU  PE 
timeStep10  LSU  PE 

The total number of register
begin 4 end 5 dif 0 startTime 0 endTime 0 useRe 0
begin 3 end 5 dif 0 startTime 0 endTime 0 useRe 0
begin 5 end 6 dif 0 startTime 0 endTime 0 useRe 0
begin 8 end 9 dif 0 startTime 0 endTime 0 useRe 0
begin 7 end 9 dif 0 startTime 0 endTime 0 useRe 0
begin 9 end 10 dif 0 startTime 0 endTime 0 useRe 0
begin 10 end 11 dif 0 startTime 0 endTime 0 useRe 0
begin 6 end 11 dif 0 startTime 0 endTime 0 useRe 0
begin 13 end 14 dif 0 startTime 0 endTime 0 useRe 0
begin 12 end 14 dif 0 startTime 0 endTime 0 useRe 0
begin 14 end 15 dif 0 startTime 0 endTime 0 useRe 0
begin 15 end 16 dif 0 startTime 0 endTime 0 useRe 0
begin 11 end 16 dif 0 startTime 0 endTime 0 useRe 0
begin 16 end 17 dif 0 startTime 0 endTime 0 useRe 0
begin 18 end 19 dif 0 startTime 0 endTime 0 useRe 0
begin 17 end 19 dif 0 startTime 0 endTime 0 useRe 0
begin 19 end 20 dif 0 startTime 0 endTime 0 useRe 0
  0


============ 2 PNU  Schedule==============

=======print_vars=====


 nodeID 5

 nodeID 6

 nodeID 9

 nodeID 10

 nodeID 11

 nodeID 13

 nodeID 14

 nodeID 15

 nodeID 16

 nodeID 17

 nodeID 18

 nodeID 19

 nodeID 20

 nodeID 24

 nodeID 26

 nodeID 27

 nodeID 28

 nodeID 29

 nodeID 30

 nodeID 31

 nodeID 32

 nodeID 33

 nodeID 34

 nodeID 35

 nodeID 36

 nodeID 37

 nodeID 38

 nodeID 39

 nodeID 40

 nodeID 41

 nodeID 44

 nodeID 45

 nodeID 46

 nodeID 47

 nodeID 49

 nodeID 50

 nodeID 51

 nodeID 52

 nodeID 53

 nodeID 54

 nodeID 55

=======print_cons=====

=======schedule=====

 II =  4

timeStep0  LSU  PE 
timeStep1  LSU  PE 
timeStep2  LSU  PE 
timeStep3  LSU  PE 
timeStep4  LSU  PE 
timeStep5  LSU  PE 
timeStep6  LSU  PE 
timeStep7  LSU  PE 
timeStep8  LSU  PE 
timeStep9  LSU  PE 
timeStep10  LSU  PE 

The total number of register
begin 5 end 6 dif 0 startTime 0 endTime 0 useRe 0
begin 9 end 10 dif 0 startTime 0 endTime 0 useRe 0
begin 10 end 11 dif 0 startTime 0 endTime 0 useRe 0
begin 6 end 11 dif 0 startTime 0 endTime 0 useRe 0
begin 13 end 14 dif 0 startTime 0 endTime 0 useRe 0
begin 14 end 15 dif 0 startTime 0 endTime 0 useRe 0
begin 15 end 16 dif 0 startTime 0 endTime 0 useRe 0
begin 11 end 16 dif 0 startTime 0 endTime 0 useRe 0
begin 16 end 17 dif 0 startTime 0 endTime 0 useRe 0
begin 18 end 19 dif 0 startTime 0 endTime 0 useRe 0
begin 17 end 19 dif 0 startTime 0 endTime 0 useRe 0
begin 19 end 20 dif 0 startTime 0 endTime 0 useRe 0
begin 24 end 26 dif 0 startTime 0 endTime 0 useRe 0
begin 26 end 27 dif 0 startTime 0 endTime 0 useRe 0
begin 29 end 30 dif 0 startTime 0 endTime 0 useRe 0
begin 28 end 30 dif 0 startTime 0 endTime 0 useRe 0
begin 30 end 31 dif 0 startTime 0 endTime 0 useRe 0
begin 31 end 32 dif 0 startTime 0 endTime 0 useRe 0
begin 27 end 32 dif 0 startTime 0 endTime 0 useRe 0
begin 34 end 35 dif 0 startTime 0 endTime 0 useRe 0
begin 33 end 35 dif 0 startTime 0 endTime 0 useRe 0
begin 35 end 36 dif 0 startTime 0 endTime 0 useRe 0
begin 36 end 37 dif 0 startTime 0 endTime 0 useRe 0
begin 32 end 37 dif 0 startTime 0 endTime 0 useRe 0
begin 37 end 38 dif 0 startTime 0 endTime 0 useRe 0
begin 39 end 40 dif 0 startTime 0 endTime 0 useRe 0
begin 38 end 40 dif 0 startTime 0 endTime 0 useRe 0
begin 40 end 41 dif 0 startTime 0 endTime 0 useRe 0
begin 44 end 45 dif 0 startTime 0 endTime 0 useRe 0
begin 45 end 46 dif 0 startTime 0 endTime 0 useRe 0
begin 47 end 49 dif 0 startTime 0 endTime 0 useRe 0
begin 49 end 50 dif 0 startTime 0 endTime 0 useRe 0
begin 46 end 50 dif 0 startTime 0 endTime 0 useRe 0
begin 52 end 53 dif 0 startTime 0 endTime 0 useRe 0
begin 51 end 53 dif 0 startTime 0 endTime 0 useRe 0
begin 53 end 54 dif 0 startTime 0 endTime 0 useRe 0
begin 50 end 54 dif 0 startTime 0 endTime 0 useRe 0
begin 54 end 55 dif 0 startTime 0 endTime 0 useRe 0
begin 40 end 45 dif 1 startTime 0 endTime 0 useRe 4
begin 13 end 5 dif 3 startTime 0 endTime 0 useRe 12
begin 13 end 5 dif 2 startTime 0 endTime 0 useRe 8
begin 13 end 9 dif 4 startTime 0 endTime 0 useRe 16
begin 13 end 9 dif 1 startTime 0 endTime 0 useRe 4
begin 13 end 14 dif 5 startTime 0 endTime 0 useRe 20
begin 13 end 26 dif 2 startTime 0 endTime 0 useRe 8
begin 24 end 46 dif 1 startTime 0 endTime 0 useRe 4
begin 47 end 49 dif 1 startTime 0 endTime 0 useRe 4
  80


============ 2 PNU  Schedule==============

=======print_vars=====


 nodeID 3

 nodeID 5

 nodeID 6

 nodeID 7

 nodeID 8

 nodeID 9

 nodeID 10

 nodeID 11

 nodeID 12

 nodeID 13

 nodeID 14

 nodeID 15

 nodeID 16

 nodeID 17

 nodeID 18

 nodeID 19

 nodeID 20

 nodeID 26

 nodeID 27

 nodeID 30

 nodeID 31

 nodeID 32

 nodeID 34

 nodeID 35

 nodeID 36

 nodeID 37

 nodeID 38

 nodeID 39

 nodeID 40

 nodeID 41

 nodeID 43

 nodeID 45

 nodeID 46

 nodeID 48

 nodeID 49

 nodeID 50

 nodeID 51

 nodeID 52

 nodeID 53

 nodeID 54

 nodeID 55

=======print_cons=====

=======schedule=====

 II =  4

timeStep0  LSU  PE 
timeStep1  LSU  PE 
timeStep2  LSU  PE 
timeStep3  LSU  PE 
timeStep4  LSU  PE 
timeStep5  LSU  PE 
timeStep6  LSU  PE 
timeStep7  LSU  PE 
timeStep8  LSU  PE 
timeStep9  LSU  PE 
timeStep10  LSU  PE 

The total number of register
begin 3 end 5 dif 0 startTime 0 endTime 0 useRe 0
begin 5 end 6 dif 0 startTime 0 endTime 0 useRe 0
begin 8 end 9 dif 0 startTime 0 endTime 0 useRe 0
begin 7 end 9 dif 0 startTime 0 endTime 0 useRe 0
begin 9 end 10 dif 0 startTime 0 endTime 0 useRe 0
begin 10 end 11 dif 0 startTime 0 endTime 0 useRe 0
begin 6 end 11 dif 0 startTime 0 endTime 0 useRe 0
begin 13 end 14 dif 0 startTime 0 endTime 0 useRe 0
begin 12 end 14 dif 0 startTime 0 endTime 0 useRe 0
begin 14 end 15 dif 0 startTime 0 endTime 0 useRe 0
begin 15 end 16 dif 0 startTime 0 endTime 0 useRe 0
begin 11 end 16 dif 0 startTime 0 endTime 0 useRe 0
begin 16 end 17 dif 0 startTime 0 endTime 0 useRe 0
begin 18 end 19 dif 0 startTime 0 endTime 0 useRe 0
begin 17 end 19 dif 0 startTime 0 endTime 0 useRe 0
begin 19 end 20 dif 0 startTime 0 endTime 0 useRe 0
begin 26 end 27 dif 0 startTime 0 endTime 0 useRe 0
begin 30 end 31 dif 0 startTime 0 endTime 0 useRe 0
begin 31 end 32 dif 0 startTime 0 endTime 0 useRe 0
begin 27 end 32 dif 0 startTime 0 endTime 0 useRe 0
begin 34 end 35 dif 0 startTime 0 endTime 0 useRe 0
begin 35 end 36 dif 0 startTime 0 endTime 0 useRe 0
begin 36 end 37 dif 0 startTime 0 endTime 0 useRe 0
begin 32 end 37 dif 0 startTime 0 endTime 0 useRe 0
begin 37 end 38 dif 0 startTime 0 endTime 0 useRe 0
begin 39 end 40 dif 0 startTime 0 endTime 0 useRe 0
begin 38 end 40 dif 0 startTime 0 endTime 0 useRe 0
begin 40 end 41 dif 0 startTime 0 endTime 0 useRe 0
begin 43 end 45 dif 0 startTime 0 endTime 0 useRe 0
begin 45 end 46 dif 0 startTime 0 endTime 0 useRe 0
begin 48 end 49 dif 0 startTime 0 endTime 0 useRe 0
begin 49 end 50 dif 0 startTime 0 endTime 0 useRe 0
begin 46 end 50 dif 0 startTime 0 endTime 0 useRe 0
begin 52 end 53 dif 0 startTime 0 endTime 0 useRe 0
begin 51 end 53 dif 0 startTime 0 endTime 0 useRe 0
begin 53 end 54 dif 0 startTime 0 endTime 0 useRe 0
begin 50 end 54 dif 0 startTime 0 endTime 0 useRe 0
begin 54 end 55 dif 0 startTime 0 endTime 0 useRe 0
begin 19 end 49 dif 1 startTime 0 endTime 0 useRe 4
begin 34 end 5 dif 2 startTime 0 endTime 0 useRe 8
begin 34 end 26 dif 3 startTime 0 endTime 0 useRe 12
begin 34 end 26 dif 2 startTime 0 endTime 0 useRe 8
begin 34 end 30 dif 4 startTime 0 endTime 0 useRe 16
begin 34 end 30 dif 1 startTime 0 endTime 0 useRe 4
begin 34 end 35 dif 5 startTime 0 endTime 0 useRe 20
begin 3 end 46 dif 1 startTime 0 endTime 0 useRe 4
begin 43 end 45 dif 1 startTime 0 endTime 0 useRe 4
  80


============ 2 PNU  Schedule==============

=======print_vars=====


 nodeID 3

 nodeID 4

 nodeID 5

 nodeID 6

 nodeID 7

 nodeID 8

 nodeID 9

 nodeID 10

 nodeID 11

 nodeID 12

 nodeID 13

 nodeID 14

 nodeID 15

 nodeID 16

 nodeID 17

 nodeID 18

 nodeID 19

 nodeID 20

=======print_cons=====

=======schedule=====

 II =  2

timeStep0  LSU  PE 
timeStep1  LSU  PE 
timeStep2  LSU  PE 
timeStep3  LSU  PE 
timeStep4  LSU  PE 
timeStep5  LSU  PE 
timeStep6  LSU  PE 
timeStep7  LSU  PE 
timeStep8  LSU  PE 
timeStep9  LSU  PE 
timeStep10  LSU  PE 

The total number of register
begin 4 end 5 dif 0 startTime 0 endTime 0 useRe 0
begin 3 end 5 dif 0 startTime 0 endTime 0 useRe 0
begin 5 end 6 dif 0 startTime 0 endTime 0 useRe 0
begin 8 end 9 dif 0 startTime 0 endTime 0 useRe 0
begin 7 end 9 dif 0 startTime 0 endTime 0 useRe 0
begin 9 end 10 dif 0 startTime 0 endTime 0 useRe 0
begin 10 end 11 dif 0 startTime 0 endTime 0 useRe 0
begin 6 end 11 dif 0 startTime 0 endTime 0 useRe 0
begin 13 end 14 dif 0 startTime 0 endTime 0 useRe 0
begin 12 end 14 dif 0 startTime 0 endTime 0 useRe 0
begin 14 end 15 dif 0 startTime 0 endTime 0 useRe 0
begin 15 end 16 dif 0 startTime 0 endTime 0 useRe 0
begin 11 end 16 dif 0 startTime 0 endTime 0 useRe 0
begin 16 end 17 dif 0 startTime 0 endTime 0 useRe 0
begin 18 end 19 dif 0 startTime 0 endTime 0 useRe 0
begin 17 end 19 dif 0 startTime 0 endTime 0 useRe 0
begin 19 end 20 dif 0 startTime 0 endTime 0 useRe 0
  0


============ 2 PNU  Schedule==============

=======print_vars=====


 nodeID 5

 nodeID 6

 nodeID 9

 nodeID 10

 nodeID 11

 nodeID 13

 nodeID 14

 nodeID 15

 nodeID 16

 nodeID 17

 nodeID 18

 nodeID 19

 nodeID 20

 nodeID 22

 nodeID 23

 nodeID 24

 nodeID 25

 nodeID 28

 nodeID 29

 nodeID 30

 nodeID 31

 nodeID 32

 nodeID 33

 nodeID 34

=======print_cons=====

=======schedule=====

 II =  2

timeStep0  LSU  PE 
timeStep1  LSU  PE 
timeStep2  LSU  PE 
timeStep3  LSU  PE 
timeStep4  LSU  PE 
timeStep5  LSU  PE 
timeStep6  LSU  PE 
timeStep7  LSU  PE 
timeStep8  LSU  PE 
timeStep9  LSU  PE 
timeStep10  LSU  PE 
timeStep11  LSU  PE 
timeStep12  LSU  PE 
timeStep13  LSU  PE 

The total number of register
begin 5 end 6 dif 0 startTime 0 endTime 0 useRe 0
begin 9 end 10 dif 0 startTime 0 endTime 0 useRe 0
begin 10 end 11 dif 0 startTime 0 endTime 0 useRe 0
begin 6 end 11 dif 0 startTime 0 endTime 0 useRe 0
begin 13 end 14 dif 0 startTime 0 endTime 0 useRe 0
begin 14 end 15 dif 0 startTime 0 endTime 0 useRe 0
begin 15 end 16 dif 0 startTime 0 endTime 0 useRe 0
begin 11 end 16 dif 0 startTime 0 endTime 0 useRe 0
begin 16 end 17 dif 0 startTime 0 endTime 0 useRe 0
begin 18 end 19 dif 0 startTime 0 endTime 0 useRe 0
begin 17 end 19 dif 0 startTime 0 endTime 0 useRe 0
begin 19 end 20 dif 0 startTime 0 endTime 0 useRe 0
begin 23 end 24 dif 0 startTime 0 endTime 0 useRe 0
begin 22 end 24 dif 0 startTime 0 endTime 0 useRe 0
begin 24 end 25 dif 0 startTime 0 endTime 0 useRe 0
begin 28 end 29 dif 0 startTime 0 endTime 0 useRe 0
begin 25 end 29 dif 0 startTime 0 endTime 0 useRe 0
begin 31 end 32 dif 0 startTime 0 endTime 0 useRe 0
begin 30 end 32 dif 0 startTime 0 endTime 0 useRe 0
begin 32 end 33 dif 0 startTime 0 endTime 0 useRe 0
begin 29 end 33 dif 0 startTime 0 endTime 0 useRe 0
begin 33 end 34 dif 0 startTime 0 endTime 0 useRe 0
begin 19 end 28 dif 0 startTime 0 endTime 0 useRe 0
begin 19 end 28 dif 1 startTime 0 endTime 0 useRe 2
begin 13 end 5 dif 3 startTime 0 endTime 0 useRe 6
begin 13 end 5 dif 2 startTime 0 endTime 0 useRe 4
begin 13 end 9 dif 4 startTime 0 endTime 0 useRe 8
begin 13 end 9 dif 1 startTime 0 endTime 0 useRe 2
begin 13 end 14 dif 5 startTime 0 endTime 0 useRe 10
begin 13 end 25 dif 3 startTime 0 endTime 0 useRe 6
  38

=======schedule=====

 II =  2

timeStep0  LSU N22T0_65 N30T0_109 N31T0_120  PE 
timeStep1  LSU  PE N32T1_131 
timeStep2  LSU  PE 
timeStep3  LSU N13T3_26  PE 
timeStep4  LSU  PE N5T4_6 N9T4_14 
timeStep5  LSU N18T5_50  PE N6T5_10 N10T5_18 N14T5_31 
timeStep6  LSU N23T6_80  PE N11T6_22 N15T6_36 
timeStep7  LSU  PE N16T7_40 
timeStep8  LSU  PE N17T8_44 
timeStep9  LSU  PE N19T9_57 N24T9_91 
timeStep10  LSU  PE N25T10_100 N28T10_104 
timeStep11  LSU  PE N29T11_108 
timeStep12  LSU  PE N33T12_145 
timeStep13  LSU N20T13_64 N34T13_149  PE 

The total number of register
begin 5 end 6 dif 0 startTime 4 endTime 5 useRe 1
begin 9 end 10 dif 0 startTime 4 endTime 5 useRe 1
begin 10 end 11 dif 0 startTime 5 endTime 6 useRe 1
begin 6 end 11 dif 0 startTime 5 endTime 6 useRe 1
begin 13 end 14 dif 0 startTime 3 endTime 5 useRe 2
begin 14 end 15 dif 0 startTime 5 endTime 6 useRe 1
begin 15 end 16 dif 0 startTime 6 endTime 7 useRe 1
begin 11 end 16 dif 0 startTime 6 endTime 7 useRe 1
begin 16 end 17 dif 0 startTime 7 endTime 8 useRe 1
begin 18 end 19 dif 0 startTime 5 endTime 9 useRe 4
begin 17 end 19 dif 0 startTime 8 endTime 9 useRe 1
begin 19 end 20 dif 0 startTime 9 endTime 13 useRe 4
begin 23 end 24 dif 0 startTime 6 endTime 9 useRe 3
begin 22 end 24 dif 0 startTime 0 endTime 9 useRe 9
begin 24 end 25 dif 0 startTime 9 endTime 10 useRe 1
begin 28 end 29 dif 0 startTime 10 endTime 11 useRe 1
begin 25 end 29 dif 0 startTime 10 endTime 11 useRe 1
begin 31 end 32 dif 0 startTime 0 endTime 1 useRe 1
begin 30 end 32 dif 0 startTime 0 endTime 1 useRe 1
begin 32 end 33 dif 0 startTime 1 endTime 12 useRe 11
begin 29 end 33 dif 0 startTime 11 endTime 12 useRe 1
begin 33 end 34 dif 0 startTime 12 endTime 13 useRe 1
begin 19 end 28 dif 0 startTime 9 endTime 10 useRe 1
begin 19 end 28 dif 1 startTime 9 endTime 10 useRe 3
begin 13 end 5 dif 3 startTime 3 endTime 4 useRe 7
begin 13 end 5 dif 2 startTime 3 endTime 4 useRe 5
begin 13 end 9 dif 4 startTime 3 endTime 4 useRe 9
begin 13 end 9 dif 1 startTime 3 endTime 4 useRe 3
begin 13 end 14 dif 5 startTime 3 endTime 5 useRe 12
begin 13 end 25 dif 3 startTime 3 endTime 10 useRe 13
  102
