

============DFG ID 0====================
timeStep0  bank N3T0_3 N7T0_19 N8T0_23  PE 
timeStep1  bank N4T1_8 N12T1_40 N13T1_45  PE 
timeStep2  bank  PE N9T2_28 
timeStep3  bank N18T3_70  PE N5T3_13 
timeStep4  bank  PE N10T4_33 
timeStep5  bank  PE N6T5_18 N14T5_53 
timeStep6  bank  PE N11T6_38 N15T6_58 
timeStep7  bank  PE N16T7_62 
timeStep8  bank  PE N17T8_66 
timeStep9  bank  PE N19T9_79 
timeStep10  bank N20T10_83  PE 


============DFG ID 1====================
timeStep0  bank N3T0_3 N7T0_19 N8T0_23  PE 
timeStep1  bank N4T1_8 N12T1_40 N13T1_45  PE 
timeStep2  bank  PE N9T2_28 
timeStep3  bank N18T3_70  PE N5T3_13 
timeStep4  bank  PE N10T4_33 
timeStep5  bank  PE N6T5_18 N14T5_53 
timeStep6  bank  PE N11T6_38 N15T6_58 
timeStep7  bank  PE N16T7_62 
timeStep8  bank  PE N17T8_66 
timeStep9  bank  PE N19T9_79 
timeStep10  bank N20T10_83  PE 


============DFG ID 2====================
timeStep0  bank N18T0_45  PE 
timeStep1  bank  PE 
timeStep2  bank  PE 
timeStep3  bank N13T3_26  PE 
timeStep4  bank  PE N5T4_6 N9T4_14 
timeStep5  bank  PE N6T5_10 N10T5_18 N14T5_31 
timeStep6  bank  PE N11T6_22 N15T6_36 
timeStep7  bank  PE N16T7_40 
timeStep8  bank  PE N17T8_44 
timeStep9  bank  PE N19T9_57 
timeStep10  bank N20T10_61  PE 


============DFG ID 3====================
timeStep0  bank N0T0_3 N5T0_24  PE 
timeStep1  bank N1T1_9 N9T1_39 N10T1_45  PE 
timeStep2  bank N2T2_14  PE 
timeStep3  bank  PE 
timeStep4  bank  PE N3T4_19 
timeStep5  bank  PE N4T5_23 N7T5_33 N11T5_54 
timeStep6  bank  PE N8T6_37 
timeStep7  bank  PE N12T7_59 
timeStep8  bank N13T8_63  PE 


============DFG ID 0====================
timeStep0  bank N3T0_3 N7T0_19 N8T0_23  PE 
timeStep1  bank N4T1_8 N12T1_40 N13T1_45  PE 
timeStep2  bank  PE N9T2_28 
timeStep3  bank N18T3_70  PE N5T3_13 
timeStep4  bank  PE N10T4_33 
timeStep5  bank  PE N6T5_18 N14T5_53 
timeStep6  bank  PE N11T6_38 N15T6_58 
timeStep7  bank  PE N16T7_62 
timeStep8  bank  PE N17T8_66 
timeStep9  bank  PE N19T9_79 
timeStep10  bank N20T10_83  PE 


============DFG ID 1====================
timeStep0  bank N18T0_45  PE 
timeStep1  bank  PE 
timeStep2  bank  PE 
timeStep3  bank N13T3_26  PE 
timeStep4  bank  PE N5T4_6 N9T4_14 
timeStep5  bank  PE N6T5_10 N10T5_18 N14T5_31 
timeStep6  bank  PE N11T6_22 N15T6_36 
timeStep7  bank  PE N16T7_40 
timeStep8  bank  PE N17T8_44 
timeStep9  bank  PE N19T9_57 
timeStep10  bank N20T10_61  PE 


============DFG ID 2====================
timeStep0  bank N3T0_3 N7T0_19 N8T0_23  PE 
timeStep1  bank N4T1_8 N12T1_40 N13T1_45  PE 
timeStep2  bank  PE N9T2_28 
timeStep3  bank N18T3_70  PE N5T3_13 
timeStep4  bank  PE N10T4_33 
timeStep5  bank  PE N6T5_18 N14T5_53 
timeStep6  bank  PE N11T6_38 N15T6_58 
timeStep7  bank  PE N16T7_62 
timeStep8  bank  PE N17T8_66 
timeStep9  bank  PE N19T9_79 
timeStep10  bank N20T10_83  PE 


============DFG ID 3====================
timeStep0  bank N1T0_8 N6T0_25 N10T0_45  PE 
timeStep1  bank N0T1_4 N5T1_21 N9T1_40  PE N3T1_12 
timeStep2  bank  PE N7T2_31 
timeStep3  bank  PE N4T3_17 
timeStep4  bank  PE 
timeStep5  bank  PE N8T5_37 
timeStep6  bank  PE N11T6_56 
timeStep7  bank  PE N12T7_60 
timeStep8  bank N13T8_64  PE 


============DFG ID 0====================
timeStep0  bank N18T0_45  PE 
timeStep1  bank  PE 
timeStep2  bank  PE 
timeStep3  bank N13T3_26  PE 
timeStep4  bank  PE N5T4_6 N9T4_14 
timeStep5  bank  PE N6T5_10 N10T5_18 N14T5_31 
timeStep6  bank  PE N11T6_22 N15T6_36 
timeStep7  bank  PE N16T7_40 
timeStep8  bank  PE N17T8_44 
timeStep9  bank  PE N19T9_57 
timeStep10  bank N20T10_61  PE 


============DFG ID 1====================
timeStep0  bank N3T0_3 N7T0_19 N8T0_23  PE 
timeStep1  bank N4T1_8 N12T1_40 N13T1_45  PE 
timeStep2  bank  PE N9T2_28 
timeStep3  bank N18T3_70  PE N5T3_13 
timeStep4  bank  PE N10T4_33 
timeStep5  bank  PE N6T5_18 N14T5_53 
timeStep6  bank  PE N11T6_38 N15T6_58 
timeStep7  bank  PE N16T7_62 
timeStep8  bank  PE N17T8_66 
timeStep9  bank  PE N19T9_79 
timeStep10  bank N20T10_83  PE 


============DFG ID 2====================
timeStep0  bank N3T0_3 N7T0_19 N8T0_23  PE 
timeStep1  bank N4T1_8 N12T1_40 N13T1_45  PE 
timeStep2  bank  PE N9T2_28 
timeStep3  bank N18T3_70  PE N5T3_13 
timeStep4  bank  PE N10T4_33 
timeStep5  bank  PE N6T5_18 N14T5_53 
timeStep6  bank  PE N11T6_38 N15T6_58 
timeStep7  bank  PE N16T7_62 
timeStep8  bank  PE N17T8_66 
timeStep9  bank  PE N19T9_79 
timeStep10  bank N20T10_83  PE 


============DFG ID 3====================
timeStep0  bank N5T0_24  PE 
timeStep1  bank N0T1_4 N1T1_9 N6T1_30  PE 
timeStep2  bank  PE 
timeStep3  bank N2T3_15  PE 
timeStep4  bank N9T4_47  PE N3T4_19 N7T4_37 
timeStep5  bank  PE N4T5_23 N11T5_53 
timeStep6  bank  PE N8T6_42 
timeStep7  bank  PE N12T7_58 
timeStep8  bank N13T8_62  PE 


============DFG ID 0====================
timeStep0  bank N4T0_7 N24T0_84 N28T0_96 N29T0_100  PE 
timeStep1  bank N7T1_20 N13T1_45  PE N26T1_88 N30T1_104 
timeStep2  bank N3T2_5 N8T2_25  PE N27T2_92 N31T2_108 
timeStep3  bank N12T3_42 N33T3_119 N34T3_124  PE N5T3_13 N9T3_29 N32T3_112 
timeStep4  bank  PE N6T4_17 N10T4_33 
timeStep5  bank N39T5_149  PE N14T5_53 N35T5_130 
timeStep6  bank  PE N11T6_38 N15T6_58 N36T6_135 
timeStep7  bank N18T7_74  PE N16T7_62 N37T7_139 
timeStep8  bank  PE N17T8_66 N38T8_143 
timeStep9  bank  PE N19T9_79 N40T9_156 
timeStep10  bank N20T10_83 N41T10_160  PE 


============DFG ID 1====================
timeStep0  bank N3T0_3 N7T0_19 N8T0_23  PE 
timeStep1  bank N4T1_8 N12T1_40 N13T1_45  PE 
timeStep2  bank  PE N9T2_28 
timeStep3  bank N18T3_70  PE N5T3_13 
timeStep4  bank  PE N10T4_33 
timeStep5  bank  PE N6T5_18 N14T5_53 
timeStep6  bank  PE N11T6_38 N15T6_58 
timeStep7  bank  PE N16T7_62 
timeStep8  bank  PE N17T8_66 
timeStep9  bank  PE N19T9_79 
timeStep10  bank N20T10_83  PE 


============DFG ID 2====================
timeStep0  bank N3T0_3 N7T0_19 N8T0_23  PE 
timeStep1  bank N4T1_8 N12T1_40 N13T1_45  PE 
timeStep2  bank  PE N9T2_28 
timeStep3  bank N18T3_70  PE N5T3_13 
timeStep4  bank  PE N10T4_33 
timeStep5  bank  PE N6T5_18 N14T5_53 
timeStep6  bank  PE N11T6_38 N15T6_58 
timeStep7  bank  PE N16T7_62 
timeStep8  bank  PE N17T8_66 
timeStep9  bank  PE N19T9_79 
timeStep10  bank N20T10_83  PE 


============DFG ID 3====================
timeStep0  bank N22T0_65 N30T0_109 N31T0_120  PE 
timeStep1  bank  PE N32T1_131 
timeStep2  bank  PE 
timeStep3  bank N13T3_26  PE 
timeStep4  bank  PE N5T4_6 N9T4_14 
timeStep5  bank N18T5_50  PE N6T5_10 N10T5_18 N14T5_31 
timeStep6  bank N23T6_80  PE N11T6_22 N15T6_36 
timeStep7  bank  PE N16T7_40 
timeStep8  bank  PE N17T8_44 
timeStep9  bank  PE N19T9_57 N24T9_91 
timeStep10  bank  PE N25T10_100 N28T10_104 
timeStep11  bank  PE N29T11_108 
timeStep12  bank  PE N33T12_145 
timeStep13  bank N20T13_64 N34T13_149  PE 


============DFG ID 4====================
timeStep0  bank N3T0_3 N7T0_19 N8T0_23  PE 
timeStep1  bank N4T1_8 N12T1_40 N13T1_45  PE 
timeStep2  bank  PE N9T2_28 
timeStep3  bank N18T3_70  PE N5T3_13 
timeStep4  bank  PE N10T4_33 
timeStep5  bank  PE N6T5_18 N14T5_53 
timeStep6  bank  PE N11T6_38 N15T6_58 
timeStep7  bank  PE N16T7_62 
timeStep8  bank  PE N17T8_66 
timeStep9  bank  PE N19T9_79 
timeStep10  bank N20T10_83  PE 


============DFG ID 0====================
timeStep0  bank N13T0_23 N28T0_74 N29T0_78 N33T0_94  PE 
timeStep1  bank N24T1_63 N34T1_100  PE N5T1_3 N9T1_11 N14T1_27 N30T1_82 
timeStep2  bank N18T2_47  PE N6T2_7 N10T2_15 N26T2_67 N31T2_86 N35T2_105 
timeStep3  bank  PE N11T3_19 N15T3_33 N27T3_71 N36T3_110 
timeStep4  bank  PE N16T4_37 N32T4_91 
timeStep5  bank  PE N17T5_41 N37T5_115 
timeStep6  bank  PE N19T6_54 N38T6_119 
timeStep7  bank N39T7_129  PE 
timeStep8  bank N20T8_59  PE N40T8_133 
timeStep9  bank  PE 
timeStep10  bank N41T10_138  PE 


============DFG ID 1====================
timeStep0  bank N3T0_3 N7T0_19 N8T0_23  PE 
timeStep1  bank N4T1_8 N12T1_40 N13T1_45  PE 
timeStep2  bank  PE N9T2_28 
timeStep3  bank N18T3_70  PE N5T3_13 
timeStep4  bank  PE N10T4_33 
timeStep5  bank  PE N6T5_18 N14T5_53 
timeStep6  bank  PE N11T6_38 N15T6_58 
timeStep7  bank  PE N16T7_62 
timeStep8  bank  PE N17T8_66 
timeStep9  bank  PE N19T9_79 
timeStep10  bank N20T10_83  PE 


============DFG ID 2====================
timeStep0  bank N3T0_3 N7T0_19 N8T0_23  PE 
timeStep1  bank N4T1_8 N12T1_40 N13T1_45  PE 
timeStep2  bank  PE N9T2_28 
timeStep3  bank N18T3_70  PE N5T3_13 
timeStep4  bank  PE N10T4_33 
timeStep5  bank  PE N6T5_18 N14T5_53 
timeStep6  bank  PE N11T6_38 N15T6_58 
timeStep7  bank  PE N16T7_62 
timeStep8  bank  PE N17T8_66 
timeStep9  bank  PE N19T9_79 
timeStep10  bank N20T10_83  PE 


============DFG ID 3====================
timeStep0  bank N3T0_3 N7T0_19 N8T0_23  PE 
timeStep1  bank N4T1_8 N12T1_40 N13T1_45  PE 
timeStep2  bank  PE N9T2_28 
timeStep3  bank N18T3_70  PE N5T3_13 
timeStep4  bank  PE N10T4_33 
timeStep5  bank  PE N6T5_18 N14T5_53 
timeStep6  bank  PE N11T6_38 N15T6_58 
timeStep7  bank  PE N16T7_62 
timeStep8  bank  PE N17T8_66 
timeStep9  bank  PE N19T9_79 
timeStep10  bank N20T10_83  PE 


============DFG ID 4====================
timeStep0  bank N7T0_19 N8T0_23  PE 
timeStep1  bank N3T1_4 N22T1_88  PE N9T1_27 
timeStep2  bank N4T2_9 N13T2_46 N31T2_145  PE N10T2_31 N24T2_97 
timeStep3  bank N12T3_42 N30T3_135  PE N5T3_13 N25T3_106 
timeStep4  bank  PE N14T4_52 N32T4_157 
timeStep5  bank N18T5_72  PE N6T5_18 
timeStep6  bank  PE N11T6_38 N15T6_58 
timeStep7  bank N27T7_121  PE N16T7_62 
timeStep8  bank  PE N17T8_66 
timeStep9  bank  PE N19T9_79 
timeStep10  bank  PE N28T10_127 
timeStep11  bank  PE N29T11_131 
timeStep12  bank N20T12_85  PE N33T12_168 
timeStep13  bank N34T13_172  PE 


============DFG ID 0====================
timeStep0  bank N7T0_15 N8T0_19 N13T0_40  PE 
timeStep1  bank N34T1_101  PE N9T1_23 N26T1_80 
timeStep2  bank N12T2_37  PE 
timeStep3  bank N3T3_6  PE N30T3_90 
timeStep4  bank  PE N5T4_10 N14T4_48 
timeStep5  bank  PE N6T5_14 N10T5_30 N15T5_53 N27T5_87 N31T5_95 N35T5_108 
timeStep6  bank  PE N11T6_34 N32T6_99 N36T6_113 
timeStep7  bank N39T7_129  PE N16T7_58 N37T7_117 
timeStep8  bank N18T8_71  PE N17T8_62 N38T8_121 
timeStep9  bank  PE N19T9_75 N40T9_134 
timeStep10  bank N20T10_79 N41T10_138  PE 


============DFG ID 1====================
timeStep0  bank N3T0_3 N7T0_19 N8T0_23  PE 
timeStep1  bank N4T1_8 N12T1_40 N13T1_45  PE 
timeStep2  bank  PE N9T2_28 
timeStep3  bank N18T3_70  PE N5T3_13 
timeStep4  bank  PE N10T4_33 
timeStep5  bank  PE N6T5_18 N14T5_53 
timeStep6  bank  PE N11T6_38 N15T6_58 
timeStep7  bank  PE N16T7_62 
timeStep8  bank  PE N17T8_66 
timeStep9  bank  PE N19T9_79 
timeStep10  bank N20T10_83  PE 


============DFG ID 2====================
timeStep0  bank N3T0_3 N7T0_19 N8T0_23  PE 
timeStep1  bank N4T1_8 N12T1_40 N13T1_45  PE 
timeStep2  bank  PE N9T2_28 
timeStep3  bank N18T3_70  PE N5T3_13 
timeStep4  bank  PE N10T4_33 
timeStep5  bank  PE N6T5_18 N14T5_53 
timeStep6  bank  PE N11T6_38 N15T6_58 
timeStep7  bank  PE N16T7_62 
timeStep8  bank  PE N17T8_66 
timeStep9  bank  PE N19T9_79 
timeStep10  bank N20T10_83  PE 


============DFG ID 3====================
timeStep0  bank N3T0_3 N7T0_19 N8T0_23  PE 
timeStep1  bank N4T1_8 N12T1_40 N13T1_45  PE 
timeStep2  bank  PE N9T2_28 
timeStep3  bank N18T3_70  PE N5T3_13 
timeStep4  bank  PE N10T4_33 
timeStep5  bank  PE N6T5_18 N14T5_53 
timeStep6  bank  PE N11T6_38 N15T6_58 
timeStep7  bank  PE N16T7_62 
timeStep8  bank  PE N17T8_66 
timeStep9  bank  PE N19T9_79 
timeStep10  bank N20T10_83  PE 


============DFG ID 4====================
timeStep0  bank N7T0_19 N8T0_23 N23T0_96 N27T0_123  PE 
timeStep1  bank N3T1_4 N12T1_40  PE N9T1_27 
timeStep2  bank N4T2_9 N13T2_46 N18T2_69  PE 
timeStep3  bank N22T3_90  PE N10T3_32 N14T3_51 
timeStep4  bank  PE N5T4_14 N15T4_56 
timeStep5  bank  PE N6T5_18 
timeStep6  bank  PE N11T6_38 
timeStep7  bank  PE N16T7_62 N24T7_111 
timeStep8  bank  PE N17T8_66 
timeStep9  bank N30T9_150  PE N19T9_79 
timeStep10  bank  PE N25T10_122 N28T10_136 N32T10_161 
timeStep11  bank N20T11_84  PE N29T11_140 
timeStep12  bank  PE N33T12_166 
timeStep13  bank N34T13_170  PE 


============DFG ID 0====================
timeStep0  bank N50T0_155  PE 
timeStep1  bank N28T1_75 N49T1_152 N54T1_172 N55T1_177  PE 
timeStep2  bank N18T2_47 N24T2_64 N33T2_96 N45T2_141  PE N9T2_12 N56T2_182 
timeStep3  bank N13T3_26 N29T3_81 N34T3_102  PE N26T3_68 N51T3_161 N57T3_187 
timeStep4  bank N60T4_203  PE N5T4_6 N27T4_72 N30T4_85 N47T4_146 N52T4_165 
timeStep5  bank  PE N6T5_10 N10T5_18 N14T5_31 N31T5_89 N35T5_108 N48T5_150 
timeStep6  bank  PE N11T6_22 N15T6_36 N32T6_93 N36T6_113 N53T6_170 
timeStep7  bank  PE N16T7_40 N37T7_117 N58T7_194 
timeStep8  bank N39T8_130  PE N17T8_44 N38T8_121 N59T8_198 
timeStep9  bank  PE N19T9_57 N40T9_134 N61T9_211 
timeStep10  bank N20T10_61 N41T10_138 N62T10_215  PE 


============DFG ID 1====================
timeStep0  bank N3T0_3 N7T0_19 N8T0_23  PE 
timeStep1  bank N4T1_8 N12T1_40 N13T1_45  PE 
timeStep2  bank  PE N9T2_28 
timeStep3  bank N18T3_70  PE N5T3_13 
timeStep4  bank  PE N10T4_33 
timeStep5  bank  PE N6T5_18 N14T5_53 
timeStep6  bank  PE N11T6_38 N15T6_58 
timeStep7  bank  PE N16T7_62 
timeStep8  bank  PE N17T8_66 
timeStep9  bank  PE N19T9_79 
timeStep10  bank N20T10_83  PE 


============DFG ID 2====================
timeStep0  bank N3T0_3 N7T0_19 N8T0_23  PE 
timeStep1  bank N4T1_8 N12T1_40 N13T1_45  PE 
timeStep2  bank  PE N9T2_28 
timeStep3  bank N18T3_70  PE N5T3_13 
timeStep4  bank  PE N10T4_33 
timeStep5  bank  PE N6T5_18 N14T5_53 
timeStep6  bank  PE N11T6_38 N15T6_58 
timeStep7  bank  PE N16T7_62 
timeStep8  bank  PE N17T8_66 
timeStep9  bank  PE N19T9_79 
timeStep10  bank N20T10_83  PE 


============DFG ID 3====================
timeStep0  bank N3T0_3 N7T0_19 N8T0_23  PE 
timeStep1  bank N4T1_8 N12T1_40 N13T1_45  PE 
timeStep2  bank  PE N9T2_28 
timeStep3  bank N18T3_70  PE N5T3_13 
timeStep4  bank  PE N10T4_33 
timeStep5  bank  PE N6T5_18 N14T5_53 
timeStep6  bank  PE N11T6_38 N15T6_58 
timeStep7  bank  PE N16T7_62 
timeStep8  bank  PE N17T8_66 
timeStep9  bank  PE N19T9_79 
timeStep10  bank N20T10_83  PE 


============DFG ID 4====================
timeStep0  bank N0T0_3 N5T0_24  PE 
timeStep1  bank N1T1_9 N9T1_39 N10T1_45  PE 
timeStep2  bank N2T2_14  PE 
timeStep3  bank  PE 
timeStep4  bank  PE N3T4_19 
timeStep5  bank  PE N4T5_23 N7T5_33 N11T5_54 
timeStep6  bank  PE N8T6_37 
timeStep7  bank  PE N12T7_59 
timeStep8  bank N13T8_63  PE 


============DFG ID 0====================
timeStep0  bank N49T0_151 N50T0_155  PE 
timeStep1  bank N3T1_4 N7T1_16 N45T1_140  PE N26T1_80 N51T1_159 
timeStep2  bank N12T2_37 N34T2_102 N54T2_173 N55T2_178  PE N5T2_8 N30T2_89 N47T2_144 N52T2_163 
timeStep3  bank N8T3_22 N39T3_125  PE N27T3_85 N31T3_93 N35T3_106 N48T3_148 N56T3_183 
timeStep4  bank N13T4_44 N18T4_67  PE N9T4_26 N32T4_97 N36T4_111 N53T4_168 N57T4_188 
timeStep5  bank  PE N6T5_14 N10T5_30 N14T5_49 N37T5_115 N58T5_192 
timeStep6  bank N60T6_205  PE N11T6_34 N15T6_54 N59T6_196 
timeStep7  bank  PE N16T7_58 N61T7_209 
timeStep8  bank  PE N17T8_62 N38T8_121 
timeStep9  bank N62T9_214  PE N19T9_75 N40T9_134 
timeStep10  bank N20T10_79 N41T10_138  PE 


============DFG ID 1====================
timeStep0  bank N3T0_3 N7T0_19 N8T0_23  PE 
timeStep1  bank N4T1_8 N12T1_40 N13T1_45  PE 
timeStep2  bank  PE N9T2_28 
timeStep3  bank N18T3_70  PE N5T3_13 
timeStep4  bank  PE N10T4_33 
timeStep5  bank  PE N6T5_18 N14T5_53 
timeStep6  bank  PE N11T6_38 N15T6_58 
timeStep7  bank  PE N16T7_62 
timeStep8  bank  PE N17T8_66 
timeStep9  bank  PE N19T9_79 
timeStep10  bank N20T10_83  PE 


============DFG ID 2====================
timeStep0  bank N3T0_3 N7T0_19 N8T0_23  PE 
timeStep1  bank N4T1_8 N12T1_40 N13T1_45  PE 
timeStep2  bank  PE N9T2_28 
timeStep3  bank N18T3_70  PE N5T3_13 
timeStep4  bank  PE N10T4_33 
timeStep5  bank  PE N6T5_18 N14T5_53 
timeStep6  bank  PE N11T6_38 N15T6_58 
timeStep7  bank  PE N16T7_62 
timeStep8  bank  PE N17T8_66 
timeStep9  bank  PE N19T9_79 
timeStep10  bank N20T10_83  PE 


============DFG ID 3====================
timeStep0  bank N3T0_3 N7T0_19 N8T0_23  PE 
timeStep1  bank N4T1_8 N12T1_40 N13T1_45  PE 
timeStep2  bank  PE N9T2_28 
timeStep3  bank N18T3_70  PE N5T3_13 
timeStep4  bank  PE N10T4_33 
timeStep5  bank  PE N6T5_18 N14T5_53 
timeStep6  bank  PE N11T6_38 N15T6_58 
timeStep7  bank  PE N16T7_62 
timeStep8  bank  PE N17T8_66 
timeStep9  bank  PE N19T9_79 
timeStep10  bank N20T10_83  PE 


============DFG ID 4====================
timeStep0  bank N0T0_3 N5T0_24  PE 
timeStep1  bank N1T1_9 N9T1_39 N10T1_45  PE 
timeStep2  bank N2T2_14  PE 
timeStep3  bank  PE 
timeStep4  bank  PE N3T4_19 
timeStep5  bank  PE N4T5_23 N7T5_33 N11T5_54 
timeStep6  bank  PE N8T6_37 
timeStep7  bank  PE N12T7_59 
timeStep8  bank N13T8_63  PE 


============DFG ID 0====================
timeStep0  bank N24T0_80 N55T0_177  PE 
timeStep1  bank N12T1_36 N18T1_64 N28T1_93 N29T1_97  PE N26T1_84 N47T1_157 N56T1_181 
timeStep2  bank N3T2_5 N13T2_42 N33T2_114 N34T2_119  PE N30T2_101 N57T2_186 
timeStep3  bank N7T3_18 N8T3_22 N39T3_143  PE N14T3_47 N35T3_124 N51T3_167 
timeStep4  bank  PE N5T4_10 N9T4_26 N27T4_90 N31T4_106 N36T4_129 N52T4_171 
timeStep5  bank  PE N6T5_14 N10T5_30 N15T5_53 N32T5_110 N48T5_164 
timeStep6  bank  PE N11T6_34 N37T6_134 N53T6_176 
timeStep7  bank  PE N16T7_58 N38T7_138 N58T7_194 
timeStep8  bank N60T8_207  PE N17T8_62 N40T8_151 N59T8_198 
timeStep9  bank N41T9_155  PE N19T9_75 N61T9_211 
timeStep10  bank N20T10_79 N62T10_215  PE 


============DFG ID 1====================
timeStep0  bank N3T0_3 N7T0_19 N8T0_23  PE 
timeStep1  bank N4T1_8 N12T1_40 N13T1_45  PE 
timeStep2  bank  PE N9T2_28 
timeStep3  bank N18T3_70  PE N5T3_13 
timeStep4  bank  PE N10T4_33 
timeStep5  bank  PE N6T5_18 N14T5_53 
timeStep6  bank  PE N11T6_38 N15T6_58 
timeStep7  bank  PE N16T7_62 
timeStep8  bank  PE N17T8_66 
timeStep9  bank  PE N19T9_79 
timeStep10  bank N20T10_83  PE 


============DFG ID 2====================
timeStep0  bank N3T0_3 N7T0_19 N8T0_23  PE 
timeStep1  bank N4T1_8 N12T1_40 N13T1_45  PE 
timeStep2  bank  PE N9T2_28 
timeStep3  bank N18T3_70  PE N5T3_13 
timeStep4  bank  PE N10T4_33 
timeStep5  bank  PE N6T5_18 N14T5_53 
timeStep6  bank  PE N11T6_38 N15T6_58 
timeStep7  bank  PE N16T7_62 
timeStep8  bank  PE N17T8_66 
timeStep9  bank  PE N19T9_79 
timeStep10  bank N20T10_83  PE 


============DFG ID 3====================
timeStep0  bank N3T0_3 N7T0_19 N8T0_23  PE 
timeStep1  bank N4T1_8 N12T1_40 N13T1_45  PE 
timeStep2  bank  PE N9T2_28 
timeStep3  bank N18T3_70  PE N5T3_13 
timeStep4  bank  PE N10T4_33 
timeStep5  bank  PE N6T5_18 N14T5_53 
timeStep6  bank  PE N11T6_38 N15T6_58 
timeStep7  bank  PE N16T7_62 
timeStep8  bank  PE N17T8_66 
timeStep9  bank  PE N19T9_79 
timeStep10  bank N20T10_83  PE 


============DFG ID 4====================
timeStep0  bank N0T0_3 N5T0_24  PE 
timeStep1  bank N1T1_9 N9T1_39 N10T1_45  PE 
timeStep2  bank N2T2_14  PE 
timeStep3  bank  PE 
timeStep4  bank  PE N3T4_19 
timeStep5  bank  PE N4T5_23 N7T5_33 N11T5_54 
timeStep6  bank  PE N8T6_37 
timeStep7  bank  PE N12T7_59 
timeStep8  bank N13T8_63  PE 


============DFG ID 0====================
timeStep0  bank N3T0_3 N7T0_19 N8T0_23  PE 
timeStep1  bank N4T1_8 N12T1_40 N13T1_45  PE 
timeStep2  bank  PE N9T2_28 
timeStep3  bank N18T3_70  PE N5T3_13 
timeStep4  bank  PE N10T4_33 
timeStep5  bank  PE N6T5_18 N14T5_53 
timeStep6  bank  PE N11T6_38 N15T6_58 
timeStep7  bank  PE N16T7_62 
timeStep8  bank  PE N17T8_66 
timeStep9  bank  PE N19T9_79 
timeStep10  bank N20T10_83  PE 


============DFG ID 1====================
timeStep0  bank N13T0_23 N28T0_74 N29T0_78 N33T0_94  PE 
timeStep1  bank N24T1_63 N34T1_100  PE N5T1_3 N9T1_11 N14T1_27 N30T1_82 
timeStep2  bank N18T2_47  PE N6T2_7 N10T2_15 N26T2_67 N31T2_86 N35T2_105 
timeStep3  bank  PE N11T3_19 N15T3_33 N27T3_71 N36T3_110 
timeStep4  bank  PE N16T4_37 N32T4_91 
timeStep5  bank  PE N17T5_41 N37T5_115 
timeStep6  bank  PE N19T6_54 N38T6_119 
timeStep7  bank N39T7_129  PE 
timeStep8  bank N20T8_59  PE N40T8_133 
timeStep9  bank  PE 
timeStep10  bank N41T10_138  PE 


============DFG ID 2====================
timeStep0  bank N3T0_3 N7T0_19 N8T0_23  PE 
timeStep1  bank N4T1_8 N12T1_40 N13T1_45  PE 
timeStep2  bank  PE N9T2_28 
timeStep3  bank N18T3_70  PE N5T3_13 
timeStep4  bank  PE N10T4_33 
timeStep5  bank  PE N6T5_18 N14T5_53 
timeStep6  bank  PE N11T6_38 N15T6_58 
timeStep7  bank  PE N16T7_62 
timeStep8  bank  PE N17T8_66 
timeStep9  bank  PE N19T9_79 
timeStep10  bank N20T10_83  PE 


============DFG ID 3====================
timeStep0  bank N3T0_3 N7T0_19 N8T0_23  PE 
timeStep1  bank N4T1_8 N12T1_40 N13T1_45  PE 
timeStep2  bank  PE N9T2_28 
timeStep3  bank N18T3_70  PE N5T3_13 
timeStep4  bank  PE N10T4_33 
timeStep5  bank  PE N6T5_18 N14T5_53 
timeStep6  bank  PE N11T6_38 N15T6_58 
timeStep7  bank  PE N16T7_62 
timeStep8  bank  PE N17T8_66 
timeStep9  bank  PE N19T9_79 
timeStep10  bank N20T10_83  PE 


============DFG ID 4====================
timeStep0  bank N0T0_3 N5T0_24  PE 
timeStep1  bank N1T1_9 N9T1_39 N10T1_45  PE 
timeStep2  bank N2T2_14  PE 
timeStep3  bank  PE 
timeStep4  bank  PE N3T4_19 
timeStep5  bank  PE N4T5_23 N7T5_33 N11T5_54 
timeStep6  bank  PE N8T6_37 
timeStep7  bank  PE N12T7_59 
timeStep8  bank N13T8_63  PE 


============DFG ID 0====================
timeStep0  bank N3T0_3 N7T0_19 N8T0_23  PE 
timeStep1  bank N4T1_8 N12T1_40 N13T1_45  PE 
timeStep2  bank  PE N9T2_28 
timeStep3  bank N18T3_70  PE N5T3_13 
timeStep4  bank  PE N10T4_33 
timeStep5  bank  PE N6T5_18 N14T5_53 
timeStep6  bank  PE N11T6_38 N15T6_58 
timeStep7  bank  PE N16T7_62 
timeStep8  bank  PE N17T8_66 
timeStep9  bank  PE N19T9_79 
timeStep10  bank N20T10_83  PE 


============DFG ID 1====================
timeStep0  bank N7T0_15 N8T0_19 N13T0_40  PE 
timeStep1  bank N34T1_101  PE N9T1_23 N26T1_80 
timeStep2  bank N12T2_37  PE 
timeStep3  bank N3T3_6  PE N30T3_90 
timeStep4  bank  PE N5T4_10 N14T4_48 
timeStep5  bank  PE N6T5_14 N10T5_30 N15T5_53 N27T5_87 N31T5_95 N35T5_108 
timeStep6  bank  PE N11T6_34 N32T6_99 N36T6_113 
timeStep7  bank N39T7_129  PE N16T7_58 N37T7_117 
timeStep8  bank N18T8_71  PE N17T8_62 N38T8_121 
timeStep9  bank  PE N19T9_75 N40T9_134 
timeStep10  bank N20T10_79 N41T10_138  PE 


============DFG ID 2====================
timeStep0  bank N3T0_3 N7T0_19 N8T0_23  PE 
timeStep1  bank N4T1_8 N12T1_40 N13T1_45  PE 
timeStep2  bank  PE N9T2_28 
timeStep3  bank N18T3_70  PE N5T3_13 
timeStep4  bank  PE N10T4_33 
timeStep5  bank  PE N6T5_18 N14T5_53 
timeStep6  bank  PE N11T6_38 N15T6_58 
timeStep7  bank  PE N16T7_62 
timeStep8  bank  PE N17T8_66 
timeStep9  bank  PE N19T9_79 
timeStep10  bank N20T10_83  PE 


============DFG ID 3====================
timeStep0  bank N3T0_3 N7T0_19 N8T0_23  PE 
timeStep1  bank N4T1_8 N12T1_40 N13T1_45  PE 
timeStep2  bank  PE N9T2_28 
timeStep3  bank N18T3_70  PE N5T3_13 
timeStep4  bank  PE N10T4_33 
timeStep5  bank  PE N6T5_18 N14T5_53 
timeStep6  bank  PE N11T6_38 N15T6_58 
timeStep7  bank  PE N16T7_62 
timeStep8  bank  PE N17T8_66 
timeStep9  bank  PE N19T9_79 
timeStep10  bank N20T10_83  PE 


============DFG ID 4====================
timeStep0  bank N0T0_3 N5T0_24  PE 
timeStep1  bank N1T1_9 N9T1_39 N10T1_45  PE 
timeStep2  bank N2T2_14  PE 
timeStep3  bank  PE 
timeStep4  bank  PE N3T4_19 
timeStep5  bank  PE N4T5_23 N7T5_33 N11T5_54 
timeStep6  bank  PE N8T6_37 
timeStep7  bank  PE N12T7_59 
timeStep8  bank N13T8_63  PE 


============DFG ID 0====================
timeStep0  bank N3T0_3 N7T0_19 N8T0_23  PE 
timeStep1  bank N4T1_8 N12T1_40 N13T1_45  PE 
timeStep2  bank  PE N9T2_28 
timeStep3  bank N18T3_70  PE N5T3_13 
timeStep4  bank  PE N10T4_33 
timeStep5  bank  PE N6T5_18 N14T5_53 
timeStep6  bank  PE N11T6_38 N15T6_58 
timeStep7  bank  PE N16T7_62 
timeStep8  bank  PE N17T8_66 
timeStep9  bank  PE N19T9_79 
timeStep10  bank N20T10_83  PE 


============DFG ID 1====================
timeStep0  bank N4T0_7 N24T0_84 N28T0_96 N29T0_100  PE 
timeStep1  bank N7T1_20 N13T1_45  PE N26T1_88 N30T1_104 
timeStep2  bank N3T2_5 N8T2_25  PE N27T2_92 N31T2_108 
timeStep3  bank N12T3_42 N33T3_119 N34T3_124  PE N5T3_13 N9T3_29 N32T3_112 
timeStep4  bank  PE N6T4_17 N10T4_33 
timeStep5  bank N39T5_149  PE N14T5_53 N35T5_130 
timeStep6  bank  PE N11T6_38 N15T6_58 N36T6_135 
timeStep7  bank N18T7_74  PE N16T7_62 N37T7_139 
timeStep8  bank  PE N17T8_66 N38T8_143 
timeStep9  bank  PE N19T9_79 N40T9_156 
timeStep10  bank N20T10_83 N41T10_160  PE 


============DFG ID 2====================
timeStep0  bank N3T0_3 N7T0_19 N8T0_23  PE 
timeStep1  bank N4T1_8 N12T1_40 N13T1_45  PE 
timeStep2  bank  PE N9T2_28 
timeStep3  bank N18T3_70  PE N5T3_13 
timeStep4  bank  PE N10T4_33 
timeStep5  bank  PE N6T5_18 N14T5_53 
timeStep6  bank  PE N11T6_38 N15T6_58 
timeStep7  bank  PE N16T7_62 
timeStep8  bank  PE N17T8_66 
timeStep9  bank  PE N19T9_79 
timeStep10  bank N20T10_83  PE 


============DFG ID 3====================
timeStep0  bank N3T0_3 N7T0_19 N8T0_23  PE 
timeStep1  bank N4T1_8 N12T1_40 N13T1_45  PE 
timeStep2  bank  PE N9T2_28 
timeStep3  bank N18T3_70  PE N5T3_13 
timeStep4  bank  PE N10T4_33 
timeStep5  bank  PE N6T5_18 N14T5_53 
timeStep6  bank  PE N11T6_38 N15T6_58 
timeStep7  bank  PE N16T7_62 
timeStep8  bank  PE N17T8_66 
timeStep9  bank  PE N19T9_79 
timeStep10  bank N20T10_83  PE 


============DFG ID 4====================
timeStep0  bank N0T0_3 N5T0_24  PE 
timeStep1  bank N1T1_9 N9T1_39 N10T1_45  PE 
timeStep2  bank N2T2_14  PE 
timeStep3  bank  PE 
timeStep4  bank  PE N3T4_19 
timeStep5  bank  PE N4T5_23 N7T5_33 N11T5_54 
timeStep6  bank  PE N8T6_37 
timeStep7  bank  PE N12T7_59 
timeStep8  bank N13T8_63  PE 


============DFG ID 0====================
timeStep0  bank N50T0_155  PE 
timeStep1  bank N28T1_75 N49T1_152 N54T1_172 N55T1_177  PE 
timeStep2  bank N18T2_47 N24T2_64 N33T2_96 N45T2_141  PE N9T2_12 N56T2_182 
timeStep3  bank N13T3_26 N29T3_81 N34T3_102  PE N26T3_68 N51T3_161 N57T3_187 
timeStep4  bank N60T4_203  PE N5T4_6 N27T4_72 N30T4_85 N47T4_146 N52T4_165 
timeStep5  bank  PE N6T5_10 N10T5_18 N14T5_31 N31T5_89 N35T5_108 N48T5_150 
timeStep6  bank  PE N11T6_22 N15T6_36 N32T6_93 N36T6_113 N53T6_170 
timeStep7  bank  PE N16T7_40 N37T7_117 N58T7_194 
timeStep8  bank N39T8_130  PE N17T8_44 N38T8_121 N59T8_198 
timeStep9  bank  PE N19T9_57 N40T9_134 N61T9_211 
timeStep10  bank N20T10_61 N41T10_138 N62T10_215  PE 


============DFG ID 1====================
timeStep0  bank N3T0_3 N7T0_19 N8T0_23  PE 
timeStep1  bank N4T1_8 N12T1_40 N13T1_45  PE 
timeStep2  bank  PE N9T2_28 
timeStep3  bank N18T3_70  PE N5T3_13 
timeStep4  bank  PE N10T4_33 
timeStep5  bank  PE N6T5_18 N14T5_53 
timeStep6  bank  PE N11T6_38 N15T6_58 
timeStep7  bank  PE N16T7_62 
timeStep8  bank  PE N17T8_66 
timeStep9  bank  PE N19T9_79 
timeStep10  bank N20T10_83  PE 


============DFG ID 2====================
timeStep0  bank N3T0_3 N7T0_19 N8T0_23  PE 
timeStep1  bank N4T1_8 N12T1_40 N13T1_45  PE 
timeStep2  bank  PE N9T2_28 
timeStep3  bank N18T3_70  PE N5T3_13 
timeStep4  bank  PE N10T4_33 
timeStep5  bank  PE N6T5_18 N14T5_53 
timeStep6  bank  PE N11T6_38 N15T6_58 
timeStep7  bank  PE N16T7_62 
timeStep8  bank  PE N17T8_66 
timeStep9  bank  PE N19T9_79 
timeStep10  bank N20T10_83  PE 


============DFG ID 3====================
timeStep0  bank N50T0_155  PE 
timeStep1  bank N28T1_75 N49T1_152 N54T1_172 N55T1_177  PE 
timeStep2  bank N18T2_47 N24T2_64 N33T2_96 N45T2_141  PE N9T2_12 N56T2_182 
timeStep3  bank N13T3_26 N29T3_81 N34T3_102  PE N26T3_68 N51T3_161 N57T3_187 
timeStep4  bank N60T4_203  PE N5T4_6 N27T4_72 N30T4_85 N47T4_146 N52T4_165 
timeStep5  bank  PE N6T5_10 N10T5_18 N14T5_31 N31T5_89 N35T5_108 N48T5_150 
timeStep6  bank  PE N11T6_22 N15T6_36 N32T6_93 N36T6_113 N53T6_170 
timeStep7  bank  PE N16T7_40 N37T7_117 N58T7_194 
timeStep8  bank N39T8_130  PE N17T8_44 N38T8_121 N59T8_198 
timeStep9  bank  PE N19T9_57 N40T9_134 N61T9_211 
timeStep10  bank N20T10_61 N41T10_138 N62T10_215  PE 


============DFG ID 4====================
timeStep0  bank N13T0_23 N28T0_74 N45T0_139 N50T0_155  PE 
timeStep1  bank N29T1_79 N72T1_268  PE N9T1_11 N14T1_27 
timeStep2  bank N24T2_64 N68T2_249 N73T2_277  PE N5T2_4 N10T2_15 N15T2_32 N30T2_83 
timeStep3  bank N33T3_97 N34T3_102 N49T3_154 N55T3_179  PE N6T3_8 N26T3_68 N31T3_87 
timeStep4  bank N54T4_175  PE N11T4_20 N27T4_72 N35T4_107 N47T4_146 N51T4_162 N74T4_286 
timeStep5  bank N18T5_50 N63T5_221 N64T5_228 N65T5_234  PE N16T5_38 N32T5_92 N36T5_112 N48T5_150 N52T5_166 N56T5_185 
timeStep6  bank  PE N17T6_42 N37T6_116 N53T6_170 N57T6_190 N66T6_240 N70T6_259 
timeStep7  bank N39T7_129 N60T7_206  PE N19T7_55 N38T7_120 N58T7_194 N67T7_246 
timeStep8  bank N20T8_59  PE N59T8_198 N71T8_266 
timeStep9  bank  PE N40T9_134 N61T9_211 N75T9_296 
timeStep10  bank N41T10_138 N62T10_215 N76T10_302  PE 


============DFG ID 5====================
timeStep0  bank N24T0_80 N55T0_177  PE 
timeStep1  bank N12T1_36 N18T1_64 N28T1_93 N29T1_97  PE N26T1_84 N47T1_157 N56T1_181 
timeStep2  bank N3T2_5 N13T2_42 N33T2_114 N34T2_119  PE N30T2_101 N57T2_186 
timeStep3  bank N7T3_18 N8T3_22 N39T3_143  PE N14T3_47 N35T3_124 N51T3_167 
timeStep4  bank  PE N5T4_10 N9T4_26 N27T4_90 N31T4_106 N36T4_129 N52T4_171 
timeStep5  bank  PE N6T5_14 N10T5_30 N15T5_53 N32T5_110 N48T5_164 
timeStep6  bank  PE N11T6_34 N37T6_134 N53T6_176 
timeStep7  bank  PE N16T7_58 N38T7_138 N58T7_194 
timeStep8  bank N60T8_207  PE N17T8_62 N40T8_151 N59T8_198 
timeStep9  bank N41T9_155  PE N19T9_75 N61T9_211 
timeStep10  bank N20T10_79 N62T10_215  PE 


============DFG ID 6====================
timeStep0  bank N6T0_41 N17T0_89 N21T0_105 N22T0_109  PE 
timeStep1  bank N1T1_11 N2T1_17 N5T1_35 N18T1_94  PE N23T1_113 
timeStep2  bank N0T2_5  PE N3T2_23 N19T2_98 N24T2_117 
timeStep3  bank N26T3_128 N27T3_133  PE N4T3_29 N7T3_50 
timeStep4  bank  PE N28T4_138 
timeStep5  bank  PE N20T5_104 N29T5_143 
timeStep6  bank N9T6_67  PE N25T6_124 
timeStep7  bank N32T7_160  PE N8T7_59 N11T7_75 N30T7_148 
timeStep8  bank  PE N12T8_81 N31T8_152 
timeStep9  bank  PE N33T9_165 
timeStep10  bank N13T10_88 N34T10_169  PE 


============DFG ID 7====================
timeStep0  bank N7T0_19 N8T0_23 N22T0_91 N23T0_97  PE 
timeStep1  bank N3T1_4 N4T1_8 N12T1_40 N21T1_85  PE N9T1_27 N24T1_103 
timeStep2  bank N13T2_46 N26T2_117  PE N5T2_12 N10T2_31 
timeStep3  bank N18T3_70  PE N6T3_16 N14T3_51 N25T3_110 N28T3_124 
timeStep4  bank  PE N11T4_36 N15T4_56 N29T4_130 
timeStep5  bank  PE N16T5_60 
timeStep6  bank  PE N17T6_64 
timeStep7  bank N30T7_142 N31T7_150  PE N19T7_77 
timeStep8  bank  PE N32T8_158 
timeStep9  bank  PE N33T9_164 
timeStep10  bank N20T10_83 N34T10_170  PE 


============DFG ID 8====================
timeStep0  bank N3T0_3 N7T0_19 N8T0_23  PE 
timeStep1  bank N4T1_8 N12T1_40 N13T1_45  PE 
timeStep2  bank  PE N9T2_28 
timeStep3  bank N18T3_70  PE N5T3_13 
timeStep4  bank  PE N10T4_33 
timeStep5  bank  PE N6T5_18 N14T5_53 
timeStep6  bank  PE N11T6_38 N15T6_58 
timeStep7  bank  PE N16T7_62 
timeStep8  bank  PE N17T8_66 
timeStep9  bank  PE N19T9_79 
timeStep10  bank N20T10_83  PE 


============DFG ID 9====================
timeStep0  bank N3T0_3 N7T0_19 N8T0_23  PE 
timeStep1  bank N4T1_8 N12T1_40 N13T1_45  PE 
timeStep2  bank  PE N9T2_28 
timeStep3  bank N18T3_70  PE N5T3_13 
timeStep4  bank  PE N10T4_33 
timeStep5  bank  PE N6T5_18 N14T5_53 
timeStep6  bank  PE N11T6_38 N15T6_58 
timeStep7  bank  PE N16T7_62 
timeStep8  bank  PE N17T8_66 
timeStep9  bank  PE N19T9_79 
timeStep10  bank N20T10_83  PE 


============DFG ID 10====================
timeStep0  bank N1T0_8 N6T0_25 N10T0_45  PE 
timeStep1  bank N0T1_4 N5T1_21 N9T1_40  PE N3T1_12 
timeStep2  bank  PE N7T2_31 
timeStep3  bank  PE N4T3_17 
timeStep4  bank  PE 
timeStep5  bank  PE N8T5_37 
timeStep6  bank  PE N11T6_56 
timeStep7  bank  PE N12T7_60 
timeStep8  bank N13T8_64  PE 


============DFG ID 11====================
timeStep0  bank N3T0_3 N7T0_19 N8T0_23  PE 
timeStep1  bank N4T1_8 N12T1_40 N13T1_45  PE 
timeStep2  bank  PE N9T2_28 
timeStep3  bank N18T3_70  PE N5T3_13 
timeStep4  bank  PE N10T4_33 
timeStep5  bank  PE N6T5_18 N14T5_53 
timeStep6  bank  PE N11T6_38 N15T6_58 
timeStep7  bank  PE N16T7_62 
timeStep8  bank  PE N17T8_66 
timeStep9  bank  PE N19T9_79 
timeStep10  bank N20T10_83  PE 


============DFG ID 12====================
timeStep0  bank N7T0_19 N8T0_23 N22T0_91 N23T0_97  PE 
timeStep1  bank N3T1_4 N4T1_8 N12T1_40 N21T1_85  PE N9T1_27 N24T1_103 
timeStep2  bank N13T2_46 N26T2_117  PE N5T2_12 N10T2_31 
timeStep3  bank N18T3_70  PE N6T3_16 N14T3_51 N25T3_110 N28T3_124 
timeStep4  bank  PE N11T4_36 N15T4_56 N29T4_130 
timeStep5  bank  PE N16T5_60 
timeStep6  bank  PE N17T6_64 
timeStep7  bank N30T7_142 N31T7_150  PE N19T7_77 
timeStep8  bank  PE N32T8_158 
timeStep9  bank  PE N33T9_164 
timeStep10  bank N20T10_83 N34T10_170  PE 


============DFG ID 13====================
timeStep0  bank N3T0_3 N7T0_19 N8T0_23  PE 
timeStep1  bank N4T1_8 N12T1_40 N13T1_45  PE 
timeStep2  bank  PE N9T2_28 
timeStep3  bank N18T3_70  PE N5T3_13 
timeStep4  bank  PE N10T4_33 
timeStep5  bank  PE N6T5_18 N14T5_53 
timeStep6  bank  PE N11T6_38 N15T6_58 
timeStep7  bank  PE N16T7_62 
timeStep8  bank  PE N17T8_66 
timeStep9  bank  PE N19T9_79 
timeStep10  bank N20T10_83  PE 


============DFG ID 14====================
timeStep0  bank N5T0_24  PE 
timeStep1  bank N0T1_4 N1T1_9 N6T1_30  PE 
timeStep2  bank  PE 
timeStep3  bank N2T3_15  PE 
timeStep4  bank N9T4_47  PE N3T4_19 N7T4_37 
timeStep5  bank  PE N4T5_23 N11T5_53 
timeStep6  bank  PE N8T6_42 
timeStep7  bank  PE N12T7_58 
timeStep8  bank N13T8_62  PE 


============DFG ID 15====================
timeStep0  bank N0T0_3 N5T0_24  PE 
timeStep1  bank N1T1_9 N9T1_39 N10T1_45  PE 
timeStep2  bank N2T2_14  PE 
timeStep3  bank  PE 
timeStep4  bank  PE N3T4_19 
timeStep5  bank  PE N4T5_23 N7T5_33 N11T5_54 
timeStep6  bank  PE N8T6_37 
timeStep7  bank  PE N12T7_59 
timeStep8  bank N13T8_63  PE 


============DFG ID 0====================
timeStep0  bank N49T0_151 N50T0_155  PE 
timeStep1  bank N3T1_4 N7T1_16 N45T1_140  PE N26T1_80 N51T1_159 
timeStep2  bank N12T2_37 N34T2_102 N54T2_173 N55T2_178  PE N5T2_8 N30T2_89 N47T2_144 N52T2_163 
timeStep3  bank N8T3_22 N39T3_125  PE N27T3_85 N31T3_93 N35T3_106 N48T3_148 N56T3_183 
timeStep4  bank N13T4_44 N18T4_67  PE N9T4_26 N32T4_97 N36T4_111 N53T4_168 N57T4_188 
timeStep5  bank  PE N6T5_14 N10T5_30 N14T5_49 N37T5_115 N58T5_192 
timeStep6  bank N60T6_205  PE N11T6_34 N15T6_54 N59T6_196 
timeStep7  bank  PE N16T7_58 N61T7_209 
timeStep8  bank  PE N17T8_62 N38T8_121 
timeStep9  bank N62T9_214  PE N19T9_75 N40T9_134 
timeStep10  bank N20T10_79 N41T10_138  PE 


============DFG ID 1====================
timeStep0  bank N3T0_3 N7T0_19 N8T0_23  PE 
timeStep1  bank N4T1_8 N12T1_40 N13T1_45  PE 
timeStep2  bank  PE N9T2_28 
timeStep3  bank N18T3_70  PE N5T3_13 
timeStep4  bank  PE N10T4_33 
timeStep5  bank  PE N6T5_18 N14T5_53 
timeStep6  bank  PE N11T6_38 N15T6_58 
timeStep7  bank  PE N16T7_62 
timeStep8  bank  PE N17T8_66 
timeStep9  bank  PE N19T9_79 
timeStep10  bank N20T10_83  PE 


============DFG ID 2====================
timeStep0  bank N3T0_3 N7T0_19 N8T0_23  PE 
timeStep1  bank N4T1_8 N12T1_40 N13T1_45  PE 
timeStep2  bank  PE N9T2_28 
timeStep3  bank N18T3_70  PE N5T3_13 
timeStep4  bank  PE N10T4_33 
timeStep5  bank  PE N6T5_18 N14T5_53 
timeStep6  bank  PE N11T6_38 N15T6_58 
timeStep7  bank  PE N16T7_62 
timeStep8  bank  PE N17T8_66 
timeStep9  bank  PE N19T9_79 
timeStep10  bank N20T10_83  PE 


============DFG ID 3====================
timeStep0  bank N49T0_151 N50T0_155  PE 
timeStep1  bank N3T1_4 N7T1_16 N45T1_140  PE N26T1_80 N51T1_159 
timeStep2  bank N12T2_37 N34T2_102 N54T2_173 N55T2_178  PE N5T2_8 N30T2_89 N47T2_144 N52T2_163 
timeStep3  bank N8T3_22 N39T3_125  PE N27T3_85 N31T3_93 N35T3_106 N48T3_148 N56T3_183 
timeStep4  bank N13T4_44 N18T4_67  PE N9T4_26 N32T4_97 N36T4_111 N53T4_168 N57T4_188 
timeStep5  bank  PE N6T5_14 N10T5_30 N14T5_49 N37T5_115 N58T5_192 
timeStep6  bank N60T6_205  PE N11T6_34 N15T6_54 N59T6_196 
timeStep7  bank  PE N16T7_58 N61T7_209 
timeStep8  bank  PE N17T8_62 N38T8_121 
timeStep9  bank N62T9_214  PE N19T9_75 N40T9_134 
timeStep10  bank N20T10_79 N41T10_138  PE 


============DFG ID 4====================
timeStep0  bank N49T0_151 N50T0_155 N54T0_171 N55T0_176  PE 
timeStep1  bank N12T1_36 N13T1_41 N45T1_140 N63T1_217  PE N51T1_159 N56T1_181 
timeStep2  bank N7T2_17 N34T2_102 N73T2_278  PE N47T2_144 N52T2_163 N57T2_186 
timeStep3  bank N3T3_6 N8T3_22 N18T3_66 N72T3_271  PE N14T3_47 N48T3_148 
timeStep4  bank  PE N5T4_10 N9T4_26 N26T4_83 N30T4_91 N53T4_168 N74T4_287 
timeStep5  bank N60T5_204 N64T5_228 N68T5_246 N69T5_253  PE N6T5_14 N10T5_30 N27T5_87 N31T5_95 N35T5_108 N58T5_192 
timeStep6  bank  PE N11T6_34 N15T6_54 N32T6_99 N36T6_113 N66T6_234 N70T6_260 
timeStep7  bank  PE N16T7_58 N37T7_117 N59T7_197 N67T7_240 
timeStep8  bank N39T8_130  PE N17T8_62 N38T8_121 N71T8_267 
timeStep9  bank  PE N19T9_75 N40T9_134 N61T9_211 N75T9_297 
timeStep10  bank N20T10_79 N41T10_138 N62T10_215 N76T10_303  PE 


============DFG ID 5====================
timeStep0  bank N24T0_80 N55T0_177  PE 
timeStep1  bank N12T1_36 N18T1_64 N28T1_93 N29T1_97  PE N26T1_84 N47T1_157 N56T1_181 
timeStep2  bank N3T2_5 N13T2_42 N33T2_114 N34T2_119  PE N30T2_101 N57T2_186 
timeStep3  bank N7T3_18 N8T3_22 N39T3_143  PE N14T3_47 N35T3_124 N51T3_167 
timeStep4  bank  PE N5T4_10 N9T4_26 N27T4_90 N31T4_106 N36T4_129 N52T4_171 
timeStep5  bank  PE N6T5_14 N10T5_30 N15T5_53 N32T5_110 N48T5_164 
timeStep6  bank  PE N11T6_34 N37T6_134 N53T6_176 
timeStep7  bank  PE N16T7_58 N38T7_138 N58T7_194 
timeStep8  bank N60T8_207  PE N17T8_62 N40T8_151 N59T8_198 
timeStep9  bank N41T9_155  PE N19T9_75 N61T9_211 
timeStep10  bank N20T10_79 N62T10_215  PE 


============DFG ID 6====================
timeStep0  bank N6T0_41 N17T0_89 N21T0_105 N22T0_109  PE 
timeStep1  bank N1T1_11 N2T1_17 N5T1_35 N18T1_94  PE N23T1_113 
timeStep2  bank N0T2_5  PE N3T2_23 N19T2_98 N24T2_117 
timeStep3  bank N26T3_128 N27T3_133  PE N4T3_29 N7T3_50 
timeStep4  bank  PE N28T4_138 
timeStep5  bank  PE N20T5_104 N29T5_143 
timeStep6  bank N9T6_67  PE N25T6_124 
timeStep7  bank N32T7_160  PE N8T7_59 N11T7_75 N30T7_148 
timeStep8  bank  PE N12T8_81 N31T8_152 
timeStep9  bank  PE N33T9_165 
timeStep10  bank N13T10_88 N34T10_169  PE 


============DFG ID 7====================
timeStep0  bank N3T0_3 N21T0_84 N26T0_109  PE 
timeStep1  bank N4T1_8 N31T1_145  PE 
timeStep2  bank N7T2_21 N8T2_25 N12T2_41  PE N5T2_12 
timeStep3  bank N13T3_47 N22T3_94 N30T3_139  PE N6T3_16 N9T3_29 
timeStep4  bank N18T4_71  PE N10T4_33 N14T4_52 
timeStep5  bank N27T5_121  PE N11T5_37 N15T5_57 N24T5_101 
timeStep6  bank  PE N16T6_61 N25T6_107 N28T6_128 
timeStep7  bank  PE N29T7_134 N32T7_158 
timeStep8  bank  PE N17T8_66 N33T8_164 
timeStep9  bank N34T9_170  PE N19T9_79 
timeStep10  bank N20T10_83  PE 


============DFG ID 8====================
timeStep0  bank N3T0_3 N7T0_19 N8T0_23  PE 
timeStep1  bank N4T1_8 N12T1_40 N13T1_45  PE 
timeStep2  bank  PE N9T2_28 
timeStep3  bank N18T3_70  PE N5T3_13 
timeStep4  bank  PE N10T4_33 
timeStep5  bank  PE N6T5_18 N14T5_53 
timeStep6  bank  PE N11T6_38 N15T6_58 
timeStep7  bank  PE N16T7_62 
timeStep8  bank  PE N17T8_66 
timeStep9  bank  PE N19T9_79 
timeStep10  bank N20T10_83  PE 


============DFG ID 9====================
timeStep0  bank N3T0_3 N7T0_19 N8T0_23  PE 
timeStep1  bank N4T1_8 N12T1_40 N13T1_45  PE 
timeStep2  bank  PE N9T2_28 
timeStep3  bank N18T3_70  PE N5T3_13 
timeStep4  bank  PE N10T4_33 
timeStep5  bank  PE N6T5_18 N14T5_53 
timeStep6  bank  PE N11T6_38 N15T6_58 
timeStep7  bank  PE N16T7_62 
timeStep8  bank  PE N17T8_66 
timeStep9  bank  PE N19T9_79 
timeStep10  bank N20T10_83  PE 


============DFG ID 10====================
timeStep0  bank N0T0_3 N5T0_24  PE 
timeStep1  bank N1T1_9 N9T1_39 N10T1_45  PE 
timeStep2  bank N2T2_14  PE 
timeStep3  bank  PE 
timeStep4  bank  PE N3T4_19 
timeStep5  bank  PE N4T5_23 N7T5_33 N11T5_54 
timeStep6  bank  PE N8T6_37 
timeStep7  bank  PE N12T7_59 
timeStep8  bank N13T8_63  PE 


============DFG ID 11====================
timeStep0  bank N3T0_3 N7T0_19 N8T0_23  PE 
timeStep1  bank N4T1_8 N12T1_40 N13T1_45  PE 
timeStep2  bank  PE N9T2_28 
timeStep3  bank N18T3_70  PE N5T3_13 
timeStep4  bank  PE N10T4_33 
timeStep5  bank  PE N6T5_18 N14T5_53 
timeStep6  bank  PE N11T6_38 N15T6_58 
timeStep7  bank  PE N16T7_62 
timeStep8  bank  PE N17T8_66 
timeStep9  bank  PE N19T9_79 
timeStep10  bank N20T10_83  PE 


============DFG ID 12====================
timeStep0  bank N3T0_3 N21T0_84 N26T0_109  PE 
timeStep1  bank N4T1_8 N31T1_145  PE 
timeStep2  bank N7T2_21 N8T2_25 N12T2_41  PE N5T2_12 
timeStep3  bank N13T3_47 N22T3_94 N30T3_139  PE N6T3_16 N9T3_29 
timeStep4  bank N18T4_71  PE N10T4_33 N14T4_52 
timeStep5  bank N27T5_121  PE N11T5_37 N15T5_57 N24T5_101 
timeStep6  bank  PE N16T6_61 N25T6_107 N28T6_128 
timeStep7  bank  PE N29T7_134 N32T7_158 
timeStep8  bank  PE N17T8_66 N33T8_164 
timeStep9  bank N34T9_170  PE N19T9_79 
timeStep10  bank N20T10_83  PE 


============DFG ID 13====================
timeStep0  bank N3T0_3 N7T0_19 N8T0_23  PE 
timeStep1  bank N4T1_8 N12T1_40 N13T1_45  PE 
timeStep2  bank  PE N9T2_28 
timeStep3  bank N18T3_70  PE N5T3_13 
timeStep4  bank  PE N10T4_33 
timeStep5  bank  PE N6T5_18 N14T5_53 
timeStep6  bank  PE N11T6_38 N15T6_58 
timeStep7  bank  PE N16T7_62 
timeStep8  bank  PE N17T8_66 
timeStep9  bank  PE N19T9_79 
timeStep10  bank N20T10_83  PE 


============DFG ID 14====================
timeStep0  bank N5T0_24  PE 
timeStep1  bank N0T1_4 N1T1_9 N6T1_30  PE 
timeStep2  bank  PE 
timeStep3  bank N2T3_15  PE 
timeStep4  bank N9T4_47  PE N3T4_19 N7T4_37 
timeStep5  bank  PE N4T5_23 N11T5_53 
timeStep6  bank  PE N8T6_42 
timeStep7  bank  PE N12T7_58 
timeStep8  bank N13T8_62  PE 


============DFG ID 15====================
timeStep0  bank N1T0_8 N6T0_25 N10T0_45  PE 
timeStep1  bank N0T1_4 N5T1_21 N9T1_40  PE N3T1_12 
timeStep2  bank  PE N7T2_31 
timeStep3  bank  PE N4T3_17 
timeStep4  bank  PE 
timeStep5  bank  PE N8T5_37 
timeStep6  bank  PE N11T6_56 
timeStep7  bank  PE N12T7_60 
timeStep8  bank N13T8_64  PE 


============DFG ID 0====================
timeStep0  bank N24T0_80 N55T0_177  PE 
timeStep1  bank N12T1_36 N18T1_64 N28T1_93 N29T1_97  PE N26T1_84 N47T1_157 N56T1_181 
timeStep2  bank N3T2_5 N13T2_42 N33T2_114 N34T2_119  PE N30T2_101 N57T2_186 
timeStep3  bank N7T3_18 N8T3_22 N39T3_143  PE N14T3_47 N35T3_124 N51T3_167 
timeStep4  bank  PE N5T4_10 N9T4_26 N27T4_90 N31T4_106 N36T4_129 N52T4_171 
timeStep5  bank  PE N6T5_14 N10T5_30 N15T5_53 N32T5_110 N48T5_164 
timeStep6  bank  PE N11T6_34 N37T6_134 N53T6_176 
timeStep7  bank  PE N16T7_58 N38T7_138 N58T7_194 
timeStep8  bank N60T8_207  PE N17T8_62 N40T8_151 N59T8_198 
timeStep9  bank N41T9_155  PE N19T9_75 N61T9_211 
timeStep10  bank N20T10_79 N62T10_215  PE 


============DFG ID 1====================
timeStep0  bank N3T0_3 N7T0_19 N8T0_23  PE 
timeStep1  bank N4T1_8 N12T1_40 N13T1_45  PE 
timeStep2  bank  PE N9T2_28 
timeStep3  bank N18T3_70  PE N5T3_13 
timeStep4  bank  PE N10T4_33 
timeStep5  bank  PE N6T5_18 N14T5_53 
timeStep6  bank  PE N11T6_38 N15T6_58 
timeStep7  bank  PE N16T7_62 
timeStep8  bank  PE N17T8_66 
timeStep9  bank  PE N19T9_79 
timeStep10  bank N20T10_83  PE 


============DFG ID 2====================
timeStep0  bank N3T0_3 N7T0_19 N8T0_23  PE 
timeStep1  bank N4T1_8 N12T1_40 N13T1_45  PE 
timeStep2  bank  PE N9T2_28 
timeStep3  bank N18T3_70  PE N5T3_13 
timeStep4  bank  PE N10T4_33 
timeStep5  bank  PE N6T5_18 N14T5_53 
timeStep6  bank  PE N11T6_38 N15T6_58 
timeStep7  bank  PE N16T7_62 
timeStep8  bank  PE N17T8_66 
timeStep9  bank  PE N19T9_79 
timeStep10  bank N20T10_83  PE 


============DFG ID 3====================
timeStep0  bank N24T0_80 N55T0_177  PE 
timeStep1  bank N12T1_36 N18T1_64 N28T1_93 N29T1_97  PE N26T1_84 N47T1_157 N56T1_181 
timeStep2  bank N3T2_5 N13T2_42 N33T2_114 N34T2_119  PE N30T2_101 N57T2_186 
timeStep3  bank N7T3_18 N8T3_22 N39T3_143  PE N14T3_47 N35T3_124 N51T3_167 
timeStep4  bank  PE N5T4_10 N9T4_26 N27T4_90 N31T4_106 N36T4_129 N52T4_171 
timeStep5  bank  PE N6T5_14 N10T5_30 N15T5_53 N32T5_110 N48T5_164 
timeStep6  bank  PE N11T6_34 N37T6_134 N53T6_176 
timeStep7  bank  PE N16T7_58 N38T7_138 N58T7_194 
timeStep8  bank N60T8_207  PE N17T8_62 N40T8_151 N59T8_198 
timeStep9  bank N41T9_155  PE N19T9_75 N61T9_211 
timeStep10  bank N20T10_79 N62T10_215  PE 
