

============第 0个 PNU 的 MapInformation==============

 算子编号 时间步  算子种类 子节点0  dif0   
    0       0       1       6       0   
    1       0       1       7       0   
    2       1       1       9       0   
    3       1       1       8       0   
    4       3       1       6       0   
    5       3       1       7       0   
    6       4       0       8       0   
    7       4       0       9       0   
    8       5       0      10       0   
    9       5       0      11       0   
   10       6       1      -1      -1   
   11       6       1      -1      -1   


============第 0个 PNU 的 MapInformation==============

 算子编号 时间步  算子种类 子节点0  dif0   
    0       0       1       6       0   
    1       0       1       7       0   
    2       1       1       9       0   
    3       1       1       8       0   
    4       1       1       7       0   
    5       3       1       6       0   
    6       4       0       8       0   
    7       4       0       9       0   
    8       5       0      10       0   
    9       5       0      11       0   
   10       6       1      -1      -1   
   11       6       1      -1      -1   


============第 0个 PNU 的 MapInformation==============

 算子编号 时间步  算子种类 子节点0  dif0   
    0       0       1       7       0   
    1       1       1       9       0   
    2       1       1       8       0   
    3       2       1       6       0   
    4       3       1       6       0   
    5       3       1       7       0   
    6       4       0       8       0   
    7       4       0       9       0   
    8       5       0      10       0   
    9       5       0      11       0   
   10       6       1      -1      -1   
   11       6       1      -1      -1   


============第 0个 PNU 的 MapInformation==============

 算子编号 时间步  算子种类 子节点0  dif0   
    0       1       1       8       0   
    1       1       1       9       0   
    2       2       1       6       0   
    3       2       1       7       0   
    4       3       1       6       0   
    5       3       1       7       0   
    6       4       0       8       0   
    7       4       0       9       0   
    8       5       0      10       0   
    9       5       0      11       0   
   10       6       1      -1      -1   
   11       6       1      -1      -1   


============第 0个 PNU 的 MapInformation==============

 算子编号 时间步  算子种类 子节点0  dif0   
    0       0       1       8       0   
    1       0       1       7       0   
    2       1       1       9       0   
    3       1       1       6       0   
    4       3       1       6       0   
    5       3       1       7       0   
    6       4       0       8       0   
    7       4       0       9       0   
    8       5       0      10       0   
    9       5       0      11       0   
   10       6       1      -1      -1   
   11       6       1      -1      -1   


============第 0个 PNU 的 MapInformation==============

 算子编号 时间步  算子种类 子节点0  dif0   
    0       0       1       6       0   
    1       1       1       8       0   
    2       1       1       9       0   
    3       2       1       7       0   
    4       3       1       6       0   
    5       3       1       7       0   
    6       4       0       8       0   
    7       4       0       9       0   
    8       5       0      10       0   
    9       5       0      11       0   
   10       6       1      -1      -1   
   11       6       1      -1      -1   


============第 0个 PNU 的 MapInformation==============

 算子编号 时间步  算子种类 子节点0  dif0   
    0       0       1       8       0   
    1       0       1       5       0   
    2       1       1       7       0   
    3       1       1      10       0   
    4       1       1       5       0   
    5       2       0       7       0   
    6       3       1       8       0   
    7       3       0       9       0   
    8       4       0      10       0   
    9       4       1      -1      -1   
   10       5       0      11       0   
   11       6       1      -1      -1   


============第 0个 PNU 的 MapInformation==============

 算子编号 时间步  算子种类 子节点0  dif0   
    0       0       1       7       0   
    1       1       1       6       0   
    2       1       1       9       0   
    3       1       1       8       0   
    4       2       1       7       0   
    5       3       1       6       0   
    6       4       0       8       0   
    7       4       0       9       0   
    8       5       0      10       0   
    9       5       0      11       0   
   10       6       1      -1      -1   
   11       6       1      -1      -1   


============第 0个 PNU 的 MapInformation==============

 算子编号 时间步  算子种类 子节点0  dif0   
    0       1       1       8       0   
    1       1       1       9       0   
    2       1       1       7       0   
    3       2       1       7       0   
    4       2       1       6       0   
    5       3       1       6       0   
    6       4       0       8       0   
    7       4       0       9       0   
    8       5       0      10       0   
    9       5       0      11       0   
   10       6       1      -1      -1   
   11       6       1      -1      -1   


============第 0个 PNU 的 MapInformation==============

 算子编号 时间步  算子种类 子节点0  dif0   
    0       0       1       8       0   
    1       0       1       7       0   
    2       1       1       9       0   
    3       1       1       6       0   
    4       1       1       7       0   
    5       3       1       6       0   
    6       4       0       8       0   
    7       4       0       9       0   
    8       5       0      10       0   
    9       5       0      11       0   
   10       6       1      -1      -1   
   11       6       1      -1      -1   


============第 0个 PNU 的 MapInformation==============

 算子编号 时间步  算子种类 子节点0  dif0   
    0       0       1       8       0   
    1       1       1       6       0   
    2       1       1       9       0   
    3       2       1       7       0   
    4       3       1       6       0   
    5       3       1       7       0   
    6       4       0       8       0   
    7       4       0       9       0   
    8       5       0      10       0   
    9       5       0      11       0   
   10       6       1      -1      -1   
   11       6       1      -1      -1   


============第 0个 PNU 的 MapInformation==============

 算子编号 时间步  算子种类 子节点0  dif0   
    0       0       1       6       0   
    1       1       1       8       0   
    2       1       1       9       0   
    3       1       1       7       0   
    4       2       1       7       0   
    5       3       1       6       0   
    6       4       0       8       0   
    7       4       0       9       0   
    8       5       0      10       0   
    9       5       0      11       0   
   10       6       1      -1      -1   
   11       6       1      -1      -1   


============第 0个 PNU 的 MapInformation==============

 算子编号 时间步  算子种类 子节点0  dif0   
    0       1       1       8       0   
    1       1       1       6       0   
    2       1       1       9       0   
    3       2       1       7       0   
    4       2       1       7       0   
    5       3       1       6       0   
    6       4       0       8       0   
    7       4       0       9       0   
    8       5       0      10       0   
    9       5       0      11       0   
   10       6       1      -1      -1   
   11       6       1      -1      -1   


============第 0个 PNU 的 MapInformation==============

 算子编号 时间步  算子种类 子节点0  dif0   
    0       0       1       8       0   
    1       1       1       6       0   
    2       1       1       9       0   
    3       1       1       7       0   
    4       2       1       7       0   
    5       3       1       6       0   
    6       4       0       8       0   
    7       4       0       9       0   
    8       5       0      10       0   
    9       5       0      11       0   
   10       6       1      -1      -1   
   11       6       1      -1      -1   


============第 0个 PNU 的 MapInformation==============

 算子编号 时间步  算子种类 子节点0  dif0   
    0       0       1       8       0   
    1       0       1       5       0   
    2       1       1       7       0   
    3       1       1       5       0   
    4       1       1      10       0   
    5       2       0       7       0   
    6       3       1       8       0   
    7       3       0       9       0   
    8       4       0      10       0   
    9       4       1      -1      -1   
   10       5       0      11       0   
   11       6       1      -1      -1   


============第 0个 PNU 的 MapInformation==============

 算子编号 时间步  算子种类 子节点0  dif0   
    0       0       1       8       0   
    1       0       1       4       0   
    2       1       1       7       0   
    3       1       1       4       0   
    4       2       0       7       0   
    5       3       1      10       0   
    6       3       1       8       0   
    7       3       0       9       0   
    8       4       0      10       0   
    9       4       1      -1      -1   
   10       5       0      11       0   
   11       6       1      -1      -1   


============第 0个 PNU 的 MapInformation==============

 算子编号 时间步  算子种类 子节点0  dif0   
    0       0       1       8       0   
    1       0       1       4       0   
    2       1       1       4       0   
    3       1       1       7       0   
    4       2       0       7       0   
    5       3       1      10       0   
    6       3       1       8       0   
    7       3       0       9       0   
    8       4       0      10       0   
    9       4       1      -1      -1   
   10       5       0      11       0   
   11       6       1      -1      -1   


============第 0个 PNU 的 MapInformation==============

 算子编号 时间步  算子种类 子节点0  dif0   
    0       0       1       5       0   
    1       0       1       5       0   
    2       1       1       6       0   
    3       1       1       9       0   
    4       1       1       8       0   
    5       1       0       6       0   
    6       2       0      11       0   
    7       3       1       8       0   
    8       4       0       9       0   
    9       5       0      10       0   
   10       6       1      -1      -1   
   11       6       1      -1      -1   


============第 0个 PNU 的 MapInformation==============

 算子编号 时间步  算子种类 子节点0  dif0   
    0       0       1       8       0   
    1       0       1       6       0   
    2       1       1       8       0   
    3       1       1       7       0   
    4       1       1      10       0   
    5       1       1       6       0   
    6       2       0       7       0   
    7       3       0       9       0   
    8       4       0      10       0   
    9       4       1      -1      -1   
   10       5       0      11       0   
   11       6       1      -1      -1   


============第 0个 PNU 的 MapInformation==============

 算子编号 时间步  算子种类 子节点0  dif0   
    0       0       1       6       0   
    1       0       1       7       0   
    2       1       1       6       0   
    3       1       1       8       0   
    4       1       1      10       0   
    5       1       1       7       0   
    6       2       0      10       0   
    7       2       0       8       0   
    8       3       0       9       0   
    9       4       1      -1      -1   
   10       5       0      11       0   
   11       6       1      -1      -1   


============第 0个 PNU 的 MapInformation==============

 算子编号 时间步  算子种类 子节点0  dif0   
    0       0       1       5       0   
    1       1       1       7       0   
    2       1       1      10       0   
    3       1       1       5       0   
    4       2       1       8       0   
    5       2       0       7       0   
    6       3       1       8       0   
    7       3       0       9       0   
    8       4       0      10       0   
    9       4       1      -1      -1   
   10       5       0      11       0   
   11       6       1      -1      -1   


============第 0个 PNU 的 MapInformation==============

 算子编号 时间步  算子种类 子节点0  dif0   
    0       0       1       9       0   
    1       0       1       7       0   
    2       1       1       8       0   
    3       1       1       6       0   
    4       3       1       6       0   
    5       3       1       7       0   
    6       4       0       8       0   
    7       4       0       9       0   
    8       5       0      10       0   
    9       5       0      11       0   
   10       6       1      -1      -1   
   11       6       1      -1      -1   


============第 0个 PNU 的 MapInformation==============

 算子编号 时间步  算子种类 子节点0  dif0   
    0       0       1       9       0   
    1       1       1       6       0   
    2       1       1       8       0   
    3       2       1       7       0   
    4       3       1       6       0   
    5       3       1       7       0   
    6       4       0       8       0   
    7       4       0       9       0   
    8       5       0      10       0   
    9       5       0      11       0   
   10       6       1      -1      -1   
   11       6       1      -1      -1   


============第 0个 PNU 的 MapInformation==============

 算子编号 时间步  算子种类 子节点0  dif0   
    0       0       1       7       0   
    1       1       1       6       0   
    2       1       1       8       0   
    3       2       1       9       0   
    4       3       1       6       0   
    5       3       1       7       0   
    6       4       0       8       0   
    7       4       0       9       0   
    8       5       0      10       0   
    9       5       0      11       0   
   10       6       1      -1      -1   
   11       6       1      -1      -1   


============第 0个 PNU 的 MapInformation==============

 算子编号 时间步  算子种类 子节点0  dif0   
    0       0       1       9       0   
    1       0       1       7       0   
    2       1       1       5       0   
    3       1       1       8       0   
    4       1       1       5       0   
    5       2       0       8       0   
    6       3       1       7       0   
    7       4       0       9       0   
    8       5       0      10       0   
    9       5       0      11       0   
   10       6       1      -1      -1   
   11       6       1      -1      -1   


============第 0个 PNU 的 MapInformation==============

 算子编号 时间步  算子种类 子节点0  dif0   
    0       0       1       7       0   
    1       0       1       5       0   
    2       1       1      10       0   
    3       1       1       8       0   
    4       1       1       5       0   
    5       2       0       7       0   
    6       3       1       8       0   
    7       3       0       9       0   
    8       4       0      10       0   
    9       4       1      -1      -1   
   10       5       0      11       0   
   11       6       1      -1      -1   


============第 0个 PNU 的 MapInformation==============

 算子编号 时间步  算子种类 子节点0  dif0   
    0       0       1       9       0   
    1       0       1       7       0   
    2       1       1       8       0   
    3       3       1       6       0   
    4       3       1       6       0   
    5       3       1       7       0   
    6       4       0       8       0   
    7       4       0       9       0   
    8       5       0      10       0   
    9       5       0      11       0   
   10       6       1      -1      -1   
   11       6       1      -1      -1   


============第 0个 PNU 的 MapInformation==============

 算子编号 时间步  算子种类 子节点0  dif0   
    0       0       1       9       0   
    1       1       1       6       0   
    2       1       1       8       0   
    3       1       1       7       0   
    4       2       1       7       0   
    5       3       1       6       0   
    6       4       0       8       0   
    7       4       0       9       0   
    8       5       0      10       0   
    9       5       0      11       0   
   10       6       1      -1      -1   
   11       6       1      -1      -1   


============第 0个 PNU 的 MapInformation==============

 算子编号 时间步  算子种类 子节点0  dif0   
    0       0       1       9       0   
    1       0       1       7       0   
    2       1       1       6       0   
    3       3       1       8       0   
    4       3       1       6       0   
    5       3       1       7       0   
    6       4       0       8       0   
    7       4       0       9       0   
    8       5       0      10       0   
    9       5       0      11       0   
   10       6       1      -1      -1   
   11       6       1      -1      -1   


============第 0个 PNU 的 MapInformation==============

 算子编号 时间步  算子种类 子节点0  dif0   
    0       0       1       7       0   
    1       1       1       6       0   
    2       2       1       9       0   
    3       3       1       8       0   
    4       3       1       6       0   
    5       3       1       7       0   
    6       4       0       8       0   
    7       4       0       9       0   
    8       5       0      10       0   
    9       5       0      11       0   
   10       6       1      -1      -1   
   11       6       1      -1      -1   


============第 0个 PNU 的 MapInformation==============

 算子编号 时间步  算子种类 子节点0  dif0   
    0       0       1       7       0   
    1       1       1       5       0   
    2       1       1       8       0   
    3       3       1       5       0   
    4       3       1       7       0   
    5       4       0       8       0   
    6       4       1       9       0   
    7       4       0       9       0   
    8       5       0      10       0   
    9       5       0      11       0   
   10       6       1      -1      -1   
   11       6       1      -1      -1   


============第 0个 PNU 的 MapInformation==============

 算子编号 时间步  算子种类 子节点0  dif0   
    0       0       1       6       0   
    1       0       1       5       0   
    2       0       1       5       0   
    3       1       1       9       0   
    4       1       1      10       0   
    5       1       0       6       0   
    6       2       0       8       0   
    7       3       1       9       0   
    8       3       1      -1      -1   
    9       4       0      10       0   
   10       5       0      11       0   
   11       6       1      -1      -1   


============第 0个 PNU 的 MapInformation==============

 算子编号 时间步  算子种类 子节点0  dif0   
    0       0       1       9       0   
    1       0       1       7       0   
    2       1       1       6       0   
    3       1       1       8       0   
    4       1       1       6       0   
    5       3       1       7       0   
    6       4       0       8       0   
    7       4       0       9       0   
    8       5       0      10       0   
    9       5       0      11       0   
   10       6       1      -1      -1   
   11       6       1      -1      -1   


============第 0个 PNU 的 MapInformation==============

 算子编号 时间步  算子种类 子节点0  dif0   
    0       0       1       9       0   
    1       0       1       7       0   
    2       1       1       8       0   
    3       1       1       6       0   
    4       3       1       6       0   
    5       3       1       7       0   
    6       4       0       8       0   
    7       4       0       9       0   
    8       5       0      10       0   
    9       5       0      11       0   
   10       6       1      -1      -1   
   11       6       1      -1      -1   


============第 0个 PNU 的 MapInformation==============

 算子编号 时间步  算子种类 子节点0  dif0   
    0       0       1       9       0   
    1       1       1       7       0   
    2       1       1       8       0   
    3       1       1       6       0   
    4       2       1       6       0   
    5       3       1       7       0   
    6       3       0       9       0   
    7       4       0       8       0   
    8       5       0      10       0   
    9       5       0      11       0   
   10       6       1      -1      -1   
   11       6       1      -1      -1   


============第 0个 PNU 的 MapInformation==============

 算子编号 时间步  算子种类 子节点0  dif0   
    0       0       1       9       0   
    1       0       1       7       0   
    2       1       1       8       0   
    3       1       1       6       0   
    4       1       1       7       0   
    5       3       1       6       0   
    6       4       0       8       0   
    7       4       0       9       0   
    8       5       0      10       0   
    9       5       0      11       0   
   10       6       1      -1      -1   
   11       6       1      -1      -1   


============第 0个 PNU 的 MapInformation==============

 算子编号 时间步  算子种类 子节点0  dif0   
    0       0       1       9       0   
    1       1       1       4       0   
    2       1       1       4       0   
    3       1       1       8       0   
    4       2       0       8       0   
    5       2       1       7       0   
    6       3       1       7       0   
    7       4       0       9       0   
    8       5       0      10       0   
    9       5       0      11       0   
   10       6       1      -1      -1   
   11       6       1      -1      -1   


============第 0个 PNU 的 MapInformation==============

 算子编号 时间步  算子种类 子节点0  dif0   
    0       0       1       4       0   
    1       0       1       4       0   
    2       1       1       7       0   
    3       1       1       9       0   
    4       1       0       9       0   
    5       3       1       8       0   
    6       3       1       7       0   
    7       4       0       8       0   
    8       5       0      10       0   
    9       5       0      11       0   
   10       6       1      -1      -1   
   11       6       1      -1      -1   


============第 0个 PNU 的 MapInformation==============

 算子编号 时间步  算子种类 子节点0  dif0   
    0       1       1       8       0   
    1       1       1       6       0   
    2       2       1       9       0   
    3       2       1       7       0   
    4       3       1       6       0   
    5       3       1       7       0   
    6       4       0       8       0   
    7       4       0       9       0   
    8       5       0      10       0   
    9       5       0      11       0   
   10       6       1      -1      -1   
   11       6       1      -1      -1   


============第 0个 PNU 的 MapInformation==============

 算子编号 时间步  算子种类 子节点0  dif0   
    0       0       1       9       0   
    1       0       1       4       0   
    2       1       1       7       0   
    3       1       1       4       0   
    4       2       0       9       0   
    5       3       1       8       0   
    6       3       1       7       0   
    7       4       0       8       0   
    8       5       0      10       0   
    9       5       0      11       0   
   10       6       1      -1      -1   
   11       6       1      -1      -1   


============第 0个 PNU 的 MapInformation==============

 算子编号 时间步  算子种类 子节点0  dif0   
    0       0       1       5       0   
    1       0       1       4       0   
    2       0       1       4       0   
    3       1       1       9       0   
    4       1       0       5       0   
    5       2       0       8       0   
    6       3       1       9       0   
    7       3       1      10       0   
    8       3       1      -1      -1   
    9       4       0      10       0   
   10       5       0      11       0   
   11       6       1      -1      -1   


============第 0个 PNU 的 MapInformation==============

 算子编号 时间步  算子种类 子节点0  dif0   
    0       0       1       5       0   
    1       0       1       4       0   
    2       0       1       4       0   
    3       1       1       8       0   
    4       1       0       5       0   
    5       2       0      10       0   
    6       3       1       8       0   
    7       3       1       9       0   
    8       4       0       9       0   
    9       5       0      11       0   
   10       5       1      -1      -1   
   11       6       1      -1      -1   
