
=======schedule=====

 II =  2

timeStep0  LSU N6T0_28 N7T0_33  PE 
timeStep1  LSU N0T1_4 N1T1_9 N8T1_38  PE 
timeStep2  LSU  PE N9T2_42 
timeStep3  LSU N2T3_15  PE N10T3_46 
timeStep4  LSU N11T4_50  PE N3T4_19 
timeStep5  LSU  PE N4T5_23 
timeStep6  LSU N5T6_27  PE 

The total number of register
begin 2 end 3 dif 0 startTime 3 endTime 4 useRe 1
begin 1 end 3 dif 0 startTime 1 endTime 4 useRe 3
begin 3 end 4 dif 0 startTime 4 endTime 5 useRe 1
begin 0 end 4 dif 0 startTime 1 endTime 5 useRe 4
begin 4 end 5 dif 0 startTime 5 endTime 6 useRe 1
begin 8 end 9 dif 0 startTime 1 endTime 2 useRe 1
begin 7 end 9 dif 0 startTime 0 endTime 2 useRe 2
begin 9 end 10 dif 0 startTime 2 endTime 3 useRe 1
begin 6 end 10 dif 0 startTime 0 endTime 3 useRe 3
begin 10 end 11 dif 0 startTime 3 endTime 4 useRe 1
  18
