

============ 0 PNU  Schedule==============

=======print_vars=====


 nodeID 0

 nodeID 1

 nodeID 2

 nodeID 3

 nodeID 4

 nodeID 5

=======print_cons=====

=======schedule=====

 II =  1

timeStep0  LSU  PE 
timeStep1  LSU  PE 
timeStep2  LSU  PE 
timeStep3  LSU  PE 
timeStep4  LSU  PE 
timeStep5  LSU  PE 
timeStep6  LSU  PE 

The total number of register
begin 2 end 3 dif 0 startTime 0 endTime 0 useRe 0
begin 1 end 3 dif 0 startTime 0 endTime 0 useRe 0
begin 3 end 4 dif 0 startTime 0 endTime 0 useRe 0
begin 0 end 4 dif 0 startTime 0 endTime 0 useRe 0
begin 4 end 5 dif 0 startTime 0 endTime 0 useRe 0
  0


============ 0 PNU  Schedule==============

=======print_vars=====


 nodeID 0

 nodeID 1

 nodeID 2

 nodeID 3

 nodeID 4

 nodeID 5

=======print_cons=====

=======schedule=====

 II =  1

timeStep0  LSU  PE 
timeStep1  LSU  PE 
timeStep2  LSU  PE 
timeStep3  LSU  PE 
timeStep4  LSU  PE 
timeStep5  LSU  PE 
timeStep6  LSU  PE 

The total number of register
begin 2 end 3 dif 0 startTime 0 endTime 0 useRe 0
begin 1 end 3 dif 0 startTime 0 endTime 0 useRe 0
begin 3 end 4 dif 0 startTime 0 endTime 0 useRe 0
begin 0 end 4 dif 0 startTime 0 endTime 0 useRe 0
begin 4 end 5 dif 0 startTime 0 endTime 0 useRe 0
begin 5 end 0 dif 1 startTime 0 endTime 0 useRe 1
  1


============ 0 PNU  Schedule==============

=======print_vars=====


 nodeID 0

 nodeID 1

 nodeID 2

 nodeID 3

 nodeID 4

 nodeID 5

 nodeID 6

 nodeID 7

 nodeID 8

 nodeID 9

 nodeID 10

 nodeID 11

=======print_cons=====

=======schedule=====

 II =  2

timeStep0  LSU  PE 
timeStep1  LSU  PE 
timeStep2  LSU  PE 
timeStep3  LSU  PE 
timeStep4  LSU  PE 
timeStep5  LSU  PE 
timeStep6  LSU  PE 

The total number of register
begin 2 end 3 dif 0 startTime 0 endTime 0 useRe 0
begin 1 end 3 dif 0 startTime 0 endTime 0 useRe 0
begin 3 end 4 dif 0 startTime 0 endTime 0 useRe 0
begin 0 end 4 dif 0 startTime 0 endTime 0 useRe 0
begin 4 end 5 dif 0 startTime 0 endTime 0 useRe 0
begin 8 end 9 dif 0 startTime 0 endTime 0 useRe 0
begin 7 end 9 dif 0 startTime 0 endTime 0 useRe 0
begin 9 end 10 dif 0 startTime 0 endTime 0 useRe 0
begin 6 end 10 dif 0 startTime 0 endTime 0 useRe 0
begin 10 end 11 dif 0 startTime 0 endTime 0 useRe 0
  0


============ 0 PNU  Schedule==============

=======print_vars=====


 nodeID 0

 nodeID 1

 nodeID 2

 nodeID 3

 nodeID 4

 nodeID 5

 nodeID 6

 nodeID 7

 nodeID 8

 nodeID 9

 nodeID 10

 nodeID 11

=======print_cons=====

=======schedule=====

 II =  2

timeStep0  LSU  PE 
timeStep1  LSU  PE 
timeStep2  LSU  PE 
timeStep3  LSU  PE 
timeStep4  LSU  PE 
timeStep5  LSU  PE 
timeStep6  LSU  PE 

The total number of register
begin 2 end 3 dif 0 startTime 0 endTime 0 useRe 0
begin 1 end 3 dif 0 startTime 0 endTime 0 useRe 0
begin 3 end 4 dif 0 startTime 0 endTime 0 useRe 0
begin 0 end 4 dif 0 startTime 0 endTime 0 useRe 0
begin 4 end 5 dif 0 startTime 0 endTime 0 useRe 0
begin 8 end 9 dif 0 startTime 0 endTime 0 useRe 0
begin 7 end 9 dif 0 startTime 0 endTime 0 useRe 0
begin 9 end 10 dif 0 startTime 0 endTime 0 useRe 0
begin 6 end 10 dif 0 startTime 0 endTime 0 useRe 0
begin 10 end 11 dif 0 startTime 0 endTime 0 useRe 0
begin 5 end 0 dif 1 startTime 0 endTime 0 useRe 2
begin 11 end 6 dif 1 startTime 0 endTime 0 useRe 2
  4


============ 0 PNU  Schedule==============

=======print_vars=====


 nodeID 0

 nodeID 1

 nodeID 2

 nodeID 3

 nodeID 4

 nodeID 5

 nodeID 6

 nodeID 7

 nodeID 8

 nodeID 9

 nodeID 10

 nodeID 11

=======print_cons=====

=======schedule=====

 II =  2

timeStep0  LSU  PE 
timeStep1  LSU  PE 
timeStep2  LSU  PE 
timeStep3  LSU  PE 
timeStep4  LSU  PE 
timeStep5  LSU  PE 
timeStep6  LSU  PE 

The total number of register
begin 2 end 3 dif 0 startTime 0 endTime 0 useRe 0
begin 1 end 3 dif 0 startTime 0 endTime 0 useRe 0
begin 3 end 4 dif 0 startTime 0 endTime 0 useRe 0
begin 0 end 4 dif 0 startTime 0 endTime 0 useRe 0
begin 4 end 5 dif 0 startTime 0 endTime 0 useRe 0
begin 8 end 9 dif 0 startTime 0 endTime 0 useRe 0
begin 7 end 9 dif 0 startTime 0 endTime 0 useRe 0
begin 9 end 10 dif 0 startTime 0 endTime 0 useRe 0
begin 6 end 10 dif 0 startTime 0 endTime 0 useRe 0
begin 10 end 11 dif 0 startTime 0 endTime 0 useRe 0
  0

=======schedule=====

 II =  2

timeStep0  LSU N1T0_8 N7T0_33  PE 
timeStep1  LSU N0T1_4 N6T1_29  PE 
timeStep2  LSU  PE 
timeStep3  LSU N2T3_15 N8T3_40  PE 
timeStep4  LSU  PE N3T4_19 N9T4_44 
timeStep5  LSU  PE N4T5_23 N10T5_48 
timeStep6  LSU N5T6_27 N11T6_52  PE 

The total number of register
begin 2 end 3 dif 0 startTime 3 endTime 4 useRe 1
begin 1 end 3 dif 0 startTime 0 endTime 4 useRe 4
begin 3 end 4 dif 0 startTime 4 endTime 5 useRe 1
begin 0 end 4 dif 0 startTime 1 endTime 5 useRe 4
begin 4 end 5 dif 0 startTime 5 endTime 6 useRe 1
begin 8 end 9 dif 0 startTime 3 endTime 4 useRe 1
begin 7 end 9 dif 0 startTime 0 endTime 4 useRe 4
begin 9 end 10 dif 0 startTime 4 endTime 5 useRe 1
begin 6 end 10 dif 0 startTime 1 endTime 5 useRe 4
begin 10 end 11 dif 0 startTime 5 endTime 6 useRe 1
  22
