This file contains any messages produced by compilers while
running configure, to aid debugging if configure makes a mistake.

It was created by pluto configure 0.12.0, which was
generated by GNU Autoconf 2.69.  Invocation command line was

  $ /home/huangl/workspace/RfCgraTrans/pluto/configure --prefix=/home/huangl/workspace/RfCgraTrans/build/pluto

## --------- ##
## Platform. ##
## --------- ##

hostname = huangl
uname -m = x86_64
uname -r = 5.10.102.1-microsoft-standard-WSL2
uname -s = Linux
uname -v = #1 SMP Wed Mar 2 00:30:59 UTC 2022

/usr/bin/uname -p = x86_64
/bin/uname -X     = unknown

/bin/arch              = x86_64
/usr/bin/arch -k       = unknown
/usr/convex/getsysinfo = unknown
/usr/bin/hostinfo      = unknown
/bin/machine           = unknown
/usr/bin/oslevel       = unknown
/bin/universe          = unknown

PATH: ~/anaconda3/bin
PATH: /root/.vscode-server/bin/05047486b6df5eb8d44b2ecd70ea3bdf775fd937/bin/remote-cli
PATH: ~/anaconda3/bin
PATH: /usr/local/sbin
PATH: /usr/local/bin
PATH: /usr/sbin
PATH: /usr/bin
PATH: /sbin
PATH: /bin
PATH: /usr/games
PATH: /usr/local/games
PATH: /snap/bin


## ----------- ##
## Core tests. ##
## ----------- ##

configure:2482: checking for a BSD-compatible install
configure:2550: result: /usr/bin/install -c
configure:2561: checking whether build environment is sane
configure:2616: result: yes
configure:2765: checking for a thread-safe mkdir -p
configure:2804: result: /usr/bin/mkdir -p
configure:2811: checking for gawk
configure:2827: found /usr/bin/gawk
configure:2838: result: gawk
configure:2849: checking whether make sets $(MAKE)
configure:2871: result: yes
configure:2900: checking whether make supports nested variables
configure:2917: result: yes
configure:3054: checking whether make supports nested variables
configure:3071: result: yes
configure:3214: checking for C++ compiler version
configure:3223: /usr/bin/c++ --version >&5
c++ (Ubuntu 9.4.0-1ubuntu1~20.04.1) 9.4.0
Copyright (C) 2019 Free Software Foundation, Inc.
This is free software; see the source for copying conditions.  There is NO
warranty; not even for MERCHANTABILITY or FITNESS FOR A PARTICULAR PURPOSE.

configure:3234: $? = 0
configure:3223: /usr/bin/c++ -v >&5
Using built-in specs.
COLLECT_GCC=/usr/bin/c++
COLLECT_LTO_WRAPPER=/usr/lib/gcc/x86_64-linux-gnu/9/lto-wrapper
OFFLOAD_TARGET_NAMES=nvptx-none:hsa
OFFLOAD_TARGET_DEFAULT=1
Target: x86_64-linux-gnu
Configured with: ../src/configure -v --with-pkgversion='Ubuntu 9.4.0-1ubuntu1~20.04.1' --with-bugurl=file:///usr/share/doc/gcc-9/README.Bugs --enable-languages=c,ada,c++,go,brig,d,fortran,objc,obj-c++,gm2 --prefix=/usr --with-gcc-major-version-only --program-suffix=-9 --program-prefix=x86_64-linux-gnu- --enable-shared --enable-linker-build-id --libexecdir=/usr/lib --without-included-gettext --enable-threads=posix --libdir=/usr/lib --enable-nls --enable-clocale=gnu --enable-libstdcxx-debug --enable-libstdcxx-time=yes --with-default-libstdcxx-abi=new --enable-gnu-unique-object --disable-vtable-verify --enable-plugin --enable-default-pie --with-system-zlib --with-target-system-zlib=auto --enable-objc-gc=auto --enable-multiarch --disable-werror --with-arch-32=i686 --with-abi=m64 --with-multilib-list=m32,m64,mx32 --enable-multilib --with-tune=generic --enable-offload-targets=nvptx-none=/build/gcc-9-Av3uEd/gcc-9-9.4.0/debian/tmp-nvptx/usr,hsa --without-cuda-driver --enable-checking=release --build=x86_64-linux-gnu --host=x86_64-linux-gnu --target=x86_64-linux-gnu
Thread model: posix
gcc version 9.4.0 (Ubuntu 9.4.0-1ubuntu1~20.04.1) 
configure:3234: $? = 0
configure:3223: /usr/bin/c++ -V >&5
c++: error: unrecognized command line option '-V'
c++: fatal error: no input files
compilation terminated.
configure:3234: $? = 1
configure:3223: /usr/bin/c++ -qversion >&5
c++: error: unrecognized command line option '-qversion'; did you mean '--version'?
c++: fatal error: no input files
compilation terminated.
configure:3234: $? = 1
configure:3254: checking whether the C++ compiler works
configure:3276: /usr/bin/c++    conftest.cpp  >&5
configure:3280: $? = 0
configure:3328: result: yes
configure:3331: checking for C++ compiler default output file name
configure:3333: result: a.out
configure:3339: checking for suffix of executables
configure:3346: /usr/bin/c++ -o conftest    conftest.cpp  >&5
configure:3350: $? = 0
configure:3372: result: 
configure:3394: checking whether we are cross compiling
configure:3402: /usr/bin/c++ -o conftest    conftest.cpp  >&5
configure:3406: $? = 0
configure:3413: ./conftest
configure:3417: $? = 0
configure:3405: result: no
configure:3410: checking for suffix of object files
configure:3432: /usr/bin/c++ -c   conftest.cpp >&5
configure:3436: $? = 0
configure:3457: result: o
configure:3461: checking whether we are using the GNU C++ compiler
configure:3480: /usr/bin/c++ -c   conftest.cpp >&5
configure:3480: $? = 0
configure:3489: result: yes
configure:3498: checking whether /usr/bin/c++ accepts -g
configure:3518: /usr/bin/c++ -c -g  conftest.cpp >&5
configure:3518: $? = 0
configure:3559: result: yes
configure:3585: checking whether make supports the include directive
configure:3600: make -f confmf.GNU && cat confinc.out
this is the am__doit target
configure:3603: $? = 0
configure:3622: result: yes (GNU style)
configure:3647: checking dependency style of /usr/bin/c++
configure:3758: result: gcc3
configure:3788: checking whether /usr/bin/c++ supports C++11 features with -std=c++11
configure:4086: /usr/bin/c++ -std=c++11 -c -g -O2  conftest.cpp >&5
configure:4086: $? = 0
configure:4095: result: yes
configure:4189: checking for gcc
configure:4216: result: /usr/bin/cc
configure:4445: checking for C compiler version
configure:4454: /usr/bin/cc --version >&5
cc (Ubuntu 9.4.0-1ubuntu1~20.04.1) 9.4.0
Copyright (C) 2019 Free Software Foundation, Inc.
This is free software; see the source for copying conditions.  There is NO
warranty; not even for MERCHANTABILITY or FITNESS FOR A PARTICULAR PURPOSE.

configure:4465: $? = 0
configure:4454: /usr/bin/cc -v >&5
Using built-in specs.
COLLECT_GCC=/usr/bin/cc
COLLECT_LTO_WRAPPER=/usr/lib/gcc/x86_64-linux-gnu/9/lto-wrapper
OFFLOAD_TARGET_NAMES=nvptx-none:hsa
OFFLOAD_TARGET_DEFAULT=1
Target: x86_64-linux-gnu
Configured with: ../src/configure -v --with-pkgversion='Ubuntu 9.4.0-1ubuntu1~20.04.1' --with-bugurl=file:///usr/share/doc/gcc-9/README.Bugs --enable-languages=c,ada,c++,go,brig,d,fortran,objc,obj-c++,gm2 --prefix=/usr --with-gcc-major-version-only --program-suffix=-9 --program-prefix=x86_64-linux-gnu- --enable-shared --enable-linker-build-id --libexecdir=/usr/lib --without-included-gettext --enable-threads=posix --libdir=/usr/lib --enable-nls --enable-clocale=gnu --enable-libstdcxx-debug --enable-libstdcxx-time=yes --with-default-libstdcxx-abi=new --enable-gnu-unique-object --disable-vtable-verify --enable-plugin --enable-default-pie --with-system-zlib --with-target-system-zlib=auto --enable-objc-gc=auto --enable-multiarch --disable-werror --with-arch-32=i686 --with-abi=m64 --with-multilib-list=m32,m64,mx32 --enable-multilib --with-tune=generic --enable-offload-targets=nvptx-none=/build/gcc-9-Av3uEd/gcc-9-9.4.0/debian/tmp-nvptx/usr,hsa --without-cuda-driver --enable-checking=release --build=x86_64-linux-gnu --host=x86_64-linux-gnu --target=x86_64-linux-gnu
Thread model: posix
gcc version 9.4.0 (Ubuntu 9.4.0-1ubuntu1~20.04.1) 
configure:4465: $? = 0
configure:4454: /usr/bin/cc -V >&5
cc: error: unrecognized command line option '-V'
cc: fatal error: no input files
compilation terminated.
configure:4465: $? = 1
configure:4454: /usr/bin/cc -qversion >&5
cc: error: unrecognized command line option '-qversion'; did you mean '--version'?
cc: fatal error: no input files
compilation terminated.
configure:4465: $? = 1
configure:4469: checking whether we are using the GNU C compiler
configure:4488: /usr/bin/cc -c   conftest.c >&5
configure:4488: $? = 0
configure:4497: result: yes
configure:4506: checking whether /usr/bin/cc accepts -g
configure:4526: /usr/bin/cc -c -g  conftest.c >&5
configure:4526: $? = 0
configure:4567: result: yes
configure:4584: checking for /usr/bin/cc option to accept ISO C89
configure:4647: /usr/bin/cc  -c -g -O2  conftest.c >&5
configure:4647: $? = 0
configure:4660: result: none needed
configure:4685: checking whether /usr/bin/cc understands -c and -o together
configure:4707: /usr/bin/cc -c conftest.c -o conftest2.o
configure:4710: $? = 0
configure:4707: /usr/bin/cc -c conftest.c -o conftest2.o
configure:4710: $? = 0
configure:4722: result: yes
configure:4741: checking dependency style of /usr/bin/cc
configure:4852: result: gcc3
configure:4867: checking for /usr/bin/cc option to accept ISO C99
configure:5016: /usr/bin/cc  -c -g -O2  conftest.c >&5
configure:5016: $? = 0
configure:5029: result: none needed
configure:5077: checking build system type
configure:5091: result: x86_64-pc-linux-gnu
configure:5111: checking host system type
configure:5124: result: x86_64-pc-linux-gnu
configure:5165: checking how to print strings
configure:5192: result: printf
configure:5213: checking for a sed that does not truncate output
configure:5277: result: /usr/bin/sed
configure:5295: checking for grep that handles long lines and -e
configure:5353: result: /usr/bin/grep
configure:5358: checking for egrep
configure:5420: result: /usr/bin/grep -E
configure:5425: checking for fgrep
configure:5487: result: /usr/bin/grep -F
configure:5522: checking for ld used by /usr/bin/cc
configure:5589: result: /usr/bin/ld
configure:5596: checking if the linker (/usr/bin/ld) is GNU ld
configure:5611: result: yes
configure:5623: checking for BSD- or MS-compatible name lister (nm)
configure:5677: result: /usr/bin/nm -B
configure:5807: checking the name lister (/usr/bin/nm -B) interface
configure:5814: /usr/bin/cc -c -Wall  conftest.c >&5
configure:5817: /usr/bin/nm -B "conftest.o"
configure:5820: output
0000000000000000 B some_variable
configure:5821: result: BSD nm
configure:5824: checking whether ln -s works
configure:5828: result: yes
configure:5836: checking the maximum length of command line arguments
configure:5967: result: 1572864
configure:6015: checking how to convert x86_64-pc-linux-gnu file names to x86_64-pc-linux-gnu format
configure:6055: result: func_convert_file_noop
configure:6062: checking how to convert x86_64-pc-linux-gnu file names to toolchain format
configure:6082: result: func_convert_file_noop
configure:6089: checking for /usr/bin/ld option to reload object files
configure:6096: result: -r
configure:6170: checking for objdump
configure:6186: found /usr/bin/objdump
configure:6197: result: objdump
configure:6229: checking how to recognize dependent libraries
configure:6429: result: pass_all
configure:6514: checking for dlltool
configure:6544: result: no
configure:6574: checking how to associate runtime and link libraries
configure:6601: result: printf %s\n
configure:6662: checking for ar
configure:6678: found /usr/bin/ar
configure:6689: result: ar
configure:6726: checking for archiver @FILE support
configure:6743: /usr/bin/cc -c -Wall  conftest.c >&5
configure:6743: $? = 0
configure:6746: ar cr libconftest.a @conftest.lst >&5
configure:6749: $? = 0
configure:6754: ar cr libconftest.a @conftest.lst >&5
ar: conftest.o: No such file or directory
configure:6757: $? = 1
configure:6756: result: @
configure:6814: checking for strip
configure:6830: found /usr/bin/strip
configure:6841: result: strip
configure:6913: checking for ranlib
configure:6929: found /usr/bin/ranlib
configure:6940: result: ranlib
configure:7042: checking command to parse /usr/bin/nm -B output from /usr/bin/cc object
configure:7195: /usr/bin/cc -c -Wall  conftest.c >&5
configure:7198: $? = 0
configure:7202: /usr/bin/nm -B conftest.o | sed -n -e 's/^.*[	 ]\([ABCDGIRSTW][ABCDGIRSTW]*\)[	 ][	 ]*\([_A-Za-z][_A-Za-z0-9]*\)$/\1 \2 \2/p' | sed '/ __gnu_lto/d' > conftest.nm
configure:7268: /usr/bin/cc -o conftest -Wall   conftest.c conftstm.o >&5
configure:7271: $? = 0
configure:7309: result: ok
configure:7356: checking for sysroot
configure:7386: result: no
configure:7393: checking for a working dd
configure:7431: result: /usr/bin/dd
configure:7435: checking how to truncate binary pipes
configure:7450: result: /usr/bin/dd bs=4096 count=1
configure:7586: /usr/bin/cc -c -Wall  conftest.c >&5
configure:7589: $? = 0
configure:7779: checking for mt
configure:7795: found /usr/bin/mt
configure:7806: result: mt
configure:7829: checking if mt is a manifest tool
configure:7835: mt '-?'
configure:7843: result: no
configure:8520: checking how to run the C preprocessor
configure:8551: /usr/bin/cc -E  conftest.c
configure:8551: $? = 0
configure:8565: /usr/bin/cc -E  conftest.c
conftest.c:12:10: fatal error: ac_nonexistent.h: No such file or directory
   12 | #include <ac_nonexistent.h>
      |          ^~~~~~~~~~~~~~~~~~
compilation terminated.
configure:8565: $? = 1
configure: failed program was:
| /* confdefs.h */
| #define PACKAGE_NAME "pluto"
| #define PACKAGE_TARNAME "pluto"
| #define PACKAGE_VERSION "0.12.0"
| #define PACKAGE_STRING "pluto 0.12.0"
| #define PACKAGE_BUGREPORT "udayb@iisc.ac.in"
| #define PACKAGE_URL ""
| #define PACKAGE "pluto"
| #define VERSION "0.12.0"
| #define HAVE_CXX11 1
| /* end confdefs.h.  */
| #include <ac_nonexistent.h>
configure:8590: result: /usr/bin/cc -E
configure:8610: /usr/bin/cc -E  conftest.c
configure:8610: $? = 0
configure:8624: /usr/bin/cc -E  conftest.c
conftest.c:12:10: fatal error: ac_nonexistent.h: No such file or directory
   12 | #include <ac_nonexistent.h>
      |          ^~~~~~~~~~~~~~~~~~
compilation terminated.
configure:8624: $? = 1
configure: failed program was:
| /* confdefs.h */
| #define PACKAGE_NAME "pluto"
| #define PACKAGE_TARNAME "pluto"
| #define PACKAGE_VERSION "0.12.0"
| #define PACKAGE_STRING "pluto 0.12.0"
| #define PACKAGE_BUGREPORT "udayb@iisc.ac.in"
| #define PACKAGE_URL ""
| #define PACKAGE "pluto"
| #define VERSION "0.12.0"
| #define HAVE_CXX11 1
| /* end confdefs.h.  */
| #include <ac_nonexistent.h>
configure:8653: checking for ANSI C header files
configure:8673: /usr/bin/cc -c -Wall  conftest.c >&5
configure:8673: $? = 0
configure:8746: /usr/bin/cc -o conftest -Wall   conftest.c  >&5
configure:8746: $? = 0
configure:8746: ./conftest
configure:8746: $? = 0
configure:8757: result: yes
configure:8770: checking for sys/types.h
configure:8770: /usr/bin/cc -c -Wall  conftest.c >&5
configure:8770: $? = 0
configure:8770: result: yes
configure:8770: checking for sys/stat.h
configure:8770: /usr/bin/cc -c -Wall  conftest.c >&5
configure:8770: $? = 0
configure:8770: result: yes
configure:8770: checking for stdlib.h
configure:8770: /usr/bin/cc -c -Wall  conftest.c >&5
configure:8770: $? = 0
configure:8770: result: yes
configure:8770: checking for string.h
configure:8770: /usr/bin/cc -c -Wall  conftest.c >&5
configure:8770: $? = 0
configure:8770: result: yes
configure:8770: checking for memory.h
configure:8770: /usr/bin/cc -c -Wall  conftest.c >&5
configure:8770: $? = 0
configure:8770: result: yes
configure:8770: checking for strings.h
configure:8770: /usr/bin/cc -c -Wall  conftest.c >&5
configure:8770: $? = 0
configure:8770: result: yes
configure:8770: checking for inttypes.h
configure:8770: /usr/bin/cc -c -Wall  conftest.c >&5
configure:8770: $? = 0
configure:8770: result: yes
configure:8770: checking for stdint.h
configure:8770: /usr/bin/cc -c -Wall  conftest.c >&5
configure:8770: $? = 0
configure:8770: result: yes
configure:8770: checking for unistd.h
configure:8770: /usr/bin/cc -c -Wall  conftest.c >&5
configure:8770: $? = 0
configure:8770: result: yes
configure:8784: checking for dlfcn.h
configure:8784: /usr/bin/cc -c -Wall  conftest.c >&5
configure:8784: $? = 0
configure:8784: result: yes
configure:9050: checking for objdir
configure:9065: result: .libs
configure:9329: checking if /usr/bin/cc supports -fno-rtti -fno-exceptions
configure:9347: /usr/bin/cc -c -Wall  -fno-rtti -fno-exceptions conftest.c >&5
cc1: warning: command line option '-fno-rtti' is valid for C++/D/ObjC++ but not for C
configure:9351: $? = 0
configure:9364: result: no
configure:9728: checking for /usr/bin/cc option to produce PIC
configure:9735: result: -fPIC -DPIC
configure:9743: checking if /usr/bin/cc PIC flag -fPIC -DPIC works
configure:9761: /usr/bin/cc -c -Wall  -fPIC -DPIC -DPIC conftest.c >&5
configure:9765: $? = 0
configure:9778: result: yes
configure:9807: checking if /usr/bin/cc static flag -static works
configure:9835: result: yes
configure:9850: checking if /usr/bin/cc supports -c -o file.o
configure:9871: /usr/bin/cc -c -Wall  -o out/conftest2.o conftest.c >&5
configure:9875: $? = 0
configure:9897: result: yes
configure:9905: checking if /usr/bin/cc supports -c -o file.o
configure:9952: result: yes
configure:9985: checking whether the /usr/bin/cc linker (/usr/bin/ld -m elf_x86_64) supports shared libraries
configure:11248: result: yes
configure:11285: checking whether -lc should be explicitly linked in
configure:11293: /usr/bin/cc -c -Wall  conftest.c >&5
configure:11296: $? = 0
configure:11311: /usr/bin/cc -shared  -fPIC -DPIC conftest.o  -v -Wl,-soname -Wl,conftest -o conftest 2\>\&1 \| /usr/bin/grep  -lc  \>/dev/null 2\>\&1
configure:11314: $? = 0
configure:11328: result: no
configure:11488: checking dynamic linker characteristics
configure:12069: /usr/bin/cc -o conftest -Wall   -Wl,-rpath -Wl,/foo conftest.c  >&5
configure:12069: $? = 0
configure:12318: result: GNU/Linux ld.so
configure:12440: checking how to hardcode library paths into programs
configure:12465: result: immediate
configure:13013: checking whether stripping libraries is possible
configure:13018: result: yes
configure:13053: checking if libtool supports shared libraries
configure:13055: result: yes
configure:13058: checking whether to build shared libraries
configure:13083: result: yes
configure:13086: checking whether to build static libraries
configure:13090: result: yes
configure:9889: checking how to run the C++ preprocessor
configure:9916: /usr/bin/c++ -std=c++11 -E  conftest.cpp
configure:9916: $? = 0
configure:9930: /usr/bin/c++ -std=c++11 -E  conftest.cpp
conftest.cpp:24:10: fatal error: ac_nonexistent.h: No such file or directory
   24 | #include <ac_nonexistent.h>
      |          ^~~~~~~~~~~~~~~~~~
compilation terminated.
configure:9930: $? = 1
configure: failed program was:
| /* confdefs.h */
| #define PACKAGE_NAME "pluto"
| #define PACKAGE_TARNAME "pluto"
| #define PACKAGE_VERSION "0.12.0"
| #define PACKAGE_STRING "pluto 0.12.0"
| #define PACKAGE_BUGREPORT "udayb@iisc.ac.in"
| #define PACKAGE_URL ""
| #define PACKAGE "pluto"
| #define VERSION "0.12.0"
| #define HAVE_CXX11 1
| #define STDC_HEADERS 1
| #define HAVE_SYS_TYPES_H 1
| #define HAVE_SYS_STAT_H 1
| #define HAVE_STDLIB_H 1
| #define HAVE_STRING_H 1
| #define HAVE_MEMORY_H 1
| #define HAVE_STRINGS_H 1
| #define HAVE_INTTYPES_H 1
| #define HAVE_STDINT_H 1
| #define HAVE_UNISTD_H 1
| #define HAVE_DLFCN_H 1
| #define LT_OBJDIR ".libs/"
| /* end confdefs.h.  */
| #include <ac_nonexistent.h>
configure:9955: result: /usr/bin/c++ -std=c++11 -E
configure:9975: /usr/bin/c++ -std=c++11 -E  conftest.cpp
configure:9975: $? = 0
configure:9989: /usr/bin/c++ -std=c++11 -E  conftest.cpp
conftest.cpp:24:10: fatal error: ac_nonexistent.h: No such file or directory
   24 | #include <ac_nonexistent.h>
      |          ^~~~~~~~~~~~~~~~~~
compilation terminated.
configure:9989: $? = 1
configure: failed program was:
| /* confdefs.h */
| #define PACKAGE_NAME "pluto"
| #define PACKAGE_TARNAME "pluto"
| #define PACKAGE_VERSION "0.12.0"
| #define PACKAGE_STRING "pluto 0.12.0"
| #define PACKAGE_BUGREPORT "udayb@iisc.ac.in"
| #define PACKAGE_URL ""
| #define PACKAGE "pluto"
| #define VERSION "0.12.0"
| #define HAVE_CXX11 1
| #define STDC_HEADERS 1
| #define HAVE_SYS_TYPES_H 1
| #define HAVE_SYS_STAT_H 1
| #define HAVE_STDLIB_H 1
| #define HAVE_STRING_H 1
| #define HAVE_MEMORY_H 1
| #define HAVE_STRINGS_H 1
| #define HAVE_INTTYPES_H 1
| #define HAVE_STDINT_H 1
| #define HAVE_UNISTD_H 1
| #define HAVE_DLFCN_H 1
| #define LT_OBJDIR ".libs/"
| /* end confdefs.h.  */
| #include <ac_nonexistent.h>
configure:10151: checking for ld used by /usr/bin/c++ -std=c++11
configure:10218: result: /usr/bin/ld -m elf_x86_64
configure:10225: checking if the linker (/usr/bin/ld -m elf_x86_64) is GNU ld
configure:10240: result: yes
configure:10295: checking whether the /usr/bin/c++ -std=c++11 linker (/usr/bin/ld -m elf_x86_64) supports shared libraries
configure:11368: result: yes
configure:11404: /usr/bin/c++ -std=c++11 -c -Wall -std=c++11  conftest.cpp >&5
configure:11407: $? = 0
configure:11888: checking for /usr/bin/c++ -std=c++11 option to produce PIC
configure:11895: result: -fPIC -DPIC
configure:11903: checking if /usr/bin/c++ -std=c++11 PIC flag -fPIC -DPIC works
configure:11921: /usr/bin/c++ -std=c++11 -c -Wall -std=c++11  -fPIC -DPIC -DPIC conftest.cpp >&5
configure:11925: $? = 0
configure:11938: result: yes
configure:11961: checking if /usr/bin/c++ -std=c++11 static flag -static works
configure:11989: result: yes
configure:12001: checking if /usr/bin/c++ -std=c++11 supports -c -o file.o
configure:12022: /usr/bin/c++ -std=c++11 -c -Wall -std=c++11  -o out/conftest2.o conftest.cpp >&5
configure:12026: $? = 0
configure:12048: result: yes
configure:12053: checking if /usr/bin/c++ -std=c++11 supports -c -o file.o
configure:12100: result: yes
configure:12130: checking whether the /usr/bin/c++ -std=c++11 linker (/usr/bin/ld -m elf_x86_64) supports shared libraries
configure:12173: result: yes
configure:12314: checking dynamic linker characteristics
configure:13071: result: GNU/Linux ld.so
configure:13136: checking how to hardcode library paths into programs
configure:13161: result: immediate
configure:12053: checking for a sed that does not truncate output
configure:12117: result: /usr/bin/sed
configure:12146: checking for an ANSI C-conforming const
configure:12212: /usr/bin/cc -c -Wall  conftest.c >&5
configure:12212: $? = 0
configure:12219: result: yes
configure:12231: checking math.h usability
configure:12231: /usr/bin/cc -c -Wall  conftest.c >&5
configure:12231: $? = 0
configure:12231: result: yes
configure:12231: checking math.h presence
configure:12231: /usr/bin/cc -E  conftest.c
configure:12231: $? = 0
configure:12231: result: yes
configure:12231: checking for math.h
configure:12231: result: yes
configure:12231: checking for stdlib.h
configure:12231: result: yes
configure:12231: checking stdio.h usability
configure:12231: /usr/bin/cc -c -Wall  conftest.c >&5
configure:12231: $? = 0
configure:12231: result: yes
configure:12231: checking stdio.h presence
configure:12231: /usr/bin/cc -E  conftest.c
configure:12231: $? = 0
configure:12231: result: yes
configure:12231: checking for stdio.h
configure:12231: result: yes
configure:12231: checking assert.h usability
configure:12231: /usr/bin/cc -c -Wall  conftest.c >&5
configure:12231: $? = 0
configure:12231: result: yes
configure:12231: checking assert.h presence
configure:12231: /usr/bin/cc -E  conftest.c
configure:12231: $? = 0
configure:12231: result: yes
configure:12231: checking for assert.h
configure:12231: result: yes
configure:12231: checking for string.h
configure:12231: result: yes
configure:12269: checking for FileCheck
configure:12286: found /usr/bin/FileCheck
configure:12298: result: yes
configure:12481: checking gmp.h usability
configure:12481: /usr/bin/cc -c -Wall  conftest.c >&5
configure:12481: $? = 0
configure:12481: result: yes
configure:12481: checking gmp.h presence
configure:12481: /usr/bin/cc -E  conftest.c
configure:12481: $? = 0
configure:12481: result: yes
configure:12481: checking for gmp.h
configure:12481: result: yes
configure:12483: checking for main in -lgmp
configure:12502: /usr/bin/cc -o conftest -Wall   conftest.c -lgmp   >&5
configure:12502: $? = 0
configure:12511: result: yes
configure:12542: checking whether mp_get_memory_functions is declared
configure:12542: /usr/bin/cc -c -Wall  conftest.c >&5
configure:12542: $? = 0
configure:12542: result: yes
configure:12610: checking for clan/Makefile
configure:12623: result: yes
configure:12722: checking for pet/Makefile
configure:12735: result: yes
configure:12774: checking for bash
configure:12804: result: /bin/bash
configure:12925: checking that generated files are newer than configure
configure:12931: result: done
configure:12970: creating ./config.status

## ---------------------- ##
## Running config.status. ##
## ---------------------- ##

This file was extended by pluto config.status 0.12.0, which was
generated by GNU Autoconf 2.69.  Invocation command line was

  CONFIG_FILES    = 
  CONFIG_HEADERS  = 
  CONFIG_LINKS    = 
  CONFIG_COMMANDS = 
  $ ./config.status 

on huangl

config.status:1170: creating getversion.sh
config.status:1170: creating test.sh
config.status:1170: creating Makefile
config.status:1170: creating lib/Makefile
config.status:1170: creating tool/Makefile
config.status:1170: creating polycc.sh
config.status:1170: creating config.h
config.status:1351: config.h is unchanged
config.status:1399: executing depfiles commands
config.status:1476: cd lib       && sed -e '/# am--include-marker/d' Makefile         | make -f - am--depfiles
make: Nothing to be done for 'am--depfiles'.
config.status:1481: $? = 0
config.status:1476: cd tool       && sed -e '/# am--include-marker/d' Makefile         | make -f - am--depfiles
make: Nothing to be done for 'am--depfiles'.
config.status:1481: $? = 0
config.status:1399: executing libtool commands
config.status:1399: executing version.h commands

## ---------------- ##
## Cache variables. ##
## ---------------- ##

ac_cv_build=x86_64-pc-linux-gnu
ac_cv_c_compiler_gnu=yes
ac_cv_c_const=yes
ac_cv_cxx_compiler_gnu=yes
ac_cv_env_CCC_set=
ac_cv_env_CCC_value=
ac_cv_env_CC_set=set
ac_cv_env_CC_value=/usr/bin/cc
ac_cv_env_CFLAGS_set=
ac_cv_env_CFLAGS_value=
ac_cv_env_CPPFLAGS_set=
ac_cv_env_CPPFLAGS_value=
ac_cv_env_CPP_set=
ac_cv_env_CPP_value=
ac_cv_env_CXXCPP_set=
ac_cv_env_CXXCPP_value=
ac_cv_env_CXXFLAGS_set=
ac_cv_env_CXXFLAGS_value=
ac_cv_env_CXX_set=set
ac_cv_env_CXX_value=/usr/bin/c++
ac_cv_env_LDFLAGS_set=
ac_cv_env_LDFLAGS_value=
ac_cv_env_LIBS_set=
ac_cv_env_LIBS_value=
ac_cv_env_LT_SYS_LIBRARY_PATH_set=
ac_cv_env_LT_SYS_LIBRARY_PATH_value=
ac_cv_env_build_alias_set=
ac_cv_env_build_alias_value=
ac_cv_env_host_alias_set=
ac_cv_env_host_alias_value=
ac_cv_env_target_alias_set=
ac_cv_env_target_alias_value=
ac_cv_file_clan_Makefile=yes
ac_cv_file_pet_Makefile=yes
ac_cv_have_decl_mp_get_memory_functions=yes
ac_cv_header_assert_h=yes
ac_cv_header_dlfcn_h=yes
ac_cv_header_gmp_h=yes
ac_cv_header_inttypes_h=yes
ac_cv_header_math_h=yes
ac_cv_header_memory_h=yes
ac_cv_header_stdc=yes
ac_cv_header_stdint_h=yes
ac_cv_header_stdio_h=yes
ac_cv_header_stdlib_h=yes
ac_cv_header_string_h=yes
ac_cv_header_strings_h=yes
ac_cv_header_sys_stat_h=yes
ac_cv_header_sys_types_h=yes
ac_cv_header_unistd_h=yes
ac_cv_host=x86_64-pc-linux-gnu
ac_cv_lib_gmp_main=yes
ac_cv_objext=o
ac_cv_path_BASH=/bin/bash
ac_cv_path_EGREP='/usr/bin/grep -E'
ac_cv_path_FGREP='/usr/bin/grep -F'
ac_cv_path_GREP=/usr/bin/grep
ac_cv_path_SED=/usr/bin/sed
ac_cv_path_install='/usr/bin/install -c'
ac_cv_path_lt_DD=/usr/bin/dd
ac_cv_path_mkdir=/usr/bin/mkdir
ac_cv_prog_AWK=gawk
ac_cv_prog_CPP='/usr/bin/cc -E'
ac_cv_prog_CXXCPP='/usr/bin/c++ -std=c++11 -E'
ac_cv_prog_FILECHECK=yes
ac_cv_prog_ac_ct_AR=ar
ac_cv_prog_ac_ct_CC=/usr/bin/cc
ac_cv_prog_ac_ct_MANIFEST_TOOL=mt
ac_cv_prog_ac_ct_OBJDUMP=objdump
ac_cv_prog_ac_ct_RANLIB=ranlib
ac_cv_prog_ac_ct_STRIP=strip
ac_cv_prog_cc_c89=
ac_cv_prog_cc_c99=
ac_cv_prog_cc_g=yes
ac_cv_prog_cxx_g=yes
ac_cv_prog_make_make_set=yes
am_cv_CC_dependencies_compiler_type=gcc3
am_cv_CXX_dependencies_compiler_type=gcc3
am_cv_make_support_nested_variables=yes
am_cv_prog_cc_c_o=yes
ax_cv_cxx_compile_cxx11__std_cpp11=yes
lt_cv_ar_at_file=@
lt_cv_archive_cmds_need_lc=no
lt_cv_deplibs_check_method=pass_all
lt_cv_file_magic_cmd='$MAGIC_CMD'
lt_cv_file_magic_test_file=
lt_cv_ld_reload_flag=-r
lt_cv_nm_interface='BSD nm'
lt_cv_objdir=.libs
lt_cv_path_LD=/usr/bin/ld
lt_cv_path_LDCXX='/usr/bin/ld -m elf_x86_64'
lt_cv_path_NM='/usr/bin/nm -B'
lt_cv_path_mainfest_tool=no
lt_cv_prog_compiler_c_o=yes
lt_cv_prog_compiler_c_o_CXX=yes
lt_cv_prog_compiler_pic='-fPIC -DPIC'
lt_cv_prog_compiler_pic_CXX='-fPIC -DPIC'
lt_cv_prog_compiler_pic_works=yes
lt_cv_prog_compiler_pic_works_CXX=yes
lt_cv_prog_compiler_rtti_exceptions=no
lt_cv_prog_compiler_static_works=yes
lt_cv_prog_compiler_static_works_CXX=yes
lt_cv_prog_gnu_ld=yes
lt_cv_prog_gnu_ldcxx=yes
lt_cv_sharedlib_from_linklib_cmd='printf %s\n'
lt_cv_shlibpath_overrides_runpath=yes
lt_cv_sys_global_symbol_pipe='sed -n -e '\''s/^.*[	 ]\([ABCDGIRSTW][ABCDGIRSTW]*\)[	 ][	 ]*\([_A-Za-z][_A-Za-z0-9]*\)$/\1 \2 \2/p'\'' | sed '\''/ __gnu_lto/d'\'''
lt_cv_sys_global_symbol_to_c_name_address='sed -n -e '\''s/^: \(.*\) .*$/  {"\1", (void *) 0},/p'\'' -e '\''s/^[ABCDGIRSTW][ABCDGIRSTW]* .* \(.*\)$/  {"\1", (void *) \&\1},/p'\'''
lt_cv_sys_global_symbol_to_c_name_address_lib_prefix='sed -n -e '\''s/^: \(.*\) .*$/  {"\1", (void *) 0},/p'\'' -e '\''s/^[ABCDGIRSTW][ABCDGIRSTW]* .* \(lib.*\)$/  {"\1", (void *) \&\1},/p'\'' -e '\''s/^[ABCDGIRSTW][ABCDGIRSTW]* .* \(.*\)$/  {"lib\1", (void *) \&\1},/p'\'''
lt_cv_sys_global_symbol_to_cdecl='sed -n -e '\''s/^T .* \(.*\)$/extern int \1();/p'\'' -e '\''s/^[ABCDGIRSTW][ABCDGIRSTW]* .* \(.*\)$/extern char \1;/p'\'''
lt_cv_sys_global_symbol_to_import=
lt_cv_sys_max_cmd_len=1572864
lt_cv_to_host_file_cmd=func_convert_file_noop
lt_cv_to_tool_file_cmd=func_convert_file_noop
lt_cv_truncate_bin='/usr/bin/dd bs=4096 count=1'
poly_cv_gmpfatal=no

## ----------------- ##
## Output variables. ##
## ----------------- ##

ACLOCAL='${SHELL} /home/huangl/workspace/RfCgraTrans/pluto/missing aclocal-1.16'
AMDEPBACKSLASH='\'
AMDEP_FALSE='#'
AMDEP_TRUE=''
AMTAR='$${TAR-tar}'
AM_BACKSLASH='\'
AM_DEFAULT_V='$(AM_DEFAULT_VERBOSITY)'
AM_DEFAULT_VERBOSITY='0'
AM_V='$(V)'
AR='ar'
AUTOCONF='${SHELL} /home/huangl/workspace/RfCgraTrans/pluto/missing autoconf'
AUTOHEADER='${SHELL} /home/huangl/workspace/RfCgraTrans/pluto/missing autoheader'
AUTOMAKE='${SHELL} /home/huangl/workspace/RfCgraTrans/pluto/missing automake-1.16'
AWK='gawk'
BASH='/bin/bash'
BUILD_DIR='/home/huangl/workspace/RfCgraTrans/pluto'
CC='/usr/bin/cc'
CCDEPMODE='depmode=gcc3'
CFLAGS='-Wall'
CPP='/usr/bin/cc -E'
CPPFLAGS=''
CXX='/usr/bin/c++ -std=c++11'
CXXCPP='/usr/bin/c++ -std=c++11 -E'
CXXDEPMODE='depmode=gcc3'
CXXFLAGS='-Wall -std=c++11'
CYGPATH_W='echo'
DEFS='-DHAVE_CONFIG_H'
DEPDIR='.deps'
DLLTOOL='false'
DSYMUTIL=''
DUMPBIN=''
ECHO_C=''
ECHO_N='-n'
ECHO_T=''
EGREP='/usr/bin/grep -E'
EXEEXT=''
EXTERNAL_CLANG_FALSE=''
EXTERNAL_CLANG_TRUE='#'
EXTERNAL_ISL_FALSE=''
EXTERNAL_ISL_TRUE='#'
FGREP='/usr/bin/grep -F'
FILECHECK='yes'
GREP='/usr/bin/grep'
GUIDING_DECLS=''
HAVE_CXX11='1'
INSTALL_DATA='${INSTALL} -m 644'
INSTALL_PROGRAM='${INSTALL}'
INSTALL_SCRIPT='${INSTALL}'
INSTALL_STRIP_PROGRAM='$(install_sh) -c -s'
ISL_INCLUDE=''
ISL_LDFLAGS=''
ISL_LIBADD=''
LD='/usr/bin/ld -m elf_x86_64'
LDFLAGS=''
LIBOBJS=''
LIBS=''
LIBTOOL='$(SHELL) $(top_builddir)/libtool'
LIPO=''
LN_S='ln -s'
LTLIBOBJS=''
LT_SYS_LIBRARY_PATH=''
MAKEINFO='${SHELL} /home/huangl/workspace/RfCgraTrans/pluto/missing makeinfo'
MANIFEST_TOOL=':'
MKDIR_P='/usr/bin/mkdir -p'
NM='/usr/bin/nm -B'
NMEDIT=''
OBJDUMP='objdump'
OBJEXT='o'
OTOOL64=''
OTOOL=''
PACKAGE='pluto'
PACKAGE_BUGREPORT='udayb@iisc.ac.in'
PACKAGE_NAME='pluto'
PACKAGE_STRING='pluto 0.12.0'
PACKAGE_TARNAME='pluto'
PACKAGE_URL=''
PACKAGE_VERSION='0.12.0'
PATH_SEPARATOR=':'
PLUTO_DEBUG_FALSE=''
PLUTO_DEBUG_TRUE='#'
RANLIB='ranlib'
SED='/usr/bin/sed'
SET_MAKE=''
SHELL='/bin/bash'
STRIP='strip'
VERSION='0.12.0'
ac_ct_AR='ar'
ac_ct_CC='/usr/bin/cc'
ac_ct_CXX=''
ac_ct_DUMPBIN=''
am__EXEEXT_FALSE=''
am__EXEEXT_TRUE='#'
am__fastdepCC_FALSE='#'
am__fastdepCC_TRUE=''
am__fastdepCXX_FALSE='#'
am__fastdepCXX_TRUE=''
am__include='include'
am__isrc=''
am__leading_dot='.'
am__nodep='_no'
am__quote=''
am__tar='$${TAR-tar} chof - "$$tardir"'
am__untar='$${TAR-tar} xf -'
bindir='${exec_prefix}/bin'
build='x86_64-pc-linux-gnu'
build_alias=''
build_cpu='x86_64'
build_os='linux-gnu'
build_vendor='pc'
datadir='${datarootdir}'
datarootdir='${prefix}/share'
docdir='${datarootdir}/doc/${PACKAGE_TARNAME}'
dvidir='${docdir}'
exec_prefix='${prefix}'
host='x86_64-pc-linux-gnu'
host_alias=''
host_cpu='x86_64'
host_os='linux-gnu'
host_vendor='pc'
htmldir='${docdir}'
includedir='${prefix}/include'
infodir='${datarootdir}/info'
install_sh='${SHELL} /home/huangl/workspace/RfCgraTrans/pluto/install-sh'
libdir='${exec_prefix}/lib'
libexecdir='${exec_prefix}/libexec'
localedir='${datarootdir}/locale'
localstatedir='${prefix}/var'
mandir='${datarootdir}/man'
mkdir_p='$(MKDIR_P)'
oldincludedir='/usr/include'
pdfdir='${docdir}'
prefix='/home/huangl/workspace/RfCgraTrans/build/pluto'
program_transform_name='s,x,x,'
psdir='${docdir}'
runstatedir='${localstatedir}/run'
sbindir='${exec_prefix}/sbin'
sharedstatedir='${prefix}/com'
sysconfdir='${prefix}/etc'
target_alias=''

## ----------- ##
## confdefs.h. ##
## ----------- ##

/* confdefs.h */
#define PACKAGE_NAME "pluto"
#define PACKAGE_TARNAME "pluto"
#define PACKAGE_VERSION "0.12.0"
#define PACKAGE_STRING "pluto 0.12.0"
#define PACKAGE_BUGREPORT "udayb@iisc.ac.in"
#define PACKAGE_URL ""
#define PACKAGE "pluto"
#define VERSION "0.12.0"
#define HAVE_CXX11 1
#define STDC_HEADERS 1
#define HAVE_SYS_TYPES_H 1
#define HAVE_SYS_STAT_H 1
#define HAVE_STDLIB_H 1
#define HAVE_STRING_H 1
#define HAVE_MEMORY_H 1
#define HAVE_STRINGS_H 1
#define HAVE_INTTYPES_H 1
#define HAVE_STDINT_H 1
#define HAVE_UNISTD_H 1
#define HAVE_DLFCN_H 1
#define LT_OBJDIR ".libs/"
#define HAVE_MATH_H 1
#define HAVE_STDLIB_H 1
#define HAVE_STDIO_H 1
#define HAVE_ASSERT_H 1
#define HAVE_STRING_H 1
#define HAVE_DECL_MP_GET_MEMORY_FUNCTIONS 1

configure: exit 0

## ---------------------- ##
## Running config.status. ##
## ---------------------- ##

This file was extended by pluto config.status 0.12.0, which was
generated by GNU Autoconf 2.69.  Invocation command line was

  CONFIG_FILES    = 
  CONFIG_HEADERS  = 
  CONFIG_LINKS    = 
  CONFIG_COMMANDS = 
  $ ./config.status config.h

on huangl

config.status:1170: creating config.h
config.status:1351: config.h is unchanged
