

============ 0 PNU  Schedule==============

=======print_vars=====


 nodeID 1

=======print_cons=====

=======schedule=====

 II =  1

timeStep0  LSU  PE 
timeStep1  LSU  PE 
timeStep2  LSU  PE 
timeStep3  LSU  PE 

The total number of register
  0


============ 0 PNU  Schedule==============

=======print_vars=====


 nodeID 1

 nodeID 3

=======print_cons=====

=======schedule=====

 II =  1

timeStep0  LSU  PE 
timeStep1  LSU  PE 
timeStep2  LSU  PE 
timeStep3  LSU  PE 

The total number of register
  0


============ 0 PNU  Schedule==============

=======print_vars=====


 nodeID 1

 nodeID 3

 nodeID 5

 nodeID 7

=======print_cons=====

=======schedule=====

 II =  1

timeStep0  LSU  PE 
timeStep1  LSU  PE 
timeStep2  LSU  PE 
timeStep3  LSU  PE 

The total number of register
  0


============ 0 PNU  Schedule==============

=======print_vars=====


 nodeID 1

 nodeID 3

=======print_cons=====

=======schedule=====

 II =  1

timeStep0  LSU  PE 
timeStep1  LSU  PE 
timeStep2  LSU  PE 
timeStep3  LSU  PE 

The total number of register
  0


============ 0 PNU  Schedule==============

=======print_vars=====


 nodeID 1

 nodeID 3

 nodeID 5

 nodeID 7

=======print_cons=====

=======schedule=====

 II =  1

timeStep0  LSU  PE 
timeStep1  LSU  PE 
timeStep2  LSU  PE 
timeStep3  LSU  PE 

The total number of register
  0


============ 0 PNU  Schedule==============

=======print_vars=====


 nodeID 1

 nodeID 3

=======print_cons=====

=======schedule=====

 II =  1

timeStep0  LSU  PE 
timeStep1  LSU  PE 
timeStep2  LSU  PE 
timeStep3  LSU  PE 

The total number of register
  0


============ 0 PNU  Schedule==============

=======print_vars=====


 nodeID 1

 nodeID 3

 nodeID 5

 nodeID 7

=======print_cons=====

=======schedule=====

 II =  1

timeStep0  LSU  PE 
timeStep1  LSU  PE 
timeStep2  LSU  PE 
timeStep3  LSU  PE 

The total number of register
  0

=======schedule=====

 II =  1

timeStep0  LSU N1T0_3 N3T0_7 N5T0_11 N7T0_15  PE 
timeStep1  LSU  PE 
timeStep2  LSU  PE 
timeStep3  LSU  PE 

The total number of register
  0
