

============ 0 PNU  Schedule==============

=======print_vars=====


 nodeID 0

 nodeID 1

 nodeID 3

=======print_cons=====

=======schedule=====

 II =  1

timeStep0  LSU  PE 
timeStep1  LSU  PE 
timeStep2  LSU  PE 
timeStep3  LSU  PE 
timeStep4  LSU  PE 
timeStep5  LSU  PE 

The total number of register
begin 0 end 1 dif 0 startTime 0 endTime 0 useRe 0
begin 1 end 3 dif 0 startTime 0 endTime 0 useRe 0
  0


============ 0 PNU  Schedule==============

=======print_vars=====


 nodeID 0

 nodeID 1

 nodeID 3

 nodeID 4

 nodeID 5

 nodeID 7

=======print_cons=====

=======schedule=====

 II =  1

timeStep0  LSU  PE 
timeStep1  LSU  PE 
timeStep2  LSU  PE 
timeStep3  LSU  PE 
timeStep4  LSU  PE 
timeStep5  LSU  PE 

The total number of register
begin 0 end 1 dif 0 startTime 0 endTime 0 useRe 0
begin 1 end 3 dif 0 startTime 0 endTime 0 useRe 0
begin 4 end 5 dif 0 startTime 0 endTime 0 useRe 0
begin 5 end 7 dif 0 startTime 0 endTime 0 useRe 0
  0


============ 0 PNU  Schedule==============

=======print_vars=====


 nodeID 0

 nodeID 1

 nodeID 3

=======print_cons=====

=======schedule=====

 II =  1

timeStep0  LSU  PE 
timeStep1  LSU  PE 
timeStep2  LSU  PE 
timeStep3  LSU  PE 
timeStep4  LSU  PE 
timeStep5  LSU  PE 

The total number of register
begin 0 end 1 dif 0 startTime 0 endTime 0 useRe 0
begin 1 end 3 dif 0 startTime 0 endTime 0 useRe 0
  0


============ 0 PNU  Schedule==============

=======print_vars=====


 nodeID 0

 nodeID 1

 nodeID 3

 nodeID 4

 nodeID 5

 nodeID 7

=======print_cons=====

=======schedule=====

 II =  1

timeStep0  LSU  PE 
timeStep1  LSU  PE 
timeStep2  LSU  PE 
timeStep3  LSU  PE 
timeStep4  LSU  PE 
timeStep5  LSU  PE 

The total number of register
begin 0 end 1 dif 0 startTime 0 endTime 0 useRe 0
begin 1 end 3 dif 0 startTime 0 endTime 0 useRe 0
begin 4 end 5 dif 0 startTime 0 endTime 0 useRe 0
begin 5 end 7 dif 0 startTime 0 endTime 0 useRe 0
  0


============ 0 PNU  Schedule==============

=======print_vars=====


 nodeID 0

 nodeID 1

 nodeID 3

=======print_cons=====

=======schedule=====

 II =  1

timeStep0  LSU  PE 
timeStep1  LSU  PE 
timeStep2  LSU  PE 
timeStep3  LSU  PE 
timeStep4  LSU  PE 
timeStep5  LSU  PE 

The total number of register
begin 0 end 1 dif 0 startTime 0 endTime 0 useRe 0
begin 1 end 3 dif 0 startTime 0 endTime 0 useRe 0
  0


============ 0 PNU  Schedule==============

=======print_vars=====


 nodeID 0

 nodeID 1

 nodeID 3

 nodeID 4

 nodeID 5

 nodeID 7

=======print_cons=====

=======schedule=====

 II =  1

timeStep0  LSU  PE 
timeStep1  LSU  PE 
timeStep2  LSU  PE 
timeStep3  LSU  PE 
timeStep4  LSU  PE 
timeStep5  LSU  PE 

The total number of register
begin 0 end 1 dif 0 startTime 0 endTime 0 useRe 0
begin 1 end 3 dif 0 startTime 0 endTime 0 useRe 0
begin 4 end 5 dif 0 startTime 0 endTime 0 useRe 0
begin 5 end 7 dif 0 startTime 0 endTime 0 useRe 0
  0


============ 0 PNU  Schedule==============

=======print_vars=====


 nodeID 0

 nodeID 1

 nodeID 3

=======print_cons=====

=======schedule=====

 II =  1

timeStep0  LSU  PE 
timeStep1  LSU  PE 
timeStep2  LSU  PE 
timeStep3  LSU  PE 
timeStep4  LSU  PE 
timeStep5  LSU  PE 

The total number of register
begin 0 end 1 dif 0 startTime 0 endTime 0 useRe 0
begin 1 end 3 dif 0 startTime 0 endTime 0 useRe 0
  0


============ 0 PNU  Schedule==============

=======print_vars=====


 nodeID 0

 nodeID 1

 nodeID 3

 nodeID 4

 nodeID 5

 nodeID 7

=======print_cons=====

=======schedule=====

 II =  1

timeStep0  LSU  PE 
timeStep1  LSU  PE 
timeStep2  LSU  PE 
timeStep3  LSU  PE 
timeStep4  LSU  PE 
timeStep5  LSU  PE 

The total number of register
begin 0 end 1 dif 0 startTime 0 endTime 0 useRe 0
begin 1 end 3 dif 0 startTime 0 endTime 0 useRe 0
begin 4 end 5 dif 0 startTime 0 endTime 0 useRe 0
begin 5 end 7 dif 0 startTime 0 endTime 0 useRe 0
  0

=======schedule=====

 II =  1

timeStep0  LSU  PE 
timeStep1  LSU  PE 
timeStep2  LSU  PE 
timeStep3  LSU N0T3_6 N4T3_18  PE 
timeStep4  LSU  PE N1T4_10 N5T4_22 
timeStep5  LSU N3T5_14 N7T5_26  PE 

The total number of register
begin 0 end 1 dif 0 startTime 3 endTime 4 useRe 1
begin 1 end 3 dif 0 startTime 4 endTime 5 useRe 1
begin 4 end 5 dif 0 startTime 3 endTime 4 useRe 1
begin 5 end 7 dif 0 startTime 4 endTime 5 useRe 1
  4
