

============DFG ID 0====================
timeStep0  bank  PE 
timeStep1  bank  PE 
timeStep2  bank  PE 
timeStep3  bank N0T3_6  PE 
timeStep4  bank  PE N1T4_10 
timeStep5  bank N3T5_14  PE 


============DFG ID 0====================
timeStep0  bank  PE 
timeStep1  bank  PE 
timeStep2  bank  PE 
timeStep3  bank N0T3_6 N4T3_18  PE 
timeStep4  bank  PE N1T4_10 N5T4_22 
timeStep5  bank N3T5_14 N7T5_26  PE 


============DFG ID 1====================
timeStep0  bank N0T0_3  PE 
timeStep1  bank N4T1_18  PE 
timeStep2  bank  PE 
timeStep3  bank N1T3_12  PE 
timeStep4  bank  PE N2T4_16 
timeStep5  bank  PE N5T5_25 
timeStep6  bank  PE N6T6_29 
timeStep7  bank N7T7_33  PE 


============DFG ID 0====================
timeStep0  bank  PE 
timeStep1  bank  PE 
timeStep2  bank  PE 
timeStep3  bank N0T3_6  PE 
timeStep4  bank  PE N1T4_10 
timeStep5  bank N3T5_14  PE 


============DFG ID 0====================
timeStep0  bank  PE 
timeStep1  bank  PE 
timeStep2  bank  PE 
timeStep3  bank N0T3_6 N4T3_18  PE 
timeStep4  bank  PE N1T4_10 N5T4_22 
timeStep5  bank N3T5_14 N7T5_26  PE 


============DFG ID 1====================
timeStep0  bank  PE 
timeStep1  bank  PE 
timeStep2  bank  PE 
timeStep3  bank  PE 
timeStep4  bank  PE 
timeStep5  bank  PE 
timeStep6  bank  PE 
timeStep7  bank  PE 

Can't find the schedule
timeStep0  bank  PE 
timeStep1  bank  PE 
timeStep2  bank  PE 
timeStep3  bank  PE 
timeStep4  bank  PE 
timeStep5  bank  PE 
timeStep6  bank  PE 
timeStep7  bank  PE 

Can't find the schedule
timeStep0  bank  PE 
timeStep1  bank N1T1_10  PE 
timeStep2  bank  PE 
timeStep3  bank  PE N2T3_15 
timeStep4  bank N4T4_21  PE 
timeStep5  bank N0T5_8  PE N5T5_25 
timeStep6  bank  PE N6T6_29 
timeStep7  bank N7T7_33  PE 


============DFG ID 0====================
timeStep0  bank  PE 
timeStep1  bank  PE 
timeStep2  bank  PE 
timeStep3  bank N0T3_6  PE 
timeStep4  bank  PE N1T4_10 
timeStep5  bank N3T5_14  PE 


============DFG ID 0====================
timeStep0  bank  PE 
timeStep1  bank  PE 
timeStep2  bank  PE 
timeStep3  bank N0T3_6 N4T3_18  PE 
timeStep4  bank  PE N1T4_10 N5T4_22 
timeStep5  bank N3T5_14 N7T5_26  PE 


============DFG ID 1====================
timeStep0  bank N0T0_3  PE 
timeStep1  bank N4T1_18  PE 
timeStep2  bank  PE 
timeStep3  bank N1T3_12  PE 
timeStep4  bank  PE N2T4_16 
timeStep5  bank  PE N5T5_25 
timeStep6  bank  PE N6T6_29 
timeStep7  bank N7T7_33  PE 


============DFG ID 0====================
timeStep0  bank  PE 
timeStep1  bank  PE 
timeStep2  bank  PE 
timeStep3  bank N0T3_6  PE 
timeStep4  bank  PE N1T4_10 
timeStep5  bank N3T5_14  PE 


============DFG ID 0====================
timeStep0  bank  PE 
timeStep1  bank  PE 
timeStep2  bank  PE 
timeStep3  bank N0T3_6 N4T3_18  PE 
timeStep4  bank  PE N1T4_10 N5T4_22 
timeStep5  bank N3T5_14 N7T5_26  PE 


============DFG ID 1====================
timeStep0  bank N0T0_3  PE 
timeStep1  bank N4T1_18  PE 
timeStep2  bank  PE 
timeStep3  bank N1T3_12  PE 
timeStep4  bank  PE N2T4_16 
timeStep5  bank  PE N5T5_25 
timeStep6  bank  PE N6T6_29 
timeStep7  bank N7T7_33  PE 
